WARNING - 2024-05-09 22:12:09 --> [DEPRECATED] usort(): Returning bool from comparison function is deprecated, return an integer less than, equal to, or greater than zero in APPPATH\Controllers\GestionUsuarioController.php on line 698.
 1 APPPATH\Controllers\GestionUsuarioController.php(698): usort([...], Object(Closure))
 2 APPPATH\Controllers\GestionUsuarioController.php(171): App\Controllers\GestionUsuarioController->datatables('[{"id":"12","nombre":"ded","descripcion":"dewdew","grupo_privilegio":"fe","estado":"1","created_at":"2024-04-21 21:19:28"},{"id":"4","nombre":"dwd","descripcion":"dw","grupo_privilegio":"dwdw24242151515","estado":"1","created_at":"2024-04-08 00:50:18"},{"id":"8","nombre":"xsxs","descripcion":"xs","grupo_privilegio":"dwdw24242151515","estado":"1","created_at":"2024-04-08 01:04:24"},{"id":"9","nombre":"xs","descripcion":"asx","grupo_privilegio":"79788921312378","estado":"1","created_at":"2024-04-08 01:06:01"},{"id":"10","nombre":"cr","descripcion":"hthtr","grupo_privilegio":"dwdwdw","estado":"1","created_at":"2024-04-08 01:09:17"},{"id":"11","nombre":"fe 123 213 dsfdsf","descripcion":"vd","grupo_privilegio":"fee","estado":"1","created_at":"2024-04-08 21:00:36"},{"id":"13","nombre":"sdc","descripcion":"vsdv","grupo_privilegio":"79788921312378","estado":"1","created_at":"2024-04-21 21:27:43"},{"id":"14","nombre":"sdf","descripcion":"sdf","grupo_privilegio":"dwdwdw","estado":"1","created_at":"2024-04-21 21:28:44"}]', [...])
 3 SYSTEMPATH\CodeIgniter.php(941): App\Controllers\GestionUsuarioController->DatosRolesView()
 4 SYSTEMPATH\CodeIgniter.php(502): CodeIgniter\CodeIgniter->runController(Object(App\Controllers\GestionUsuarioController))
 5 SYSTEMPATH\CodeIgniter.php(361): CodeIgniter\CodeIgniter->handleRequest(null, Object(Config\Cache), false)
 6 FCPATH\index.php(79): CodeIgniter\CodeIgniter->run()
 7 SYSTEMPATH\Commands\Server\rewrite.php(47): require_once('C:\\laragon\\www\\geotranck-dev\\public\\index.php')
WARNING - 2024-05-09 22:12:13 --> [DEPRECATED] usort(): Returning bool from comparison function is deprecated, return an integer less than, equal to, or greater than zero in APPPATH\Controllers\GestionUsuarioController.php on line 698.
 1 APPPATH\Controllers\GestionUsuarioController.php(698): usort([...], Object(Closure))
 2 APPPATH\Controllers\GestionUsuarioController.php(171): App\Controllers\GestionUsuarioController->datatables('[{"id":"12","nombre":"ded","descripcion":"dewdew","grupo_privilegio":"fe","estado":"1","created_at":"2024-04-21 21:19:28"},{"id":"4","nombre":"dwd","descripcion":"dw","grupo_privilegio":"dwdw24242151515","estado":"1","created_at":"2024-04-08 00:50:18"},{"id":"8","nombre":"xsxs","descripcion":"xs","grupo_privilegio":"dwdw24242151515","estado":"1","created_at":"2024-04-08 01:04:24"},{"id":"9","nombre":"xs","descripcion":"asx","grupo_privilegio":"79788921312378","estado":"1","created_at":"2024-04-08 01:06:01"},{"id":"10","nombre":"cr","descripcion":"hthtr","grupo_privilegio":"dwdwdw","estado":"1","created_at":"2024-04-08 01:09:17"},{"id":"11","nombre":"fe 123 213 dsfdsf","descripcion":"vd","grupo_privilegio":"fee","estado":"1","created_at":"2024-04-08 21:00:36"},{"id":"13","nombre":"sdc","descripcion":"vsdv","grupo_privilegio":"79788921312378","estado":"1","created_at":"2024-04-21 21:27:43"},{"id":"14","nombre":"sdf","descripcion":"sdf","grupo_privilegio":"dwdwdw","estado":"1","created_at":"2024-04-21 21:28:44"}]', [...])
 3 SYSTEMPATH\CodeIgniter.php(941): App\Controllers\GestionUsuarioController->DatosRolesView()
 4 SYSTEMPATH\CodeIgniter.php(502): CodeIgniter\CodeIgniter->runController(Object(App\Controllers\GestionUsuarioController))
 5 SYSTEMPATH\CodeIgniter.php(361): CodeIgniter\CodeIgniter->handleRequest(null, Object(Config\Cache), false)
 6 FCPATH\index.php(79): CodeIgniter\CodeIgniter->run()
 7 SYSTEMPATH\Commands\Server\rewrite.php(47): require_once('C:\\laragon\\www\\geotranck-dev\\public\\index.php')
WARNING - 2024-05-09 22:13:06 --> [DEPRECATED] usort(): Returning bool from comparison function is deprecated, return an integer less than, equal to, or greater than zero in APPPATH\Controllers\GestionUsuarioController.php on line 698.
 1 APPPATH\Controllers\GestionUsuarioController.php(698): usort([...], Object(Closure))
 2 APPPATH\Controllers\GestionUsuarioController.php(349): App\Controllers\GestionUsuarioController->datatables('[{"id":"9","nombre":"sadasdas","apellido":"adsasdasd","ci":"asdasd","telefono":null,"parentesco":"padre","correo":"123","direccion":"3","indicacion":"123","created_at":"2024-04-23 23:41:26"},{"id":"7","nombre":"tutorssdsada","apellido":"cas","ci":"cs","telefono":"1","parentesco":"tio","correo":"csc","direccion":"csc","indicacion":"scs","created_at":"2024-04-22 21:13:44"},{"id":"4","nombre":"vxcvx\\n","apellido":"xcvcxv","ci":"xcvxcv","telefono":null,"parentesco":"padre","correo":null,"direccion":null,"indicacion":null,"created_at":"2024-04-22 21:08:53"},{"id":"2","nombre":"sdsa","apellido":"wef","ci":"fwe","telefono":"123","parentesco":"padre","correo":"dsf","direccion":"dsa","indicacion":"asd","created_at":"2024-04-22 21:00:14"},{"id":"1","nombre":"asd","apellido":"sdasd","ci":"asdasd","telefono":"asdasd","parentesco":"padre","correo":"asdsad","direccion":"asdasd","indicacion":"sadasd","created_at":"2024-04-22 20:52:19"},{"id":"6","nombre":"mama","apellido":"dede","ci":"123","telefono":"123","parentesco":"madre","correo":null,"direccion":null,"indicacion":null,"created_at":"2024-04-22 21:12:38"},{"id":"5","nombre":"juansd","apellido":"sad","ci":"asd","telefono":"123","parentesco":"padre","correo":null,"direccion":null,"indicacion":null,"created_at":"2024-04-22 21:11:56"},{"id":"3","nombre":"sdsa","apellido":"wef","ci":"fwe","telefono":"123","parentesco":"padre","correo":"","direccion":"","indicacion":"","created_at":"2024-04-22 21:00:27"},{"id":"10","nombre":"sdfdsf","apellido":"dsfdsf","ci":"ewr","telefono":"342","parentesco":"sdfdsf","correo":null,"direccion":null,"indicacion":null,"created_at":"2024-04-24 00:22:50"},{"id":"12","nombre":"fdsfdsdfds","apellido":"sdfdsfsd","ci":"dsfdsf","telefono":"2312312","parentesco":"padre","correo":null,"direccion":null,"indicacion":null,"created_at":"2024-04-24 00:25:25"}]', [...])
 3 SYSTEMPATH\CodeIgniter.php(941): App\Controllers\GestionUsuarioController->DatosPadresView()
 4 SYSTEMPATH\CodeIgniter.php(502): CodeIgniter\CodeIgniter->runController(Object(App\Controllers\GestionUsuarioController))
 5 SYSTEMPATH\CodeIgniter.php(361): CodeIgniter\CodeIgniter->handleRequest(null, Object(Config\Cache), false)
 6 FCPATH\index.php(79): CodeIgniter\CodeIgniter->run()
 7 SYSTEMPATH\Commands\Server\rewrite.php(47): require_once('C:\\laragon\\www\\geotranck-dev\\public\\index.php')
WARNING - 2024-05-09 22:13:07 --> [DEPRECATED] usort(): Returning bool from comparison function is deprecated, return an integer less than, equal to, or greater than zero in APPPATH\Controllers\GestionUsuarioController.php on line 698.
 1 APPPATH\Controllers\GestionUsuarioController.php(698): usort([...], Object(Closure))
 2 APPPATH\Controllers\GestionUsuarioController.php(533): App\Controllers\GestionUsuarioController->datatables('[{"id":"2","nombre":"Maria","apellido":"Lopez","correo":"maria@example.com","telefono":"7654321","direccion":"Avenida 456","cargo":"Directora","nombrerol":"Rol 2dwdwdw","created_at":"2024-04-30 12:00:00"},{"id":"5","nombre":"xasx","apellido":"ASX","correo":"asx","telefono":"123","direccion":"123","cargo":"qdw","nombrerol":"sdc","created_at":"2024-04-28 22:03:49"},{"id":"6","nombre":"bdfb","apellido":"fb","correo":"dfb","telefono":"324","direccion":"sdv","cargo":"dsv","nombrerol":"fe 123 213 dsfdsf","created_at":"2024-04-28 22:48:10"},{"id":"3","nombre":"mimierror","apellido":"de","correo":"de","telefono":"213","direccion":"fefew","cargo":"sc","nombrerol":"sdc","created_at":"2024-04-26 22:30:56"}]', [...])
 3 SYSTEMPATH\CodeIgniter.php(941): App\Controllers\GestionUsuarioController->datosAdministradorView()
 4 SYSTEMPATH\CodeIgniter.php(502): CodeIgniter\CodeIgniter->runController(Object(App\Controllers\GestionUsuarioController))
 5 SYSTEMPATH\CodeIgniter.php(361): CodeIgniter\CodeIgniter->handleRequest(null, Object(Config\Cache), false)
 6 FCPATH\index.php(79): CodeIgniter\CodeIgniter->run()
 7 SYSTEMPATH\Commands\Server\rewrite.php(47): require_once('C:\\laragon\\www\\geotranck-dev\\public\\index.php')
WARNING - 2024-05-09 22:13:11 --> [DEPRECATED] usort(): Returning bool from comparison function is deprecated, return an integer less than, equal to, or greater than zero in APPPATH\Controllers\GestionTransporteController.php on line 470.
 1 APPPATH\Controllers\GestionTransporteController.php(470): usort([...], Object(Closure))
 2 APPPATH\Controllers\GestionTransporteController.php(64): App\Controllers\GestionTransporteController->datatables('[{"id":"6","nombre":"sd","apellido":"asc","ci":"31232131","numlicencia":"13212312","fechalicencia":"2024-05-16","licencia":"1","catlic":"Cat.C","correoelectronico":"ascsacas","telefono":"21312","direccion":"cassa","cargo":"scasc","genero":"Femenino","fechainiciocontrato":"2024-05-17","fechafincontrato":"2024-05-17","estado":"1","created_at":"2024-05-04 22:43:05","updated_at":"2024-05-05 21:28:12"},{"id":"3","nombre":"asd","apellido":"asd","ci":"asd","numlicencia":"213","fechalicencia":"2024-05-02","licencia":"1","catlic":"Cat.A","correoelectronico":"asd","telefono":"342423","direccion":"sacascsa","cargo":"ascascsacas","genero":"Masculino","fechainiciocontrato":"2024-05-16","fechafincontrato":"2024-05-25","estado":"1","created_at":"2024-05-04 22:35:40","updated_at":"2024-05-05 21:34:36"},{"id":"4","nombre":"ascsceditado","apellido":"asc","ci":"acsasc","numlicencia":"as","fechalicencia":"2024-05-08","licencia":"1","catlic":"Cat.P","correoelectronico":"asc","telefono":"3432","direccion":"csac","cargo":"asc","genero":"Femenino","fechainiciocontrato":"2024-05-15","fechafincontrato":"2024-05-16","estado":"1","created_at":"2024-05-04 22:36:20","updated_at":"2024-05-05 21:34:59"}]', [...])
 3 SYSTEMPATH\CodeIgniter.php(941): App\Controllers\GestionTransporteController->datosConductorView()
 4 SYSTEMPATH\CodeIgniter.php(502): CodeIgniter\CodeIgniter->runController(Object(App\Controllers\GestionTransporteController))
 5 SYSTEMPATH\CodeIgniter.php(361): CodeIgniter\CodeIgniter->handleRequest(null, Object(Config\Cache), false)
 6 FCPATH\index.php(79): CodeIgniter\CodeIgniter->run()
 7 SYSTEMPATH\Commands\Server\rewrite.php(47): require_once('C:\\laragon\\www\\geotranck-dev\\public\\index.php')
WARNING - 2024-05-09 22:13:13 --> [DEPRECATED] usort(): Returning bool from comparison function is deprecated, return an integer less than, equal to, or greater than zero in APPPATH\Controllers\GestionTransporteController.php on line 470.
 1 APPPATH\Controllers\GestionTransporteController.php(470): usort([...], Object(Closure))
 2 APPPATH\Controllers\GestionTransporteController.php(295): App\Controllers\GestionTransporteController->datatables('[{"id":"8","nombreconductor":"asd","apellidoconductor":"asd","imagenautomovil":"Captura de pantalla 2023-04-28 122838_2.png","imagenconductor":"Captura de pantalla 2023-06-18 160922 - copia_10.png","marca":"fe","modelo":"feeditadoknmkn","nropasajeros":"1","nrochasis":"fe","soat":"1","a_soat":"fe","inspeccion":"1","color":"ef","placa":"ef","duenomovil":"few","nrotelefono":"123","tipovehiculo":"asd","created_at":"2024-05-06 22:38:48"},{"id":"10","nombreconductor":"sd","apellidoconductor":"asc","imagenautomovil":"Captura de pantalla 2023-04-28 122838_3.png","imagenconductor":"Captura de pantalla 2023-06-18 160922 - copia_11.png","marca":"scaasceditacion","modelo":"asc","nropasajeros":"1","nrochasis":"cssc","soat":"1","a_soat":"asc","inspeccion":"1","color":"asc","placa":"asc","duenomovil":"sc","nrotelefono":"213","tipovehiculo":"asc","created_at":"2024-05-07 22:54:43"}]', [...])
 3 SYSTEMPATH\CodeIgniter.php(941): App\Controllers\GestionTransporteController->DatosAutomovilView()
 4 SYSTEMPATH\CodeIgniter.php(502): CodeIgniter\CodeIgniter->runController(Object(App\Controllers\GestionTransporteController))
 5 SYSTEMPATH\CodeIgniter.php(361): CodeIgniter\CodeIgniter->handleRequest(null, Object(Config\Cache), false)
 6 FCPATH\index.php(79): CodeIgniter\CodeIgniter->run()
 7 SYSTEMPATH\Commands\Server\rewrite.php(47): require_once('C:\\laragon\\www\\geotranck-dev\\public\\index.php')
CRITICAL - 2024-05-09 23:35:33 --> Error: Call to a member function isValid() on null
in APPPATH\Controllers\GestionTransporteController.php on line 219.
 1 SYSTEMPATH\CodeIgniter.php(941): App\Controllers\GestionTransporteController->agregarAutomivil()
 2 SYSTEMPATH\CodeIgniter.php(502): CodeIgniter\CodeIgniter->runController(Object(App\Controllers\GestionTransporteController))
 3 SYSTEMPATH\CodeIgniter.php(361): CodeIgniter\CodeIgniter->handleRequest(null, Object(Config\Cache), false)
 4 FCPATH\index.php(79): CodeIgniter\CodeIgniter->run()
 5 SYSTEMPATH\Commands\Server\rewrite.php(47): require_once('C:\\laragon\\www\\geotranck-dev\\public\\index.php')
CRITICAL - 2024-05-09 23:36:50 --> Error: Call to a member function isValid() on null
in APPPATH\Controllers\GestionTransporteController.php on line 219.
 1 SYSTEMPATH\CodeIgniter.php(941): App\Controllers\GestionTransporteController->agregarAutomivil()
 2 SYSTEMPATH\CodeIgniter.php(502): CodeIgniter\CodeIgniter->runController(Object(App\Controllers\GestionTransporteController))
 3 SYSTEMPATH\CodeIgniter.php(361): CodeIgniter\CodeIgniter->handleRequest(null, Object(Config\Cache), false)
 4 FCPATH\index.php(79): CodeIgniter\CodeIgniter->run()
 5 SYSTEMPATH\Commands\Server\rewrite.php(47): require_once('C:\\laragon\\www\\geotranck-dev\\public\\index.php')
CRITICAL - 2024-05-09 23:39:47 --> Error: Call to a member function isValid() on null
in APPPATH\Controllers\GestionTransporteController.php on line 219.
 1 SYSTEMPATH\CodeIgniter.php(941): App\Controllers\GestionTransporteController->agregarAutomivil()
 2 SYSTEMPATH\CodeIgniter.php(502): CodeIgniter\CodeIgniter->runController(Object(App\Controllers\GestionTransporteController))
 3 SYSTEMPATH\CodeIgniter.php(361): CodeIgniter\CodeIgniter->handleRequest(null, Object(Config\Cache), false)
 4 FCPATH\index.php(79): CodeIgniter\CodeIgniter->run()
 5 SYSTEMPATH\Commands\Server\rewrite.php(47): require_once('C:\\laragon\\www\\geotranck-dev\\public\\index.php')
