WARNING - 2024-05-10 00:13:04 --> [DEPRECATED] usort(): Returning bool from comparison function is deprecated, return an integer less than, equal to, or greater than zero in APPPATH\Controllers\GestionTransporteController.php on line 515.
 1 APPPATH\Controllers\GestionTransporteController.php(515): usort([...], Object(Closure))
 2 APPPATH\Controllers\GestionTransporteController.php(449): App\Controllers\GestionTransporteController->datatables('[{"id":"1","nombre":"da","cargo":"asd","correoelectronico":"asd","telefono":"123","direccion":"as","estado":"1","created_at":"2024-05-09 23:56:30"},{"id":"2","nombre":"da","cargo":"asd","correoelectronico":"asd","telefono":"123","direccion":"as","estado":"1","created_at":"2024-05-09 23:58:24"},{"id":"3","nombre":"asxas","cargo":"asx","correoelectronico":"asx","telefono":"213","direccion":"A","estado":"1","created_at":"2024-05-10 00:00:28"}]', [...])
 3 SYSTEMPATH\CodeIgniter.php(941): App\Controllers\GestionTransporteController->DatosTelefonoView()
 4 SYSTEMPATH\CodeIgniter.php(502): CodeIgniter\CodeIgniter->runController(Object(App\Controllers\GestionTransporteController))
 5 SYSTEMPATH\CodeIgniter.php(361): CodeIgniter\CodeIgniter->handleRequest(null, Object(Config\Cache), false)
 6 FCPATH\index.php(79): CodeIgniter\CodeIgniter->run()
 7 SYSTEMPATH\Commands\Server\rewrite.php(47): require_once('C:\\laragon\\www\\geotranck-dev\\public\\index.php')
WARNING - 2024-05-10 00:14:58 --> [DEPRECATED] usort(): Returning bool from comparison function is deprecated, return an integer less than, equal to, or greater than zero in APPPATH\Controllers\GestionTransporteController.php on line 515.
 1 APPPATH\Controllers\GestionTransporteController.php(515): usort([...], Object(Closure))
 2 APPPATH\Controllers\GestionTransporteController.php(449): App\Controllers\GestionTransporteController->datatables('[{"id":"1","nombre":"da","cargo":"asd","correoelectronico":"asd","telefono":"123","direccion":"as","estado":"1","created_at":"2024-05-09 23:56:30"},{"id":"2","nombre":"da","cargo":"asd","correoelectronico":"asd","telefono":"123","direccion":"as","estado":"1","created_at":"2024-05-09 23:58:24"},{"id":"3","nombre":"asxas","cargo":"asx","correoelectronico":"asx","telefono":"213","direccion":"A","estado":"1","created_at":"2024-05-10 00:00:28"}]', [...])
 3 SYSTEMPATH\CodeIgniter.php(941): App\Controllers\GestionTransporteController->DatosTelefonoView()
 4 SYSTEMPATH\CodeIgniter.php(502): CodeIgniter\CodeIgniter->runController(Object(App\Controllers\GestionTransporteController))
 5 SYSTEMPATH\CodeIgniter.php(361): CodeIgniter\CodeIgniter->handleRequest(null, Object(Config\Cache), false)
 6 FCPATH\index.php(79): CodeIgniter\CodeIgniter->run()
 7 SYSTEMPATH\Commands\Server\rewrite.php(47): require_once('C:\\laragon\\www\\geotranck-dev\\public\\index.php')
WARNING - 2024-05-10 00:19:31 --> [DEPRECATED] usort(): Returning bool from comparison function is deprecated, return an integer less than, equal to, or greater than zero in APPPATH\Controllers\GestionTransporteController.php on line 526.
 1 APPPATH\Controllers\GestionTransporteController.php(526): usort([...], Object(Closure))
 2 APPPATH\Controllers\GestionTransporteController.php(449): App\Controllers\GestionTransporteController->datatables('[{"id":"1","nombre":"da","cargo":"asd","correoelectronico":"asd","telefono":"123","direccion":"as","estado":"1","created_at":"2024-05-09 23:56:30"},{"id":"2","nombre":"da","cargo":"asd","correoelectronico":"asd","telefono":"123","direccion":"as","estado":"1","created_at":"2024-05-09 23:58:24"},{"id":"3","nombre":"asxas","cargo":"asx","correoelectronico":"asx","telefono":"213","direccion":"A","estado":"1","created_at":"2024-05-10 00:00:28"}]', [...])
 3 SYSTEMPATH\CodeIgniter.php(941): App\Controllers\GestionTransporteController->DatosTelefonoView()
 4 SYSTEMPATH\CodeIgniter.php(502): CodeIgniter\CodeIgniter->runController(Object(App\Controllers\GestionTransporteController))
 5 SYSTEMPATH\CodeIgniter.php(361): CodeIgniter\CodeIgniter->handleRequest(null, Object(Config\Cache), false)
 6 FCPATH\index.php(79): CodeIgniter\CodeIgniter->run()
 7 SYSTEMPATH\Commands\Server\rewrite.php(47): require_once('C:\\laragon\\www\\geotranck-dev\\public\\index.php')
WARNING - 2024-05-10 00:19:39 --> [DEPRECATED] usort(): Returning bool from comparison function is deprecated, return an integer less than, equal to, or greater than zero in APPPATH\Controllers\GestionTransporteController.php on line 526.
 1 APPPATH\Controllers\GestionTransporteController.php(526): usort([...], Object(Closure))
 2 APPPATH\Controllers\GestionTransporteController.php(449): App\Controllers\GestionTransporteController->datatables('[{"id":"2","nombre":"da","cargo":"asd","correoelectronico":"asd","telefono":"123","direccion":"as","estado":"1","created_at":"2024-05-09 23:58:24"},{"id":"3","nombre":"asxas","cargo":"asx","correoelectronico":"asx","telefono":"213","direccion":"A","estado":"1","created_at":"2024-05-10 00:00:28"}]', [...])
 3 SYSTEMPATH\CodeIgniter.php(941): App\Controllers\GestionTransporteController->DatosTelefonoView()
 4 SYSTEMPATH\CodeIgniter.php(502): CodeIgniter\CodeIgniter->runController(Object(App\Controllers\GestionTransporteController))
 5 SYSTEMPATH\CodeIgniter.php(361): CodeIgniter\CodeIgniter->handleRequest(null, Object(Config\Cache), false)
 6 FCPATH\index.php(79): CodeIgniter\CodeIgniter->run()
 7 SYSTEMPATH\Commands\Server\rewrite.php(47): require_once('C:\\laragon\\www\\geotranck-dev\\public\\index.php')
WARNING - 2024-05-10 00:22:43 --> [DEPRECATED] usort(): Returning bool from comparison function is deprecated, return an integer less than, equal to, or greater than zero in APPPATH\Controllers\GestionTransporteController.php on line 539.
 1 APPPATH\Controllers\GestionTransporteController.php(539): usort([...], Object(Closure))
 2 APPPATH\Controllers\GestionTransporteController.php(449): App\Controllers\GestionTransporteController->datatables('[{"id":"2","nombre":"da","cargo":"asd","correoelectronico":"asd","telefono":"123","direccion":"as","estado":"1","created_at":"2024-05-09 23:58:24"},{"id":"3","nombre":"asxas","cargo":"asx","correoelectronico":"asx","telefono":"213","direccion":"A","estado":"1","created_at":"2024-05-10 00:00:28"}]', [...])
 3 SYSTEMPATH\CodeIgniter.php(941): App\Controllers\GestionTransporteController->DatosTelefonoView()
 4 SYSTEMPATH\CodeIgniter.php(502): CodeIgniter\CodeIgniter->runController(Object(App\Controllers\GestionTransporteController))
 5 SYSTEMPATH\CodeIgniter.php(361): CodeIgniter\CodeIgniter->handleRequest(null, Object(Config\Cache), false)
 6 FCPATH\index.php(79): CodeIgniter\CodeIgniter->run()
 7 SYSTEMPATH\Commands\Server\rewrite.php(47): require_once('C:\\laragon\\www\\geotranck-dev\\public\\index.php')
WARNING - 2024-05-10 00:30:29 --> [DEPRECATED] usort(): Returning bool from comparison function is deprecated, return an integer less than, equal to, or greater than zero in APPPATH\Controllers\GestionTransporteController.php on line 539.
 1 APPPATH\Controllers\GestionTransporteController.php(539): usort([...], Object(Closure))
 2 APPPATH\Controllers\GestionTransporteController.php(449): App\Controllers\GestionTransporteController->datatables('[{"id":"2","nombre":"da","cargo":"asd","correoelectronico":"asd","telefono":"123","direccion":"as","estado":"1","created_at":"2024-05-09 23:58:24"},{"id":"3","nombre":"asxas","cargo":"asx","correoelectronico":"asx","telefono":"213","direccion":"A","estado":"1","created_at":"2024-05-10 00:00:28"}]', [...])
 3 SYSTEMPATH\CodeIgniter.php(941): App\Controllers\GestionTransporteController->DatosTelefonoView()
 4 SYSTEMPATH\CodeIgniter.php(502): CodeIgniter\CodeIgniter->runController(Object(App\Controllers\GestionTransporteController))
 5 SYSTEMPATH\CodeIgniter.php(361): CodeIgniter\CodeIgniter->handleRequest(null, Object(Config\Cache), false)
 6 FCPATH\index.php(79): CodeIgniter\CodeIgniter->run()
 7 SYSTEMPATH\Commands\Server\rewrite.php(47): require_once('C:\\laragon\\www\\geotranck-dev\\public\\index.php')
WARNING - 2024-05-10 00:31:31 --> [DEPRECATED] usort(): Returning bool from comparison function is deprecated, return an integer less than, equal to, or greater than zero in APPPATH\Controllers\GestionTransporteController.php on line 539.
 1 APPPATH\Controllers\GestionTransporteController.php(539): usort([...], Object(Closure))
 2 APPPATH\Controllers\GestionTransporteController.php(449): App\Controllers\GestionTransporteController->datatables('[{"id":"2","nombre":"da","cargo":"asd","correoelectronico":"asd","telefono":"123","direccion":"as","estado":"1","created_at":"2024-05-09 23:58:24"},{"id":"3","nombre":"asxas","cargo":"asx","correoelectronico":"asx","telefono":"213","direccion":"A","estado":"1","created_at":"2024-05-10 00:00:28"}]', [...])
 3 SYSTEMPATH\CodeIgniter.php(941): App\Controllers\GestionTransporteController->DatosTelefonoView()
 4 SYSTEMPATH\CodeIgniter.php(502): CodeIgniter\CodeIgniter->runController(Object(App\Controllers\GestionTransporteController))
 5 SYSTEMPATH\CodeIgniter.php(361): CodeIgniter\CodeIgniter->handleRequest(null, Object(Config\Cache), false)
 6 FCPATH\index.php(79): CodeIgniter\CodeIgniter->run()
 7 SYSTEMPATH\Commands\Server\rewrite.php(47): require_once('C:\\laragon\\www\\geotranck-dev\\public\\index.php')
WARNING - 2024-05-10 00:32:06 --> [DEPRECATED] usort(): Returning bool from comparison function is deprecated, return an integer less than, equal to, or greater than zero in APPPATH\Controllers\GestionTransporteController.php on line 539.
 1 APPPATH\Controllers\GestionTransporteController.php(539): usort([...], Object(Closure))
 2 APPPATH\Controllers\GestionTransporteController.php(449): App\Controllers\GestionTransporteController->datatables('[{"id":"2","nombre":"da","cargo":"asd","correoelectronico":"asd","telefono":"123","direccion":"as","estado":"1","created_at":"2024-05-09 23:58:24"},{"id":"3","nombre":"asxas","cargo":"asx","correoelectronico":"asx","telefono":"213","direccion":"A","estado":"1","created_at":"2024-05-10 00:00:28"}]', [...])
 3 SYSTEMPATH\CodeIgniter.php(941): App\Controllers\GestionTransporteController->DatosTelefonoView()
 4 SYSTEMPATH\CodeIgniter.php(502): CodeIgniter\CodeIgniter->runController(Object(App\Controllers\GestionTransporteController))
 5 SYSTEMPATH\CodeIgniter.php(361): CodeIgniter\CodeIgniter->handleRequest(null, Object(Config\Cache), false)
 6 FCPATH\index.php(79): CodeIgniter\CodeIgniter->run()
 7 SYSTEMPATH\Commands\Server\rewrite.php(47): require_once('C:\\laragon\\www\\geotranck-dev\\public\\index.php')
WARNING - 2024-05-10 00:33:21 --> [DEPRECATED] usort(): Returning bool from comparison function is deprecated, return an integer less than, equal to, or greater than zero in APPPATH\Controllers\GestionTransporteController.php on line 539.
 1 APPPATH\Controllers\GestionTransporteController.php(539): usort([...], Object(Closure))
 2 APPPATH\Controllers\GestionTransporteController.php(449): App\Controllers\GestionTransporteController->datatables('[{"id":"2","nombre":"da","cargo":"asd","correoelectronico":"asd","telefono":"123","direccion":"as","estado":"1","created_at":"2024-05-09 23:58:24"},{"id":"3","nombre":"asxas","cargo":"asx","correoelectronico":"asx","telefono":"213","direccion":"A","estado":"1","created_at":"2024-05-10 00:00:28"}]', [...])
 3 SYSTEMPATH\CodeIgniter.php(941): App\Controllers\GestionTransporteController->DatosTelefonoView()
 4 SYSTEMPATH\CodeIgniter.php(502): CodeIgniter\CodeIgniter->runController(Object(App\Controllers\GestionTransporteController))
 5 SYSTEMPATH\CodeIgniter.php(361): CodeIgniter\CodeIgniter->handleRequest(null, Object(Config\Cache), false)
 6 FCPATH\index.php(79): CodeIgniter\CodeIgniter->run()
 7 SYSTEMPATH\Commands\Server\rewrite.php(47): require_once('C:\\laragon\\www\\geotranck-dev\\public\\index.php')
WARNING - 2024-05-10 00:34:17 --> [DEPRECATED] usort(): Returning bool from comparison function is deprecated, return an integer less than, equal to, or greater than zero in APPPATH\Controllers\GestionTransporteController.php on line 539.
 1 APPPATH\Controllers\GestionTransporteController.php(539): usort([...], Object(Closure))
 2 APPPATH\Controllers\GestionTransporteController.php(449): App\Controllers\GestionTransporteController->datatables('[{"id":"2","nombre":"da","cargo":"asd","correoelectronico":"asd","telefono":"123","direccion":"as","estado":"1","created_at":"2024-05-09 23:58:24"},{"id":"3","nombre":"asxas","cargo":"asx","correoelectronico":"asx","telefono":"213","direccion":"A","estado":"1","created_at":"2024-05-10 00:00:28"}]', [...])
 3 SYSTEMPATH\CodeIgniter.php(941): App\Controllers\GestionTransporteController->DatosTelefonoView()
 4 SYSTEMPATH\CodeIgniter.php(502): CodeIgniter\CodeIgniter->runController(Object(App\Controllers\GestionTransporteController))
 5 SYSTEMPATH\CodeIgniter.php(361): CodeIgniter\CodeIgniter->handleRequest(null, Object(Config\Cache), false)
 6 FCPATH\index.php(79): CodeIgniter\CodeIgniter->run()
 7 SYSTEMPATH\Commands\Server\rewrite.php(47): require_once('C:\\laragon\\www\\geotranck-dev\\public\\index.php')
WARNING - 2024-05-10 00:44:37 --> [DEPRECATED] usort(): Returning bool from comparison function is deprecated, return an integer less than, equal to, or greater than zero in APPPATH\Controllers\GestionTransporteController.php on line 565.
 1 APPPATH\Controllers\GestionTransporteController.php(565): usort([...], Object(Closure))
 2 APPPATH\Controllers\GestionTransporteController.php(449): App\Controllers\GestionTransporteController->datatables('[{"id":"2","nombre":"da","cargo":"asd","correoelectronico":"asd","telefono":"123","direccion":"as","estado":"1","created_at":"2024-05-09 23:58:24"},{"id":"3","nombre":"asxas","cargo":"asx","correoelectronico":"asx","telefono":"213","direccion":"A","estado":"1","created_at":"2024-05-10 00:00:28"}]', [...])
 3 SYSTEMPATH\CodeIgniter.php(941): App\Controllers\GestionTransporteController->DatosTelefonoView()
 4 SYSTEMPATH\CodeIgniter.php(502): CodeIgniter\CodeIgniter->runController(Object(App\Controllers\GestionTransporteController))
 5 SYSTEMPATH\CodeIgniter.php(361): CodeIgniter\CodeIgniter->handleRequest(null, Object(Config\Cache), false)
 6 FCPATH\index.php(79): CodeIgniter\CodeIgniter->run()
 7 SYSTEMPATH\Commands\Server\rewrite.php(47): require_once('C:\\laragon\\www\\geotranck-dev\\public\\index.php')
WARNING - 2024-05-10 00:44:45 --> [DEPRECATED] usort(): Returning bool from comparison function is deprecated, return an integer less than, equal to, or greater than zero in APPPATH\Controllers\GestionTransporteController.php on line 565.
 1 APPPATH\Controllers\GestionTransporteController.php(565): usort([...], Object(Closure))
 2 APPPATH\Controllers\GestionTransporteController.php(449): App\Controllers\GestionTransporteController->datatables('[{"id":"2","nombre":"da","cargo":"asd","correoelectronico":"asd","telefono":"123","direccion":"as","estado":"1","created_at":"2024-05-09 23:58:24"},{"id":"3","nombre":"asxas","cargo":"asx","correoelectronico":"asx","telefono":"213","direccion":"A","estado":"1","created_at":"2024-05-10 00:00:28"}]', [...])
 3 SYSTEMPATH\CodeIgniter.php(941): App\Controllers\GestionTransporteController->DatosTelefonoView()
 4 SYSTEMPATH\CodeIgniter.php(502): CodeIgniter\CodeIgniter->runController(Object(App\Controllers\GestionTransporteController))
 5 SYSTEMPATH\CodeIgniter.php(361): CodeIgniter\CodeIgniter->handleRequest(null, Object(Config\Cache), false)
 6 FCPATH\index.php(79): CodeIgniter\CodeIgniter->run()
 7 SYSTEMPATH\Commands\Server\rewrite.php(47): require_once('C:\\laragon\\www\\geotranck-dev\\public\\index.php')
WARNING - 2024-05-10 00:45:06 --> [DEPRECATED] usort(): Returning bool from comparison function is deprecated, return an integer less than, equal to, or greater than zero in APPPATH\Controllers\GestionTransporteController.php on line 565.
 1 APPPATH\Controllers\GestionTransporteController.php(565): usort([...], Object(Closure))
 2 APPPATH\Controllers\GestionTransporteController.php(449): App\Controllers\GestionTransporteController->datatables('[{"id":"2","nombre":"da","cargo":"asd","correoelectronico":"asd","telefono":"123","direccion":"as","estado":"1","created_at":"2024-05-09 23:58:24"},{"id":"3","nombre":"asxas","cargo":"asx","correoelectronico":"asx","telefono":"213","direccion":"A","estado":"1","created_at":"2024-05-10 00:00:28"}]', [...])
 3 SYSTEMPATH\CodeIgniter.php(941): App\Controllers\GestionTransporteController->DatosTelefonoView()
 4 SYSTEMPATH\CodeIgniter.php(502): CodeIgniter\CodeIgniter->runController(Object(App\Controllers\GestionTransporteController))
 5 SYSTEMPATH\CodeIgniter.php(361): CodeIgniter\CodeIgniter->handleRequest(null, Object(Config\Cache), false)
 6 FCPATH\index.php(79): CodeIgniter\CodeIgniter->run()
 7 SYSTEMPATH\Commands\Server\rewrite.php(47): require_once('C:\\laragon\\www\\geotranck-dev\\public\\index.php')
WARNING - 2024-05-10 00:47:26 --> [DEPRECATED] usort(): Returning bool from comparison function is deprecated, return an integer less than, equal to, or greater than zero in APPPATH\Controllers\GestionTransporteController.php on line 565.
 1 APPPATH\Controllers\GestionTransporteController.php(565): usort([...], Object(Closure))
 2 APPPATH\Controllers\GestionTransporteController.php(449): App\Controllers\GestionTransporteController->datatables('[{"id":"2","nombre":"da","cargo":"asd","correoelectronico":"asd","telefono":"123","direccion":"as","estado":"1","created_at":"2024-05-09 23:58:24"},{"id":"3","nombre":"asxas","cargo":"asx","correoelectronico":"asx","telefono":"213","direccion":"A","estado":"1","created_at":"2024-05-10 00:00:28"}]', [...])
 3 SYSTEMPATH\CodeIgniter.php(941): App\Controllers\GestionTransporteController->DatosTelefonoView()
 4 SYSTEMPATH\CodeIgniter.php(502): CodeIgniter\CodeIgniter->runController(Object(App\Controllers\GestionTransporteController))
 5 SYSTEMPATH\CodeIgniter.php(361): CodeIgniter\CodeIgniter->handleRequest(null, Object(Config\Cache), false)
 6 FCPATH\index.php(79): CodeIgniter\CodeIgniter->run()
 7 SYSTEMPATH\Commands\Server\rewrite.php(47): require_once('C:\\laragon\\www\\geotranck-dev\\public\\index.php')
WARNING - 2024-05-10 00:47:42 --> [DEPRECATED] usort(): Returning bool from comparison function is deprecated, return an integer less than, equal to, or greater than zero in APPPATH\Controllers\GestionTransporteController.php on line 565.
 1 APPPATH\Controllers\GestionTransporteController.php(565): usort([...], Object(Closure))
 2 APPPATH\Controllers\GestionTransporteController.php(449): App\Controllers\GestionTransporteController->datatables('[{"id":"2","nombre":"da","cargo":"asd","correoelectronico":"asd","telefono":"123","direccion":"as","estado":"1","created_at":"2024-05-09 23:58:24"},{"id":"3","nombre":"asxas","cargo":"asx","correoelectronico":"asx","telefono":"213","direccion":"A","estado":"1","created_at":"2024-05-10 00:00:28"}]', [...])
 3 SYSTEMPATH\CodeIgniter.php(941): App\Controllers\GestionTransporteController->DatosTelefonoView()
 4 SYSTEMPATH\CodeIgniter.php(502): CodeIgniter\CodeIgniter->runController(Object(App\Controllers\GestionTransporteController))
 5 SYSTEMPATH\CodeIgniter.php(361): CodeIgniter\CodeIgniter->handleRequest(null, Object(Config\Cache), false)
 6 FCPATH\index.php(79): CodeIgniter\CodeIgniter->run()
 7 SYSTEMPATH\Commands\Server\rewrite.php(47): require_once('C:\\laragon\\www\\geotranck-dev\\public\\index.php')
WARNING - 2024-05-10 00:49:05 --> [DEPRECATED] usort(): Returning bool from comparison function is deprecated, return an integer less than, equal to, or greater than zero in APPPATH\Controllers\GestionTransporteController.php on line 565.
 1 APPPATH\Controllers\GestionTransporteController.php(565): usort([...], Object(Closure))
 2 APPPATH\Controllers\GestionTransporteController.php(449): App\Controllers\GestionTransporteController->datatables('[{"id":"2","nombre":"da","cargo":"asd","correoelectronico":"asd","telefono":"123","direccion":"as","estado":"1","created_at":"2024-05-09 23:58:24"},{"id":"3","nombre":"asxas","cargo":"asx","correoelectronico":"asx","telefono":"213","direccion":"A","estado":"1","created_at":"2024-05-10 00:00:28"}]', [...])
 3 SYSTEMPATH\CodeIgniter.php(941): App\Controllers\GestionTransporteController->DatosTelefonoView()
 4 SYSTEMPATH\CodeIgniter.php(502): CodeIgniter\CodeIgniter->runController(Object(App\Controllers\GestionTransporteController))
 5 SYSTEMPATH\CodeIgniter.php(361): CodeIgniter\CodeIgniter->handleRequest(null, Object(Config\Cache), false)
 6 FCPATH\index.php(79): CodeIgniter\CodeIgniter->run()
 7 SYSTEMPATH\Commands\Server\rewrite.php(47): require_once('C:\\laragon\\www\\geotranck-dev\\public\\index.php')
WARNING - 2024-05-10 00:49:11 --> [DEPRECATED] usort(): Returning bool from comparison function is deprecated, return an integer less than, equal to, or greater than zero in APPPATH\Controllers\GestionTransporteController.php on line 565.
 1 APPPATH\Controllers\GestionTransporteController.php(565): usort([...], Object(Closure))
 2 APPPATH\Controllers\GestionTransporteController.php(449): App\Controllers\GestionTransporteController->datatables('[{"id":"2","nombre":"da","cargo":"asd","correoelectronico":"asd","telefono":"123","direccion":"as","estado":"1","created_at":"2024-05-09 23:58:24"},{"id":"3","nombre":"asxas","cargo":"asx","correoelectronico":"asx","telefono":"213","direccion":"A","estado":"1","created_at":"2024-05-10 00:00:28"}]', [...])
 3 SYSTEMPATH\CodeIgniter.php(941): App\Controllers\GestionTransporteController->DatosTelefonoView()
 4 SYSTEMPATH\CodeIgniter.php(502): CodeIgniter\CodeIgniter->runController(Object(App\Controllers\GestionTransporteController))
 5 SYSTEMPATH\CodeIgniter.php(361): CodeIgniter\CodeIgniter->handleRequest(null, Object(Config\Cache), false)
 6 FCPATH\index.php(79): CodeIgniter\CodeIgniter->run()
 7 SYSTEMPATH\Commands\Server\rewrite.php(47): require_once('C:\\laragon\\www\\geotranck-dev\\public\\index.php')
