ERROR - 2024-06-30 21:33:08 --> Error connecting to the database: ErrorException: pg_connect(): Unable to connect to PostgreSQL server: server closed the connection unexpectedly
	This probably means the server terminated abnormally
	before or while processing the request. in C:\Users\HP\Desktop\produccion\geotranck-dev\vendor\codeigniter4\framework\system\Database\Postgre\Connection.php:72
Stack trace:
#0 [internal function]: CodeIgniter\Debug\Exceptions->errorHandler(2, 'pg_connect(): U...', 'C:\\Users\\HP\\Des...', 72)
#1 C:\Users\HP\Desktop\produccion\geotranck-dev\vendor\codeigniter4\framework\system\Database\Postgre\Connection.php(72): pg_connect('host=dpg-cq0vpg...')
#2 C:\Users\HP\Desktop\produccion\geotranck-dev\vendor\codeigniter4\framework\system\Database\BaseConnection.php(392): CodeIgniter\Database\Postgre\Connection->connect(false)
#3 C:\Users\HP\Desktop\produccion\geotranck-dev\vendor\codeigniter4\framework\system\Database\BaseConnection.php(575): CodeIgniter\Database\BaseConnection->initialize()
#4 C:\Users\HP\Desktop\produccion\geotranck-dev\vendor\codeigniter4\framework\system\Database\BaseBuilder.php(1616): CodeIgniter\Database\BaseConnection->query('SELECT *\nFROM "...', Array, false)
#5 C:\Users\HP\Desktop\produccion\geotranck-dev\vendor\codeigniter4\framework\system\Model.php(270): CodeIgniter\Database\BaseBuilder->get()
#6 C:\Users\HP\Desktop\produccion\geotranck-dev\vendor\codeigniter4\framework\system\BaseModel.php(676): CodeIgniter\Model->doFirst()
#7 C:\Users\HP\Desktop\produccion\geotranck-dev\app\Models\GestionLoginModel.php(55): CodeIgniter\BaseModel->first()
#8 C:\Users\HP\Desktop\produccion\geotranck-dev\app\Controllers\LoginController.php(24): App\Models\GestionLoginModel->obtenerUsuarioPorCorreo('adm@adm.com')
#9 C:\Users\HP\Desktop\produccion\geotranck-dev\vendor\codeigniter4\framework\system\CodeIgniter.php(941): App\Controllers\LoginController->acceso()
#10 C:\Users\HP\Desktop\produccion\geotranck-dev\vendor\codeigniter4\framework\system\CodeIgniter.php(502): CodeIgniter\CodeIgniter->runController(Object(App\Controllers\LoginController))
#11 C:\Users\HP\Desktop\produccion\geotranck-dev\vendor\codeigniter4\framework\system\CodeIgniter.php(361): CodeIgniter\CodeIgniter->handleRequest(NULL, Object(Config\Cache), false)
#12 C:\Users\HP\Desktop\produccion\geotranck-dev\public\index.php(79): CodeIgniter\CodeIgniter->run()
#13 C:\Users\HP\Desktop\produccion\geotranck-dev\vendor\codeigniter4\framework\system\Commands\Server\rewrite.php(47): require_once('C:\\Users\\HP\\Des...')
#14 {main}
CRITICAL - 2024-06-30 21:33:08 --> CodeIgniter\Database\Exceptions\DatabaseException: Unable to connect to the database.
Main connection [postgre]: pg_connect(): Unable to connect to PostgreSQL server: server closed the connection unexpectedly
	This probably means the server terminated abnormally
	before or while processing the request.
in SYSTEMPATH\Database\BaseConnection.php on line 428.
 1 SYSTEMPATH\Database\BaseConnection.php(575): CodeIgniter\Database\BaseConnection->initialize()
 2 SYSTEMPATH\Database\BaseBuilder.php(1616): CodeIgniter\Database\BaseConnection->query('SELECT *
FROM "perfilsistema"
WHERE "correoelectronico" = :correoelectronico:
AND "estado" = :estado:
 LIMIT 1', [...], false)
 3 SYSTEMPATH\Model.php(270): CodeIgniter\Database\BaseBuilder->get()
 4 SYSTEMPATH\BaseModel.php(676): CodeIgniter\Model->doFirst()
 5 APPPATH\Models\GestionLoginModel.php(55): CodeIgniter\BaseModel->first()
 6 APPPATH\Controllers\LoginController.php(24): App\Models\GestionLoginModel->obtenerUsuarioPorCorreo('adm@adm.com')
 7 SYSTEMPATH\CodeIgniter.php(941): App\Controllers\LoginController->acceso()
 8 SYSTEMPATH\CodeIgniter.php(502): CodeIgniter\CodeIgniter->runController(Object(App\Controllers\LoginController))
 9 SYSTEMPATH\CodeIgniter.php(361): CodeIgniter\CodeIgniter->handleRequest(null, Object(Config\Cache), false)
10 FCPATH\index.php(79): CodeIgniter\CodeIgniter->run()
11 SYSTEMPATH\Commands\Server\rewrite.php(47): require_once('C:\\Users\\HP\\Desktop\\produccion\\geotranck-dev\\public\\index.php')
ERROR - 2024-06-30 21:33:26 --> Error connecting to the database: ErrorException: pg_connect(): Unable to connect to PostgreSQL server: server closed the connection unexpectedly
	This probably means the server terminated abnormally
	before or while processing the request. in C:\Users\HP\Desktop\produccion\geotranck-dev\vendor\codeigniter4\framework\system\Database\Postgre\Connection.php:72
Stack trace:
#0 [internal function]: CodeIgniter\Debug\Exceptions->errorHandler(2, 'pg_connect(): U...', 'C:\\Users\\HP\\Des...', 72)
#1 C:\Users\HP\Desktop\produccion\geotranck-dev\vendor\codeigniter4\framework\system\Database\Postgre\Connection.php(72): pg_connect('host=dpg-cq0vpg...')
#2 C:\Users\HP\Desktop\produccion\geotranck-dev\vendor\codeigniter4\framework\system\Database\BaseConnection.php(392): CodeIgniter\Database\Postgre\Connection->connect(false)
#3 C:\Users\HP\Desktop\produccion\geotranck-dev\vendor\codeigniter4\framework\system\Database\BaseConnection.php(575): CodeIgniter\Database\BaseConnection->initialize()
#4 C:\Users\HP\Desktop\produccion\geotranck-dev\vendor\codeigniter4\framework\system\Database\BaseBuilder.php(1616): CodeIgniter\Database\BaseConnection->query('SELECT *\nFROM "...', Array, false)
#5 C:\Users\HP\Desktop\produccion\geotranck-dev\vendor\codeigniter4\framework\system\Model.php(270): CodeIgniter\Database\BaseBuilder->get()
#6 C:\Users\HP\Desktop\produccion\geotranck-dev\vendor\codeigniter4\framework\system\BaseModel.php(676): CodeIgniter\Model->doFirst()
#7 C:\Users\HP\Desktop\produccion\geotranck-dev\app\Models\GestionLoginModel.php(55): CodeIgniter\BaseModel->first()
#8 C:\Users\HP\Desktop\produccion\geotranck-dev\app\Controllers\LoginController.php(24): App\Models\GestionLoginModel->obtenerUsuarioPorCorreo('adm@adm.com')
#9 C:\Users\HP\Desktop\produccion\geotranck-dev\vendor\codeigniter4\framework\system\CodeIgniter.php(941): App\Controllers\LoginController->acceso()
#10 C:\Users\HP\Desktop\produccion\geotranck-dev\vendor\codeigniter4\framework\system\CodeIgniter.php(502): CodeIgniter\CodeIgniter->runController(Object(App\Controllers\LoginController))
#11 C:\Users\HP\Desktop\produccion\geotranck-dev\vendor\codeigniter4\framework\system\CodeIgniter.php(361): CodeIgniter\CodeIgniter->handleRequest(NULL, Object(Config\Cache), false)
#12 C:\Users\HP\Desktop\produccion\geotranck-dev\public\index.php(79): CodeIgniter\CodeIgniter->run()
#13 C:\Users\HP\Desktop\produccion\geotranck-dev\vendor\codeigniter4\framework\system\Commands\Server\rewrite.php(47): require_once('C:\\Users\\HP\\Des...')
#14 {main}
CRITICAL - 2024-06-30 21:33:26 --> CodeIgniter\Database\Exceptions\DatabaseException: Unable to connect to the database.
Main connection [postgre]: pg_connect(): Unable to connect to PostgreSQL server: server closed the connection unexpectedly
	This probably means the server terminated abnormally
	before or while processing the request.
in SYSTEMPATH\Database\BaseConnection.php on line 428.
 1 SYSTEMPATH\Database\BaseConnection.php(575): CodeIgniter\Database\BaseConnection->initialize()
 2 SYSTEMPATH\Database\BaseBuilder.php(1616): CodeIgniter\Database\BaseConnection->query('SELECT *
FROM "perfilsistema"
WHERE "correoelectronico" = :correoelectronico:
AND "estado" = :estado:
 LIMIT 1', [...], false)
 3 SYSTEMPATH\Model.php(270): CodeIgniter\Database\BaseBuilder->get()
 4 SYSTEMPATH\BaseModel.php(676): CodeIgniter\Model->doFirst()
 5 APPPATH\Models\GestionLoginModel.php(55): CodeIgniter\BaseModel->first()
 6 APPPATH\Controllers\LoginController.php(24): App\Models\GestionLoginModel->obtenerUsuarioPorCorreo('adm@adm.com')
 7 SYSTEMPATH\CodeIgniter.php(941): App\Controllers\LoginController->acceso()
 8 SYSTEMPATH\CodeIgniter.php(502): CodeIgniter\CodeIgniter->runController(Object(App\Controllers\LoginController))
 9 SYSTEMPATH\CodeIgniter.php(361): CodeIgniter\CodeIgniter->handleRequest(null, Object(Config\Cache), false)
10 FCPATH\index.php(79): CodeIgniter\CodeIgniter->run()
11 SYSTEMPATH\Commands\Server\rewrite.php(47): require_once('C:\\Users\\HP\\Desktop\\produccion\\geotranck-dev\\public\\index.php')
