INFO - 2024-06-26 21:08:39 --> Session: Class initialized using 'CodeIgniter\Session\Handlers\FileHandler' driver.
INFO - 2024-06-26 21:09:46 --> Session: Class initialized using 'CodeIgniter\Session\Handlers\FileHandler' driver.
INFO - 2024-06-26 21:09:47 --> Session: Class initialized using 'CodeIgniter\Session\Handlers\FileHandler' driver.
INFO - 2024-06-26 21:09:54 --> Session: Class initialized using 'CodeIgniter\Session\Handlers\FileHandler' driver.
INFO - 2024-06-26 21:09:54 --> Session: Class initialized using 'CodeIgniter\Session\Handlers\FileHandler' driver.
INFO - 2024-06-26 21:09:54 --> Session: Class initialized using 'CodeIgniter\Session\Handlers\FileHandler' driver.
INFO - 2024-06-26 21:09:55 --> Session: Class initialized using 'CodeIgniter\Session\Handlers\FileHandler' driver.
INFO - 2024-06-26 21:10:29 --> Session: Class initialized using 'CodeIgniter\Session\Handlers\FileHandler' driver.
INFO - 2024-06-26 21:11:15 --> Session: Class initialized using 'CodeIgniter\Session\Handlers\FileHandler' driver.
INFO - 2024-06-26 21:11:16 --> Session: Class initialized using 'CodeIgniter\Session\Handlers\FileHandler' driver.
WARNING - 2024-06-26 21:11:16 --> [DEPRECATED] usort(): Returning bool from comparison function is deprecated, return an integer less than, equal to, or greater than zero in APPPATH\Controllers\AlertasController.php on line 240.
 1 APPPATH\Controllers\AlertasController.php(240): usort([...], Object(Closure))
 2 APPPATH\Controllers\AlertasController.php(170): App\Controllers\AlertasController->datatables('[{"id":"15","nom_estudiante":"Marcos","ape_estudiante":"Ramos","cur_estudiante":"primaria","nom_padre":"Juan","ape_padre":"Perez","tel_padre":"61005154","nom_conductor":"Pedro","ape_conductor":"Alvarez","tel_conductor":"75684384","mar_automovil":"toyota","mod_automovil":"2020","color_automovil":"rojo","placa_automovil":"568ADS","estado":"1","created_at":"2024-06-02 21:55:01","updated_at":"2024-06-02 21:55:01"},{"id":"2","nom_estudiante":"Marcos","ape_estudiante":"Ramos","cur_estudiante":"primaria","nom_padre":"Juan","ape_padre":"Perez","tel_padre":"61005154","nom_conductor":"Pedro","ape_conductor":"Alvarez","tel_conductor":"75684384","mar_automovil":"toyota","mod_automovil":"2020","color_automovil":"rojo","placa_automovil":"568ADS","estado":"1","created_at":"2024-06-01 00:55:36","updated_at":"2024-06-01 00:55:36"},{"id":"3","nom_estudiante":"Marcos","ape_estudiante":"Ramos","cur_estudiante":"primaria","nom_padre":"Juan","ape_padre":"Perez","tel_padre":"61005154","nom_conductor":"Pedro","ape_conductor":"Alvarez","tel_conductor":"75684384","mar_automovil":"toyota","mod_automovil":"2020","color_automovil":"rojo","placa_automovil":"568ADS","estado":"1","created_at":"2024-06-01 01:03:36","updated_at":"2024-06-01 01:03:36"},{"id":"4","nom_estudiante":"Marcos","ape_estudiante":"Ramos","cur_estudiante":"primaria","nom_padre":"Juan","ape_padre":"Perez","tel_padre":"61005154","nom_conductor":"Pedro","ape_conductor":"Alvarez","tel_conductor":"75684384","mar_automovil":"toyota","mod_automovil":"2020","color_automovil":"rojo","placa_automovil":"568ADS","estado":"1","created_at":"2024-06-01 01:03:41","updated_at":"2024-06-01 01:03:41"},{"id":"17","nom_estudiante":"Andres","ape_estudiante":"Mendoza","cur_estudiante":"Primero A","nom_padre":"Mar\\u00eda","ape_padre":"Garc\\u00eda","tel_padre":"72345678","nom_conductor":"Pedro","ape_conductor":"Alvarez","tel_conductor":"75684384","mar_automovil":"King Long","mod_automovil":"2019","color_automovil":"Blanco","placa_automovil":"4357XLA","estado":"1","created_at":"2024-06-11 19:49:56","updated_at":"2024-06-11 19:49:56"},{"id":"18","nom_estudiante":"Adela","ape_estudiante":"Mamani","cur_estudiante":"Primero A","nom_padre":"Juan","ape_padre":"P\\u00e9rez","tel_padre":"71234567","nom_conductor":"Pedro","ape_conductor":"Alvarez","tel_conductor":"75684384","mar_automovil":"King Long","mod_automovil":"2019","color_automovil":"Blanco","placa_automovil":"4357XLA","estado":"1","created_at":"2024-06-15 20:25:08","updated_at":"2024-06-15 20:25:08"},{"id":"19","nom_estudiante":"Adela","ape_estudiante":"Mamani","cur_estudiante":"Primero A","nom_padre":"Juan","ape_padre":"P\\u00e9rez","tel_padre":"71234567","nom_conductor":"Pedro","ape_conductor":"Alvarez","tel_conductor":"75684384","mar_automovil":"King Long","mod_automovil":"2019","color_automovil":"Blanco","placa_automovil":"4357XLA","estado":"1","created_at":"2024-06-15 20:25:39","updated_at":"2024-06-15 20:25:39"},{"id":"20","nom_estudiante":"Adela","ape_estudiante":"Mamani","cur_estudiante":"Primero A","nom_padre":"Adriana","ape_padre":"Castillo","tel_padre":"70923456","nom_conductor":"Pedro","ape_conductor":"Alvarez","tel_conductor":"75684384","mar_automovil":"King Long","mod_automovil":"2019","color_automovil":"Blanco","placa_automovil":"4357XLA","estado":"1","created_at":"2024-06-18 14:46:16","updated_at":"2024-06-18 14:46:16"},{"id":"21","nom_estudiante":"Andres","ape_estudiante":"Mendoza","cur_estudiante":"Primero A","nom_padre":"Adriana","ape_padre":"Castillo","tel_padre":"70923456","nom_conductor":"Pedro","ape_conductor":"Alvarez","tel_conductor":"75684384","mar_automovil":"King Long","mod_automovil":"2019","color_automovil":"Blanco","placa_automovil":"4357XLA","estado":"1","created_at":"2024-06-18 14:46:21","updated_at":"2024-06-18 14:46:21"},{"id":"22","nom_estudiante":"Adela","ape_estudiante":"Mamani","cur_estudiante":"Primero A","nom_padre":"Adriana","ape_padre":"Castillo","tel_padre":"70923456","nom_conductor":"Pedro","ape_conductor":"Alvarez","tel_conductor":"75684384","mar_automovil":"King Long","mod_automovil":"2019","color_automovil":"Blanco","placa_automovil":"4357XLA","estado":"1","created_at":"2024-06-18 16:06:01","updated_at":"2024-06-18 16:06:01"},{"id":"23","nom_estudiante":"Adela","ape_estudiante":"Mamani","cur_estudiante":"Primero A","nom_padre":"Adriana","ape_padre":"Castillo","tel_padre":"70923456","nom_conductor":"Pedro","ape_conductor":"Alvarez","tel_conductor":"75684384","mar_automovil":"King Long","mod_automovil":"2019","color_automovil":"Blanco","placa_automovil":"4357XLA","estado":"1","created_at":"2024-06-18 16:13:35","updated_at":"2024-06-18 16:13:35"},{"id":"24","nom_estudiante":"Andres","ape_estudiante":"Mendoza","cur_estudiante":"Primero A","nom_padre":"Adriana","ape_padre":"Castillo","tel_padre":"70923456","nom_conductor":"Pedro","ape_conductor":"Alvarez","tel_conductor":"75684384","mar_automovil":"King Long","mod_automovil":"2019","color_automovil":"Blanco","placa_automovil":"4357XLA","estado":"1","created_at":"2024-06-18 23:38:58","updated_at":"2024-06-18 23:38:58"},{"id":"25","nom_estudiante":"Adela","ape_estudiante":"Mamani","cur_estudiante":"Primero A","nom_padre":"Adriana","ape_padre":"Castillo","tel_padre":"70923456","nom_conductor":"Pedro","ape_conductor":"Alvarez","tel_conductor":"75684384","mar_automovil":"King Long","mod_automovil":"2019","color_automovil":"Blanco","placa_automovil":"4357XLA","estado":"1","created_at":"2024-06-19 00:08:40","updated_at":"2024-06-19 00:08:40"},{"id":"26","nom_estudiante":"Adela","ape_estudiante":"Mamani","cur_estudiante":null,"nom_padre":null,"ape_padre":null,"tel_padre":null,"nom_conductor":null,"ape_conductor":null,"tel_conductor":null,"mar_automovil":null,"mod_automovil":null,"color_automovil":null,"placa_automovil":null,"estado":"1","created_at":"2024-06-19 00:08:40","updated_at":"2024-06-19 00:08:40"},{"id":"27","nom_estudiante":"Andres","ape_estudiante":"Mendoza","cur_estudiante":"Primero A","nom_padre":"Adriana","ape_padre":"Castillo","tel_padre":"70923456","nom_conductor":"Pedro","ape_conductor":"Alvarez","tel_conductor":"75684384","mar_automovil":"King Long","mod_automovil":"2019","color_automovil":"Blanco","placa_automovil":"4357XLA","estado":"1","created_at":"2024-06-19 00:08:49","updated_at":"2024-06-19 00:08:49"},{"id":"28","nom_estudiante":"Andres","ape_estudiante":"Mendoza","cur_estudiante":null,"nom_padre":null,"ape_padre":null,"tel_padre":null,"nom_conductor":null,"ape_conductor":null,"tel_conductor":null,"mar_automovil":null,"mod_automovil":null,"color_automovil":null,"placa_automovil":null,"estado":"1","created_at":"2024-06-19 00:08:49","updated_at":"2024-06-19 00:08:49"},{"id":"29","nom_estudiante":"Adela","ape_estudiante":"Mamani","cur_estudiante":"Primero A","nom_padre":"Adriana","ape_padre":"Castillo","tel_padre":"70923456","nom_conductor":"Pedro","ape_conductor":"Alvarez","tel_conductor":"75684384","mar_automovil":"King Long","mod_automovil":"2019","color_automovil":"Blanco","placa_automovil":"4357XLA","estado":"1","created_at":"2024-06-21 21:30:53","updated_at":"2024-06-21 21:30:53"},{"id":"30","nom_estudiante":"Adela","ape_estudiante":"Mamani","cur_estudiante":"Primero A","nom_padre":"Adriana","ape_padre":"Castillo","tel_padre":"70923456","nom_conductor":"Pedro","ape_conductor":"Alvarez","tel_conductor":"75684384","mar_automovil":"King Long","mod_automovil":"2019","color_automovil":"Blanco","placa_automovil":"4357XLA","estado":"1","created_at":"2024-06-24 09:35:28","updated_at":"2024-06-24 09:35:28"}]', [...])
 3 SYSTEMPATH\CodeIgniter.php(941): App\Controllers\AlertasController->listaAlertasView()
 4 SYSTEMPATH\CodeIgniter.php(502): CodeIgniter\CodeIgniter->runController(Object(App\Controllers\AlertasController))
 5 SYSTEMPATH\CodeIgniter.php(361): CodeIgniter\CodeIgniter->handleRequest(null, Object(Config\Cache), false)
 6 FCPATH\index.php(79): CodeIgniter\CodeIgniter->run()
 7 SYSTEMPATH\Commands\Server\rewrite.php(47): require_once('C:\\laragon\\www\\geotranck-dev\\public\\index.php')
INFO - 2024-06-26 21:11:19 --> Session: Class initialized using 'CodeIgniter\Session\Handlers\FileHandler' driver.
INFO - 2024-06-26 21:11:19 --> Session: Class initialized using 'CodeIgniter\Session\Handlers\FileHandler' driver.
INFO - 2024-06-26 21:11:20 --> Session: Class initialized using 'CodeIgniter\Session\Handlers\FileHandler' driver.
INFO - 2024-06-26 21:11:20 --> Session: Class initialized using 'CodeIgniter\Session\Handlers\FileHandler' driver.
INFO - 2024-06-26 21:16:01 --> Session: Class initialized using 'CodeIgniter\Session\Handlers\FileHandler' driver.
INFO - 2024-06-26 21:16:02 --> Session: Class initialized using 'CodeIgniter\Session\Handlers\FileHandler' driver.
INFO - 2024-06-26 21:16:02 --> Session: Class initialized using 'CodeIgniter\Session\Handlers\FileHandler' driver.
INFO - 2024-06-26 21:16:19 --> Session: Class initialized using 'CodeIgniter\Session\Handlers\FileHandler' driver.
INFO - 2024-06-26 21:16:20 --> Session: Class initialized using 'CodeIgniter\Session\Handlers\FileHandler' driver.
INFO - 2024-06-26 21:16:26 --> Session: Class initialized using 'CodeIgniter\Session\Handlers\FileHandler' driver.
INFO - 2024-06-26 21:18:49 --> Session: Class initialized using 'CodeIgniter\Session\Handlers\FileHandler' driver.
INFO - 2024-06-26 21:18:49 --> Session: Class initialized using 'CodeIgniter\Session\Handlers\FileHandler' driver.
INFO - 2024-06-26 21:18:50 --> Session: Class initialized using 'CodeIgniter\Session\Handlers\FileHandler' driver.
INFO - 2024-06-26 21:27:10 --> Session: Class initialized using 'CodeIgniter\Session\Handlers\FileHandler' driver.
INFO - 2024-06-26 21:31:14 --> Session: Class initialized using 'CodeIgniter\Session\Handlers\FileHandler' driver.
INFO - 2024-06-26 21:49:54 --> Session: Class initialized using 'CodeIgniter\Session\Handlers\FileHandler' driver.
INFO - 2024-06-26 21:50:16 --> Session: Class initialized using 'CodeIgniter\Session\Handlers\FileHandler' driver.
INFO - 2024-06-26 21:52:08 --> Session: Class initialized using 'CodeIgniter\Session\Handlers\FileHandler' driver.
INFO - 2024-06-26 21:52:29 --> Session: Class initialized using 'CodeIgniter\Session\Handlers\FileHandler' driver.
INFO - 2024-06-26 21:52:43 --> Session: Class initialized using 'CodeIgniter\Session\Handlers\FileHandler' driver.
INFO - 2024-06-26 21:53:25 --> Session: Class initialized using 'CodeIgniter\Session\Handlers\FileHandler' driver.
INFO - 2024-06-26 21:56:00 --> Session: Class initialized using 'CodeIgniter\Session\Handlers\FileHandler' driver.
INFO - 2024-06-26 21:57:04 --> Session: Class initialized using 'CodeIgniter\Session\Handlers\FileHandler' driver.
INFO - 2024-06-26 21:59:56 --> Session: Class initialized using 'CodeIgniter\Session\Handlers\FileHandler' driver.
CRITICAL - 2024-06-26 21:59:56 --> Error: Call to undefined method CodeIgniter\HTTP\IncomingRequest::get()
in APPPATH\Controllers\ReportesControler.php on line 18.
 1 SYSTEMPATH\CodeIgniter.php(941): App\Controllers\ReportesControler->from01()
 2 SYSTEMPATH\CodeIgniter.php(502): CodeIgniter\CodeIgniter->runController(Object(App\Controllers\ReportesControler))
 3 SYSTEMPATH\CodeIgniter.php(361): CodeIgniter\CodeIgniter->handleRequest(null, Object(Config\Cache), false)
 4 FCPATH\index.php(79): CodeIgniter\CodeIgniter->run()
 5 SYSTEMPATH\Commands\Server\rewrite.php(47): require_once('C:\\laragon\\www\\geotranck-dev\\public\\index.php')
INFO - 2024-06-26 22:00:22 --> Session: Class initialized using 'CodeIgniter\Session\Handlers\FileHandler' driver.
CRITICAL - 2024-06-26 22:00:22 --> Error: Call to undefined method CodeIgniter\HTTP\IncomingRequest::getData()
in APPPATH\Controllers\ReportesControler.php on line 18.
 1 SYSTEMPATH\CodeIgniter.php(941): App\Controllers\ReportesControler->from01()
 2 SYSTEMPATH\CodeIgniter.php(502): CodeIgniter\CodeIgniter->runController(Object(App\Controllers\ReportesControler))
 3 SYSTEMPATH\CodeIgniter.php(361): CodeIgniter\CodeIgniter->handleRequest(null, Object(Config\Cache), false)
 4 FCPATH\index.php(79): CodeIgniter\CodeIgniter->run()
 5 SYSTEMPATH\Commands\Server\rewrite.php(47): require_once('C:\\laragon\\www\\geotranck-dev\\public\\index.php')
INFO - 2024-06-26 22:00:23 --> Session: Class initialized using 'CodeIgniter\Session\Handlers\FileHandler' driver.
CRITICAL - 2024-06-26 22:00:23 --> Error: Call to undefined method CodeIgniter\HTTP\IncomingRequest::getData()
in APPPATH\Controllers\ReportesControler.php on line 18.
 1 SYSTEMPATH\CodeIgniter.php(941): App\Controllers\ReportesControler->from01()
 2 SYSTEMPATH\CodeIgniter.php(502): CodeIgniter\CodeIgniter->runController(Object(App\Controllers\ReportesControler))
 3 SYSTEMPATH\CodeIgniter.php(361): CodeIgniter\CodeIgniter->handleRequest(null, Object(Config\Cache), false)
 4 FCPATH\index.php(79): CodeIgniter\CodeIgniter->run()
 5 SYSTEMPATH\Commands\Server\rewrite.php(47): require_once('C:\\laragon\\www\\geotranck-dev\\public\\index.php')
INFO - 2024-06-26 22:00:32 --> Session: Class initialized using 'CodeIgniter\Session\Handlers\FileHandler' driver.
CRITICAL - 2024-06-26 22:00:32 --> Error: Call to undefined method CodeIgniter\HTTP\IncomingRequest::getName()
in APPPATH\Controllers\ReportesControler.php on line 18.
 1 SYSTEMPATH\CodeIgniter.php(941): App\Controllers\ReportesControler->from01()
 2 SYSTEMPATH\CodeIgniter.php(502): CodeIgniter\CodeIgniter->runController(Object(App\Controllers\ReportesControler))
 3 SYSTEMPATH\CodeIgniter.php(361): CodeIgniter\CodeIgniter->handleRequest(null, Object(Config\Cache), false)
 4 FCPATH\index.php(79): CodeIgniter\CodeIgniter->run()
 5 SYSTEMPATH\Commands\Server\rewrite.php(47): require_once('C:\\laragon\\www\\geotranck-dev\\public\\index.php')
INFO - 2024-06-26 22:01:45 --> Session: Class initialized using 'CodeIgniter\Session\Handlers\FileHandler' driver.
INFO - 2024-06-26 22:02:50 --> Session: Class initialized using 'CodeIgniter\Session\Handlers\FileHandler' driver.
CRITICAL - 2024-06-26 22:02:50 --> ErrorException: Attempt to read property "marca" on array
in APPPATH\Controllers\ReportesControler.php on line 23.
 1 APPPATH\Controllers\ReportesControler.php(23): CodeIgniter\Debug\Exceptions->errorHandler(2, 'Attempt to read property "marca" on array', 'C:\\laragon\\www\\geotranck-dev\\app\\Controllers\\ReportesControler.php', 23)
 2 SYSTEMPATH\CodeIgniter.php(941): App\Controllers\ReportesControler->from01()
 3 SYSTEMPATH\CodeIgniter.php(502): CodeIgniter\CodeIgniter->runController(Object(App\Controllers\ReportesControler))
 4 SYSTEMPATH\CodeIgniter.php(361): CodeIgniter\CodeIgniter->handleRequest(null, Object(Config\Cache), false)
 5 FCPATH\index.php(79): CodeIgniter\CodeIgniter->run()
 6 SYSTEMPATH\Commands\Server\rewrite.php(47): require_once('C:\\laragon\\www\\geotranck-dev\\public\\index.php')
INFO - 2024-06-26 22:03:19 --> Session: Class initialized using 'CodeIgniter\Session\Handlers\FileHandler' driver.
INFO - 2024-06-26 22:04:58 --> Session: Class initialized using 'CodeIgniter\Session\Handlers\FileHandler' driver.
INFO - 2024-06-26 22:05:00 --> Session: Class initialized using 'CodeIgniter\Session\Handlers\FileHandler' driver.
INFO - 2024-06-26 22:05:09 --> Session: Class initialized using 'CodeIgniter\Session\Handlers\FileHandler' driver.
INFO - 2024-06-26 22:05:29 --> Session: Class initialized using 'CodeIgniter\Session\Handlers\FileHandler' driver.
CRITICAL - 2024-06-26 22:05:29 --> ParseError: syntax error, unexpected token "echo", expecting ";"
in APPPATH\Controllers\ReportesControler.php on line 25.
 1 SYSTEMPATH\Autoloader\Autoloader.php(288): CodeIgniter\Autoloader\Autoloader->includeFile('C:\\laragon\\www\\geotranck-dev\\app\\Controllers\\ReportesControler.php')
 2 SYSTEMPATH\Autoloader\Autoloader.php(266): CodeIgniter\Autoloader\Autoloader->loadInNamespace('App\\Controllers\\ReportesControler')
 3 [internal function]: CodeIgniter\Autoloader\Autoloader->loadClass('App\\Controllers\\ReportesControler')
 4 SYSTEMPATH\CodeIgniter.php(899): class_exists('\\App\\Controllers\\ReportesControler', true)
 5 SYSTEMPATH\CodeIgniter.php(489): CodeIgniter\CodeIgniter->startController()
 6 SYSTEMPATH\CodeIgniter.php(361): CodeIgniter\CodeIgniter->handleRequest(null, Object(Config\Cache), false)
 7 FCPATH\index.php(79): CodeIgniter\CodeIgniter->run()
 8 SYSTEMPATH\Commands\Server\rewrite.php(47): require_once('C:\\laragon\\www\\geotranck-dev\\public\\index.php')
INFO - 2024-06-26 22:05:39 --> Session: Class initialized using 'CodeIgniter\Session\Handlers\FileHandler' driver.
INFO - 2024-06-26 22:10:33 --> Session: Class initialized using 'CodeIgniter\Session\Handlers\FileHandler' driver.
CRITICAL - 2024-06-26 22:10:33 --> ErrorException: file_get_contents(recursos/Automoviles/auto02.png): Failed to open stream: No such file or directory
in APPPATH\Controllers\ReportesControler.php on line 37.
 1 [internal function]: CodeIgniter\Debug\Exceptions->errorHandler(2, 'file_get_contents(recursos/Automoviles/auto02.png): Failed to open stream: No such file or directory', 'C:\\laragon\\www\\geotranck-dev\\app\\Controllers\\ReportesControler.php', 37)
 2 APPPATH\Controllers\ReportesControler.php(37): file_get_contents('recursos/Automoviles/auto02.png')
 3 SYSTEMPATH\CodeIgniter.php(941): App\Controllers\ReportesControler->from01()
 4 SYSTEMPATH\CodeIgniter.php(502): CodeIgniter\CodeIgniter->runController(Object(App\Controllers\ReportesControler))
 5 SYSTEMPATH\CodeIgniter.php(361): CodeIgniter\CodeIgniter->handleRequest(null, Object(Config\Cache), false)
 6 FCPATH\index.php(79): CodeIgniter\CodeIgniter->run()
 7 SYSTEMPATH\Commands\Server\rewrite.php(47): require_once('C:\\laragon\\www\\geotranck-dev\\public\\index.php')
INFO - 2024-06-26 22:11:14 --> Session: Class initialized using 'CodeIgniter\Session\Handlers\FileHandler' driver.
INFO - 2024-06-26 22:11:49 --> Session: Class initialized using 'CodeIgniter\Session\Handlers\FileHandler' driver.
INFO - 2024-06-26 22:12:53 --> Session: Class initialized using 'CodeIgniter\Session\Handlers\FileHandler' driver.
INFO - 2024-06-26 22:13:26 --> Session: Class initialized using 'CodeIgniter\Session\Handlers\FileHandler' driver.
INFO - 2024-06-26 22:13:39 --> Session: Class initialized using 'CodeIgniter\Session\Handlers\FileHandler' driver.
INFO - 2024-06-26 22:13:51 --> Session: Class initialized using 'CodeIgniter\Session\Handlers\FileHandler' driver.
INFO - 2024-06-26 22:14:54 --> Session: Class initialized using 'CodeIgniter\Session\Handlers\FileHandler' driver.
CRITICAL - 2024-06-26 22:14:54 --> ErrorException: Undefined variable $datosPuntoParada
in APPPATH\Views\reportes\reporte01.php on line 173.
 1 APPPATH\Views\reportes\reporte01.php(173): CodeIgniter\Debug\Exceptions->errorHandler(2, 'Undefined variable $datosPuntoParada', 'C:\\laragon\\www\\geotranck-dev\\app\\Views\\reportes\\reporte01.php', 173)
 2 SYSTEMPATH\View\View.php(228): include('C:\\laragon\\www\\geotranck-dev\\app\\Views\\reportes\\reporte01.php')
 3 SYSTEMPATH\View\View.php(231): CodeIgniter\View\View->CodeIgniter\View\{closure}()
 4 SYSTEMPATH\Common.php(1178): CodeIgniter\View\View->render('reportes/reporte01', [], true)
 5 APPPATH\Controllers\ReportesControler.php(58): view('reportes/reporte01', [...])
 6 SYSTEMPATH\CodeIgniter.php(941): App\Controllers\ReportesControler->from01()
 7 SYSTEMPATH\CodeIgniter.php(502): CodeIgniter\CodeIgniter->runController(Object(App\Controllers\ReportesControler))
 8 SYSTEMPATH\CodeIgniter.php(361): CodeIgniter\CodeIgniter->handleRequest(null, Object(Config\Cache), false)
 9 FCPATH\index.php(79): CodeIgniter\CodeIgniter->run()
10 SYSTEMPATH\Commands\Server\rewrite.php(47): require_once('C:\\laragon\\www\\geotranck-dev\\public\\index.php')
INFO - 2024-06-26 22:15:12 --> Session: Class initialized using 'CodeIgniter\Session\Handlers\FileHandler' driver.
INFO - 2024-06-26 22:17:25 --> Session: Class initialized using 'CodeIgniter\Session\Handlers\FileHandler' driver.
INFO - 2024-06-26 22:20:12 --> Session: Class initialized using 'CodeIgniter\Session\Handlers\FileHandler' driver.
INFO - 2024-06-26 22:21:16 --> Session: Class initialized using 'CodeIgniter\Session\Handlers\FileHandler' driver.
INFO - 2024-06-26 22:21:33 --> Session: Class initialized using 'CodeIgniter\Session\Handlers\FileHandler' driver.
INFO - 2024-06-26 22:21:56 --> Session: Class initialized using 'CodeIgniter\Session\Handlers\FileHandler' driver.
INFO - 2024-06-26 22:22:39 --> Session: Class initialized using 'CodeIgniter\Session\Handlers\FileHandler' driver.
INFO - 2024-06-26 22:23:01 --> Session: Class initialized using 'CodeIgniter\Session\Handlers\FileHandler' driver.
INFO - 2024-06-26 22:27:33 --> Session: Class initialized using 'CodeIgniter\Session\Handlers\FileHandler' driver.
INFO - 2024-06-26 22:29:22 --> Session: Class initialized using 'CodeIgniter\Session\Handlers\FileHandler' driver.
INFO - 2024-06-26 22:29:38 --> Session: Class initialized using 'CodeIgniter\Session\Handlers\FileHandler' driver.
INFO - 2024-06-26 22:30:41 --> Session: Class initialized using 'CodeIgniter\Session\Handlers\FileHandler' driver.
INFO - 2024-06-26 22:37:56 --> Session: Class initialized using 'CodeIgniter\Session\Handlers\FileHandler' driver.
INFO - 2024-06-26 22:38:24 --> Session: Class initialized using 'CodeIgniter\Session\Handlers\FileHandler' driver.
INFO - 2024-06-26 22:43:08 --> Session: Class initialized using 'CodeIgniter\Session\Handlers\FileHandler' driver.
CRITICAL - 2024-06-26 22:43:09 --> ErrorException: Undefined variable $nombreconductor
in APPPATH\Views\reportes\reporte01.php on line 188.
 1 APPPATH\Views\reportes\reporte01.php(188): CodeIgniter\Debug\Exceptions->errorHandler(2, 'Undefined variable $nombreconductor', 'C:\\laragon\\www\\geotranck-dev\\app\\Views\\reportes\\reporte01.php', 188)
 2 SYSTEMPATH\View\View.php(228): include('C:\\laragon\\www\\geotranck-dev\\app\\Views\\reportes\\reporte01.php')
 3 SYSTEMPATH\View\View.php(231): CodeIgniter\View\View->CodeIgniter\View\{closure}()
 4 SYSTEMPATH\Common.php(1178): CodeIgniter\View\View->render('reportes/reporte01', [], true)
 5 APPPATH\Controllers\ReportesControler.php(64): view('reportes/reporte01', [...])
 6 SYSTEMPATH\CodeIgniter.php(941): App\Controllers\ReportesControler->from01()
 7 SYSTEMPATH\CodeIgniter.php(502): CodeIgniter\CodeIgniter->runController(Object(App\Controllers\ReportesControler))
 8 SYSTEMPATH\CodeIgniter.php(361): CodeIgniter\CodeIgniter->handleRequest(null, Object(Config\Cache), false)
 9 FCPATH\index.php(79): CodeIgniter\CodeIgniter->run()
10 SYSTEMPATH\Commands\Server\rewrite.php(47): require_once('C:\\laragon\\www\\geotranck-dev\\public\\index.php')
INFO - 2024-06-26 22:44:02 --> Session: Class initialized using 'CodeIgniter\Session\Handlers\FileHandler' driver.
INFO - 2024-06-26 22:54:27 --> Session: Class initialized using 'CodeIgniter\Session\Handlers\FileHandler' driver.
INFO - 2024-06-26 23:04:21 --> Session: Class initialized using 'CodeIgniter\Session\Handlers\FileHandler' driver.
INFO - 2024-06-26 23:05:06 --> Session: Class initialized using 'CodeIgniter\Session\Handlers\FileHandler' driver.
INFO - 2024-06-26 23:05:40 --> Session: Class initialized using 'CodeIgniter\Session\Handlers\FileHandler' driver.
INFO - 2024-06-26 23:07:03 --> Session: Class initialized using 'CodeIgniter\Session\Handlers\FileHandler' driver.
INFO - 2024-06-26 23:08:20 --> Session: Class initialized using 'CodeIgniter\Session\Handlers\FileHandler' driver.
INFO - 2024-06-26 23:08:40 --> Session: Class initialized using 'CodeIgniter\Session\Handlers\FileHandler' driver.
INFO - 2024-06-26 23:09:26 --> Session: Class initialized using 'CodeIgniter\Session\Handlers\FileHandler' driver.
INFO - 2024-06-26 23:10:02 --> Session: Class initialized using 'CodeIgniter\Session\Handlers\FileHandler' driver.
INFO - 2024-06-26 23:10:49 --> Session: Class initialized using 'CodeIgniter\Session\Handlers\FileHandler' driver.
INFO - 2024-06-26 23:20:01 --> Session: Class initialized using 'CodeIgniter\Session\Handlers\FileHandler' driver.
INFO - 2024-06-26 23:20:59 --> Session: Class initialized using 'CodeIgniter\Session\Handlers\FileHandler' driver.
INFO - 2024-06-26 23:21:35 --> Session: Class initialized using 'CodeIgniter\Session\Handlers\FileHandler' driver.
INFO - 2024-06-26 23:22:23 --> Session: Class initialized using 'CodeIgniter\Session\Handlers\FileHandler' driver.
INFO - 2024-06-26 23:23:06 --> Session: Class initialized using 'CodeIgniter\Session\Handlers\FileHandler' driver.
INFO - 2024-06-26 23:23:23 --> Session: Class initialized using 'CodeIgniter\Session\Handlers\FileHandler' driver.
INFO - 2024-06-26 23:24:02 --> Session: Class initialized using 'CodeIgniter\Session\Handlers\FileHandler' driver.
INFO - 2024-06-26 23:24:40 --> Session: Class initialized using 'CodeIgniter\Session\Handlers\FileHandler' driver.
INFO - 2024-06-26 23:25:39 --> Session: Class initialized using 'CodeIgniter\Session\Handlers\FileHandler' driver.
INFO - 2024-06-26 23:26:11 --> Session: Class initialized using 'CodeIgniter\Session\Handlers\FileHandler' driver.
INFO - 2024-06-26 23:26:43 --> Session: Class initialized using 'CodeIgniter\Session\Handlers\FileHandler' driver.
INFO - 2024-06-26 23:27:51 --> Session: Class initialized using 'CodeIgniter\Session\Handlers\FileHandler' driver.
INFO - 2024-06-26 23:27:56 --> Session: Class initialized using 'CodeIgniter\Session\Handlers\FileHandler' driver.
CRITICAL - 2024-06-26 23:27:56 --> ErrorException: file_get_contents(uploads/Automoviles/): Failed to open stream: No such file or directory
in APPPATH\Controllers\ReportesControler.php on line 39.
 1 [internal function]: CodeIgniter\Debug\Exceptions->errorHandler(2, 'file_get_contents(uploads/Automoviles/): Failed to open stream: No such file or directory', 'C:\\laragon\\www\\geotranck-dev\\app\\Controllers\\ReportesControler.php', 39)
 2 APPPATH\Controllers\ReportesControler.php(39): file_get_contents('uploads/Automoviles/')
 3 SYSTEMPATH\CodeIgniter.php(941): App\Controllers\ReportesControler->from01()
 4 SYSTEMPATH\CodeIgniter.php(502): CodeIgniter\CodeIgniter->runController(Object(App\Controllers\ReportesControler))
 5 SYSTEMPATH\CodeIgniter.php(361): CodeIgniter\CodeIgniter->handleRequest(null, Object(Config\Cache), false)
 6 FCPATH\index.php(79): CodeIgniter\CodeIgniter->run()
 7 SYSTEMPATH\Commands\Server\rewrite.php(47): require_once('C:\\laragon\\www\\geotranck-dev\\public\\index.php')
INFO - 2024-06-26 23:29:05 --> Session: Class initialized using 'CodeIgniter\Session\Handlers\FileHandler' driver.
CRITICAL - 2024-06-26 23:29:05 --> ErrorException: Undefined array key "created_at"
in APPPATH\Views\reportes\reporte01.php on line 224.
 1 APPPATH\Views\reportes\reporte01.php(224): CodeIgniter\Debug\Exceptions->errorHandler(2, 'Undefined array key "created_at"', 'C:\\laragon\\www\\geotranck-dev\\app\\Views\\reportes\\reporte01.php', 224)
 2 SYSTEMPATH\View\View.php(228): include('C:\\laragon\\www\\geotranck-dev\\app\\Views\\reportes\\reporte01.php')
 3 SYSTEMPATH\View\View.php(231): CodeIgniter\View\View->CodeIgniter\View\{closure}()
 4 SYSTEMPATH\Common.php(1178): CodeIgniter\View\View->render('reportes/reporte01', [], true)
 5 APPPATH\Controllers\ReportesControler.php(64): view('reportes/reporte01', [...])
 6 SYSTEMPATH\CodeIgniter.php(941): App\Controllers\ReportesControler->from01()
 7 SYSTEMPATH\CodeIgniter.php(502): CodeIgniter\CodeIgniter->runController(Object(App\Controllers\ReportesControler))
 8 SYSTEMPATH\CodeIgniter.php(361): CodeIgniter\CodeIgniter->handleRequest(null, Object(Config\Cache), false)
 9 FCPATH\index.php(79): CodeIgniter\CodeIgniter->run()
10 SYSTEMPATH\Commands\Server\rewrite.php(47): require_once('C:\\laragon\\www\\geotranck-dev\\public\\index.php')
INFO - 2024-06-26 23:29:48 --> Session: Class initialized using 'CodeIgniter\Session\Handlers\FileHandler' driver.
INFO - 2024-06-26 23:31:14 --> Session: Class initialized using 'CodeIgniter\Session\Handlers\FileHandler' driver.
INFO - 2024-06-26 23:31:45 --> Session: Class initialized using 'CodeIgniter\Session\Handlers\FileHandler' driver.
INFO - 2024-06-26 23:31:59 --> Session: Class initialized using 'CodeIgniter\Session\Handlers\FileHandler' driver.
INFO - 2024-06-26 23:32:47 --> Session: Class initialized using 'CodeIgniter\Session\Handlers\FileHandler' driver.
INFO - 2024-06-26 23:33:11 --> Session: Class initialized using 'CodeIgniter\Session\Handlers\FileHandler' driver.
INFO - 2024-06-26 23:33:31 --> Session: Class initialized using 'CodeIgniter\Session\Handlers\FileHandler' driver.
INFO - 2024-06-26 23:34:49 --> Session: Class initialized using 'CodeIgniter\Session\Handlers\FileHandler' driver.
CRITICAL - 2024-06-26 23:34:49 --> ErrorException: file_get_contents(uploads/Automoviles/): Failed to open stream: No such file or directory
in APPPATH\Controllers\ReportesControler.php on line 39.
 1 [internal function]: CodeIgniter\Debug\Exceptions->errorHandler(2, 'file_get_contents(uploads/Automoviles/): Failed to open stream: No such file or directory', 'C:\\laragon\\www\\geotranck-dev\\app\\Controllers\\ReportesControler.php', 39)
 2 APPPATH\Controllers\ReportesControler.php(39): file_get_contents('uploads/Automoviles/')
 3 SYSTEMPATH\CodeIgniter.php(941): App\Controllers\ReportesControler->from01()
 4 SYSTEMPATH\CodeIgniter.php(502): CodeIgniter\CodeIgniter->runController(Object(App\Controllers\ReportesControler))
 5 SYSTEMPATH\CodeIgniter.php(361): CodeIgniter\CodeIgniter->handleRequest(null, Object(Config\Cache), false)
 6 FCPATH\index.php(79): CodeIgniter\CodeIgniter->run()
 7 SYSTEMPATH\Commands\Server\rewrite.php(47): require_once('C:\\laragon\\www\\geotranck-dev\\public\\index.php')
INFO - 2024-06-26 23:36:05 --> Session: Class initialized using 'CodeIgniter\Session\Handlers\FileHandler' driver.
CRITICAL - 2024-06-26 23:36:05 --> ErrorException: file_get_contents(uploads/Automoviles/): Failed to open stream: No such file or directory
in APPPATH\Controllers\ReportesControler.php on line 39.
 1 [internal function]: CodeIgniter\Debug\Exceptions->errorHandler(2, 'file_get_contents(uploads/Automoviles/): Failed to open stream: No such file or directory', 'C:\\laragon\\www\\geotranck-dev\\app\\Controllers\\ReportesControler.php', 39)
 2 APPPATH\Controllers\ReportesControler.php(39): file_get_contents('uploads/Automoviles/')
 3 SYSTEMPATH\CodeIgniter.php(941): App\Controllers\ReportesControler->from01()
 4 SYSTEMPATH\CodeIgniter.php(502): CodeIgniter\CodeIgniter->runController(Object(App\Controllers\ReportesControler))
 5 SYSTEMPATH\CodeIgniter.php(361): CodeIgniter\CodeIgniter->handleRequest(null, Object(Config\Cache), false)
 6 FCPATH\index.php(79): CodeIgniter\CodeIgniter->run()
 7 SYSTEMPATH\Commands\Server\rewrite.php(47): require_once('C:\\laragon\\www\\geotranck-dev\\public\\index.php')
INFO - 2024-06-26 23:36:54 --> Session: Class initialized using 'CodeIgniter\Session\Handlers\FileHandler' driver.
INFO - 2024-06-26 23:37:08 --> Session: Class initialized using 'CodeIgniter\Session\Handlers\FileHandler' driver.
CRITICAL - 2024-06-26 23:37:08 --> ErrorException: file_get_contents(uploads/Automoviles/): Failed to open stream: No such file or directory
in APPPATH\Controllers\ReportesControler.php on line 39.
 1 [internal function]: CodeIgniter\Debug\Exceptions->errorHandler(2, 'file_get_contents(uploads/Automoviles/): Failed to open stream: No such file or directory', 'C:\\laragon\\www\\geotranck-dev\\app\\Controllers\\ReportesControler.php', 39)
 2 APPPATH\Controllers\ReportesControler.php(39): file_get_contents('uploads/Automoviles/')
 3 SYSTEMPATH\CodeIgniter.php(941): App\Controllers\ReportesControler->from01()
 4 SYSTEMPATH\CodeIgniter.php(502): CodeIgniter\CodeIgniter->runController(Object(App\Controllers\ReportesControler))
 5 SYSTEMPATH\CodeIgniter.php(361): CodeIgniter\CodeIgniter->handleRequest(null, Object(Config\Cache), false)
 6 FCPATH\index.php(79): CodeIgniter\CodeIgniter->run()
 7 SYSTEMPATH\Commands\Server\rewrite.php(47): require_once('C:\\laragon\\www\\geotranck-dev\\public\\index.php')
INFO - 2024-06-26 23:37:33 --> Session: Class initialized using 'CodeIgniter\Session\Handlers\FileHandler' driver.
INFO - 2024-06-26 23:41:03 --> Session: Class initialized using 'CodeIgniter\Session\Handlers\FileHandler' driver.
CRITICAL - 2024-06-26 23:41:03 --> ErrorException: Undefined variable $imagenAutomovil
in APPPATH\Views\reportes\reporte01.php on line 175.
 1 APPPATH\Views\reportes\reporte01.php(175): CodeIgniter\Debug\Exceptions->errorHandler(2, 'Undefined variable $imagenAutomovil', 'C:\\laragon\\www\\geotranck-dev\\app\\Views\\reportes\\reporte01.php', 175)
 2 SYSTEMPATH\View\View.php(228): include('C:\\laragon\\www\\geotranck-dev\\app\\Views\\reportes\\reporte01.php')
 3 SYSTEMPATH\View\View.php(231): CodeIgniter\View\View->CodeIgniter\View\{closure}()
 4 SYSTEMPATH\Common.php(1178): CodeIgniter\View\View->render('reportes/reporte01', [], true)
 5 APPPATH\Controllers\ReportesControler.php(51): view('reportes/reporte01', [...])
 6 SYSTEMPATH\CodeIgniter.php(941): App\Controllers\ReportesControler->from01()
 7 SYSTEMPATH\CodeIgniter.php(502): CodeIgniter\CodeIgniter->runController(Object(App\Controllers\ReportesControler))
 8 SYSTEMPATH\CodeIgniter.php(361): CodeIgniter\CodeIgniter->handleRequest(null, Object(Config\Cache), false)
 9 FCPATH\index.php(79): CodeIgniter\CodeIgniter->run()
10 SYSTEMPATH\Commands\Server\rewrite.php(47): require_once('C:\\laragon\\www\\geotranck-dev\\public\\index.php')
INFO - 2024-06-26 23:42:17 --> Session: Class initialized using 'CodeIgniter\Session\Handlers\FileHandler' driver.
CRITICAL - 2024-06-26 23:42:18 --> ErrorException: Undefined variable $imagenAutomovil
in APPPATH\Views\reportes\plantilla.php on line 175.
 1 APPPATH\Views\reportes\plantilla.php(175): CodeIgniter\Debug\Exceptions->errorHandler(2, 'Undefined variable $imagenAutomovil', 'C:\\laragon\\www\\geotranck-dev\\app\\Views\\reportes\\plantilla.php', 175)
 2 SYSTEMPATH\View\View.php(228): include('C:\\laragon\\www\\geotranck-dev\\app\\Views\\reportes\\plantilla.php')
 3 SYSTEMPATH\View\View.php(231): CodeIgniter\View\View->CodeIgniter\View\{closure}()
 4 SYSTEMPATH\Common.php(1178): CodeIgniter\View\View->render('reportes/plantilla', [], true)
 5 APPPATH\Controllers\ReportesControler.php(51): view('reportes/plantilla', [...])
 6 SYSTEMPATH\CodeIgniter.php(941): App\Controllers\ReportesControler->from01()
 7 SYSTEMPATH\CodeIgniter.php(502): CodeIgniter\CodeIgniter->runController(Object(App\Controllers\ReportesControler))
 8 SYSTEMPATH\CodeIgniter.php(361): CodeIgniter\CodeIgniter->handleRequest(null, Object(Config\Cache), false)
 9 FCPATH\index.php(79): CodeIgniter\CodeIgniter->run()
10 SYSTEMPATH\Commands\Server\rewrite.php(47): require_once('C:\\laragon\\www\\geotranck-dev\\public\\index.php')
INFO - 2024-06-26 23:42:48 --> Session: Class initialized using 'CodeIgniter\Session\Handlers\FileHandler' driver.
CRITICAL - 2024-06-26 23:42:48 --> ErrorException: Undefined array key 0
in APPPATH\Views\reportes\plantilla.php on line 177.
 1 APPPATH\Views\reportes\plantilla.php(177): CodeIgniter\Debug\Exceptions->errorHandler(2, 'Undefined array key 0', 'C:\\laragon\\www\\geotranck-dev\\app\\Views\\reportes\\plantilla.php', 177)
 2 SYSTEMPATH\View\View.php(228): include('C:\\laragon\\www\\geotranck-dev\\app\\Views\\reportes\\plantilla.php')
 3 SYSTEMPATH\View\View.php(231): CodeIgniter\View\View->CodeIgniter\View\{closure}()
 4 SYSTEMPATH\Common.php(1178): CodeIgniter\View\View->render('reportes/plantilla', [], true)
 5 APPPATH\Controllers\ReportesControler.php(51): view('reportes/plantilla', [...])
 6 SYSTEMPATH\CodeIgniter.php(941): App\Controllers\ReportesControler->from01()
 7 SYSTEMPATH\CodeIgniter.php(502): CodeIgniter\CodeIgniter->runController(Object(App\Controllers\ReportesControler))
 8 SYSTEMPATH\CodeIgniter.php(361): CodeIgniter\CodeIgniter->handleRequest(null, Object(Config\Cache), false)
 9 FCPATH\index.php(79): CodeIgniter\CodeIgniter->run()
10 SYSTEMPATH\Commands\Server\rewrite.php(47): require_once('C:\\laragon\\www\\geotranck-dev\\public\\index.php')
INFO - 2024-06-26 23:43:15 --> Session: Class initialized using 'CodeIgniter\Session\Handlers\FileHandler' driver.
CRITICAL - 2024-06-26 23:43:16 --> ErrorException: file_get_contents(uploads/Automoviles/): Failed to open stream: No such file or directory
in APPPATH\Controllers\ReportesControler.php on line 66.
 1 [internal function]: CodeIgniter\Debug\Exceptions->errorHandler(2, 'file_get_contents(uploads/Automoviles/): Failed to open stream: No such file or directory', 'C:\\laragon\\www\\geotranck-dev\\app\\Controllers\\ReportesControler.php', 66)
 2 APPPATH\Controllers\ReportesControler.php(66): file_get_contents('uploads/Automoviles/')
 3 SYSTEMPATH\CodeIgniter.php(941): App\Controllers\ReportesControler->from01()
 4 SYSTEMPATH\CodeIgniter.php(502): CodeIgniter\CodeIgniter->runController(Object(App\Controllers\ReportesControler))
 5 SYSTEMPATH\CodeIgniter.php(361): CodeIgniter\CodeIgniter->handleRequest(null, Object(Config\Cache), false)
 6 FCPATH\index.php(79): CodeIgniter\CodeIgniter->run()
 7 SYSTEMPATH\Commands\Server\rewrite.php(47): require_once('C:\\laragon\\www\\geotranck-dev\\public\\index.php')
INFO - 2024-06-26 23:44:41 --> Session: Class initialized using 'CodeIgniter\Session\Handlers\FileHandler' driver.
INFO - 2024-06-26 23:46:34 --> Session: Class initialized using 'CodeIgniter\Session\Handlers\FileHandler' driver.
INFO - 2024-06-26 23:48:16 --> Session: Class initialized using 'CodeIgniter\Session\Handlers\FileHandler' driver.
INFO - 2024-06-26 23:48:36 --> Session: Class initialized using 'CodeIgniter\Session\Handlers\FileHandler' driver.
INFO - 2024-06-26 23:49:02 --> Session: Class initialized using 'CodeIgniter\Session\Handlers\FileHandler' driver.
INFO - 2024-06-26 23:55:18 --> Session: Class initialized using 'CodeIgniter\Session\Handlers\FileHandler' driver.
INFO - 2024-06-26 23:55:36 --> Session: Class initialized using 'CodeIgniter\Session\Handlers\FileHandler' driver.
INFO - 2024-06-26 23:56:10 --> Session: Class initialized using 'CodeIgniter\Session\Handlers\FileHandler' driver.
INFO - 2024-06-26 23:56:56 --> Session: Class initialized using 'CodeIgniter\Session\Handlers\FileHandler' driver.
INFO - 2024-06-26 23:57:33 --> Session: Class initialized using 'CodeIgniter\Session\Handlers\FileHandler' driver.
INFO - 2024-06-26 23:58:32 --> Session: Class initialized using 'CodeIgniter\Session\Handlers\FileHandler' driver.
INFO - 2024-06-26 23:59:00 --> Session: Class initialized using 'CodeIgniter\Session\Handlers\FileHandler' driver.
