INFO - 2024-06-05 19:47:23 --> Session: Class initialized using 'CodeIgniter\Session\Handlers\FileHandler' driver.
INFO - 2024-06-05 19:47:34 --> Session: Class initialized using 'CodeIgniter\Session\Handlers\FileHandler' driver.
INFO - 2024-06-05 19:47:35 --> Session: Class initialized using 'CodeIgniter\Session\Handlers\FileHandler' driver.
INFO - 2024-06-05 19:47:52 --> Session: Class initialized using 'CodeIgniter\Session\Handlers\FileHandler' driver.
INFO - 2024-06-05 19:47:52 --> Session: Class initialized using 'CodeIgniter\Session\Handlers\FileHandler' driver.
INFO - 2024-06-05 19:48:13 --> Session: Class initialized using 'CodeIgniter\Session\Handlers\FileHandler' driver.
INFO - 2024-06-05 19:48:14 --> Session: Class initialized using 'CodeIgniter\Session\Handlers\FileHandler' driver.
INFO - 2024-06-05 19:48:42 --> Session: Class initialized using 'CodeIgniter\Session\Handlers\FileHandler' driver.
INFO - 2024-06-05 19:48:51 --> Session: Class initialized using 'CodeIgniter\Session\Handlers\FileHandler' driver.
INFO - 2024-06-05 19:49:01 --> Session: Class initialized using 'CodeIgniter\Session\Handlers\FileHandler' driver.
INFO - 2024-06-05 19:49:13 --> Session: Class initialized using 'CodeIgniter\Session\Handlers\FileHandler' driver.
INFO - 2024-06-05 19:49:29 --> Session: Class initialized using 'CodeIgniter\Session\Handlers\FileHandler' driver.
INFO - 2024-06-05 19:49:48 --> Session: Class initialized using 'CodeIgniter\Session\Handlers\FileHandler' driver.
INFO - 2024-06-05 19:49:56 --> Session: Class initialized using 'CodeIgniter\Session\Handlers\FileHandler' driver.
INFO - 2024-06-05 19:51:04 --> Session: Class initialized using 'CodeIgniter\Session\Handlers\FileHandler' driver.
INFO - 2024-06-05 19:51:57 --> Session: Class initialized using 'CodeIgniter\Session\Handlers\FileHandler' driver.
INFO - 2024-06-05 19:52:06 --> Session: Class initialized using 'CodeIgniter\Session\Handlers\FileHandler' driver.
INFO - 2024-06-05 19:52:26 --> Session: Class initialized using 'CodeIgniter\Session\Handlers\FileHandler' driver.
INFO - 2024-06-05 19:52:26 --> Session: Class initialized using 'CodeIgniter\Session\Handlers\FileHandler' driver.
INFO - 2024-06-05 19:52:27 --> Session: Class initialized using 'CodeIgniter\Session\Handlers\FileHandler' driver.
INFO - 2024-06-05 19:52:37 --> Session: Class initialized using 'CodeIgniter\Session\Handlers\FileHandler' driver.
INFO - 2024-06-05 19:52:47 --> Session: Class initialized using 'CodeIgniter\Session\Handlers\FileHandler' driver.
INFO - 2024-06-05 19:52:57 --> Session: Class initialized using 'CodeIgniter\Session\Handlers\FileHandler' driver.
INFO - 2024-06-05 19:52:59 --> Session: Class initialized using 'CodeIgniter\Session\Handlers\FileHandler' driver.
INFO - 2024-06-05 19:53:15 --> Session: Class initialized using 'CodeIgniter\Session\Handlers\FileHandler' driver.
INFO - 2024-06-05 19:53:25 --> Session: Class initialized using 'CodeIgniter\Session\Handlers\FileHandler' driver.
INFO - 2024-06-05 19:53:35 --> Session: Class initialized using 'CodeIgniter\Session\Handlers\FileHandler' driver.
INFO - 2024-06-05 19:53:45 --> Session: Class initialized using 'CodeIgniter\Session\Handlers\FileHandler' driver.
INFO - 2024-06-05 19:53:55 --> Session: Class initialized using 'CodeIgniter\Session\Handlers\FileHandler' driver.
INFO - 2024-06-05 19:54:56 --> Session: Class initialized using 'CodeIgniter\Session\Handlers\FileHandler' driver.
INFO - 2024-06-05 19:54:56 --> Session: Class initialized using 'CodeIgniter\Session\Handlers\FileHandler' driver.
INFO - 2024-06-05 19:57:02 --> Session: Class initialized using 'CodeIgniter\Session\Handlers\FileHandler' driver.
INFO - 2024-06-05 19:57:05 --> Session: Class initialized using 'CodeIgniter\Session\Handlers\FileHandler' driver.
INFO - 2024-06-05 19:57:33 --> Session: Class initialized using 'CodeIgniter\Session\Handlers\FileHandler' driver.
INFO - 2024-06-05 19:57:33 --> Session: Class initialized using 'CodeIgniter\Session\Handlers\FileHandler' driver.
INFO - 2024-06-05 19:57:36 --> Session: Class initialized using 'CodeIgniter\Session\Handlers\FileHandler' driver.
INFO - 2024-06-05 19:57:36 --> Session: Class initialized using 'CodeIgniter\Session\Handlers\FileHandler' driver.
INFO - 2024-06-05 19:59:11 --> Session: Class initialized using 'CodeIgniter\Session\Handlers\FileHandler' driver.
INFO - 2024-06-05 19:59:20 --> Session: Class initialized using 'CodeIgniter\Session\Handlers\FileHandler' driver.
INFO - 2024-06-05 19:59:27 --> Session: Class initialized using 'CodeIgniter\Session\Handlers\FileHandler' driver.
INFO - 2024-06-05 19:59:29 --> Session: Class initialized using 'CodeIgniter\Session\Handlers\FileHandler' driver.
INFO - 2024-06-05 20:00:26 --> Session: Class initialized using 'CodeIgniter\Session\Handlers\FileHandler' driver.
INFO - 2024-06-05 20:00:26 --> Session: Class initialized using 'CodeIgniter\Session\Handlers\FileHandler' driver.
INFO - 2024-06-05 20:00:29 --> Session: Class initialized using 'CodeIgniter\Session\Handlers\FileHandler' driver.
INFO - 2024-06-05 20:00:29 --> Session: Class initialized using 'CodeIgniter\Session\Handlers\FileHandler' driver.
INFO - 2024-06-05 20:00:29 --> Session: Class initialized using 'CodeIgniter\Session\Handlers\FileHandler' driver.
INFO - 2024-06-05 20:00:29 --> Session: Class initialized using 'CodeIgniter\Session\Handlers\FileHandler' driver.
INFO - 2024-06-05 20:00:36 --> Session: Class initialized using 'CodeIgniter\Session\Handlers\FileHandler' driver.
INFO - 2024-06-05 20:01:43 --> Session: Class initialized using 'CodeIgniter\Session\Handlers\FileHandler' driver.
INFO - 2024-06-05 20:01:44 --> Session: Class initialized using 'CodeIgniter\Session\Handlers\FileHandler' driver.
INFO - 2024-06-05 20:01:51 --> Session: Class initialized using 'CodeIgniter\Session\Handlers\FileHandler' driver.
CRITICAL - 2024-06-05 20:01:51 --> Error: Call to a member function getResultArray() on bool
in APPPATH\Models\GestionSeguimientoGPS.php on line 62.
 1 APPPATH\Controllers\SeguimientoGPSController.php(49): App\Models\GestionSeguimientoGPS->Eliminar()
 2 SYSTEMPATH\CodeIgniter.php(941): App\Controllers\SeguimientoGPSController->guardarRuta()
 3 SYSTEMPATH\CodeIgniter.php(502): CodeIgniter\CodeIgniter->runController(Object(App\Controllers\SeguimientoGPSController))
 4 SYSTEMPATH\CodeIgniter.php(361): CodeIgniter\CodeIgniter->handleRequest(null, Object(Config\Cache), false)
 5 FCPATH\index.php(79): CodeIgniter\CodeIgniter->run()
 6 SYSTEMPATH\Commands\Server\rewrite.php(47): require_once('C:\\laragon\\www\\geotranck-dev\\public\\index.php')
INFO - 2024-06-05 20:02:42 --> Session: Class initialized using 'CodeIgniter\Session\Handlers\FileHandler' driver.
INFO - 2024-06-05 20:02:46 --> Session: Class initialized using 'CodeIgniter\Session\Handlers\FileHandler' driver.
INFO - 2024-06-05 20:02:59 --> Session: Class initialized using 'CodeIgniter\Session\Handlers\FileHandler' driver.
INFO - 2024-06-05 20:03:00 --> Session: Class initialized using 'CodeIgniter\Session\Handlers\FileHandler' driver.
INFO - 2024-06-05 20:03:02 --> Session: Class initialized using 'CodeIgniter\Session\Handlers\FileHandler' driver.
INFO - 2024-06-05 20:04:51 --> Session: Class initialized using 'CodeIgniter\Session\Handlers\FileHandler' driver.
INFO - 2024-06-05 20:06:14 --> Session: Class initialized using 'CodeIgniter\Session\Handlers\FileHandler' driver.
INFO - 2024-06-05 20:06:14 --> Session: Class initialized using 'CodeIgniter\Session\Handlers\FileHandler' driver.
INFO - 2024-06-05 20:07:37 --> Session: Class initialized using 'CodeIgniter\Session\Handlers\FileHandler' driver.
INFO - 2024-06-05 20:07:37 --> Session: Class initialized using 'CodeIgniter\Session\Handlers\FileHandler' driver.
INFO - 2024-06-05 20:07:37 --> Session: Class initialized using 'CodeIgniter\Session\Handlers\FileHandler' driver.
INFO - 2024-06-05 20:07:37 --> Session: Class initialized using 'CodeIgniter\Session\Handlers\FileHandler' driver.
INFO - 2024-06-05 20:07:37 --> Session: Class initialized using 'CodeIgniter\Session\Handlers\FileHandler' driver.
INFO - 2024-06-05 20:07:37 --> Session: Class initialized using 'CodeIgniter\Session\Handlers\FileHandler' driver.
INFO - 2024-06-05 20:07:38 --> Session: Class initialized using 'CodeIgniter\Session\Handlers\FileHandler' driver.
INFO - 2024-06-05 20:07:38 --> Session: Class initialized using 'CodeIgniter\Session\Handlers\FileHandler' driver.
INFO - 2024-06-05 20:07:38 --> Session: Class initialized using 'CodeIgniter\Session\Handlers\FileHandler' driver.
INFO - 2024-06-05 20:07:38 --> Session: Class initialized using 'CodeIgniter\Session\Handlers\FileHandler' driver.
INFO - 2024-06-05 20:07:41 --> Session: Class initialized using 'CodeIgniter\Session\Handlers\FileHandler' driver.
INFO - 2024-06-05 20:09:53 --> Session: Class initialized using 'CodeIgniter\Session\Handlers\FileHandler' driver.
INFO - 2024-06-05 20:18:05 --> Session: Class initialized using 'CodeIgniter\Session\Handlers\FileHandler' driver.
INFO - 2024-06-05 20:18:27 --> Session: Class initialized using 'CodeIgniter\Session\Handlers\FileHandler' driver.
INFO - 2024-06-05 20:18:33 --> Session: Class initialized using 'CodeIgniter\Session\Handlers\FileHandler' driver.
INFO - 2024-06-05 20:18:52 --> Session: Class initialized using 'CodeIgniter\Session\Handlers\FileHandler' driver.
INFO - 2024-06-05 20:19:11 --> Session: Class initialized using 'CodeIgniter\Session\Handlers\FileHandler' driver.
INFO - 2024-06-05 20:19:16 --> Session: Class initialized using 'CodeIgniter\Session\Handlers\FileHandler' driver.
INFO - 2024-06-05 20:19:17 --> Session: Class initialized using 'CodeIgniter\Session\Handlers\FileHandler' driver.
WARNING - 2024-06-05 20:19:17 --> [DEPRECATED] usort(): Returning bool from comparison function is deprecated, return an integer less than, equal to, or greater than zero in APPPATH\Controllers\AlertasController.php on line 240.
 1 APPPATH\Controllers\AlertasController.php(240): usort([...], Object(Closure))
 2 APPPATH\Controllers\AlertasController.php(170): App\Controllers\AlertasController->datatables('[{"id":"14","nom_estudiante":"Marcos","ape_estudiante":"Ramos","cur_estudiante":"primaria","nom_padre":"Juan","ape_padre":"Perez","tel_padre":"61005154","nom_conductor":"Pedro","ape_conductor":"Alvarez","tel_conductor":"75684384","mar_automovil":"toyota","mod_automovil":"2020","color_automovil":"rojo","placa_automovil":"568ADS","estado":"1","created_at":"2024-06-02 21:46:18","updated_at":"2024-06-02 21:46:18"},{"id":"15","nom_estudiante":"Marcos","ape_estudiante":"Ramos","cur_estudiante":"primaria","nom_padre":"Juan","ape_padre":"Perez","tel_padre":"61005154","nom_conductor":"Pedro","ape_conductor":"Alvarez","tel_conductor":"75684384","mar_automovil":"toyota","mod_automovil":"2020","color_automovil":"rojo","placa_automovil":"568ADS","estado":"1","created_at":"2024-06-02 21:55:01","updated_at":"2024-06-02 21:55:01"},{"id":"16","nom_estudiante":"Marcos","ape_estudiante":"Ramos","cur_estudiante":"primaria","nom_padre":"Juan","ape_padre":"Perez","tel_padre":"61005154","nom_conductor":"Pedro","ape_conductor":"Alvarez","tel_conductor":"75684384","mar_automovil":"toyota","mod_automovil":"2020","color_automovil":"rojo","placa_automovil":"568ADS","estado":"1","created_at":"2024-06-05 20:18:52","updated_at":"2024-06-05 20:18:52"}]', [...])
 3 SYSTEMPATH\CodeIgniter.php(941): App\Controllers\AlertasController->listaAlertasView()
 4 SYSTEMPATH\CodeIgniter.php(502): CodeIgniter\CodeIgniter->runController(Object(App\Controllers\AlertasController))
 5 SYSTEMPATH\CodeIgniter.php(361): CodeIgniter\CodeIgniter->handleRequest(null, Object(Config\Cache), false)
 6 FCPATH\index.php(79): CodeIgniter\CodeIgniter->run()
 7 SYSTEMPATH\Commands\Server\rewrite.php(47): require_once('C:\\laragon\\www\\geotranck-dev\\public\\index.php')
INFO - 2024-06-05 20:19:41 --> Session: Class initialized using 'CodeIgniter\Session\Handlers\FileHandler' driver.
INFO - 2024-06-05 20:19:41 --> Session: Class initialized using 'CodeIgniter\Session\Handlers\FileHandler' driver.
WARNING - 2024-06-05 20:19:42 --> [DEPRECATED] usort(): Returning bool from comparison function is deprecated, return an integer less than, equal to, or greater than zero in APPPATH\Controllers\AlertasController.php on line 240.
 1 APPPATH\Controllers\AlertasController.php(240): usort([...], Object(Closure))
 2 APPPATH\Controllers\AlertasController.php(170): App\Controllers\AlertasController->datatables('[{"id":"15","nom_estudiante":"Marcos","ape_estudiante":"Ramos","cur_estudiante":"primaria","nom_padre":"Juan","ape_padre":"Perez","tel_padre":"61005154","nom_conductor":"Pedro","ape_conductor":"Alvarez","tel_conductor":"75684384","mar_automovil":"toyota","mod_automovil":"2020","color_automovil":"rojo","placa_automovil":"568ADS","estado":"1","created_at":"2024-06-02 21:55:01","updated_at":"2024-06-02 21:55:01"},{"id":"16","nom_estudiante":"Marcos","ape_estudiante":"Ramos","cur_estudiante":"primaria","nom_padre":"Juan","ape_padre":"Perez","tel_padre":"61005154","nom_conductor":"Pedro","ape_conductor":"Alvarez","tel_conductor":"75684384","mar_automovil":"toyota","mod_automovil":"2020","color_automovil":"rojo","placa_automovil":"568ADS","estado":"1","created_at":"2024-06-05 20:18:52","updated_at":"2024-06-05 20:18:52"}]', [...])
 3 SYSTEMPATH\CodeIgniter.php(941): App\Controllers\AlertasController->listaAlertasView()
 4 SYSTEMPATH\CodeIgniter.php(502): CodeIgniter\CodeIgniter->runController(Object(App\Controllers\AlertasController))
 5 SYSTEMPATH\CodeIgniter.php(361): CodeIgniter\CodeIgniter->handleRequest(null, Object(Config\Cache), false)
 6 FCPATH\index.php(79): CodeIgniter\CodeIgniter->run()
 7 SYSTEMPATH\Commands\Server\rewrite.php(47): require_once('C:\\laragon\\www\\geotranck-dev\\public\\index.php')
INFO - 2024-06-05 20:19:48 --> Session: Class initialized using 'CodeIgniter\Session\Handlers\FileHandler' driver.
INFO - 2024-06-05 20:19:49 --> Session: Class initialized using 'CodeIgniter\Session\Handlers\FileHandler' driver.
WARNING - 2024-06-05 20:19:49 --> [DEPRECATED] usort(): Returning bool from comparison function is deprecated, return an integer less than, equal to, or greater than zero in APPPATH\Controllers\AlertasController.php on line 240.
 1 APPPATH\Controllers\AlertasController.php(240): usort([...], Object(Closure))
 2 APPPATH\Controllers\AlertasController.php(170): App\Controllers\AlertasController->datatables('[{"id":"15","nom_estudiante":"Marcos","ape_estudiante":"Ramos","cur_estudiante":"primaria","nom_padre":"Juan","ape_padre":"Perez","tel_padre":"61005154","nom_conductor":"Pedro","ape_conductor":"Alvarez","tel_conductor":"75684384","mar_automovil":"toyota","mod_automovil":"2020","color_automovil":"rojo","placa_automovil":"568ADS","estado":"1","created_at":"2024-06-02 21:55:01","updated_at":"2024-06-02 21:55:01"},{"id":"16","nom_estudiante":"Marcos","ape_estudiante":"Ramos","cur_estudiante":"primaria","nom_padre":"Juan","ape_padre":"Perez","tel_padre":"61005154","nom_conductor":"Pedro","ape_conductor":"Alvarez","tel_conductor":"75684384","mar_automovil":"toyota","mod_automovil":"2020","color_automovil":"rojo","placa_automovil":"568ADS","estado":"1","created_at":"2024-06-05 20:18:52","updated_at":"2024-06-05 20:18:52"}]', [...])
 3 SYSTEMPATH\CodeIgniter.php(941): App\Controllers\AlertasController->listaAlertasView()
 4 SYSTEMPATH\CodeIgniter.php(502): CodeIgniter\CodeIgniter->runController(Object(App\Controllers\AlertasController))
 5 SYSTEMPATH\CodeIgniter.php(361): CodeIgniter\CodeIgniter->handleRequest(null, Object(Config\Cache), false)
 6 FCPATH\index.php(79): CodeIgniter\CodeIgniter->run()
 7 SYSTEMPATH\Commands\Server\rewrite.php(47): require_once('C:\\laragon\\www\\geotranck-dev\\public\\index.php')
INFO - 2024-06-05 20:20:01 --> Session: Class initialized using 'CodeIgniter\Session\Handlers\FileHandler' driver.
INFO - 2024-06-05 20:20:08 --> Session: Class initialized using 'CodeIgniter\Session\Handlers\FileHandler' driver.
INFO - 2024-06-05 20:23:46 --> Session: Class initialized using 'CodeIgniter\Session\Handlers\FileHandler' driver.
INFO - 2024-06-05 20:23:47 --> Session: Class initialized using 'CodeIgniter\Session\Handlers\FileHandler' driver.
WARNING - 2024-06-05 20:23:47 --> [DEPRECATED] usort(): Returning bool from comparison function is deprecated, return an integer less than, equal to, or greater than zero in APPPATH\Controllers\AlertasController.php on line 240.
 1 APPPATH\Controllers\AlertasController.php(240): usort([...], Object(Closure))
 2 APPPATH\Controllers\AlertasController.php(170): App\Controllers\AlertasController->datatables('[{"id":"15","nom_estudiante":"Marcos","ape_estudiante":"Ramos","cur_estudiante":"primaria","nom_padre":"Juan","ape_padre":"Perez","tel_padre":"61005154","nom_conductor":"Pedro","ape_conductor":"Alvarez","tel_conductor":"75684384","mar_automovil":"toyota","mod_automovil":"2020","color_automovil":"rojo","placa_automovil":"568ADS","estado":"1","created_at":"2024-06-02 21:55:01","updated_at":"2024-06-02 21:55:01"},{"id":"16","nom_estudiante":"Marcos","ape_estudiante":"Ramos","cur_estudiante":"primaria","nom_padre":"Juan","ape_padre":"Perez","tel_padre":"61005154","nom_conductor":"Pedro","ape_conductor":"Alvarez","tel_conductor":"75684384","mar_automovil":"toyota","mod_automovil":"2020","color_automovil":"rojo","placa_automovil":"568ADS","estado":"1","created_at":"2024-06-05 20:18:52","updated_at":"2024-06-05 20:18:52"},{"id":"1","nom_estudiante":"Marcos","ape_estudiante":"Ramos","cur_estudiante":"primaria","nom_padre":"Juan","ape_padre":"Perez","tel_padre":"61005154","nom_conductor":"Pedro","ape_conductor":"Alvarez","tel_conductor":"75684384","mar_automovil":"toyota","mod_automovil":"2020","color_automovil":"rojo","placa_automovil":"568ADS","estado":"1","created_at":"2024-06-01 00:55:11","updated_at":"2024-06-01 00:55:11"},{"id":"2","nom_estudiante":"Marcos","ape_estudiante":"Ramos","cur_estudiante":"primaria","nom_padre":"Juan","ape_padre":"Perez","tel_padre":"61005154","nom_conductor":"Pedro","ape_conductor":"Alvarez","tel_conductor":"75684384","mar_automovil":"toyota","mod_automovil":"2020","color_automovil":"rojo","placa_automovil":"568ADS","estado":"1","created_at":"2024-06-01 00:55:36","updated_at":"2024-06-01 00:55:36"},{"id":"3","nom_estudiante":"Marcos","ape_estudiante":"Ramos","cur_estudiante":"primaria","nom_padre":"Juan","ape_padre":"Perez","tel_padre":"61005154","nom_conductor":"Pedro","ape_conductor":"Alvarez","tel_conductor":"75684384","mar_automovil":"toyota","mod_automovil":"2020","color_automovil":"rojo","placa_automovil":"568ADS","estado":"1","created_at":"2024-06-01 01:03:36","updated_at":"2024-06-01 01:03:36"},{"id":"4","nom_estudiante":"Marcos","ape_estudiante":"Ramos","cur_estudiante":"primaria","nom_padre":"Juan","ape_padre":"Perez","tel_padre":"61005154","nom_conductor":"Pedro","ape_conductor":"Alvarez","tel_conductor":"75684384","mar_automovil":"toyota","mod_automovil":"2020","color_automovil":"rojo","placa_automovil":"568ADS","estado":"1","created_at":"2024-06-01 01:03:41","updated_at":"2024-06-01 01:03:41"}]', [...])
 3 SYSTEMPATH\CodeIgniter.php(941): App\Controllers\AlertasController->listaAlertasView()
 4 SYSTEMPATH\CodeIgniter.php(502): CodeIgniter\CodeIgniter->runController(Object(App\Controllers\AlertasController))
 5 SYSTEMPATH\CodeIgniter.php(361): CodeIgniter\CodeIgniter->handleRequest(null, Object(Config\Cache), false)
 6 FCPATH\index.php(79): CodeIgniter\CodeIgniter->run()
 7 SYSTEMPATH\Commands\Server\rewrite.php(47): require_once('C:\\laragon\\www\\geotranck-dev\\public\\index.php')
INFO - 2024-06-05 20:25:44 --> Session: Class initialized using 'CodeIgniter\Session\Handlers\FileHandler' driver.
INFO - 2024-06-05 20:25:54 --> Session: Class initialized using 'CodeIgniter\Session\Handlers\FileHandler' driver.
INFO - 2024-06-05 20:25:54 --> Session: Class initialized using 'CodeIgniter\Session\Handlers\FileHandler' driver.
WARNING - 2024-06-05 20:25:54 --> [DEPRECATED] usort(): Returning bool from comparison function is deprecated, return an integer less than, equal to, or greater than zero in APPPATH\Controllers\GestionTransporteController.php on line 632.
 1 APPPATH\Controllers\GestionTransporteController.php(632): usort([...], Object(Closure))
 2 APPPATH\Controllers\GestionTransporteController.php(338): App\Controllers\GestionTransporteController->datatables('[{"id":"12","nombreconductor":"Marin","apellidoconductor":"Sanchez","imagenautomovil":"auto1.png","imagenconductor":"conducto.png","marca":"nissan","modelo":"2020","nropasajeros":"5","nrochasis":"35435343","soat":"1","a_soat":"2002","inspeccion":"1","color":"negro","placa":"5816PEX","duenomovil":"Marin Sanchez","nrotelefono":"684354666","tipovehiculo":"vagoneta","created_at":"2024-05-24 00:54:10"},{"id":"11","nombreconductor":"Pedro","apellidoconductor":"Alvarez","imagenautomovil":"auto2.png","imagenconductor":"conducto1.png","marca":"toyota","modelo":"2020","nropasajeros":"6","nrochasis":"55438454","soat":"1","a_soat":"2025","inspeccion":"1","color":"rojo","placa":"568ADS","duenomovil":"Pedro Alvarez","nrotelefono":"68443854","tipovehiculo":"vagoneta","created_at":"2024-05-24 00:52:22"}]', [...])
 3 SYSTEMPATH\CodeIgniter.php(941): App\Controllers\GestionTransporteController->DatosAutomovilView()
 4 SYSTEMPATH\CodeIgniter.php(502): CodeIgniter\CodeIgniter->runController(Object(App\Controllers\GestionTransporteController))
 5 SYSTEMPATH\CodeIgniter.php(361): CodeIgniter\CodeIgniter->handleRequest(null, Object(Config\Cache), false)
 6 FCPATH\index.php(79): CodeIgniter\CodeIgniter->run()
 7 SYSTEMPATH\Commands\Server\rewrite.php(47): require_once('C:\\laragon\\www\\geotranck-dev\\public\\index.php')
INFO - 2024-06-05 20:26:05 --> Session: Class initialized using 'CodeIgniter\Session\Handlers\FileHandler' driver.
INFO - 2024-06-05 20:39:06 --> Session: Class initialized using 'CodeIgniter\Session\Handlers\FileHandler' driver.
INFO - 2024-06-05 20:39:43 --> Session: Class initialized using 'CodeIgniter\Session\Handlers\FileHandler' driver.
INFO - 2024-06-05 20:39:53 --> Session: Class initialized using 'CodeIgniter\Session\Handlers\FileHandler' driver.
INFO - 2024-06-05 20:40:03 --> Session: Class initialized using 'CodeIgniter\Session\Handlers\FileHandler' driver.
INFO - 2024-06-05 20:40:13 --> Session: Class initialized using 'CodeIgniter\Session\Handlers\FileHandler' driver.
INFO - 2024-06-05 20:40:23 --> Session: Class initialized using 'CodeIgniter\Session\Handlers\FileHandler' driver.
INFO - 2024-06-05 20:40:33 --> Session: Class initialized using 'CodeIgniter\Session\Handlers\FileHandler' driver.
INFO - 2024-06-05 20:40:43 --> Session: Class initialized using 'CodeIgniter\Session\Handlers\FileHandler' driver.
INFO - 2024-06-05 20:43:19 --> Session: Class initialized using 'CodeIgniter\Session\Handlers\FileHandler' driver.
INFO - 2024-06-05 20:43:19 --> Session: Class initialized using 'CodeIgniter\Session\Handlers\FileHandler' driver.
WARNING - 2024-06-05 20:43:19 --> [DEPRECATED] usort(): Returning bool from comparison function is deprecated, return an integer less than, equal to, or greater than zero in APPPATH\Controllers\GestionTransporteController.php on line 632.
 1 APPPATH\Controllers\GestionTransporteController.php(632): usort([...], Object(Closure))
 2 APPPATH\Controllers\GestionTransporteController.php(83): App\Controllers\GestionTransporteController->datatables('[{"id":"8","nombre":"Marin","apellido":"Sanchez","ci":"68463438 Lp.","numlicencia":"6543686895","fechalicencia":"2028-09-28","licencia":"1","catlic":"Cat.C","correoelectronico":"marin@sanchez.com","telefono":"7658464","direccion":"calle 11","cargo":"Due\\u00f1o","genero":"Masculino","fechainiciocontrato":"2019-03-02","fechafincontrato":"2025-12-02","estado":"1","created_at":"2024-05-24 00:46:53","updated_at":"2024-05-24 00:46:53"},{"id":"7","nombre":"Pedro","apellido":"Alvarez","ci":"2652362 Lp","numlicencia":"513546565","fechalicencia":"2027-03-04","licencia":"1","catlic":"Cat.B","correoelectronico":"pedro@alvarez.com","telefono":"75684384","direccion":"Calle A","cargo":"Due\\u00f1o","genero":"Masculino","fechainiciocontrato":"2016-03-03","fechafincontrato":"2024-04-04","estado":"1","created_at":"2024-05-24 00:40:22","updated_at":"2024-05-24 00:47:19"}]', [...])
 3 SYSTEMPATH\CodeIgniter.php(941): App\Controllers\GestionTransporteController->datosConductorView()
 4 SYSTEMPATH\CodeIgniter.php(502): CodeIgniter\CodeIgniter->runController(Object(App\Controllers\GestionTransporteController))
 5 SYSTEMPATH\CodeIgniter.php(361): CodeIgniter\CodeIgniter->handleRequest(null, Object(Config\Cache), false)
 6 FCPATH\index.php(79): CodeIgniter\CodeIgniter->run()
 7 SYSTEMPATH\Commands\Server\rewrite.php(47): require_once('C:\\laragon\\www\\geotranck-dev\\public\\index.php')
INFO - 2024-06-05 20:43:37 --> Session: Class initialized using 'CodeIgniter\Session\Handlers\FileHandler' driver.
INFO - 2024-06-05 20:43:38 --> Session: Class initialized using 'CodeIgniter\Session\Handlers\FileHandler' driver.
WARNING - 2024-06-05 20:43:38 --> [DEPRECATED] usort(): Returning bool from comparison function is deprecated, return an integer less than, equal to, or greater than zero in APPPATH\Controllers\GestionTransporteController.php on line 632.
 1 APPPATH\Controllers\GestionTransporteController.php(632): usort([...], Object(Closure))
 2 APPPATH\Controllers\GestionTransporteController.php(338): App\Controllers\GestionTransporteController->datatables('[{"id":"12","nombreconductor":"Marin","apellidoconductor":"Sanchez","imagenautomovil":"auto1.png","imagenconductor":"conducto.png","marca":"nissan","modelo":"2020","nropasajeros":"5","nrochasis":"35435343","soat":"1","a_soat":"2002","inspeccion":"1","color":"negro","placa":"5816PEX","duenomovil":"Marin Sanchez","nrotelefono":"684354666","tipovehiculo":"vagoneta","created_at":"2024-05-24 00:54:10"},{"id":"11","nombreconductor":"Pedro","apellidoconductor":"Alvarez","imagenautomovil":"auto2.png","imagenconductor":"conducto1.png","marca":"toyota","modelo":"2020","nropasajeros":"6","nrochasis":"55438454","soat":"1","a_soat":"2025","inspeccion":"1","color":"rojo","placa":"568ADS","duenomovil":"Pedro Alvarez","nrotelefono":"68443854","tipovehiculo":"vagoneta","created_at":"2024-05-24 00:52:22"}]', [...])
 3 SYSTEMPATH\CodeIgniter.php(941): App\Controllers\GestionTransporteController->DatosAutomovilView()
 4 SYSTEMPATH\CodeIgniter.php(502): CodeIgniter\CodeIgniter->runController(Object(App\Controllers\GestionTransporteController))
 5 SYSTEMPATH\CodeIgniter.php(361): CodeIgniter\CodeIgniter->handleRequest(null, Object(Config\Cache), false)
 6 FCPATH\index.php(79): CodeIgniter\CodeIgniter->run()
 7 SYSTEMPATH\Commands\Server\rewrite.php(47): require_once('C:\\laragon\\www\\geotranck-dev\\public\\index.php')
INFO - 2024-06-05 22:14:42 --> Session: Class initialized using 'CodeIgniter\Session\Handlers\FileHandler' driver.
INFO - 2024-06-05 22:14:54 --> Session: Class initialized using 'CodeIgniter\Session\Handlers\FileHandler' driver.
INFO - 2024-06-05 22:14:55 --> Session: Class initialized using 'CodeIgniter\Session\Handlers\FileHandler' driver.
INFO - 2024-06-05 22:15:10 --> Session: Class initialized using 'CodeIgniter\Session\Handlers\FileHandler' driver.
INFO - 2024-06-05 22:15:39 --> Session: Class initialized using 'CodeIgniter\Session\Handlers\FileHandler' driver.
INFO - 2024-06-05 22:16:09 --> Session: Class initialized using 'CodeIgniter\Session\Handlers\FileHandler' driver.
INFO - 2024-06-05 22:16:21 --> Session: Class initialized using 'CodeIgniter\Session\Handlers\FileHandler' driver.
INFO - 2024-06-05 22:16:22 --> Session: Class initialized using 'CodeIgniter\Session\Handlers\FileHandler' driver.
INFO - 2024-06-05 22:16:22 --> Session: Class initialized using 'CodeIgniter\Session\Handlers\FileHandler' driver.
INFO - 2024-06-05 22:16:22 --> Session: Class initialized using 'CodeIgniter\Session\Handlers\FileHandler' driver.
INFO - 2024-06-05 22:16:25 --> Session: Class initialized using 'CodeIgniter\Session\Handlers\FileHandler' driver.
INFO - 2024-06-05 22:16:42 --> Session: Class initialized using 'CodeIgniter\Session\Handlers\FileHandler' driver.
INFO - 2024-06-05 22:16:42 --> Session: Class initialized using 'CodeIgniter\Session\Handlers\FileHandler' driver.
INFO - 2024-06-05 22:16:43 --> Session: Class initialized using 'CodeIgniter\Session\Handlers\FileHandler' driver.
INFO - 2024-06-05 22:16:43 --> Session: Class initialized using 'CodeIgniter\Session\Handlers\FileHandler' driver.
INFO - 2024-06-05 22:17:05 --> Session: Class initialized using 'CodeIgniter\Session\Handlers\FileHandler' driver.
INFO - 2024-06-05 22:17:45 --> Session: Class initialized using 'CodeIgniter\Session\Handlers\FileHandler' driver.
INFO - 2024-06-05 22:17:45 --> Session: Class initialized using 'CodeIgniter\Session\Handlers\FileHandler' driver.
INFO - 2024-06-05 22:17:45 --> Session: Class initialized using 'CodeIgniter\Session\Handlers\FileHandler' driver.
INFO - 2024-06-05 22:17:46 --> Session: Class initialized using 'CodeIgniter\Session\Handlers\FileHandler' driver.
INFO - 2024-06-05 22:18:01 --> Session: Class initialized using 'CodeIgniter\Session\Handlers\FileHandler' driver.
INFO - 2024-06-05 22:18:08 --> Session: Class initialized using 'CodeIgniter\Session\Handlers\FileHandler' driver.
INFO - 2024-06-05 22:18:11 --> Session: Class initialized using 'CodeIgniter\Session\Handlers\FileHandler' driver.
INFO - 2024-06-05 22:18:12 --> Session: Class initialized using 'CodeIgniter\Session\Handlers\FileHandler' driver.
INFO - 2024-06-05 22:18:12 --> Session: Class initialized using 'CodeIgniter\Session\Handlers\FileHandler' driver.
INFO - 2024-06-05 22:18:12 --> Session: Class initialized using 'CodeIgniter\Session\Handlers\FileHandler' driver.
INFO - 2024-06-05 22:22:28 --> Session: Class initialized using 'CodeIgniter\Session\Handlers\FileHandler' driver.
INFO - 2024-06-05 22:22:32 --> Session: Class initialized using 'CodeIgniter\Session\Handlers\FileHandler' driver.
INFO - 2024-06-05 22:22:32 --> Session: Class initialized using 'CodeIgniter\Session\Handlers\FileHandler' driver.
INFO - 2024-06-05 22:22:33 --> Session: Class initialized using 'CodeIgniter\Session\Handlers\FileHandler' driver.
INFO - 2024-06-05 22:22:34 --> Session: Class initialized using 'CodeIgniter\Session\Handlers\FileHandler' driver.
INFO - 2024-06-05 22:22:35 --> Session: Class initialized using 'CodeIgniter\Session\Handlers\FileHandler' driver.
INFO - 2024-06-05 22:22:35 --> Session: Class initialized using 'CodeIgniter\Session\Handlers\FileHandler' driver.
INFO - 2024-06-05 22:22:36 --> Session: Class initialized using 'CodeIgniter\Session\Handlers\FileHandler' driver.
INFO - 2024-06-05 22:22:36 --> Session: Class initialized using 'CodeIgniter\Session\Handlers\FileHandler' driver.
INFO - 2024-06-05 22:30:10 --> Session: Class initialized using 'CodeIgniter\Session\Handlers\FileHandler' driver.
INFO - 2024-06-05 22:30:14 --> Session: Class initialized using 'CodeIgniter\Session\Handlers\FileHandler' driver.
INFO - 2024-06-05 22:30:14 --> Session: Class initialized using 'CodeIgniter\Session\Handlers\FileHandler' driver.
INFO - 2024-06-05 22:30:14 --> Session: Class initialized using 'CodeIgniter\Session\Handlers\FileHandler' driver.
INFO - 2024-06-05 22:30:15 --> Session: Class initialized using 'CodeIgniter\Session\Handlers\FileHandler' driver.
INFO - 2024-06-05 22:35:49 --> Session: Class initialized using 'CodeIgniter\Session\Handlers\FileHandler' driver.
INFO - 2024-06-05 22:35:49 --> Session: Class initialized using 'CodeIgniter\Session\Handlers\FileHandler' driver.
INFO - 2024-06-05 22:35:50 --> Session: Class initialized using 'CodeIgniter\Session\Handlers\FileHandler' driver.
INFO - 2024-06-05 22:35:50 --> Session: Class initialized using 'CodeIgniter\Session\Handlers\FileHandler' driver.
INFO - 2024-06-05 22:40:02 --> Session: Class initialized using 'CodeIgniter\Session\Handlers\FileHandler' driver.
INFO - 2024-06-05 22:40:03 --> Session: Class initialized using 'CodeIgniter\Session\Handlers\FileHandler' driver.
INFO - 2024-06-05 22:40:03 --> Session: Class initialized using 'CodeIgniter\Session\Handlers\FileHandler' driver.
INFO - 2024-06-05 22:40:03 --> Session: Class initialized using 'CodeIgniter\Session\Handlers\FileHandler' driver.
INFO - 2024-06-05 22:43:42 --> Session: Class initialized using 'CodeIgniter\Session\Handlers\FileHandler' driver.
INFO - 2024-06-05 22:43:43 --> Session: Class initialized using 'CodeIgniter\Session\Handlers\FileHandler' driver.
INFO - 2024-06-05 22:43:43 --> Session: Class initialized using 'CodeIgniter\Session\Handlers\FileHandler' driver.
INFO - 2024-06-05 22:43:43 --> Session: Class initialized using 'CodeIgniter\Session\Handlers\FileHandler' driver.
INFO - 2024-06-05 22:44:14 --> Session: Class initialized using 'CodeIgniter\Session\Handlers\FileHandler' driver.
INFO - 2024-06-05 22:44:15 --> Session: Class initialized using 'CodeIgniter\Session\Handlers\FileHandler' driver.
INFO - 2024-06-05 22:44:15 --> Session: Class initialized using 'CodeIgniter\Session\Handlers\FileHandler' driver.
INFO - 2024-06-05 22:44:15 --> Session: Class initialized using 'CodeIgniter\Session\Handlers\FileHandler' driver.
INFO - 2024-06-05 22:45:13 --> Session: Class initialized using 'CodeIgniter\Session\Handlers\FileHandler' driver.
INFO - 2024-06-05 22:45:13 --> Session: Class initialized using 'CodeIgniter\Session\Handlers\FileHandler' driver.
INFO - 2024-06-05 22:45:14 --> Session: Class initialized using 'CodeIgniter\Session\Handlers\FileHandler' driver.
INFO - 2024-06-05 22:45:14 --> Session: Class initialized using 'CodeIgniter\Session\Handlers\FileHandler' driver.
INFO - 2024-06-05 22:47:46 --> Session: Class initialized using 'CodeIgniter\Session\Handlers\FileHandler' driver.
INFO - 2024-06-05 22:47:47 --> Session: Class initialized using 'CodeIgniter\Session\Handlers\FileHandler' driver.
INFO - 2024-06-05 22:47:47 --> Session: Class initialized using 'CodeIgniter\Session\Handlers\FileHandler' driver.
INFO - 2024-06-05 22:47:47 --> Session: Class initialized using 'CodeIgniter\Session\Handlers\FileHandler' driver.
INFO - 2024-06-05 22:48:06 --> Session: Class initialized using 'CodeIgniter\Session\Handlers\FileHandler' driver.
INFO - 2024-06-05 22:48:07 --> Session: Class initialized using 'CodeIgniter\Session\Handlers\FileHandler' driver.
INFO - 2024-06-05 22:48:07 --> Session: Class initialized using 'CodeIgniter\Session\Handlers\FileHandler' driver.
INFO - 2024-06-05 22:48:07 --> Session: Class initialized using 'CodeIgniter\Session\Handlers\FileHandler' driver.
INFO - 2024-06-05 22:48:52 --> Session: Class initialized using 'CodeIgniter\Session\Handlers\FileHandler' driver.
INFO - 2024-06-05 22:48:53 --> Session: Class initialized using 'CodeIgniter\Session\Handlers\FileHandler' driver.
INFO - 2024-06-05 22:48:53 --> Session: Class initialized using 'CodeIgniter\Session\Handlers\FileHandler' driver.
INFO - 2024-06-05 22:48:53 --> Session: Class initialized using 'CodeIgniter\Session\Handlers\FileHandler' driver.
INFO - 2024-06-05 22:49:50 --> Session: Class initialized using 'CodeIgniter\Session\Handlers\FileHandler' driver.
INFO - 2024-06-05 22:50:01 --> Session: Class initialized using 'CodeIgniter\Session\Handlers\FileHandler' driver.
INFO - 2024-06-05 22:50:01 --> Session: Class initialized using 'CodeIgniter\Session\Handlers\FileHandler' driver.
WARNING - 2024-06-05 22:50:01 --> [DEPRECATED] usort(): Returning bool from comparison function is deprecated, return an integer less than, equal to, or greater than zero in APPPATH\Controllers\AlertasController.php on line 240.
 1 APPPATH\Controllers\AlertasController.php(240): usort([...], Object(Closure))
 2 APPPATH\Controllers\AlertasController.php(170): App\Controllers\AlertasController->datatables('[{"id":"15","nom_estudiante":"Marcos","ape_estudiante":"Ramos","cur_estudiante":"primaria","nom_padre":"Juan","ape_padre":"Perez","tel_padre":"61005154","nom_conductor":"Pedro","ape_conductor":"Alvarez","tel_conductor":"75684384","mar_automovil":"toyota","mod_automovil":"2020","color_automovil":"rojo","placa_automovil":"568ADS","estado":"1","created_at":"2024-06-02 21:55:01","updated_at":"2024-06-02 21:55:01"},{"id":"16","nom_estudiante":"Marcos","ape_estudiante":"Ramos","cur_estudiante":"primaria","nom_padre":"Juan","ape_padre":"Perez","tel_padre":"61005154","nom_conductor":"Pedro","ape_conductor":"Alvarez","tel_conductor":"75684384","mar_automovil":"toyota","mod_automovil":"2020","color_automovil":"rojo","placa_automovil":"568ADS","estado":"1","created_at":"2024-06-05 20:18:52","updated_at":"2024-06-05 20:18:52"},{"id":"1","nom_estudiante":"Marcos","ape_estudiante":"Ramos","cur_estudiante":"primaria","nom_padre":"Juan","ape_padre":"Perez","tel_padre":"61005154","nom_conductor":"Pedro","ape_conductor":"Alvarez","tel_conductor":"75684384","mar_automovil":"toyota","mod_automovil":"2020","color_automovil":"rojo","placa_automovil":"568ADS","estado":"1","created_at":"2024-06-01 00:55:11","updated_at":"2024-06-01 00:55:11"},{"id":"2","nom_estudiante":"Marcos","ape_estudiante":"Ramos","cur_estudiante":"primaria","nom_padre":"Juan","ape_padre":"Perez","tel_padre":"61005154","nom_conductor":"Pedro","ape_conductor":"Alvarez","tel_conductor":"75684384","mar_automovil":"toyota","mod_automovil":"2020","color_automovil":"rojo","placa_automovil":"568ADS","estado":"1","created_at":"2024-06-01 00:55:36","updated_at":"2024-06-01 00:55:36"},{"id":"3","nom_estudiante":"Marcos","ape_estudiante":"Ramos","cur_estudiante":"primaria","nom_padre":"Juan","ape_padre":"Perez","tel_padre":"61005154","nom_conductor":"Pedro","ape_conductor":"Alvarez","tel_conductor":"75684384","mar_automovil":"toyota","mod_automovil":"2020","color_automovil":"rojo","placa_automovil":"568ADS","estado":"1","created_at":"2024-06-01 01:03:36","updated_at":"2024-06-01 01:03:36"},{"id":"4","nom_estudiante":"Marcos","ape_estudiante":"Ramos","cur_estudiante":"primaria","nom_padre":"Juan","ape_padre":"Perez","tel_padre":"61005154","nom_conductor":"Pedro","ape_conductor":"Alvarez","tel_conductor":"75684384","mar_automovil":"toyota","mod_automovil":"2020","color_automovil":"rojo","placa_automovil":"568ADS","estado":"1","created_at":"2024-06-01 01:03:41","updated_at":"2024-06-01 01:03:41"}]', [...])
 3 SYSTEMPATH\CodeIgniter.php(941): App\Controllers\AlertasController->listaAlertasView()
 4 SYSTEMPATH\CodeIgniter.php(502): CodeIgniter\CodeIgniter->runController(Object(App\Controllers\AlertasController))
 5 SYSTEMPATH\CodeIgniter.php(361): CodeIgniter\CodeIgniter->handleRequest(null, Object(Config\Cache), false)
 6 FCPATH\index.php(79): CodeIgniter\CodeIgniter->run()
 7 SYSTEMPATH\Commands\Server\rewrite.php(47): require_once('C:\\laragon\\www\\geotranck-dev\\public\\index.php')
INFO - 2024-06-05 22:50:07 --> Session: Class initialized using 'CodeIgniter\Session\Handlers\FileHandler' driver.
INFO - 2024-06-05 22:50:08 --> Session: Class initialized using 'CodeIgniter\Session\Handlers\FileHandler' driver.
INFO - 2024-06-05 22:50:08 --> Session: Class initialized using 'CodeIgniter\Session\Handlers\FileHandler' driver.
INFO - 2024-06-05 22:50:09 --> Session: Class initialized using 'CodeIgniter\Session\Handlers\FileHandler' driver.
INFO - 2024-06-05 22:51:06 --> Session: Class initialized using 'CodeIgniter\Session\Handlers\FileHandler' driver.
INFO - 2024-06-05 22:51:26 --> Session: Class initialized using 'CodeIgniter\Session\Handlers\FileHandler' driver.
INFO - 2024-06-05 22:51:28 --> Session: Class initialized using 'CodeIgniter\Session\Handlers\FileHandler' driver.
INFO - 2024-06-05 22:51:29 --> Session: Class initialized using 'CodeIgniter\Session\Handlers\FileHandler' driver.
INFO - 2024-06-05 22:51:29 --> Session: Class initialized using 'CodeIgniter\Session\Handlers\FileHandler' driver.
INFO - 2024-06-05 22:51:30 --> Session: Class initialized using 'CodeIgniter\Session\Handlers\FileHandler' driver.
INFO - 2024-06-05 22:51:55 --> Session: Class initialized using 'CodeIgniter\Session\Handlers\FileHandler' driver.
INFO - 2024-06-05 22:51:56 --> Session: Class initialized using 'CodeIgniter\Session\Handlers\FileHandler' driver.
INFO - 2024-06-05 22:51:56 --> Session: Class initialized using 'CodeIgniter\Session\Handlers\FileHandler' driver.
INFO - 2024-06-05 22:51:56 --> Session: Class initialized using 'CodeIgniter\Session\Handlers\FileHandler' driver.
INFO - 2024-06-05 22:54:53 --> Session: Class initialized using 'CodeIgniter\Session\Handlers\FileHandler' driver.
INFO - 2024-06-05 22:54:54 --> Session: Class initialized using 'CodeIgniter\Session\Handlers\FileHandler' driver.
INFO - 2024-06-05 22:54:54 --> Session: Class initialized using 'CodeIgniter\Session\Handlers\FileHandler' driver.
INFO - 2024-06-05 22:54:54 --> Session: Class initialized using 'CodeIgniter\Session\Handlers\FileHandler' driver.
INFO - 2024-06-05 22:56:18 --> Session: Class initialized using 'CodeIgniter\Session\Handlers\FileHandler' driver.
INFO - 2024-06-05 22:56:19 --> Session: Class initialized using 'CodeIgniter\Session\Handlers\FileHandler' driver.
INFO - 2024-06-05 22:56:19 --> Session: Class initialized using 'CodeIgniter\Session\Handlers\FileHandler' driver.
INFO - 2024-06-05 22:56:19 --> Session: Class initialized using 'CodeIgniter\Session\Handlers\FileHandler' driver.
INFO - 2024-06-05 22:58:12 --> Session: Class initialized using 'CodeIgniter\Session\Handlers\FileHandler' driver.
INFO - 2024-06-05 22:58:13 --> Session: Class initialized using 'CodeIgniter\Session\Handlers\FileHandler' driver.
INFO - 2024-06-05 22:58:14 --> Session: Class initialized using 'CodeIgniter\Session\Handlers\FileHandler' driver.
INFO - 2024-06-05 22:58:14 --> Session: Class initialized using 'CodeIgniter\Session\Handlers\FileHandler' driver.
INFO - 2024-06-05 22:58:18 --> Session: Class initialized using 'CodeIgniter\Session\Handlers\FileHandler' driver.
INFO - 2024-06-05 22:58:20 --> Session: Class initialized using 'CodeIgniter\Session\Handlers\FileHandler' driver.
INFO - 2024-06-05 22:58:21 --> Session: Class initialized using 'CodeIgniter\Session\Handlers\FileHandler' driver.
WARNING - 2024-06-05 22:58:21 --> [DEPRECATED] usort(): Returning bool from comparison function is deprecated, return an integer less than, equal to, or greater than zero in APPPATH\Controllers\AlertasController.php on line 240.
 1 APPPATH\Controllers\AlertasController.php(240): usort([...], Object(Closure))
 2 APPPATH\Controllers\AlertasController.php(170): App\Controllers\AlertasController->datatables('[{"id":"15","nom_estudiante":"Marcos","ape_estudiante":"Ramos","cur_estudiante":"primaria","nom_padre":"Juan","ape_padre":"Perez","tel_padre":"61005154","nom_conductor":"Pedro","ape_conductor":"Alvarez","tel_conductor":"75684384","mar_automovil":"toyota","mod_automovil":"2020","color_automovil":"rojo","placa_automovil":"568ADS","estado":"1","created_at":"2024-06-02 21:55:01","updated_at":"2024-06-02 21:55:01"},{"id":"16","nom_estudiante":"Marcos","ape_estudiante":"Ramos","cur_estudiante":"primaria","nom_padre":"Juan","ape_padre":"Perez","tel_padre":"61005154","nom_conductor":"Pedro","ape_conductor":"Alvarez","tel_conductor":"75684384","mar_automovil":"toyota","mod_automovil":"2020","color_automovil":"rojo","placa_automovil":"568ADS","estado":"1","created_at":"2024-06-05 20:18:52","updated_at":"2024-06-05 20:18:52"},{"id":"1","nom_estudiante":"Marcos","ape_estudiante":"Ramos","cur_estudiante":"primaria","nom_padre":"Juan","ape_padre":"Perez","tel_padre":"61005154","nom_conductor":"Pedro","ape_conductor":"Alvarez","tel_conductor":"75684384","mar_automovil":"toyota","mod_automovil":"2020","color_automovil":"rojo","placa_automovil":"568ADS","estado":"1","created_at":"2024-06-01 00:55:11","updated_at":"2024-06-01 00:55:11"},{"id":"2","nom_estudiante":"Marcos","ape_estudiante":"Ramos","cur_estudiante":"primaria","nom_padre":"Juan","ape_padre":"Perez","tel_padre":"61005154","nom_conductor":"Pedro","ape_conductor":"Alvarez","tel_conductor":"75684384","mar_automovil":"toyota","mod_automovil":"2020","color_automovil":"rojo","placa_automovil":"568ADS","estado":"1","created_at":"2024-06-01 00:55:36","updated_at":"2024-06-01 00:55:36"},{"id":"3","nom_estudiante":"Marcos","ape_estudiante":"Ramos","cur_estudiante":"primaria","nom_padre":"Juan","ape_padre":"Perez","tel_padre":"61005154","nom_conductor":"Pedro","ape_conductor":"Alvarez","tel_conductor":"75684384","mar_automovil":"toyota","mod_automovil":"2020","color_automovil":"rojo","placa_automovil":"568ADS","estado":"1","created_at":"2024-06-01 01:03:36","updated_at":"2024-06-01 01:03:36"},{"id":"4","nom_estudiante":"Marcos","ape_estudiante":"Ramos","cur_estudiante":"primaria","nom_padre":"Juan","ape_padre":"Perez","tel_padre":"61005154","nom_conductor":"Pedro","ape_conductor":"Alvarez","tel_conductor":"75684384","mar_automovil":"toyota","mod_automovil":"2020","color_automovil":"rojo","placa_automovil":"568ADS","estado":"1","created_at":"2024-06-01 01:03:41","updated_at":"2024-06-01 01:03:41"}]', [...])
 3 SYSTEMPATH\CodeIgniter.php(941): App\Controllers\AlertasController->listaAlertasView()
 4 SYSTEMPATH\CodeIgniter.php(502): CodeIgniter\CodeIgniter->runController(Object(App\Controllers\AlertasController))
 5 SYSTEMPATH\CodeIgniter.php(361): CodeIgniter\CodeIgniter->handleRequest(null, Object(Config\Cache), false)
 6 FCPATH\index.php(79): CodeIgniter\CodeIgniter->run()
 7 SYSTEMPATH\Commands\Server\rewrite.php(47): require_once('C:\\laragon\\www\\geotranck-dev\\public\\index.php')
INFO - 2024-06-05 23:01:18 --> Session: Class initialized using 'CodeIgniter\Session\Handlers\FileHandler' driver.
INFO - 2024-06-05 23:01:18 --> Session: Class initialized using 'CodeIgniter\Session\Handlers\FileHandler' driver.
WARNING - 2024-06-05 23:01:18 --> [DEPRECATED] usort(): Returning bool from comparison function is deprecated, return an integer less than, equal to, or greater than zero in APPPATH\Controllers\AlertasController.php on line 240.
 1 APPPATH\Controllers\AlertasController.php(240): usort([...], Object(Closure))
 2 APPPATH\Controllers\AlertasController.php(170): App\Controllers\AlertasController->datatables('[{"id":"15","nom_estudiante":"Marcos","ape_estudiante":"Ramos","cur_estudiante":"primaria","nom_padre":"Juan","ape_padre":"Perez","tel_padre":"61005154","nom_conductor":"Pedro","ape_conductor":"Alvarez","tel_conductor":"75684384","mar_automovil":"toyota","mod_automovil":"2020","color_automovil":"rojo","placa_automovil":"568ADS","estado":"1","created_at":"2024-06-02 21:55:01","updated_at":"2024-06-02 21:55:01"},{"id":"16","nom_estudiante":"Marcos","ape_estudiante":"Ramos","cur_estudiante":"primaria","nom_padre":"Juan","ape_padre":"Perez","tel_padre":"61005154","nom_conductor":"Pedro","ape_conductor":"Alvarez","tel_conductor":"75684384","mar_automovil":"toyota","mod_automovil":"2020","color_automovil":"rojo","placa_automovil":"568ADS","estado":"1","created_at":"2024-06-05 20:18:52","updated_at":"2024-06-05 20:18:52"},{"id":"1","nom_estudiante":"Marcos","ape_estudiante":"Ramos","cur_estudiante":"primaria","nom_padre":"Juan","ape_padre":"Perez","tel_padre":"61005154","nom_conductor":"Pedro","ape_conductor":"Alvarez","tel_conductor":"75684384","mar_automovil":"toyota","mod_automovil":"2020","color_automovil":"rojo","placa_automovil":"568ADS","estado":"1","created_at":"2024-06-01 00:55:11","updated_at":"2024-06-01 00:55:11"},{"id":"2","nom_estudiante":"Marcos","ape_estudiante":"Ramos","cur_estudiante":"primaria","nom_padre":"Juan","ape_padre":"Perez","tel_padre":"61005154","nom_conductor":"Pedro","ape_conductor":"Alvarez","tel_conductor":"75684384","mar_automovil":"toyota","mod_automovil":"2020","color_automovil":"rojo","placa_automovil":"568ADS","estado":"1","created_at":"2024-06-01 00:55:36","updated_at":"2024-06-01 00:55:36"},{"id":"3","nom_estudiante":"Marcos","ape_estudiante":"Ramos","cur_estudiante":"primaria","nom_padre":"Juan","ape_padre":"Perez","tel_padre":"61005154","nom_conductor":"Pedro","ape_conductor":"Alvarez","tel_conductor":"75684384","mar_automovil":"toyota","mod_automovil":"2020","color_automovil":"rojo","placa_automovil":"568ADS","estado":"1","created_at":"2024-06-01 01:03:36","updated_at":"2024-06-01 01:03:36"},{"id":"4","nom_estudiante":"Marcos","ape_estudiante":"Ramos","cur_estudiante":"primaria","nom_padre":"Juan","ape_padre":"Perez","tel_padre":"61005154","nom_conductor":"Pedro","ape_conductor":"Alvarez","tel_conductor":"75684384","mar_automovil":"toyota","mod_automovil":"2020","color_automovil":"rojo","placa_automovil":"568ADS","estado":"1","created_at":"2024-06-01 01:03:41","updated_at":"2024-06-01 01:03:41"}]', [...])
 3 SYSTEMPATH\CodeIgniter.php(941): App\Controllers\AlertasController->listaAlertasView()
 4 SYSTEMPATH\CodeIgniter.php(502): CodeIgniter\CodeIgniter->runController(Object(App\Controllers\AlertasController))
 5 SYSTEMPATH\CodeIgniter.php(361): CodeIgniter\CodeIgniter->handleRequest(null, Object(Config\Cache), false)
 6 FCPATH\index.php(79): CodeIgniter\CodeIgniter->run()
 7 SYSTEMPATH\Commands\Server\rewrite.php(47): require_once('C:\\laragon\\www\\geotranck-dev\\public\\index.php')
INFO - 2024-06-05 23:01:22 --> Session: Class initialized using 'CodeIgniter\Session\Handlers\FileHandler' driver.
INFO - 2024-06-05 23:03:08 --> Session: Class initialized using 'CodeIgniter\Session\Handlers\FileHandler' driver.
INFO - 2024-06-05 23:03:19 --> Session: Class initialized using 'CodeIgniter\Session\Handlers\FileHandler' driver.
INFO - 2024-06-05 23:03:44 --> Session: Class initialized using 'CodeIgniter\Session\Handlers\FileHandler' driver.
INFO - 2024-06-05 23:03:47 --> Session: Class initialized using 'CodeIgniter\Session\Handlers\FileHandler' driver.
INFO - 2024-06-05 23:04:04 --> Session: Class initialized using 'CodeIgniter\Session\Handlers\FileHandler' driver.
INFO - 2024-06-05 23:04:09 --> Session: Class initialized using 'CodeIgniter\Session\Handlers\FileHandler' driver.
INFO - 2024-06-05 23:04:14 --> Session: Class initialized using 'CodeIgniter\Session\Handlers\FileHandler' driver.
INFO - 2024-06-05 23:04:34 --> Session: Class initialized using 'CodeIgniter\Session\Handlers\FileHandler' driver.
INFO - 2024-06-05 23:04:47 --> Session: Class initialized using 'CodeIgniter\Session\Handlers\FileHandler' driver.
INFO - 2024-06-05 23:04:56 --> Session: Class initialized using 'CodeIgniter\Session\Handlers\FileHandler' driver.
INFO - 2024-06-05 23:05:06 --> Session: Class initialized using 'CodeIgniter\Session\Handlers\FileHandler' driver.
INFO - 2024-06-05 23:05:07 --> Session: Class initialized using 'CodeIgniter\Session\Handlers\FileHandler' driver.
INFO - 2024-06-05 23:05:16 --> Session: Class initialized using 'CodeIgniter\Session\Handlers\FileHandler' driver.
INFO - 2024-06-05 23:05:16 --> Session: Class initialized using 'CodeIgniter\Session\Handlers\FileHandler' driver.
WARNING - 2024-06-05 23:05:16 --> [DEPRECATED] usort(): Returning bool from comparison function is deprecated, return an integer less than, equal to, or greater than zero in APPPATH\Controllers\AlertasController.php on line 240.
 1 APPPATH\Controllers\AlertasController.php(240): usort([...], Object(Closure))
 2 APPPATH\Controllers\AlertasController.php(170): App\Controllers\AlertasController->datatables('[{"id":"15","nom_estudiante":"Marcos","ape_estudiante":"Ramos","cur_estudiante":"primaria","nom_padre":"Juan","ape_padre":"Perez","tel_padre":"61005154","nom_conductor":"Pedro","ape_conductor":"Alvarez","tel_conductor":"75684384","mar_automovil":"toyota","mod_automovil":"2020","color_automovil":"rojo","placa_automovil":"568ADS","estado":"1","created_at":"2024-06-02 21:55:01","updated_at":"2024-06-02 21:55:01"},{"id":"16","nom_estudiante":"Marcos","ape_estudiante":"Ramos","cur_estudiante":"primaria","nom_padre":"Juan","ape_padre":"Perez","tel_padre":"61005154","nom_conductor":"Pedro","ape_conductor":"Alvarez","tel_conductor":"75684384","mar_automovil":"toyota","mod_automovil":"2020","color_automovil":"rojo","placa_automovil":"568ADS","estado":"1","created_at":"2024-06-05 20:18:52","updated_at":"2024-06-05 20:18:52"},{"id":"1","nom_estudiante":"Marcos","ape_estudiante":"Ramos","cur_estudiante":"primaria","nom_padre":"Juan","ape_padre":"Perez","tel_padre":"61005154","nom_conductor":"Pedro","ape_conductor":"Alvarez","tel_conductor":"75684384","mar_automovil":"toyota","mod_automovil":"2020","color_automovil":"rojo","placa_automovil":"568ADS","estado":"1","created_at":"2024-06-01 00:55:11","updated_at":"2024-06-01 00:55:11"},{"id":"2","nom_estudiante":"Marcos","ape_estudiante":"Ramos","cur_estudiante":"primaria","nom_padre":"Juan","ape_padre":"Perez","tel_padre":"61005154","nom_conductor":"Pedro","ape_conductor":"Alvarez","tel_conductor":"75684384","mar_automovil":"toyota","mod_automovil":"2020","color_automovil":"rojo","placa_automovil":"568ADS","estado":"1","created_at":"2024-06-01 00:55:36","updated_at":"2024-06-01 00:55:36"},{"id":"3","nom_estudiante":"Marcos","ape_estudiante":"Ramos","cur_estudiante":"primaria","nom_padre":"Juan","ape_padre":"Perez","tel_padre":"61005154","nom_conductor":"Pedro","ape_conductor":"Alvarez","tel_conductor":"75684384","mar_automovil":"toyota","mod_automovil":"2020","color_automovil":"rojo","placa_automovil":"568ADS","estado":"1","created_at":"2024-06-01 01:03:36","updated_at":"2024-06-01 01:03:36"},{"id":"4","nom_estudiante":"Marcos","ape_estudiante":"Ramos","cur_estudiante":"primaria","nom_padre":"Juan","ape_padre":"Perez","tel_padre":"61005154","nom_conductor":"Pedro","ape_conductor":"Alvarez","tel_conductor":"75684384","mar_automovil":"toyota","mod_automovil":"2020","color_automovil":"rojo","placa_automovil":"568ADS","estado":"1","created_at":"2024-06-01 01:03:41","updated_at":"2024-06-01 01:03:41"}]', [...])
 3 SYSTEMPATH\CodeIgniter.php(941): App\Controllers\AlertasController->listaAlertasView()
 4 SYSTEMPATH\CodeIgniter.php(502): CodeIgniter\CodeIgniter->runController(Object(App\Controllers\AlertasController))
 5 SYSTEMPATH\CodeIgniter.php(361): CodeIgniter\CodeIgniter->handleRequest(null, Object(Config\Cache), false)
 6 FCPATH\index.php(79): CodeIgniter\CodeIgniter->run()
 7 SYSTEMPATH\Commands\Server\rewrite.php(47): require_once('C:\\laragon\\www\\geotranck-dev\\public\\index.php')
INFO - 2024-06-05 23:05:17 --> Session: Class initialized using 'CodeIgniter\Session\Handlers\FileHandler' driver.
INFO - 2024-06-05 23:13:41 --> Session: Class initialized using 'CodeIgniter\Session\Handlers\FileHandler' driver.
INFO - 2024-06-05 23:13:51 --> Session: Class initialized using 'CodeIgniter\Session\Handlers\FileHandler' driver.
INFO - 2024-06-05 23:15:20 --> Session: Class initialized using 'CodeIgniter\Session\Handlers\FileHandler' driver.
INFO - 2024-06-05 23:15:23 --> Session: Class initialized using 'CodeIgniter\Session\Handlers\FileHandler' driver.
INFO - 2024-06-05 23:15:46 --> Session: Class initialized using 'CodeIgniter\Session\Handlers\FileHandler' driver.
INFO - 2024-06-05 23:16:16 --> Session: Class initialized using 'CodeIgniter\Session\Handlers\FileHandler' driver.
INFO - 2024-06-05 23:16:46 --> Session: Class initialized using 'CodeIgniter\Session\Handlers\FileHandler' driver.
INFO - 2024-06-05 23:17:33 --> Session: Class initialized using 'CodeIgniter\Session\Handlers\FileHandler' driver.
INFO - 2024-06-05 23:17:33 --> Session: Class initialized using 'CodeIgniter\Session\Handlers\FileHandler' driver.
INFO - 2024-06-05 23:17:56 --> Session: Class initialized using 'CodeIgniter\Session\Handlers\FileHandler' driver.
INFO - 2024-06-05 23:17:57 --> Session: Class initialized using 'CodeIgniter\Session\Handlers\FileHandler' driver.
INFO - 2024-06-05 23:18:03 --> Session: Class initialized using 'CodeIgniter\Session\Handlers\FileHandler' driver.
INFO - 2024-06-05 23:18:08 --> Session: Class initialized using 'CodeIgniter\Session\Handlers\FileHandler' driver.
INFO - 2024-06-05 23:18:15 --> Session: Class initialized using 'CodeIgniter\Session\Handlers\FileHandler' driver.
INFO - 2024-06-05 23:18:21 --> Session: Class initialized using 'CodeIgniter\Session\Handlers\FileHandler' driver.
INFO - 2024-06-05 23:19:49 --> Session: Class initialized using 'CodeIgniter\Session\Handlers\FileHandler' driver.
INFO - 2024-06-05 23:20:26 --> Session: Class initialized using 'CodeIgniter\Session\Handlers\FileHandler' driver.
INFO - 2024-06-05 23:20:26 --> Session: Class initialized using 'CodeIgniter\Session\Handlers\FileHandler' driver.
INFO - 2024-06-05 23:20:37 --> Session: Class initialized using 'CodeIgniter\Session\Handlers\FileHandler' driver.
INFO - 2024-06-05 23:20:38 --> Session: Class initialized using 'CodeIgniter\Session\Handlers\FileHandler' driver.
INFO - 2024-06-05 23:20:40 --> Session: Class initialized using 'CodeIgniter\Session\Handlers\FileHandler' driver.
INFO - 2024-06-05 23:20:49 --> Session: Class initialized using 'CodeIgniter\Session\Handlers\FileHandler' driver.
INFO - 2024-06-05 23:20:49 --> Session: Class initialized using 'CodeIgniter\Session\Handlers\FileHandler' driver.
INFO - 2024-06-05 23:22:54 --> Session: Class initialized using 'CodeIgniter\Session\Handlers\FileHandler' driver.
CRITICAL - 2024-06-05 23:22:54 --> ParseError: syntax error, unexpected token "return", expecting ";"
in APPPATH\Controllers\SeguimientoGPSController.php on line 60.
 1 SYSTEMPATH\Autoloader\Autoloader.php(288): CodeIgniter\Autoloader\Autoloader->includeFile('C:\\laragon\\www\\geotranck-dev\\app\\Controllers\\SeguimientoGPSController.php')
 2 SYSTEMPATH\Autoloader\Autoloader.php(266): CodeIgniter\Autoloader\Autoloader->loadInNamespace('App\\Controllers\\SeguimientoGPSController')
 3 [internal function]: CodeIgniter\Autoloader\Autoloader->loadClass('App\\Controllers\\SeguimientoGPSController')
 4 SYSTEMPATH\CodeIgniter.php(899): class_exists('\\App\\Controllers\\SeguimientoGPSController', true)
 5 SYSTEMPATH\CodeIgniter.php(489): CodeIgniter\CodeIgniter->startController()
 6 SYSTEMPATH\CodeIgniter.php(361): CodeIgniter\CodeIgniter->handleRequest(null, Object(Config\Cache), false)
 7 FCPATH\index.php(79): CodeIgniter\CodeIgniter->run()
 8 SYSTEMPATH\Commands\Server\rewrite.php(47): require_once('C:\\laragon\\www\\geotranck-dev\\public\\index.php')
INFO - 2024-06-05 23:23:08 --> Session: Class initialized using 'CodeIgniter\Session\Handlers\FileHandler' driver.
INFO - 2024-06-05 23:24:28 --> Session: Class initialized using 'CodeIgniter\Session\Handlers\FileHandler' driver.
INFO - 2024-06-05 23:26:31 --> Session: Class initialized using 'CodeIgniter\Session\Handlers\FileHandler' driver.
INFO - 2024-06-05 23:26:33 --> Session: Class initialized using 'CodeIgniter\Session\Handlers\FileHandler' driver.
INFO - 2024-06-05 23:27:03 --> Session: Class initialized using 'CodeIgniter\Session\Handlers\FileHandler' driver.
INFO - 2024-06-05 23:27:14 --> Session: Class initialized using 'CodeIgniter\Session\Handlers\FileHandler' driver.
INFO - 2024-06-05 23:34:16 --> Session: Class initialized using 'CodeIgniter\Session\Handlers\FileHandler' driver.
INFO - 2024-06-05 23:34:38 --> Session: Class initialized using 'CodeIgniter\Session\Handlers\FileHandler' driver.
INFO - 2024-06-05 23:34:40 --> Session: Class initialized using 'CodeIgniter\Session\Handlers\FileHandler' driver.
INFO - 2024-06-05 23:34:41 --> Session: Class initialized using 'CodeIgniter\Session\Handlers\FileHandler' driver.
INFO - 2024-06-05 23:34:50 --> Session: Class initialized using 'CodeIgniter\Session\Handlers\FileHandler' driver.
INFO - 2024-06-05 23:34:52 --> Session: Class initialized using 'CodeIgniter\Session\Handlers\FileHandler' driver.
INFO - 2024-06-05 23:35:51 --> Session: Class initialized using 'CodeIgniter\Session\Handlers\FileHandler' driver.
INFO - 2024-06-05 23:35:53 --> Session: Class initialized using 'CodeIgniter\Session\Handlers\FileHandler' driver.
INFO - 2024-06-05 23:36:03 --> Session: Class initialized using 'CodeIgniter\Session\Handlers\FileHandler' driver.
INFO - 2024-06-05 23:36:06 --> Session: Class initialized using 'CodeIgniter\Session\Handlers\FileHandler' driver.
INFO - 2024-06-05 23:36:26 --> Session: Class initialized using 'CodeIgniter\Session\Handlers\FileHandler' driver.
INFO - 2024-06-05 23:36:28 --> Session: Class initialized using 'CodeIgniter\Session\Handlers\FileHandler' driver.
INFO - 2024-06-05 23:36:50 --> Session: Class initialized using 'CodeIgniter\Session\Handlers\FileHandler' driver.
INFO - 2024-06-05 23:36:53 --> Session: Class initialized using 'CodeIgniter\Session\Handlers\FileHandler' driver.
INFO - 2024-06-05 23:37:02 --> Session: Class initialized using 'CodeIgniter\Session\Handlers\FileHandler' driver.
INFO - 2024-06-05 23:37:04 --> Session: Class initialized using 'CodeIgniter\Session\Handlers\FileHandler' driver.
INFO - 2024-06-05 23:39:51 --> Session: Class initialized using 'CodeIgniter\Session\Handlers\FileHandler' driver.
INFO - 2024-06-05 23:39:57 --> Session: Class initialized using 'CodeIgniter\Session\Handlers\FileHandler' driver.
INFO - 2024-06-05 23:39:59 --> Session: Class initialized using 'CodeIgniter\Session\Handlers\FileHandler' driver.
INFO - 2024-06-05 23:40:31 --> Session: Class initialized using 'CodeIgniter\Session\Handlers\FileHandler' driver.
INFO - 2024-06-05 23:40:35 --> Session: Class initialized using 'CodeIgniter\Session\Handlers\FileHandler' driver.
INFO - 2024-06-05 23:40:43 --> Session: Class initialized using 'CodeIgniter\Session\Handlers\FileHandler' driver.
ERROR - 2024-06-05 23:40:44 --> ErrorException: pg_query(): Query failed: ERROR:  parse error - invalid geometry
HINT:  &quot;LINESTRING()&quot; &lt;-- parse error at position 13 within geometry in C:\laragon\www\geotranck-dev\vendor\codeigniter4\framework\system\Database\Postgre\Connection.php:187
Stack trace:
#0 [internal function]: CodeIgniter\Debug\Exceptions->errorHandler(2, 'pg_query(): Que...', 'C:\\laragon\\www\\...', 187)
#1 C:\laragon\www\geotranck-dev\vendor\codeigniter4\framework\system\Database\Postgre\Connection.php(187): pg_query(Object(PgSql\Connection), '\r\n        INSER...')
#2 C:\laragon\www\geotranck-dev\vendor\codeigniter4\framework\system\Database\BaseConnection.php(693): CodeIgniter\Database\Postgre\Connection->execute('\r\n        INSER...')
#3 C:\laragon\www\geotranck-dev\vendor\codeigniter4\framework\system\Database\BaseConnection.php(607): CodeIgniter\Database\BaseConnection->simpleQuery('\r\n        INSER...')
#4 C:\laragon\www\geotranck-dev\app\Models\GestionSeguimientoGPS.php(82): CodeIgniter\Database\BaseConnection->query('\r\n        INSER...', Array)
#5 C:\laragon\www\geotranck-dev\app\Controllers\SeguimientoGPSController.php(48): App\Models\GestionSeguimientoGPS->GuardarDatosRuta(Array)
#6 C:\laragon\www\geotranck-dev\vendor\codeigniter4\framework\system\CodeIgniter.php(941): App\Controllers\SeguimientoGPSController->guardarRuta()
#7 C:\laragon\www\geotranck-dev\vendor\codeigniter4\framework\system\CodeIgniter.php(502): CodeIgniter\CodeIgniter->runController(Object(App\Controllers\SeguimientoGPSController))
#8 C:\laragon\www\geotranck-dev\vendor\codeigniter4\framework\system\CodeIgniter.php(361): CodeIgniter\CodeIgniter->handleRequest(NULL, Object(Config\Cache), false)
#9 C:\laragon\www\geotranck-dev\public\index.php(79): CodeIgniter\CodeIgniter->run()
#10 C:\laragon\www\geotranck-dev\vendor\codeigniter4\framework\system\Commands\Server\rewrite.php(47): require_once('C:\\laragon\\www\\...')
#11 {main}
CRITICAL - 2024-06-05 23:40:44 --> CodeIgniter\Database\Exceptions\DatabaseException: pg_query(): Query failed: ERROR:  parse error - invalid geometry
HINT:  &quot;LINESTRING()&quot; &lt;-- parse error at position 13 within geometry
in SYSTEMPATH\Database\BaseConnection.php on line 647.
 1 APPPATH\Models\GestionSeguimientoGPS.php(82): CodeIgniter\Database\BaseConnection->query('
        INSERT INTO rutasAutomovil (id_usuario, ubicacionTipoReal,estado, created_at, updated_at) values
        ( 25 , ST_GeomFromText(\'LINESTRING()\', 4326),  1, \'2024-06-05 23:40:44\' , \'2024-06-05 23:40:44\');
        ', [...])
 2 APPPATH\Controllers\SeguimientoGPSController.php(48): App\Models\GestionSeguimientoGPS->GuardarDatosRuta([...])
 3 SYSTEMPATH\CodeIgniter.php(941): App\Controllers\SeguimientoGPSController->guardarRuta()
 4 SYSTEMPATH\CodeIgniter.php(502): CodeIgniter\CodeIgniter->runController(Object(App\Controllers\SeguimientoGPSController))
 5 SYSTEMPATH\CodeIgniter.php(361): CodeIgniter\CodeIgniter->handleRequest(null, Object(Config\Cache), false)
 6 FCPATH\index.php(79): CodeIgniter\CodeIgniter->run()
 7 SYSTEMPATH\Commands\Server\rewrite.php(47): require_once('C:\\laragon\\www\\geotranck-dev\\public\\index.php')
CRITICAL - 2024-06-05 23:40:44 --> [Caused by] CodeIgniter\Database\Exceptions\DatabaseException: pg_query(): Query failed: ERROR:  parse error - invalid geometry
HINT:  &quot;LINESTRING()&quot; &lt;-- parse error at position 13 within geometry
in SYSTEMPATH\Database\Postgre\Connection.php on line 192.
 1 SYSTEMPATH\Database\BaseConnection.php(693): CodeIgniter\Database\Postgre\Connection->execute('
        INSERT INTO rutasAutomovil (id_usuario, ubicacionTipoReal,estado, created_at, updated_at) values
        ( 25 , ST_GeomFromText(\'LINESTRING()\', 4326),  1, \'2024-06-05 23:40:44\' , \'2024-06-05 23:40:44\');
        ')
 2 SYSTEMPATH\Database\BaseConnection.php(607): CodeIgniter\Database\BaseConnection->simpleQuery('
        INSERT INTO rutasAutomovil (id_usuario, ubicacionTipoReal,estado, created_at, updated_at) values
        ( 25 , ST_GeomFromText(\'LINESTRING()\', 4326),  1, \'2024-06-05 23:40:44\' , \'2024-06-05 23:40:44\');
        ')
 3 APPPATH\Models\GestionSeguimientoGPS.php(82): CodeIgniter\Database\BaseConnection->query('
        INSERT INTO rutasAutomovil (id_usuario, ubicacionTipoReal,estado, created_at, updated_at) values
        ( 25 , ST_GeomFromText(\'LINESTRING()\', 4326),  1, \'2024-06-05 23:40:44\' , \'2024-06-05 23:40:44\');
        ', [...])
 4 APPPATH\Controllers\SeguimientoGPSController.php(48): App\Models\GestionSeguimientoGPS->GuardarDatosRuta([...])
 5 SYSTEMPATH\CodeIgniter.php(941): App\Controllers\SeguimientoGPSController->guardarRuta()
 6 SYSTEMPATH\CodeIgniter.php(502): CodeIgniter\CodeIgniter->runController(Object(App\Controllers\SeguimientoGPSController))
 7 SYSTEMPATH\CodeIgniter.php(361): CodeIgniter\CodeIgniter->handleRequest(null, Object(Config\Cache), false)
 8 FCPATH\index.php(79): CodeIgniter\CodeIgniter->run()
 9 SYSTEMPATH\Commands\Server\rewrite.php(47): require_once('C:\\laragon\\www\\geotranck-dev\\public\\index.php')
CRITICAL - 2024-06-05 23:40:44 --> [Caused by] ErrorException: pg_query(): Query failed: ERROR:  parse error - invalid geometry
HINT:  &quot;LINESTRING()&quot; &lt;-- parse error at position 13 within geometry
in SYSTEMPATH\Database\Postgre\Connection.php on line 187.
 1 [internal function]: CodeIgniter\Debug\Exceptions->errorHandler(2, 'pg_query(): Query failed: ERROR:  parse error - invalid geometry
HINT:  &quot;LINESTRING()&quot; &lt;-- parse error at position 13 within geometry', 'C:\\laragon\\www\\geotranck-dev\\vendor\\codeigniter4\\framework\\system\\Database\\Postgre\\Connection.php', 187)
 2 SYSTEMPATH\Database\Postgre\Connection.php(187): pg_query(Object(PgSql\Connection), '
        INSERT INTO rutasAutomovil (id_usuario, ubicacionTipoReal,estado, created_at, updated_at) values
        ( 25 , ST_GeomFromText(\'LINESTRING()\', 4326),  1, \'2024-06-05 23:40:44\' , \'2024-06-05 23:40:44\');
        ')
 3 SYSTEMPATH\Database\BaseConnection.php(693): CodeIgniter\Database\Postgre\Connection->execute('
        INSERT INTO rutasAutomovil (id_usuario, ubicacionTipoReal,estado, created_at, updated_at) values
        ( 25 , ST_GeomFromText(\'LINESTRING()\', 4326),  1, \'2024-06-05 23:40:44\' , \'2024-06-05 23:40:44\');
        ')
 4 SYSTEMPATH\Database\BaseConnection.php(607): CodeIgniter\Database\BaseConnection->simpleQuery('
        INSERT INTO rutasAutomovil (id_usuario, ubicacionTipoReal,estado, created_at, updated_at) values
        ( 25 , ST_GeomFromText(\'LINESTRING()\', 4326),  1, \'2024-06-05 23:40:44\' , \'2024-06-05 23:40:44\');
        ')
 5 APPPATH\Models\GestionSeguimientoGPS.php(82): CodeIgniter\Database\BaseConnection->query('
        INSERT INTO rutasAutomovil (id_usuario, ubicacionTipoReal,estado, created_at, updated_at) values
        ( 25 , ST_GeomFromText(\'LINESTRING()\', 4326),  1, \'2024-06-05 23:40:44\' , \'2024-06-05 23:40:44\');
        ', [...])
 6 APPPATH\Controllers\SeguimientoGPSController.php(48): App\Models\GestionSeguimientoGPS->GuardarDatosRuta([...])
 7 SYSTEMPATH\CodeIgniter.php(941): App\Controllers\SeguimientoGPSController->guardarRuta()
 8 SYSTEMPATH\CodeIgniter.php(502): CodeIgniter\CodeIgniter->runController(Object(App\Controllers\SeguimientoGPSController))
 9 SYSTEMPATH\CodeIgniter.php(361): CodeIgniter\CodeIgniter->handleRequest(null, Object(Config\Cache), false)
10 FCPATH\index.php(79): CodeIgniter\CodeIgniter->run()
11 SYSTEMPATH\Commands\Server\rewrite.php(47): require_once('C:\\laragon\\www\\geotranck-dev\\public\\index.php')
INFO - 2024-06-05 23:41:02 --> Session: Class initialized using 'CodeIgniter\Session\Handlers\FileHandler' driver.
INFO - 2024-06-05 23:41:02 --> Session: Class initialized using 'CodeIgniter\Session\Handlers\FileHandler' driver.
INFO - 2024-06-05 23:41:28 --> Session: Class initialized using 'CodeIgniter\Session\Handlers\FileHandler' driver.
INFO - 2024-06-05 23:41:29 --> Session: Class initialized using 'CodeIgniter\Session\Handlers\FileHandler' driver.
INFO - 2024-06-05 23:41:37 --> Session: Class initialized using 'CodeIgniter\Session\Handlers\FileHandler' driver.
INFO - 2024-06-05 23:41:43 --> Session: Class initialized using 'CodeIgniter\Session\Handlers\FileHandler' driver.
INFO - 2024-06-05 23:42:21 --> Session: Class initialized using 'CodeIgniter\Session\Handlers\FileHandler' driver.
INFO - 2024-06-05 23:42:22 --> Session: Class initialized using 'CodeIgniter\Session\Handlers\FileHandler' driver.
WARNING - 2024-06-05 23:42:22 --> [DEPRECATED] usort(): Returning bool from comparison function is deprecated, return an integer less than, equal to, or greater than zero in APPPATH\Controllers\GestionTransporteController.php on line 632.
 1 APPPATH\Controllers\GestionTransporteController.php(632): usort([...], Object(Closure))
 2 APPPATH\Controllers\GestionTransporteController.php(338): App\Controllers\GestionTransporteController->datatables('[{"id":"12","nombreconductor":"Marin","apellidoconductor":"Sanchez","imagenautomovil":"auto1.png","imagenconductor":"conducto.png","marca":"nissan","modelo":"2020","nropasajeros":"5","nrochasis":"35435343","soat":"1","a_soat":"2002","inspeccion":"1","color":"negro","placa":"5816PEX","duenomovil":"Marin Sanchez","nrotelefono":"684354666","tipovehiculo":"vagoneta","created_at":"2024-05-24 00:54:10"},{"id":"11","nombreconductor":"Pedro","apellidoconductor":"Alvarez","imagenautomovil":"auto2.png","imagenconductor":"conducto1.png","marca":"toyota","modelo":"2020","nropasajeros":"6","nrochasis":"55438454","soat":"1","a_soat":"2025","inspeccion":"1","color":"rojo","placa":"568ADS","duenomovil":"Pedro Alvarez","nrotelefono":"68443854","tipovehiculo":"vagoneta","created_at":"2024-05-24 00:52:22"}]', [...])
 3 SYSTEMPATH\CodeIgniter.php(941): App\Controllers\GestionTransporteController->DatosAutomovilView()
 4 SYSTEMPATH\CodeIgniter.php(502): CodeIgniter\CodeIgniter->runController(Object(App\Controllers\GestionTransporteController))
 5 SYSTEMPATH\CodeIgniter.php(361): CodeIgniter\CodeIgniter->handleRequest(null, Object(Config\Cache), false)
 6 FCPATH\index.php(79): CodeIgniter\CodeIgniter->run()
 7 SYSTEMPATH\Commands\Server\rewrite.php(47): require_once('C:\\laragon\\www\\geotranck-dev\\public\\index.php')
INFO - 2024-06-05 23:42:30 --> Session: Class initialized using 'CodeIgniter\Session\Handlers\FileHandler' driver.
INFO - 2024-06-05 23:42:30 --> Session: Class initialized using 'CodeIgniter\Session\Handlers\FileHandler' driver.
INFO - 2024-06-05 23:42:35 --> Session: Class initialized using 'CodeIgniter\Session\Handlers\FileHandler' driver.
INFO - 2024-06-05 23:42:35 --> Session: Class initialized using 'CodeIgniter\Session\Handlers\FileHandler' driver.
