WARNING - 2024-04-04 22:55:29 --> [DEPRECATED] usort(): Returning bool from comparison function is deprecated, return an integer less than, equal to, or greater than zero in APPPATH\Controllers\GestionUsuarioController.php on line 210.
 1 APPPATH\Controllers\GestionUsuarioController.php(210): usort([...], Object(Closure))
 2 APPPATH\Controllers\GestionUsuarioController.php(54): App\Controllers\GestionUsuarioController->datatables('[{"id":"4","nombre":"gf","descripcion":"dfg","administrador":"false","agregar":"false","modificar":"false","eliminar":"true","estado":"1","created_at":"2024-04-02 02:01:47.269406","updated_at":"2024-04-02 02:01:47.269406"},{"id":"6","nombre":"fwef","descripcion":"wefew","administrador":"true","agregar":"false","modificar":"false","eliminar":"false","estado":"1","created_at":"2024-04-02 02:06:31","updated_at":"2024-04-02 02:06:31"},{"id":"13","nombre":"wd","descripcion":"dw","administrador":"true","agregar":"false","modificar":"false","eliminar":"false","estado":"1","created_at":"2024-04-01 22:38:16","updated_at":"2024-04-01 22:38:16"},{"id":"12","nombre":"dwdw","descripcion":"dw","administrador":"false","agregar":"false","modificar":"true","eliminar":"false","estado":"1","created_at":"2024-04-01 22:34:17","updated_at":"2024-04-01 22:34:17"},{"id":"9","nombre":"fee","descripcion":"f","administrador":"true","agregar":"false","modificar":"false","eliminar":"false","estado":"1","created_at":"2024-04-01 22:20:56","updated_at":"2024-04-01 22:20:56"}]', [...])
 3 SYSTEMPATH\CodeIgniter.php(941): App\Controllers\GestionUsuarioController->DatosPrivilegioView1()
 4 SYSTEMPATH\CodeIgniter.php(502): CodeIgniter\CodeIgniter->runController(Object(App\Controllers\GestionUsuarioController))
 5 SYSTEMPATH\CodeIgniter.php(361): CodeIgniter\CodeIgniter->handleRequest(null, Object(Config\Cache), false)
 6 FCPATH\index.php(79): CodeIgniter\CodeIgniter->run()
 7 SYSTEMPATH\Commands\Server\rewrite.php(47): require_once('C:\\laragon\\www\\geotranck-dev\\public\\index.php')
WARNING - 2024-04-04 22:57:00 --> [DEPRECATED] usort(): Returning bool from comparison function is deprecated, return an integer less than, equal to, or greater than zero in APPPATH\Controllers\GestionUsuarioController.php on line 210.
 1 APPPATH\Controllers\GestionUsuarioController.php(210): usort([...], Object(Closure))
 2 APPPATH\Controllers\GestionUsuarioController.php(54): App\Controllers\GestionUsuarioController->datatables('[{"id":"4","nombre":"gf","descripcion":"dfg","administrador":"false","agregar":"false","modificar":"false","eliminar":"true","estado":"1","created_at":"2024-04-02 02:01:47.269406","updated_at":"2024-04-02 02:01:47.269406"},{"id":"6","nombre":"fwef","descripcion":"wefew","administrador":"true","agregar":"false","modificar":"false","eliminar":"false","estado":"1","created_at":"2024-04-02 02:06:31","updated_at":"2024-04-02 02:06:31"},{"id":"13","nombre":"wd","descripcion":"dw","administrador":"true","agregar":"false","modificar":"false","eliminar":"false","estado":"1","created_at":"2024-04-01 22:38:16","updated_at":"2024-04-01 22:38:16"},{"id":"12","nombre":"dwdw","descripcion":"dw","administrador":"false","agregar":"false","modificar":"true","eliminar":"false","estado":"1","created_at":"2024-04-01 22:34:17","updated_at":"2024-04-01 22:34:17"},{"id":"9","nombre":"fee","descripcion":"f","administrador":"true","agregar":"false","modificar":"false","eliminar":"false","estado":"1","created_at":"2024-04-01 22:20:56","updated_at":"2024-04-01 22:20:56"}]', [...])
 3 SYSTEMPATH\CodeIgniter.php(941): App\Controllers\GestionUsuarioController->DatosPrivilegioView1()
 4 SYSTEMPATH\CodeIgniter.php(502): CodeIgniter\CodeIgniter->runController(Object(App\Controllers\GestionUsuarioController))
 5 SYSTEMPATH\CodeIgniter.php(361): CodeIgniter\CodeIgniter->handleRequest(null, Object(Config\Cache), false)
 6 FCPATH\index.php(79): CodeIgniter\CodeIgniter->run()
 7 SYSTEMPATH\Commands\Server\rewrite.php(47): require_once('C:\\laragon\\www\\geotranck-dev\\public\\index.php')
WARNING - 2024-04-04 22:57:29 --> [DEPRECATED] usort(): Returning bool from comparison function is deprecated, return an integer less than, equal to, or greater than zero in APPPATH\Controllers\GestionUsuarioController.php on line 210.
 1 APPPATH\Controllers\GestionUsuarioController.php(210): usort([...], Object(Closure))
 2 APPPATH\Controllers\GestionUsuarioController.php(54): App\Controllers\GestionUsuarioController->datatables('[{"id":"4","nombre":"gf","descripcion":"dfg","administrador":"false","agregar":"false","modificar":"false","eliminar":"true","estado":"1","created_at":"2024-04-02 02:01:47.269406","updated_at":"2024-04-02 02:01:47.269406"},{"id":"6","nombre":"fwef","descripcion":"wefew","administrador":"true","agregar":"false","modificar":"false","eliminar":"false","estado":"1","created_at":"2024-04-02 02:06:31","updated_at":"2024-04-02 02:06:31"},{"id":"13","nombre":"wd","descripcion":"dw","administrador":"true","agregar":"false","modificar":"false","eliminar":"false","estado":"1","created_at":"2024-04-01 22:38:16","updated_at":"2024-04-01 22:38:16"},{"id":"12","nombre":"dwdw","descripcion":"dw","administrador":"false","agregar":"false","modificar":"true","eliminar":"false","estado":"1","created_at":"2024-04-01 22:34:17","updated_at":"2024-04-01 22:34:17"},{"id":"9","nombre":"fee","descripcion":"f","administrador":"true","agregar":"false","modificar":"false","eliminar":"false","estado":"1","created_at":"2024-04-01 22:20:56","updated_at":"2024-04-01 22:20:56"}]', [...])
 3 SYSTEMPATH\CodeIgniter.php(941): App\Controllers\GestionUsuarioController->DatosPrivilegioView1()
 4 SYSTEMPATH\CodeIgniter.php(502): CodeIgniter\CodeIgniter->runController(Object(App\Controllers\GestionUsuarioController))
 5 SYSTEMPATH\CodeIgniter.php(361): CodeIgniter\CodeIgniter->handleRequest(null, Object(Config\Cache), false)
 6 FCPATH\index.php(79): CodeIgniter\CodeIgniter->run()
 7 SYSTEMPATH\Commands\Server\rewrite.php(47): require_once('C:\\laragon\\www\\geotranck-dev\\public\\index.php')
WARNING - 2024-04-04 22:58:47 --> [DEPRECATED] usort(): Returning bool from comparison function is deprecated, return an integer less than, equal to, or greater than zero in APPPATH\Controllers\GestionUsuarioController.php on line 210.
 1 APPPATH\Controllers\GestionUsuarioController.php(210): usort([...], Object(Closure))
 2 APPPATH\Controllers\GestionUsuarioController.php(54): App\Controllers\GestionUsuarioController->datatables('[{"id":"4","nombre":"gf","descripcion":"dfg","administrador":"false","agregar":"false","modificar":"false","eliminar":"true","estado":"1","created_at":"2024-04-02 02:01:47.269406","updated_at":"2024-04-02 02:01:47.269406"},{"id":"6","nombre":"fwef","descripcion":"wefew","administrador":"true","agregar":"false","modificar":"false","eliminar":"false","estado":"1","created_at":"2024-04-02 02:06:31","updated_at":"2024-04-02 02:06:31"},{"id":"13","nombre":"wd","descripcion":"dw","administrador":"true","agregar":"false","modificar":"false","eliminar":"false","estado":"1","created_at":"2024-04-01 22:38:16","updated_at":"2024-04-01 22:38:16"},{"id":"12","nombre":"dwdw","descripcion":"dw","administrador":"false","agregar":"false","modificar":"true","eliminar":"false","estado":"1","created_at":"2024-04-01 22:34:17","updated_at":"2024-04-01 22:34:17"},{"id":"9","nombre":"fee","descripcion":"f","administrador":"true","agregar":"false","modificar":"false","eliminar":"false","estado":"1","created_at":"2024-04-01 22:20:56","updated_at":"2024-04-01 22:20:56"}]', [...])
 3 SYSTEMPATH\CodeIgniter.php(941): App\Controllers\GestionUsuarioController->DatosPrivilegioView1()
 4 SYSTEMPATH\CodeIgniter.php(502): CodeIgniter\CodeIgniter->runController(Object(App\Controllers\GestionUsuarioController))
 5 SYSTEMPATH\CodeIgniter.php(361): CodeIgniter\CodeIgniter->handleRequest(null, Object(Config\Cache), false)
 6 FCPATH\index.php(79): CodeIgniter\CodeIgniter->run()
 7 SYSTEMPATH\Commands\Server\rewrite.php(47): require_once('C:\\laragon\\www\\geotranck-dev\\public\\index.php')
WARNING - 2024-04-04 23:15:33 --> [DEPRECATED] usort(): Returning bool from comparison function is deprecated, return an integer less than, equal to, or greater than zero in APPPATH\Controllers\GestionUsuarioController.php on line 210.
 1 APPPATH\Controllers\GestionUsuarioController.php(210): usort([...], Object(Closure))
 2 APPPATH\Controllers\GestionUsuarioController.php(54): App\Controllers\GestionUsuarioController->datatables('[{"id":"4","nombre":"gf","descripcion":"dfg","administrador":"false","agregar":"false","modificar":"false","eliminar":"true","estado":"1","created_at":"2024-04-02 02:01:47.269406","updated_at":"2024-04-02 02:01:47.269406"},{"id":"6","nombre":"fwef","descripcion":"wefew","administrador":"true","agregar":"false","modificar":"false","eliminar":"false","estado":"1","created_at":"2024-04-02 02:06:31","updated_at":"2024-04-02 02:06:31"},{"id":"13","nombre":"wd","descripcion":"dw","administrador":"true","agregar":"false","modificar":"false","eliminar":"false","estado":"1","created_at":"2024-04-01 22:38:16","updated_at":"2024-04-01 22:38:16"},{"id":"12","nombre":"dwdw","descripcion":"dw","administrador":"false","agregar":"false","modificar":"true","eliminar":"false","estado":"1","created_at":"2024-04-01 22:34:17","updated_at":"2024-04-01 22:34:17"},{"id":"9","nombre":"fee","descripcion":"f","administrador":"true","agregar":"false","modificar":"false","eliminar":"false","estado":"1","created_at":"2024-04-01 22:20:56","updated_at":"2024-04-01 22:20:56"}]', [...])
 3 SYSTEMPATH\CodeIgniter.php(941): App\Controllers\GestionUsuarioController->DatosPrivilegioView1()
 4 SYSTEMPATH\CodeIgniter.php(502): CodeIgniter\CodeIgniter->runController(Object(App\Controllers\GestionUsuarioController))
 5 SYSTEMPATH\CodeIgniter.php(361): CodeIgniter\CodeIgniter->handleRequest(null, Object(Config\Cache), false)
 6 FCPATH\index.php(79): CodeIgniter\CodeIgniter->run()
 7 SYSTEMPATH\Commands\Server\rewrite.php(47): require_once('C:\\laragon\\www\\geotranck-dev\\public\\index.php')
WARNING - 2024-04-04 23:15:45 --> [DEPRECATED] usort(): Returning bool from comparison function is deprecated, return an integer less than, equal to, or greater than zero in APPPATH\Controllers\GestionUsuarioController.php on line 210.
 1 APPPATH\Controllers\GestionUsuarioController.php(210): usort([...], Object(Closure))
 2 APPPATH\Controllers\GestionUsuarioController.php(54): App\Controllers\GestionUsuarioController->datatables('[{"id":"4","nombre":"gf","descripcion":"dfg","administrador":"false","agregar":"false","modificar":"false","eliminar":"true","estado":"1","created_at":"2024-04-02 02:01:47.269406","updated_at":"2024-04-02 02:01:47.269406"},{"id":"6","nombre":"fwef","descripcion":"wefew","administrador":"true","agregar":"false","modificar":"false","eliminar":"false","estado":"1","created_at":"2024-04-02 02:06:31","updated_at":"2024-04-02 02:06:31"},{"id":"13","nombre":"wd","descripcion":"dw","administrador":"true","agregar":"false","modificar":"false","eliminar":"false","estado":"1","created_at":"2024-04-01 22:38:16","updated_at":"2024-04-01 22:38:16"},{"id":"12","nombre":"dwdw","descripcion":"dw","administrador":"false","agregar":"false","modificar":"true","eliminar":"false","estado":"1","created_at":"2024-04-01 22:34:17","updated_at":"2024-04-01 22:34:17"},{"id":"9","nombre":"fee","descripcion":"f","administrador":"true","agregar":"false","modificar":"false","eliminar":"false","estado":"1","created_at":"2024-04-01 22:20:56","updated_at":"2024-04-01 22:20:56"}]', [...])
 3 SYSTEMPATH\CodeIgniter.php(941): App\Controllers\GestionUsuarioController->DatosPrivilegioView1()
 4 SYSTEMPATH\CodeIgniter.php(502): CodeIgniter\CodeIgniter->runController(Object(App\Controllers\GestionUsuarioController))
 5 SYSTEMPATH\CodeIgniter.php(361): CodeIgniter\CodeIgniter->handleRequest(null, Object(Config\Cache), false)
 6 FCPATH\index.php(79): CodeIgniter\CodeIgniter->run()
 7 SYSTEMPATH\Commands\Server\rewrite.php(47): require_once('C:\\laragon\\www\\geotranck-dev\\public\\index.php')
WARNING - 2024-04-04 23:16:47 --> [DEPRECATED] usort(): Returning bool from comparison function is deprecated, return an integer less than, equal to, or greater than zero in APPPATH\Controllers\GestionUsuarioController.php on line 210.
 1 APPPATH\Controllers\GestionUsuarioController.php(210): usort([...], Object(Closure))
 2 APPPATH\Controllers\GestionUsuarioController.php(54): App\Controllers\GestionUsuarioController->datatables('[{"id":"4","nombre":"gf","descripcion":"dfg","administrador":"false","agregar":"false","modificar":"false","eliminar":"true","estado":"1","created_at":"2024-04-02 02:01:47.269406","updated_at":"2024-04-02 02:01:47.269406"},{"id":"6","nombre":"fwef","descripcion":"wefew","administrador":"true","agregar":"false","modificar":"false","eliminar":"false","estado":"1","created_at":"2024-04-02 02:06:31","updated_at":"2024-04-02 02:06:31"},{"id":"13","nombre":"wd","descripcion":"dw","administrador":"true","agregar":"false","modificar":"false","eliminar":"false","estado":"1","created_at":"2024-04-01 22:38:16","updated_at":"2024-04-01 22:38:16"},{"id":"12","nombre":"dwdw","descripcion":"dw","administrador":"false","agregar":"false","modificar":"true","eliminar":"false","estado":"1","created_at":"2024-04-01 22:34:17","updated_at":"2024-04-01 22:34:17"},{"id":"9","nombre":"fee","descripcion":"f","administrador":"true","agregar":"false","modificar":"false","eliminar":"false","estado":"1","created_at":"2024-04-01 22:20:56","updated_at":"2024-04-01 22:20:56"}]', [...])
 3 SYSTEMPATH\CodeIgniter.php(941): App\Controllers\GestionUsuarioController->DatosPrivilegioView1()
 4 SYSTEMPATH\CodeIgniter.php(502): CodeIgniter\CodeIgniter->runController(Object(App\Controllers\GestionUsuarioController))
 5 SYSTEMPATH\CodeIgniter.php(361): CodeIgniter\CodeIgniter->handleRequest(null, Object(Config\Cache), false)
 6 FCPATH\index.php(79): CodeIgniter\CodeIgniter->run()
 7 SYSTEMPATH\Commands\Server\rewrite.php(47): require_once('C:\\laragon\\www\\geotranck-dev\\public\\index.php')
WARNING - 2024-04-04 23:27:41 --> [DEPRECATED] usort(): Returning bool from comparison function is deprecated, return an integer less than, equal to, or greater than zero in APPPATH\Controllers\GestionUsuarioController.php on line 234.
 1 APPPATH\Controllers\GestionUsuarioController.php(234): usort([...], Object(Closure))
 2 APPPATH\Controllers\GestionUsuarioController.php(54): App\Controllers\GestionUsuarioController->datatables('[{"id":"4","nombre":"gf","descripcion":"dfg","administrador":"false","agregar":"false","modificar":"false","eliminar":"true","estado":"1","created_at":"2024-04-02 02:01:47.269406","updated_at":"2024-04-02 02:01:47.269406"},{"id":"6","nombre":"fwef","descripcion":"wefew","administrador":"true","agregar":"false","modificar":"false","eliminar":"false","estado":"1","created_at":"2024-04-02 02:06:31","updated_at":"2024-04-02 02:06:31"},{"id":"13","nombre":"wd","descripcion":"dw","administrador":"true","agregar":"false","modificar":"false","eliminar":"false","estado":"1","created_at":"2024-04-01 22:38:16","updated_at":"2024-04-01 22:38:16"},{"id":"12","nombre":"dwdw","descripcion":"dw","administrador":"false","agregar":"false","modificar":"true","eliminar":"false","estado":"1","created_at":"2024-04-01 22:34:17","updated_at":"2024-04-01 22:34:17"},{"id":"9","nombre":"fee","descripcion":"f","administrador":"true","agregar":"false","modificar":"false","eliminar":"false","estado":"1","created_at":"2024-04-01 22:20:56","updated_at":"2024-04-01 22:20:56"}]', [...])
 3 SYSTEMPATH\CodeIgniter.php(941): App\Controllers\GestionUsuarioController->DatosPrivilegioView1()
 4 SYSTEMPATH\CodeIgniter.php(502): CodeIgniter\CodeIgniter->runController(Object(App\Controllers\GestionUsuarioController))
 5 SYSTEMPATH\CodeIgniter.php(361): CodeIgniter\CodeIgniter->handleRequest(null, Object(Config\Cache), false)
 6 FCPATH\index.php(79): CodeIgniter\CodeIgniter->run()
 7 SYSTEMPATH\Commands\Server\rewrite.php(47): require_once('C:\\laragon\\www\\geotranck-dev\\public\\index.php')
WARNING - 2024-04-04 23:29:31 --> [DEPRECATED] usort(): Returning bool from comparison function is deprecated, return an integer less than, equal to, or greater than zero in APPPATH\Controllers\GestionUsuarioController.php on line 234.
 1 APPPATH\Controllers\GestionUsuarioController.php(234): usort([...], Object(Closure))
 2 APPPATH\Controllers\GestionUsuarioController.php(54): App\Controllers\GestionUsuarioController->datatables('[{"id":"4","nombre":"gf","descripcion":"dfg","administrador":"false","agregar":"false","modificar":"false","eliminar":"true","estado":"1","created_at":"2024-04-02 02:01:47.269406","updated_at":"2024-04-02 02:01:47.269406"},{"id":"6","nombre":"fwef","descripcion":"wefew","administrador":"true","agregar":"false","modificar":"false","eliminar":"false","estado":"1","created_at":"2024-04-02 02:06:31","updated_at":"2024-04-02 02:06:31"},{"id":"13","nombre":"wd","descripcion":"dw","administrador":"true","agregar":"false","modificar":"false","eliminar":"false","estado":"1","created_at":"2024-04-01 22:38:16","updated_at":"2024-04-01 22:38:16"},{"id":"12","nombre":"dwdw","descripcion":"dw","administrador":"false","agregar":"false","modificar":"true","eliminar":"false","estado":"1","created_at":"2024-04-01 22:34:17","updated_at":"2024-04-01 22:34:17"},{"id":"9","nombre":"fee","descripcion":"f","administrador":"true","agregar":"false","modificar":"false","eliminar":"false","estado":"1","created_at":"2024-04-01 22:20:56","updated_at":"2024-04-01 22:20:56"}]', [...])
 3 SYSTEMPATH\CodeIgniter.php(941): App\Controllers\GestionUsuarioController->DatosPrivilegioView1()
 4 SYSTEMPATH\CodeIgniter.php(502): CodeIgniter\CodeIgniter->runController(Object(App\Controllers\GestionUsuarioController))
 5 SYSTEMPATH\CodeIgniter.php(361): CodeIgniter\CodeIgniter->handleRequest(null, Object(Config\Cache), false)
 6 FCPATH\index.php(79): CodeIgniter\CodeIgniter->run()
 7 SYSTEMPATH\Commands\Server\rewrite.php(47): require_once('C:\\laragon\\www\\geotranck-dev\\public\\index.php')
WARNING - 2024-04-04 23:29:46 --> [DEPRECATED] usort(): Returning bool from comparison function is deprecated, return an integer less than, equal to, or greater than zero in APPPATH\Controllers\GestionUsuarioController.php on line 234.
 1 APPPATH\Controllers\GestionUsuarioController.php(234): usort([...], Object(Closure))
 2 APPPATH\Controllers\GestionUsuarioController.php(54): App\Controllers\GestionUsuarioController->datatables('[{"id":"4","nombre":"gf","descripcion":"dfg","administrador":"false","agregar":"false","modificar":"false","eliminar":"true","estado":"1","created_at":"2024-04-02 02:01:47.269406","updated_at":"2024-04-02 02:01:47.269406"},{"id":"6","nombre":"fwef","descripcion":"wefew","administrador":"true","agregar":"false","modificar":"false","eliminar":"false","estado":"1","created_at":"2024-04-02 02:06:31","updated_at":"2024-04-02 02:06:31"},{"id":"13","nombre":"wd","descripcion":"dw","administrador":"true","agregar":"false","modificar":"false","eliminar":"false","estado":"1","created_at":"2024-04-01 22:38:16","updated_at":"2024-04-01 22:38:16"},{"id":"12","nombre":"dwdw","descripcion":"dw","administrador":"false","agregar":"false","modificar":"true","eliminar":"false","estado":"1","created_at":"2024-04-01 22:34:17","updated_at":"2024-04-01 22:34:17"},{"id":"9","nombre":"fee","descripcion":"f","administrador":"true","agregar":"false","modificar":"false","eliminar":"false","estado":"1","created_at":"2024-04-01 22:20:56","updated_at":"2024-04-01 22:20:56"}]', [...])
 3 SYSTEMPATH\CodeIgniter.php(941): App\Controllers\GestionUsuarioController->DatosPrivilegioView1()
 4 SYSTEMPATH\CodeIgniter.php(502): CodeIgniter\CodeIgniter->runController(Object(App\Controllers\GestionUsuarioController))
 5 SYSTEMPATH\CodeIgniter.php(361): CodeIgniter\CodeIgniter->handleRequest(null, Object(Config\Cache), false)
 6 FCPATH\index.php(79): CodeIgniter\CodeIgniter->run()
 7 SYSTEMPATH\Commands\Server\rewrite.php(47): require_once('C:\\laragon\\www\\geotranck-dev\\public\\index.php')
WARNING - 2024-04-04 23:39:10 --> [DEPRECATED] usort(): Returning bool from comparison function is deprecated, return an integer less than, equal to, or greater than zero in APPPATH\Controllers\GestionUsuarioController.php on line 234.
 1 APPPATH\Controllers\GestionUsuarioController.php(234): usort([...], Object(Closure))
 2 APPPATH\Controllers\GestionUsuarioController.php(54): App\Controllers\GestionUsuarioController->datatables('[{"id":"4","nombre":"gf","descripcion":"dfg","administrador":"false","agregar":"false","modificar":"false","eliminar":"true","estado":"1","created_at":"2024-04-02 02:01:47.269406","updated_at":"2024-04-02 02:01:47.269406"},{"id":"6","nombre":"fwef","descripcion":"wefew","administrador":"true","agregar":"false","modificar":"false","eliminar":"false","estado":"1","created_at":"2024-04-02 02:06:31","updated_at":"2024-04-02 02:06:31"},{"id":"13","nombre":"wd","descripcion":"dw","administrador":"true","agregar":"false","modificar":"false","eliminar":"false","estado":"1","created_at":"2024-04-01 22:38:16","updated_at":"2024-04-01 22:38:16"},{"id":"12","nombre":"dwdw","descripcion":"dw","administrador":"false","agregar":"false","modificar":"true","eliminar":"false","estado":"1","created_at":"2024-04-01 22:34:17","updated_at":"2024-04-01 22:34:17"},{"id":"9","nombre":"fee","descripcion":"f","administrador":"true","agregar":"false","modificar":"false","eliminar":"false","estado":"1","created_at":"2024-04-01 22:20:56","updated_at":"2024-04-01 22:20:56"}]', [...])
 3 SYSTEMPATH\CodeIgniter.php(941): App\Controllers\GestionUsuarioController->DatosPrivilegioView1()
 4 SYSTEMPATH\CodeIgniter.php(502): CodeIgniter\CodeIgniter->runController(Object(App\Controllers\GestionUsuarioController))
 5 SYSTEMPATH\CodeIgniter.php(361): CodeIgniter\CodeIgniter->handleRequest(null, Object(Config\Cache), false)
 6 FCPATH\index.php(79): CodeIgniter\CodeIgniter->run()
 7 SYSTEMPATH\Commands\Server\rewrite.php(47): require_once('C:\\laragon\\www\\geotranck-dev\\public\\index.php')
WARNING - 2024-04-04 23:41:38 --> [DEPRECATED] usort(): Returning bool from comparison function is deprecated, return an integer less than, equal to, or greater than zero in APPPATH\Controllers\GestionUsuarioController.php on line 234.
 1 APPPATH\Controllers\GestionUsuarioController.php(234): usort([...], Object(Closure))
 2 APPPATH\Controllers\GestionUsuarioController.php(54): App\Controllers\GestionUsuarioController->datatables('[{"id":"4","nombre":"gf","descripcion":"dfg","administrador":"false","agregar":"false","modificar":"false","eliminar":"true","estado":"1","created_at":"2024-04-02 02:01:47.269406","updated_at":"2024-04-02 02:01:47.269406"},{"id":"6","nombre":"fwef","descripcion":"wefew","administrador":"true","agregar":"false","modificar":"false","eliminar":"false","estado":"1","created_at":"2024-04-02 02:06:31","updated_at":"2024-04-02 02:06:31"},{"id":"13","nombre":"wd","descripcion":"dw","administrador":"true","agregar":"false","modificar":"false","eliminar":"false","estado":"1","created_at":"2024-04-01 22:38:16","updated_at":"2024-04-01 22:38:16"},{"id":"12","nombre":"dwdw","descripcion":"dw","administrador":"false","agregar":"false","modificar":"true","eliminar":"false","estado":"1","created_at":"2024-04-01 22:34:17","updated_at":"2024-04-01 22:34:17"},{"id":"9","nombre":"fee","descripcion":"f","administrador":"true","agregar":"false","modificar":"false","eliminar":"false","estado":"1","created_at":"2024-04-01 22:20:56","updated_at":"2024-04-01 22:20:56"}]', [...])
 3 SYSTEMPATH\CodeIgniter.php(941): App\Controllers\GestionUsuarioController->DatosPrivilegioView1()
 4 SYSTEMPATH\CodeIgniter.php(502): CodeIgniter\CodeIgniter->runController(Object(App\Controllers\GestionUsuarioController))
 5 SYSTEMPATH\CodeIgniter.php(361): CodeIgniter\CodeIgniter->handleRequest(null, Object(Config\Cache), false)
 6 FCPATH\index.php(79): CodeIgniter\CodeIgniter->run()
 7 SYSTEMPATH\Commands\Server\rewrite.php(47): require_once('C:\\laragon\\www\\geotranck-dev\\public\\index.php')
WARNING - 2024-04-04 23:47:18 --> [DEPRECATED] usort(): Returning bool from comparison function is deprecated, return an integer less than, equal to, or greater than zero in APPPATH\Controllers\GestionUsuarioController.php on line 234.
 1 APPPATH\Controllers\GestionUsuarioController.php(234): usort([...], Object(Closure))
 2 APPPATH\Controllers\GestionUsuarioController.php(54): App\Controllers\GestionUsuarioController->datatables('[{"id":"4","nombre":"gf","descripcion":"dfg","administrador":"false","agregar":"false","modificar":"false","eliminar":"true","estado":"1","created_at":"2024-04-02 02:01:47.269406","updated_at":"2024-04-02 02:01:47.269406"},{"id":"6","nombre":"fwef","descripcion":"wefew","administrador":"true","agregar":"false","modificar":"false","eliminar":"false","estado":"1","created_at":"2024-04-02 02:06:31","updated_at":"2024-04-02 02:06:31"},{"id":"13","nombre":"wd","descripcion":"dw","administrador":"true","agregar":"false","modificar":"false","eliminar":"false","estado":"1","created_at":"2024-04-01 22:38:16","updated_at":"2024-04-01 22:38:16"},{"id":"12","nombre":"dwdw","descripcion":"dw","administrador":"false","agregar":"false","modificar":"true","eliminar":"false","estado":"1","created_at":"2024-04-01 22:34:17","updated_at":"2024-04-01 22:34:17"},{"id":"9","nombre":"fee","descripcion":"f","administrador":"true","agregar":"false","modificar":"false","eliminar":"false","estado":"1","created_at":"2024-04-01 22:20:56","updated_at":"2024-04-01 22:20:56"}]', [...])
 3 SYSTEMPATH\CodeIgniter.php(941): App\Controllers\GestionUsuarioController->DatosPrivilegioView1()
 4 SYSTEMPATH\CodeIgniter.php(502): CodeIgniter\CodeIgniter->runController(Object(App\Controllers\GestionUsuarioController))
 5 SYSTEMPATH\CodeIgniter.php(361): CodeIgniter\CodeIgniter->handleRequest(null, Object(Config\Cache), false)
 6 FCPATH\index.php(79): CodeIgniter\CodeIgniter->run()
 7 SYSTEMPATH\Commands\Server\rewrite.php(47): require_once('C:\\laragon\\www\\geotranck-dev\\public\\index.php')
WARNING - 2024-04-04 23:48:32 --> [DEPRECATED] usort(): Returning bool from comparison function is deprecated, return an integer less than, equal to, or greater than zero in APPPATH\Controllers\GestionUsuarioController.php on line 234.
 1 APPPATH\Controllers\GestionUsuarioController.php(234): usort([...], Object(Closure))
 2 APPPATH\Controllers\GestionUsuarioController.php(54): App\Controllers\GestionUsuarioController->datatables('[{"id":"4","nombre":"gf","descripcion":"dfg","administrador":"false","agregar":"false","modificar":"false","eliminar":"true","estado":"1","created_at":"2024-04-02 02:01:47.269406","updated_at":"2024-04-02 02:01:47.269406"},{"id":"6","nombre":"fwef","descripcion":"wefew","administrador":"true","agregar":"false","modificar":"false","eliminar":"false","estado":"1","created_at":"2024-04-02 02:06:31","updated_at":"2024-04-02 02:06:31"},{"id":"13","nombre":"wd","descripcion":"dw","administrador":"true","agregar":"false","modificar":"false","eliminar":"false","estado":"1","created_at":"2024-04-01 22:38:16","updated_at":"2024-04-01 22:38:16"},{"id":"9","nombre":"fee","descripcion":"f","administrador":"true","agregar":"false","modificar":"false","eliminar":"false","estado":"1","created_at":"2024-04-01 22:20:56","updated_at":"2024-04-01 22:20:56"},{"id":"12","nombre":"dwdw","descripcion":"dw","administrador":"true","agregar":"false","modificar":"false","eliminar":"false","estado":"1","created_at":"2024-04-01 22:34:17","updated_at":"2024-04-04 23:47:26"}]', [...])
 3 SYSTEMPATH\CodeIgniter.php(941): App\Controllers\GestionUsuarioController->DatosPrivilegioView1()
 4 SYSTEMPATH\CodeIgniter.php(502): CodeIgniter\CodeIgniter->runController(Object(App\Controllers\GestionUsuarioController))
 5 SYSTEMPATH\CodeIgniter.php(361): CodeIgniter\CodeIgniter->handleRequest(null, Object(Config\Cache), false)
 6 FCPATH\index.php(79): CodeIgniter\CodeIgniter->run()
 7 SYSTEMPATH\Commands\Server\rewrite.php(47): require_once('C:\\laragon\\www\\geotranck-dev\\public\\index.php')
WARNING - 2024-04-04 23:52:52 --> [DEPRECATED] usort(): Returning bool from comparison function is deprecated, return an integer less than, equal to, or greater than zero in APPPATH\Controllers\GestionUsuarioController.php on line 234.
 1 APPPATH\Controllers\GestionUsuarioController.php(234): usort([...], Object(Closure))
 2 APPPATH\Controllers\GestionUsuarioController.php(54): App\Controllers\GestionUsuarioController->datatables('[{"id":"6","nombre":"fwef","descripcion":"wefew","administrador":"true","agregar":"false","modificar":"false","eliminar":"false","estado":"1","created_at":"2024-04-02 02:06:31","updated_at":"2024-04-02 02:06:31"},{"id":"13","nombre":"wd","descripcion":"dw","administrador":"true","agregar":"false","modificar":"false","eliminar":"false","estado":"1","created_at":"2024-04-01 22:38:16","updated_at":"2024-04-01 22:38:16"},{"id":"9","nombre":"fee","descripcion":"f","administrador":"true","agregar":"false","modificar":"false","eliminar":"false","estado":"1","created_at":"2024-04-01 22:20:56","updated_at":"2024-04-01 22:20:56"},{"id":"12","nombre":"dwdw24","descripcion":"dw","administrador":"false","agregar":"false","modificar":"true","eliminar":"false","estado":"1","created_at":"2024-04-01 22:34:17","updated_at":"2024-04-04 23:49:08"},{"id":"4","nombre":"gf","descripcion":"dfg","administrador":"false","agregar":"false","modificar":"true","eliminar":"false","estado":"1","created_at":"2024-04-02 02:01:47.269406","updated_at":"2024-04-04 23:50:25"}]', [...])
 3 SYSTEMPATH\CodeIgniter.php(941): App\Controllers\GestionUsuarioController->DatosPrivilegioView1()
 4 SYSTEMPATH\CodeIgniter.php(502): CodeIgniter\CodeIgniter->runController(Object(App\Controllers\GestionUsuarioController))
 5 SYSTEMPATH\CodeIgniter.php(361): CodeIgniter\CodeIgniter->handleRequest(null, Object(Config\Cache), false)
 6 FCPATH\index.php(79): CodeIgniter\CodeIgniter->run()
 7 SYSTEMPATH\Commands\Server\rewrite.php(47): require_once('C:\\laragon\\www\\geotranck-dev\\public\\index.php')
WARNING - 2024-04-04 23:53:11 --> [DEPRECATED] usort(): Returning bool from comparison function is deprecated, return an integer less than, equal to, or greater than zero in APPPATH\Controllers\GestionUsuarioController.php on line 234.
 1 APPPATH\Controllers\GestionUsuarioController.php(234): usort([...], Object(Closure))
 2 APPPATH\Controllers\GestionUsuarioController.php(54): App\Controllers\GestionUsuarioController->datatables('[{"id":"6","nombre":"fwef","descripcion":"wefew","administrador":"true","agregar":"false","modificar":"false","eliminar":"false","estado":"1","created_at":"2024-04-02 02:06:31","updated_at":"2024-04-02 02:06:31"},{"id":"13","nombre":"wd","descripcion":"dw","administrador":"true","agregar":"false","modificar":"false","eliminar":"false","estado":"1","created_at":"2024-04-01 22:38:16","updated_at":"2024-04-01 22:38:16"},{"id":"9","nombre":"fee","descripcion":"f","administrador":"true","agregar":"false","modificar":"false","eliminar":"false","estado":"1","created_at":"2024-04-01 22:20:56","updated_at":"2024-04-01 22:20:56"},{"id":"4","nombre":"gf","descripcion":"dfg","administrador":"false","agregar":"false","modificar":"true","eliminar":"false","estado":"1","created_at":"2024-04-02 02:01:47.269406","updated_at":"2024-04-04 23:50:25"},{"id":"12","nombre":"dwdw24242","descripcion":"dw","administrador":"false","agregar":"false","modificar":"true","eliminar":"false","estado":"1","created_at":"2024-04-01 22:34:17","updated_at":"2024-04-04 23:53:01"}]', [...])
 3 SYSTEMPATH\CodeIgniter.php(941): App\Controllers\GestionUsuarioController->DatosPrivilegioView1()
 4 SYSTEMPATH\CodeIgniter.php(502): CodeIgniter\CodeIgniter->runController(Object(App\Controllers\GestionUsuarioController))
 5 SYSTEMPATH\CodeIgniter.php(361): CodeIgniter\CodeIgniter->handleRequest(null, Object(Config\Cache), false)
 6 FCPATH\index.php(79): CodeIgniter\CodeIgniter->run()
 7 SYSTEMPATH\Commands\Server\rewrite.php(47): require_once('C:\\laragon\\www\\geotranck-dev\\public\\index.php')
WARNING - 2024-04-04 23:54:37 --> [DEPRECATED] usort(): Returning bool from comparison function is deprecated, return an integer less than, equal to, or greater than zero in APPPATH\Controllers\GestionUsuarioController.php on line 234.
 1 APPPATH\Controllers\GestionUsuarioController.php(234): usort([...], Object(Closure))
 2 APPPATH\Controllers\GestionUsuarioController.php(54): App\Controllers\GestionUsuarioController->datatables('[{"id":"6","nombre":"fwef","descripcion":"wefew","administrador":"true","agregar":"false","modificar":"false","eliminar":"false","estado":"1","created_at":"2024-04-02 02:06:31","updated_at":"2024-04-02 02:06:31"},{"id":"13","nombre":"wd","descripcion":"dw","administrador":"true","agregar":"false","modificar":"false","eliminar":"false","estado":"1","created_at":"2024-04-01 22:38:16","updated_at":"2024-04-01 22:38:16"},{"id":"9","nombre":"fee","descripcion":"f","administrador":"true","agregar":"false","modificar":"false","eliminar":"false","estado":"1","created_at":"2024-04-01 22:20:56","updated_at":"2024-04-01 22:20:56"},{"id":"4","nombre":"gf","descripcion":"dfg","administrador":"false","agregar":"false","modificar":"true","eliminar":"false","estado":"1","created_at":"2024-04-02 02:01:47.269406","updated_at":"2024-04-04 23:50:25"},{"id":"12","nombre":"dwdw24242","descripcion":"dw","administrador":"false","agregar":"false","modificar":"true","eliminar":"false","estado":"1","created_at":"2024-04-01 22:34:17","updated_at":"2024-04-04 23:53:01"}]', [...])
 3 SYSTEMPATH\CodeIgniter.php(941): App\Controllers\GestionUsuarioController->DatosPrivilegioView1()
 4 SYSTEMPATH\CodeIgniter.php(502): CodeIgniter\CodeIgniter->runController(Object(App\Controllers\GestionUsuarioController))
 5 SYSTEMPATH\CodeIgniter.php(361): CodeIgniter\CodeIgniter->handleRequest(null, Object(Config\Cache), false)
 6 FCPATH\index.php(79): CodeIgniter\CodeIgniter->run()
 7 SYSTEMPATH\Commands\Server\rewrite.php(47): require_once('C:\\laragon\\www\\geotranck-dev\\public\\index.php')
WARNING - 2024-04-04 23:54:57 --> [DEPRECATED] usort(): Returning bool from comparison function is deprecated, return an integer less than, equal to, or greater than zero in APPPATH\Controllers\GestionUsuarioController.php on line 234.
 1 APPPATH\Controllers\GestionUsuarioController.php(234): usort([...], Object(Closure))
 2 APPPATH\Controllers\GestionUsuarioController.php(54): App\Controllers\GestionUsuarioController->datatables('[{"id":"6","nombre":"fwef","descripcion":"wefew","administrador":"true","agregar":"false","modificar":"false","eliminar":"false","estado":"1","created_at":"2024-04-02 02:06:31","updated_at":"2024-04-02 02:06:31"},{"id":"13","nombre":"wd","descripcion":"dw","administrador":"true","agregar":"false","modificar":"false","eliminar":"false","estado":"1","created_at":"2024-04-01 22:38:16","updated_at":"2024-04-01 22:38:16"},{"id":"9","nombre":"fee","descripcion":"f","administrador":"true","agregar":"false","modificar":"false","eliminar":"false","estado":"1","created_at":"2024-04-01 22:20:56","updated_at":"2024-04-01 22:20:56"},{"id":"4","nombre":"gf","descripcion":"dfg","administrador":"false","agregar":"false","modificar":"true","eliminar":"false","estado":"1","created_at":"2024-04-02 02:01:47.269406","updated_at":"2024-04-04 23:50:25"},{"id":"12","nombre":"dwdw24242151515","descripcion":"dw5151","administrador":"false","agregar":"false","modificar":"false","eliminar":"true","estado":"1","created_at":"2024-04-01 22:34:17","updated_at":"2024-04-04 23:54:46"}]', [...])
 3 SYSTEMPATH\CodeIgniter.php(941): App\Controllers\GestionUsuarioController->DatosPrivilegioView1()
 4 SYSTEMPATH\CodeIgniter.php(502): CodeIgniter\CodeIgniter->runController(Object(App\Controllers\GestionUsuarioController))
 5 SYSTEMPATH\CodeIgniter.php(361): CodeIgniter\CodeIgniter->handleRequest(null, Object(Config\Cache), false)
 6 FCPATH\index.php(79): CodeIgniter\CodeIgniter->run()
 7 SYSTEMPATH\Commands\Server\rewrite.php(47): require_once('C:\\laragon\\www\\geotranck-dev\\public\\index.php')
WARNING - 2024-04-04 23:58:12 --> [DEPRECATED] usort(): Returning bool from comparison function is deprecated, return an integer less than, equal to, or greater than zero in APPPATH\Controllers\GestionUsuarioController.php on line 234.
 1 APPPATH\Controllers\GestionUsuarioController.php(234): usort([...], Object(Closure))
 2 APPPATH\Controllers\GestionUsuarioController.php(54): App\Controllers\GestionUsuarioController->datatables('[{"id":"6","nombre":"fwef","descripcion":"wefew","administrador":"true","agregar":"false","modificar":"false","eliminar":"false","estado":"1","created_at":"2024-04-02 02:06:31","updated_at":"2024-04-02 02:06:31"},{"id":"13","nombre":"wd","descripcion":"dw","administrador":"true","agregar":"false","modificar":"false","eliminar":"false","estado":"1","created_at":"2024-04-01 22:38:16","updated_at":"2024-04-01 22:38:16"},{"id":"9","nombre":"fee","descripcion":"f","administrador":"true","agregar":"false","modificar":"false","eliminar":"false","estado":"1","created_at":"2024-04-01 22:20:56","updated_at":"2024-04-01 22:20:56"},{"id":"4","nombre":"gf","descripcion":"dfg","administrador":"false","agregar":"false","modificar":"true","eliminar":"false","estado":"1","created_at":"2024-04-02 02:01:47.269406","updated_at":"2024-04-04 23:50:25"},{"id":"12","nombre":"dwdw24242151515","descripcion":"dw5151","administrador":"false","agregar":"false","modificar":"false","eliminar":"true","estado":"1","created_at":"2024-04-01 22:34:17","updated_at":"2024-04-04 23:54:46"},{"id":"14","nombre":"1121","descripcion":"121","administrador":"true","agregar":"false","modificar":"false","eliminar":"false","estado":"1","created_at":"2024-04-04 23:58:08","updated_at":"2024-04-04 23:58:08"}]', [...])
 3 SYSTEMPATH\CodeIgniter.php(941): App\Controllers\GestionUsuarioController->DatosPrivilegioView1()
 4 SYSTEMPATH\CodeIgniter.php(502): CodeIgniter\CodeIgniter->runController(Object(App\Controllers\GestionUsuarioController))
 5 SYSTEMPATH\CodeIgniter.php(361): CodeIgniter\CodeIgniter->handleRequest(null, Object(Config\Cache), false)
 6 FCPATH\index.php(79): CodeIgniter\CodeIgniter->run()
 7 SYSTEMPATH\Commands\Server\rewrite.php(47): require_once('C:\\laragon\\www\\geotranck-dev\\public\\index.php')
