WARNING - 2024-04-29 00:01:54 --> [DEPRECATED] usort(): Returning bool from comparison function is deprecated, return an integer less than, equal to, or greater than zero in APPPATH\Controllers\GestionUsuarioController.php on line 696.
 1 APPPATH\Controllers\GestionUsuarioController.php(696): usort([...], Object(Closure))
 2 APPPATH\Controllers\GestionUsuarioController.php(533): App\Controllers\GestionUsuarioController->datatables('[{"id":"2","nombre":"Maria","apellido":"Lopez","correo":"maria@example.com","telefono":"7654321","direccion":"Avenida 456","cargo":"Directora","nombrerol":"Rol 2dwdwdw","created_at":"2024-04-30 12:00:00"},{"id":"3","nombre":"dee","apellido":"de","correo":"de","telefono":"213","direccion":"fefew","cargo":"sc","nombrerol":"Rol 1","created_at":"2024-04-26 22:30:56"},{"id":"5","nombre":"xasx","apellido":"ASX","correo":"asx","telefono":"123","direccion":"123","cargo":"qdw","nombrerol":"sdc","created_at":"2024-04-28 22:03:49"},{"id":"6","nombre":"bdfb","apellido":"fb","correo":"dfb","telefono":"324","direccion":"sdv","cargo":"dsv","nombrerol":"fe 123 213 dsfdsf","created_at":"2024-04-28 22:48:10"}]', [...])
 3 SYSTEMPATH\CodeIgniter.php(941): App\Controllers\GestionUsuarioController->datosAdministradorView()
 4 SYSTEMPATH\CodeIgniter.php(502): CodeIgniter\CodeIgniter->runController(Object(App\Controllers\GestionUsuarioController))
 5 SYSTEMPATH\CodeIgniter.php(361): CodeIgniter\CodeIgniter->handleRequest(null, Object(Config\Cache), false)
 6 FCPATH\index.php(79): CodeIgniter\CodeIgniter->run()
 7 SYSTEMPATH\Commands\Server\rewrite.php(47): require_once('C:\\laragon\\www\\geotranck-dev\\public\\index.php')
CRITICAL - 2024-04-29 00:01:59 --> ErrorException: Undefined array key "estado"
in APPPATH\Models\GestionUsuarioModel.php on line 177.
 1 APPPATH\Models\GestionUsuarioModel.php(177): CodeIgniter\Debug\Exceptions->errorHandler(2, 'Undefined array key "estado"', 'C:\\laragon\\www\\geotranck-dev\\app\\Models\\GestionUsuarioModel.php', 177)
 2 APPPATH\Controllers\GestionUsuarioController.php(633): App\Models\GestionUsuarioModel->editar_administrador([...], '5')
 3 SYSTEMPATH\CodeIgniter.php(941): App\Controllers\GestionUsuarioController->editarAdministrador()
 4 SYSTEMPATH\CodeIgniter.php(502): CodeIgniter\CodeIgniter->runController(Object(App\Controllers\GestionUsuarioController))
 5 SYSTEMPATH\CodeIgniter.php(361): CodeIgniter\CodeIgniter->handleRequest(null, Object(Config\Cache), false)
 6 FCPATH\index.php(79): CodeIgniter\CodeIgniter->run()
 7 SYSTEMPATH\Commands\Server\rewrite.php(47): require_once('C:\\laragon\\www\\geotranck-dev\\public\\index.php')
WARNING - 2024-04-29 00:04:24 --> [DEPRECATED] usort(): Returning bool from comparison function is deprecated, return an integer less than, equal to, or greater than zero in APPPATH\Controllers\GestionUsuarioController.php on line 696.
 1 APPPATH\Controllers\GestionUsuarioController.php(696): usort([...], Object(Closure))
 2 APPPATH\Controllers\GestionUsuarioController.php(533): App\Controllers\GestionUsuarioController->datatables('[{"id":"2","nombre":"Maria","apellido":"Lopez","correo":"maria@example.com","telefono":"7654321","direccion":"Avenida 456","cargo":"Directora","nombrerol":"Rol 2dwdwdw","created_at":"2024-04-30 12:00:00"},{"id":"3","nombre":"dee","apellido":"de","correo":"de","telefono":"213","direccion":"fefew","cargo":"sc","nombrerol":"Rol 1","created_at":"2024-04-26 22:30:56"},{"id":"5","nombre":"xasx","apellido":"ASX","correo":"asx","telefono":"123","direccion":"123","cargo":"qdw","nombrerol":"sdc","created_at":"2024-04-28 22:03:49"},{"id":"6","nombre":"bdfb","apellido":"fb","correo":"dfb","telefono":"324","direccion":"sdv","cargo":"dsv","nombrerol":"fe 123 213 dsfdsf","created_at":"2024-04-28 22:48:10"}]', [...])
 3 SYSTEMPATH\CodeIgniter.php(941): App\Controllers\GestionUsuarioController->datosAdministradorView()
 4 SYSTEMPATH\CodeIgniter.php(502): CodeIgniter\CodeIgniter->runController(Object(App\Controllers\GestionUsuarioController))
 5 SYSTEMPATH\CodeIgniter.php(361): CodeIgniter\CodeIgniter->handleRequest(null, Object(Config\Cache), false)
 6 FCPATH\index.php(79): CodeIgniter\CodeIgniter->run()
 7 SYSTEMPATH\Commands\Server\rewrite.php(47): require_once('C:\\laragon\\www\\geotranck-dev\\public\\index.php')
CRITICAL - 2024-04-29 00:04:28 --> ErrorException: Undefined array key "estado"
in APPPATH\Models\GestionUsuarioModel.php on line 177.
 1 APPPATH\Models\GestionUsuarioModel.php(177): CodeIgniter\Debug\Exceptions->errorHandler(2, 'Undefined array key "estado"', 'C:\\laragon\\www\\geotranck-dev\\app\\Models\\GestionUsuarioModel.php', 177)
 2 APPPATH\Controllers\GestionUsuarioController.php(633): App\Models\GestionUsuarioModel->editar_administrador([...], '6')
 3 SYSTEMPATH\CodeIgniter.php(941): App\Controllers\GestionUsuarioController->editarAdministrador()
 4 SYSTEMPATH\CodeIgniter.php(502): CodeIgniter\CodeIgniter->runController(Object(App\Controllers\GestionUsuarioController))
 5 SYSTEMPATH\CodeIgniter.php(361): CodeIgniter\CodeIgniter->handleRequest(null, Object(Config\Cache), false)
 6 FCPATH\index.php(79): CodeIgniter\CodeIgniter->run()
 7 SYSTEMPATH\Commands\Server\rewrite.php(47): require_once('C:\\laragon\\www\\geotranck-dev\\public\\index.php')
CRITICAL - 2024-04-29 00:04:37 --> ErrorException: Undefined array key "estado"
in APPPATH\Models\GestionUsuarioModel.php on line 177.
 1 APPPATH\Models\GestionUsuarioModel.php(177): CodeIgniter\Debug\Exceptions->errorHandler(2, 'Undefined array key "estado"', 'C:\\laragon\\www\\geotranck-dev\\app\\Models\\GestionUsuarioModel.php', 177)
 2 APPPATH\Controllers\GestionUsuarioController.php(633): App\Models\GestionUsuarioModel->editar_administrador([...], '6')
 3 SYSTEMPATH\CodeIgniter.php(941): App\Controllers\GestionUsuarioController->editarAdministrador()
 4 SYSTEMPATH\CodeIgniter.php(502): CodeIgniter\CodeIgniter->runController(Object(App\Controllers\GestionUsuarioController))
 5 SYSTEMPATH\CodeIgniter.php(361): CodeIgniter\CodeIgniter->handleRequest(null, Object(Config\Cache), false)
 6 FCPATH\index.php(79): CodeIgniter\CodeIgniter->run()
 7 SYSTEMPATH\Commands\Server\rewrite.php(47): require_once('C:\\laragon\\www\\geotranck-dev\\public\\index.php')
WARNING - 2024-04-29 00:06:37 --> [DEPRECATED] usort(): Returning bool from comparison function is deprecated, return an integer less than, equal to, or greater than zero in APPPATH\Controllers\GestionUsuarioController.php on line 696.
 1 APPPATH\Controllers\GestionUsuarioController.php(696): usort([...], Object(Closure))
 2 APPPATH\Controllers\GestionUsuarioController.php(533): App\Controllers\GestionUsuarioController->datatables('[{"id":"2","nombre":"Maria","apellido":"Lopez","correo":"maria@example.com","telefono":"7654321","direccion":"Avenida 456","cargo":"Directora","nombrerol":"Rol 2dwdwdw","created_at":"2024-04-30 12:00:00"},{"id":"3","nombre":"dee","apellido":"de","correo":"de","telefono":"213","direccion":"fefew","cargo":"sc","nombrerol":"Rol 1","created_at":"2024-04-26 22:30:56"},{"id":"5","nombre":"xasx","apellido":"ASX","correo":"asx","telefono":"123","direccion":"123","cargo":"qdw","nombrerol":"sdc","created_at":"2024-04-28 22:03:49"},{"id":"6","nombre":"bdfb","apellido":"fb","correo":"dfb","telefono":"324","direccion":"sdv","cargo":"dsv","nombrerol":"fe 123 213 dsfdsf","created_at":"2024-04-28 22:48:10"}]', [...])
 3 SYSTEMPATH\CodeIgniter.php(941): App\Controllers\GestionUsuarioController->datosAdministradorView()
 4 SYSTEMPATH\CodeIgniter.php(502): CodeIgniter\CodeIgniter->runController(Object(App\Controllers\GestionUsuarioController))
 5 SYSTEMPATH\CodeIgniter.php(361): CodeIgniter\CodeIgniter->handleRequest(null, Object(Config\Cache), false)
 6 FCPATH\index.php(79): CodeIgniter\CodeIgniter->run()
 7 SYSTEMPATH\Commands\Server\rewrite.php(47): require_once('C:\\laragon\\www\\geotranck-dev\\public\\index.php')
WARNING - 2024-04-29 00:08:24 --> [DEPRECATED] usort(): Returning bool from comparison function is deprecated, return an integer less than, equal to, or greater than zero in APPPATH\Controllers\GestionUsuarioController.php on line 696.
 1 APPPATH\Controllers\GestionUsuarioController.php(696): usort([...], Object(Closure))
 2 APPPATH\Controllers\GestionUsuarioController.php(533): App\Controllers\GestionUsuarioController->datatables('[{"id":"2","nombre":"Maria","apellido":"Lopez","correo":"maria@example.com","telefono":"7654321","direccion":"Avenida 456","cargo":"Directora","nombrerol":"Rol 2dwdwdw","created_at":"2024-04-30 12:00:00"},{"id":"3","nombre":"dee","apellido":"de","correo":"de","telefono":"213","direccion":"fefew","cargo":"sc","nombrerol":"Rol 1","created_at":"2024-04-26 22:30:56"},{"id":"5","nombre":"xasx","apellido":"ASX","correo":"asx","telefono":"123","direccion":"123","cargo":"qdw","nombrerol":"sdc","created_at":"2024-04-28 22:03:49"},{"id":"6","nombre":"bdfb","apellido":"fb","correo":"dfb","telefono":"324","direccion":"sdv","cargo":"dsv","nombrerol":"fe 123 213 dsfdsf","created_at":"2024-04-28 22:48:10"}]', [...])
 3 SYSTEMPATH\CodeIgniter.php(941): App\Controllers\GestionUsuarioController->datosAdministradorView()
 4 SYSTEMPATH\CodeIgniter.php(502): CodeIgniter\CodeIgniter->runController(Object(App\Controllers\GestionUsuarioController))
 5 SYSTEMPATH\CodeIgniter.php(361): CodeIgniter\CodeIgniter->handleRequest(null, Object(Config\Cache), false)
 6 FCPATH\index.php(79): CodeIgniter\CodeIgniter->run()
 7 SYSTEMPATH\Commands\Server\rewrite.php(47): require_once('C:\\laragon\\www\\geotranck-dev\\public\\index.php')
WARNING - 2024-04-29 00:10:44 --> [DEPRECATED] usort(): Returning bool from comparison function is deprecated, return an integer less than, equal to, or greater than zero in APPPATH\Controllers\GestionUsuarioController.php on line 696.
 1 APPPATH\Controllers\GestionUsuarioController.php(696): usort([...], Object(Closure))
 2 APPPATH\Controllers\GestionUsuarioController.php(533): App\Controllers\GestionUsuarioController->datatables('[{"id":"2","nombre":"Maria","apellido":"Lopez","correo":"maria@example.com","telefono":"7654321","direccion":"Avenida 456","cargo":"Directora","nombrerol":"Rol 2dwdwdw","created_at":"2024-04-30 12:00:00"},{"id":"3","nombre":"dee","apellido":"de","correo":"de","telefono":"213","direccion":"fefew","cargo":"sc","nombrerol":"Rol 1","created_at":"2024-04-26 22:30:56"},{"id":"5","nombre":"xasx","apellido":"ASX","correo":"asx","telefono":"123","direccion":"123","cargo":"qdw","nombrerol":"sdc","created_at":"2024-04-28 22:03:49"},{"id":"6","nombre":"bdfb","apellido":"fb","correo":"dfb","telefono":"324","direccion":"sdv","cargo":"dsv","nombrerol":"fe 123 213 dsfdsf","created_at":"2024-04-28 22:48:10"}]', [...])
 3 SYSTEMPATH\CodeIgniter.php(941): App\Controllers\GestionUsuarioController->datosAdministradorView()
 4 SYSTEMPATH\CodeIgniter.php(502): CodeIgniter\CodeIgniter->runController(Object(App\Controllers\GestionUsuarioController))
 5 SYSTEMPATH\CodeIgniter.php(361): CodeIgniter\CodeIgniter->handleRequest(null, Object(Config\Cache), false)
 6 FCPATH\index.php(79): CodeIgniter\CodeIgniter->run()
 7 SYSTEMPATH\Commands\Server\rewrite.php(47): require_once('C:\\laragon\\www\\geotranck-dev\\public\\index.php')
CRITICAL - 2024-04-29 00:11:41 --> ErrorException: Undefined array key "estado"
in APPPATH\Models\GestionUsuarioModel.php on line 177.
 1 APPPATH\Models\GestionUsuarioModel.php(177): CodeIgniter\Debug\Exceptions->errorHandler(2, 'Undefined array key "estado"', 'C:\\laragon\\www\\geotranck-dev\\app\\Models\\GestionUsuarioModel.php', 177)
 2 APPPATH\Controllers\GestionUsuarioController.php(633): App\Models\GestionUsuarioModel->editar_administrador([...], '3')
 3 SYSTEMPATH\CodeIgniter.php(941): App\Controllers\GestionUsuarioController->editarAdministrador()
 4 SYSTEMPATH\CodeIgniter.php(502): CodeIgniter\CodeIgniter->runController(Object(App\Controllers\GestionUsuarioController))
 5 SYSTEMPATH\CodeIgniter.php(361): CodeIgniter\CodeIgniter->handleRequest(null, Object(Config\Cache), false)
 6 FCPATH\index.php(79): CodeIgniter\CodeIgniter->run()
 7 SYSTEMPATH\Commands\Server\rewrite.php(47): require_once('C:\\laragon\\www\\geotranck-dev\\public\\index.php')
CRITICAL - 2024-04-29 00:11:51 --> ErrorException: Undefined array key "estado"
in APPPATH\Models\GestionUsuarioModel.php on line 177.
 1 APPPATH\Models\GestionUsuarioModel.php(177): CodeIgniter\Debug\Exceptions->errorHandler(2, 'Undefined array key "estado"', 'C:\\laragon\\www\\geotranck-dev\\app\\Models\\GestionUsuarioModel.php', 177)
 2 APPPATH\Controllers\GestionUsuarioController.php(633): App\Models\GestionUsuarioModel->editar_administrador([...], '3')
 3 SYSTEMPATH\CodeIgniter.php(941): App\Controllers\GestionUsuarioController->editarAdministrador()
 4 SYSTEMPATH\CodeIgniter.php(502): CodeIgniter\CodeIgniter->runController(Object(App\Controllers\GestionUsuarioController))
 5 SYSTEMPATH\CodeIgniter.php(361): CodeIgniter\CodeIgniter->handleRequest(null, Object(Config\Cache), false)
 6 FCPATH\index.php(79): CodeIgniter\CodeIgniter->run()
 7 SYSTEMPATH\Commands\Server\rewrite.php(47): require_once('C:\\laragon\\www\\geotranck-dev\\public\\index.php')
WARNING - 2024-04-29 00:15:46 --> [DEPRECATED] usort(): Returning bool from comparison function is deprecated, return an integer less than, equal to, or greater than zero in APPPATH\Controllers\GestionUsuarioController.php on line 696.
 1 APPPATH\Controllers\GestionUsuarioController.php(696): usort([...], Object(Closure))
 2 APPPATH\Controllers\GestionUsuarioController.php(533): App\Controllers\GestionUsuarioController->datatables('[{"id":"2","nombre":"Maria","apellido":"Lopez","correo":"maria@example.com","telefono":"7654321","direccion":"Avenida 456","cargo":"Directora","nombrerol":"Rol 2dwdwdw","created_at":"2024-04-30 12:00:00"},{"id":"3","nombre":"dee","apellido":"de","correo":"de","telefono":"213","direccion":"fefew","cargo":"sc","nombrerol":"Rol 1","created_at":"2024-04-26 22:30:56"},{"id":"5","nombre":"xasx","apellido":"ASX","correo":"asx","telefono":"123","direccion":"123","cargo":"qdw","nombrerol":"sdc","created_at":"2024-04-28 22:03:49"},{"id":"6","nombre":"bdfb","apellido":"fb","correo":"dfb","telefono":"324","direccion":"sdv","cargo":"dsv","nombrerol":"fe 123 213 dsfdsf","created_at":"2024-04-28 22:48:10"}]', [...])
 3 SYSTEMPATH\CodeIgniter.php(941): App\Controllers\GestionUsuarioController->datosAdministradorView()
 4 SYSTEMPATH\CodeIgniter.php(502): CodeIgniter\CodeIgniter->runController(Object(App\Controllers\GestionUsuarioController))
 5 SYSTEMPATH\CodeIgniter.php(361): CodeIgniter\CodeIgniter->handleRequest(null, Object(Config\Cache), false)
 6 FCPATH\index.php(79): CodeIgniter\CodeIgniter->run()
 7 SYSTEMPATH\Commands\Server\rewrite.php(47): require_once('C:\\laragon\\www\\geotranck-dev\\public\\index.php')
CRITICAL - 2024-04-29 00:16:05 --> ErrorException: Undefined array key "estado"
in APPPATH\Models\GestionUsuarioModel.php on line 177.
 1 APPPATH\Models\GestionUsuarioModel.php(177): CodeIgniter\Debug\Exceptions->errorHandler(2, 'Undefined array key "estado"', 'C:\\laragon\\www\\geotranck-dev\\app\\Models\\GestionUsuarioModel.php', 177)
 2 APPPATH\Controllers\GestionUsuarioController.php(633): App\Models\GestionUsuarioModel->editar_administrador([...], 5)
 3 SYSTEMPATH\CodeIgniter.php(941): App\Controllers\GestionUsuarioController->editarAdministrador()
 4 SYSTEMPATH\CodeIgniter.php(502): CodeIgniter\CodeIgniter->runController(Object(App\Controllers\GestionUsuarioController))
 5 SYSTEMPATH\CodeIgniter.php(361): CodeIgniter\CodeIgniter->handleRequest(null, Object(Config\Cache), false)
 6 FCPATH\index.php(79): CodeIgniter\CodeIgniter->run()
 7 SYSTEMPATH\Commands\Server\rewrite.php(47): require_once('C:\\laragon\\www\\geotranck-dev\\public\\index.php')
WARNING - 2024-04-29 00:21:21 --> [DEPRECATED] usort(): Returning bool from comparison function is deprecated, return an integer less than, equal to, or greater than zero in APPPATH\Controllers\GestionUsuarioController.php on line 696.
 1 APPPATH\Controllers\GestionUsuarioController.php(696): usort([...], Object(Closure))
 2 APPPATH\Controllers\GestionUsuarioController.php(533): App\Controllers\GestionUsuarioController->datatables('[{"id":"2","nombre":"Maria","apellido":"Lopez","correo":"maria@example.com","telefono":"7654321","direccion":"Avenida 456","cargo":"Directora","nombrerol":"Rol 2dwdwdw","created_at":"2024-04-30 12:00:00"},{"id":"3","nombre":"dee","apellido":"de","correo":"de","telefono":"213","direccion":"fefew","cargo":"sc","nombrerol":"Rol 1","created_at":"2024-04-26 22:30:56"},{"id":"5","nombre":"xasx","apellido":"ASX","correo":"asx","telefono":"123","direccion":"123","cargo":"qdw","nombrerol":"sdc","created_at":"2024-04-28 22:03:49"},{"id":"6","nombre":"bdfb","apellido":"fb","correo":"dfb","telefono":"324","direccion":"sdv","cargo":"dsv","nombrerol":"fe 123 213 dsfdsf","created_at":"2024-04-28 22:48:10"}]', [...])
 3 SYSTEMPATH\CodeIgniter.php(941): App\Controllers\GestionUsuarioController->datosAdministradorView()
 4 SYSTEMPATH\CodeIgniter.php(502): CodeIgniter\CodeIgniter->runController(Object(App\Controllers\GestionUsuarioController))
 5 SYSTEMPATH\CodeIgniter.php(361): CodeIgniter\CodeIgniter->handleRequest(null, Object(Config\Cache), false)
 6 FCPATH\index.php(79): CodeIgniter\CodeIgniter->run()
 7 SYSTEMPATH\Commands\Server\rewrite.php(47): require_once('C:\\laragon\\www\\geotranck-dev\\public\\index.php')
CRITICAL - 2024-04-29 00:21:26 --> ErrorException: Undefined array key "estado"
in APPPATH\Models\GestionUsuarioModel.php on line 177.
 1 APPPATH\Models\GestionUsuarioModel.php(177): CodeIgniter\Debug\Exceptions->errorHandler(2, 'Undefined array key "estado"', 'C:\\laragon\\www\\geotranck-dev\\app\\Models\\GestionUsuarioModel.php', 177)
 2 APPPATH\Controllers\GestionUsuarioController.php(633): App\Models\GestionUsuarioModel->editar_administrador([...], 5)
 3 SYSTEMPATH\CodeIgniter.php(941): App\Controllers\GestionUsuarioController->editarAdministrador()
 4 SYSTEMPATH\CodeIgniter.php(502): CodeIgniter\CodeIgniter->runController(Object(App\Controllers\GestionUsuarioController))
 5 SYSTEMPATH\CodeIgniter.php(361): CodeIgniter\CodeIgniter->handleRequest(null, Object(Config\Cache), false)
 6 FCPATH\index.php(79): CodeIgniter\CodeIgniter->run()
 7 SYSTEMPATH\Commands\Server\rewrite.php(47): require_once('C:\\laragon\\www\\geotranck-dev\\public\\index.php')
WARNING - 2024-04-29 00:23:28 --> [DEPRECATED] usort(): Returning bool from comparison function is deprecated, return an integer less than, equal to, or greater than zero in APPPATH\Controllers\GestionUsuarioController.php on line 696.
 1 APPPATH\Controllers\GestionUsuarioController.php(696): usort([...], Object(Closure))
 2 APPPATH\Controllers\GestionUsuarioController.php(533): App\Controllers\GestionUsuarioController->datatables('[{"id":"2","nombre":"Maria","apellido":"Lopez","correo":"maria@example.com","telefono":"7654321","direccion":"Avenida 456","cargo":"Directora","nombrerol":"Rol 2dwdwdw","created_at":"2024-04-30 12:00:00"},{"id":"3","nombre":"dee","apellido":"de","correo":"de","telefono":"213","direccion":"fefew","cargo":"sc","nombrerol":"Rol 1","created_at":"2024-04-26 22:30:56"},{"id":"5","nombre":"xasx","apellido":"ASX","correo":"asx","telefono":"123","direccion":"123","cargo":"qdw","nombrerol":"sdc","created_at":"2024-04-28 22:03:49"},{"id":"6","nombre":"bdfb","apellido":"fb","correo":"dfb","telefono":"324","direccion":"sdv","cargo":"dsv","nombrerol":"fe 123 213 dsfdsf","created_at":"2024-04-28 22:48:10"}]', [...])
 3 SYSTEMPATH\CodeIgniter.php(941): App\Controllers\GestionUsuarioController->datosAdministradorView()
 4 SYSTEMPATH\CodeIgniter.php(502): CodeIgniter\CodeIgniter->runController(Object(App\Controllers\GestionUsuarioController))
 5 SYSTEMPATH\CodeIgniter.php(361): CodeIgniter\CodeIgniter->handleRequest(null, Object(Config\Cache), false)
 6 FCPATH\index.php(79): CodeIgniter\CodeIgniter->run()
 7 SYSTEMPATH\Commands\Server\rewrite.php(47): require_once('C:\\laragon\\www\\geotranck-dev\\public\\index.php')
CRITICAL - 2024-04-29 00:26:21 --> ErrorException: Undefined array key "estado"
in APPPATH\Models\GestionUsuarioModel.php on line 177.
 1 APPPATH\Models\GestionUsuarioModel.php(177): CodeIgniter\Debug\Exceptions->errorHandler(2, 'Undefined array key "estado"', 'C:\\laragon\\www\\geotranck-dev\\app\\Models\\GestionUsuarioModel.php', 177)
 2 APPPATH\Controllers\GestionUsuarioController.php(633): App\Models\GestionUsuarioModel->editar_administrador([...], 5)
 3 SYSTEMPATH\CodeIgniter.php(941): App\Controllers\GestionUsuarioController->editarAdministrador()
 4 SYSTEMPATH\CodeIgniter.php(502): CodeIgniter\CodeIgniter->runController(Object(App\Controllers\GestionUsuarioController))
 5 SYSTEMPATH\CodeIgniter.php(361): CodeIgniter\CodeIgniter->handleRequest(null, Object(Config\Cache), false)
 6 FCPATH\index.php(79): CodeIgniter\CodeIgniter->run()
 7 SYSTEMPATH\Commands\Server\rewrite.php(47): require_once('C:\\laragon\\www\\geotranck-dev\\public\\index.php')
CRITICAL - 2024-04-29 00:26:37 --> ErrorException: Undefined array key "estado"
in APPPATH\Models\GestionUsuarioModel.php on line 177.
 1 APPPATH\Models\GestionUsuarioModel.php(177): CodeIgniter\Debug\Exceptions->errorHandler(2, 'Undefined array key "estado"', 'C:\\laragon\\www\\geotranck-dev\\app\\Models\\GestionUsuarioModel.php', 177)
 2 APPPATH\Controllers\GestionUsuarioController.php(633): App\Models\GestionUsuarioModel->editar_administrador([...], 5)
 3 SYSTEMPATH\CodeIgniter.php(941): App\Controllers\GestionUsuarioController->editarAdministrador()
 4 SYSTEMPATH\CodeIgniter.php(502): CodeIgniter\CodeIgniter->runController(Object(App\Controllers\GestionUsuarioController))
 5 SYSTEMPATH\CodeIgniter.php(361): CodeIgniter\CodeIgniter->handleRequest(null, Object(Config\Cache), false)
 6 FCPATH\index.php(79): CodeIgniter\CodeIgniter->run()
 7 SYSTEMPATH\Commands\Server\rewrite.php(47): require_once('C:\\laragon\\www\\geotranck-dev\\public\\index.php')
CRITICAL - 2024-04-29 00:26:47 --> ErrorException: Undefined array key "estado"
in APPPATH\Models\GestionUsuarioModel.php on line 177.
 1 APPPATH\Models\GestionUsuarioModel.php(177): CodeIgniter\Debug\Exceptions->errorHandler(2, 'Undefined array key "estado"', 'C:\\laragon\\www\\geotranck-dev\\app\\Models\\GestionUsuarioModel.php', 177)
 2 APPPATH\Controllers\GestionUsuarioController.php(633): App\Models\GestionUsuarioModel->editar_administrador([...], 5)
 3 SYSTEMPATH\CodeIgniter.php(941): App\Controllers\GestionUsuarioController->editarAdministrador()
 4 SYSTEMPATH\CodeIgniter.php(502): CodeIgniter\CodeIgniter->runController(Object(App\Controllers\GestionUsuarioController))
 5 SYSTEMPATH\CodeIgniter.php(361): CodeIgniter\CodeIgniter->handleRequest(null, Object(Config\Cache), false)
 6 FCPATH\index.php(79): CodeIgniter\CodeIgniter->run()
 7 SYSTEMPATH\Commands\Server\rewrite.php(47): require_once('C:\\laragon\\www\\geotranck-dev\\public\\index.php')
WARNING - 2024-04-29 00:29:25 --> [DEPRECATED] usort(): Returning bool from comparison function is deprecated, return an integer less than, equal to, or greater than zero in APPPATH\Controllers\GestionUsuarioController.php on line 696.
 1 APPPATH\Controllers\GestionUsuarioController.php(696): usort([...], Object(Closure))
 2 APPPATH\Controllers\GestionUsuarioController.php(533): App\Controllers\GestionUsuarioController->datatables('[{"id":"2","nombre":"Maria","apellido":"Lopez","correo":"maria@example.com","telefono":"7654321","direccion":"Avenida 456","cargo":"Directora","nombrerol":"Rol 2dwdwdw","created_at":"2024-04-30 12:00:00"},{"id":"3","nombre":"dee","apellido":"de","correo":"de","telefono":"213","direccion":"fefew","cargo":"sc","nombrerol":"Rol 1","created_at":"2024-04-26 22:30:56"},{"id":"5","nombre":"xasx","apellido":"ASX","correo":"asx","telefono":"123","direccion":"123","cargo":"qdw","nombrerol":"sdc","created_at":"2024-04-28 22:03:49"},{"id":"6","nombre":"bdfb","apellido":"fb","correo":"dfb","telefono":"324","direccion":"sdv","cargo":"dsv","nombrerol":"fe 123 213 dsfdsf","created_at":"2024-04-28 22:48:10"}]', [...])
 3 SYSTEMPATH\CodeIgniter.php(941): App\Controllers\GestionUsuarioController->datosAdministradorView()
 4 SYSTEMPATH\CodeIgniter.php(502): CodeIgniter\CodeIgniter->runController(Object(App\Controllers\GestionUsuarioController))
 5 SYSTEMPATH\CodeIgniter.php(361): CodeIgniter\CodeIgniter->handleRequest(null, Object(Config\Cache), false)
 6 FCPATH\index.php(79): CodeIgniter\CodeIgniter->run()
 7 SYSTEMPATH\Commands\Server\rewrite.php(47): require_once('C:\\laragon\\www\\geotranck-dev\\public\\index.php')
CRITICAL - 2024-04-29 00:30:11 --> ErrorException: Undefined array key "estado"
in APPPATH\Models\GestionUsuarioModel.php on line 177.
 1 APPPATH\Models\GestionUsuarioModel.php(177): CodeIgniter\Debug\Exceptions->errorHandler(2, 'Undefined array key "estado"', 'C:\\laragon\\www\\geotranck-dev\\app\\Models\\GestionUsuarioModel.php', 177)
 2 APPPATH\Controllers\GestionUsuarioController.php(633): App\Models\GestionUsuarioModel->editar_administrador([...], 5)
 3 SYSTEMPATH\CodeIgniter.php(941): App\Controllers\GestionUsuarioController->editarAdministrador()
 4 SYSTEMPATH\CodeIgniter.php(502): CodeIgniter\CodeIgniter->runController(Object(App\Controllers\GestionUsuarioController))
 5 SYSTEMPATH\CodeIgniter.php(361): CodeIgniter\CodeIgniter->handleRequest(null, Object(Config\Cache), false)
 6 FCPATH\index.php(79): CodeIgniter\CodeIgniter->run()
 7 SYSTEMPATH\Commands\Server\rewrite.php(47): require_once('C:\\laragon\\www\\geotranck-dev\\public\\index.php')
WARNING - 2024-04-29 00:30:45 --> [DEPRECATED] usort(): Returning bool from comparison function is deprecated, return an integer less than, equal to, or greater than zero in APPPATH\Controllers\GestionUsuarioController.php on line 696.
 1 APPPATH\Controllers\GestionUsuarioController.php(696): usort([...], Object(Closure))
 2 APPPATH\Controllers\GestionUsuarioController.php(533): App\Controllers\GestionUsuarioController->datatables('[{"id":"2","nombre":"Maria","apellido":"Lopez","correo":"maria@example.com","telefono":"7654321","direccion":"Avenida 456","cargo":"Directora","nombrerol":"Rol 2dwdwdw","created_at":"2024-04-30 12:00:00"},{"id":"3","nombre":"dee","apellido":"de","correo":"de","telefono":"213","direccion":"fefew","cargo":"sc","nombrerol":"Rol 1","created_at":"2024-04-26 22:30:56"},{"id":"5","nombre":"xasx","apellido":"ASX","correo":"asx","telefono":"123","direccion":"123","cargo":"qdw","nombrerol":"sdc","created_at":"2024-04-28 22:03:49"},{"id":"6","nombre":"bdfb","apellido":"fb","correo":"dfb","telefono":"324","direccion":"sdv","cargo":"dsv","nombrerol":"fe 123 213 dsfdsf","created_at":"2024-04-28 22:48:10"}]', [...])
 3 SYSTEMPATH\CodeIgniter.php(941): App\Controllers\GestionUsuarioController->datosAdministradorView()
 4 SYSTEMPATH\CodeIgniter.php(502): CodeIgniter\CodeIgniter->runController(Object(App\Controllers\GestionUsuarioController))
 5 SYSTEMPATH\CodeIgniter.php(361): CodeIgniter\CodeIgniter->handleRequest(null, Object(Config\Cache), false)
 6 FCPATH\index.php(79): CodeIgniter\CodeIgniter->run()
 7 SYSTEMPATH\Commands\Server\rewrite.php(47): require_once('C:\\laragon\\www\\geotranck-dev\\public\\index.php')
CRITICAL - 2024-04-29 00:30:55 --> ErrorException: Undefined array key "estado"
in APPPATH\Models\GestionUsuarioModel.php on line 177.
 1 APPPATH\Models\GestionUsuarioModel.php(177): CodeIgniter\Debug\Exceptions->errorHandler(2, 'Undefined array key "estado"', 'C:\\laragon\\www\\geotranck-dev\\app\\Models\\GestionUsuarioModel.php', 177)
 2 APPPATH\Controllers\GestionUsuarioController.php(633): App\Models\GestionUsuarioModel->editar_administrador([...], 5)
 3 SYSTEMPATH\CodeIgniter.php(941): App\Controllers\GestionUsuarioController->editarAdministrador()
 4 SYSTEMPATH\CodeIgniter.php(502): CodeIgniter\CodeIgniter->runController(Object(App\Controllers\GestionUsuarioController))
 5 SYSTEMPATH\CodeIgniter.php(361): CodeIgniter\CodeIgniter->handleRequest(null, Object(Config\Cache), false)
 6 FCPATH\index.php(79): CodeIgniter\CodeIgniter->run()
 7 SYSTEMPATH\Commands\Server\rewrite.php(47): require_once('C:\\laragon\\www\\geotranck-dev\\public\\index.php')
WARNING - 2024-04-29 00:34:15 --> [DEPRECATED] usort(): Returning bool from comparison function is deprecated, return an integer less than, equal to, or greater than zero in APPPATH\Controllers\GestionUsuarioController.php on line 696.
 1 APPPATH\Controllers\GestionUsuarioController.php(696): usort([...], Object(Closure))
 2 APPPATH\Controllers\GestionUsuarioController.php(533): App\Controllers\GestionUsuarioController->datatables('[{"id":"2","nombre":"Maria","apellido":"Lopez","correo":"maria@example.com","telefono":"7654321","direccion":"Avenida 456","cargo":"Directora","nombrerol":"Rol 2dwdwdw","created_at":"2024-04-30 12:00:00"},{"id":"3","nombre":"dee","apellido":"de","correo":"de","telefono":"213","direccion":"fefew","cargo":"sc","nombrerol":"Rol 1","created_at":"2024-04-26 22:30:56"},{"id":"5","nombre":"xasx","apellido":"ASX","correo":"asx","telefono":"123","direccion":"123","cargo":"qdw","nombrerol":"sdc","created_at":"2024-04-28 22:03:49"},{"id":"6","nombre":"bdfb","apellido":"fb","correo":"dfb","telefono":"324","direccion":"sdv","cargo":"dsv","nombrerol":"fe 123 213 dsfdsf","created_at":"2024-04-28 22:48:10"}]', [...])
 3 SYSTEMPATH\CodeIgniter.php(941): App\Controllers\GestionUsuarioController->datosAdministradorView()
 4 SYSTEMPATH\CodeIgniter.php(502): CodeIgniter\CodeIgniter->runController(Object(App\Controllers\GestionUsuarioController))
 5 SYSTEMPATH\CodeIgniter.php(361): CodeIgniter\CodeIgniter->handleRequest(null, Object(Config\Cache), false)
 6 FCPATH\index.php(79): CodeIgniter\CodeIgniter->run()
 7 SYSTEMPATH\Commands\Server\rewrite.php(47): require_once('C:\\laragon\\www\\geotranck-dev\\public\\index.php')
CRITICAL - 2024-04-29 00:34:20 --> ErrorException: Undefined array key "estado"
in APPPATH\Models\GestionUsuarioModel.php on line 177.
 1 APPPATH\Models\GestionUsuarioModel.php(177): CodeIgniter\Debug\Exceptions->errorHandler(2, 'Undefined array key "estado"', 'C:\\laragon\\www\\geotranck-dev\\app\\Models\\GestionUsuarioModel.php', 177)
 2 APPPATH\Controllers\GestionUsuarioController.php(633): App\Models\GestionUsuarioModel->editar_administrador([...], 5)
 3 SYSTEMPATH\CodeIgniter.php(941): App\Controllers\GestionUsuarioController->editarAdministrador()
 4 SYSTEMPATH\CodeIgniter.php(502): CodeIgniter\CodeIgniter->runController(Object(App\Controllers\GestionUsuarioController))
 5 SYSTEMPATH\CodeIgniter.php(361): CodeIgniter\CodeIgniter->handleRequest(null, Object(Config\Cache), false)
 6 FCPATH\index.php(79): CodeIgniter\CodeIgniter->run()
 7 SYSTEMPATH\Commands\Server\rewrite.php(47): require_once('C:\\laragon\\www\\geotranck-dev\\public\\index.php')
CRITICAL - 2024-04-29 00:34:44 --> ErrorException: Undefined array key "estado"
in APPPATH\Models\GestionUsuarioModel.php on line 177.
 1 APPPATH\Models\GestionUsuarioModel.php(177): CodeIgniter\Debug\Exceptions->errorHandler(2, 'Undefined array key "estado"', 'C:\\laragon\\www\\geotranck-dev\\app\\Models\\GestionUsuarioModel.php', 177)
 2 APPPATH\Controllers\GestionUsuarioController.php(633): App\Models\GestionUsuarioModel->editar_administrador([...], 5)
 3 SYSTEMPATH\CodeIgniter.php(941): App\Controllers\GestionUsuarioController->editarAdministrador()
 4 SYSTEMPATH\CodeIgniter.php(502): CodeIgniter\CodeIgniter->runController(Object(App\Controllers\GestionUsuarioController))
 5 SYSTEMPATH\CodeIgniter.php(361): CodeIgniter\CodeIgniter->handleRequest(null, Object(Config\Cache), false)
 6 FCPATH\index.php(79): CodeIgniter\CodeIgniter->run()
 7 SYSTEMPATH\Commands\Server\rewrite.php(47): require_once('C:\\laragon\\www\\geotranck-dev\\public\\index.php')
WARNING - 2024-04-29 00:35:32 --> [DEPRECATED] usort(): Returning bool from comparison function is deprecated, return an integer less than, equal to, or greater than zero in APPPATH\Controllers\GestionUsuarioController.php on line 696.
 1 APPPATH\Controllers\GestionUsuarioController.php(696): usort([...], Object(Closure))
 2 APPPATH\Controllers\GestionUsuarioController.php(533): App\Controllers\GestionUsuarioController->datatables('[{"id":"2","nombre":"Maria","apellido":"Lopez","correo":"maria@example.com","telefono":"7654321","direccion":"Avenida 456","cargo":"Directora","nombrerol":"Rol 2dwdwdw","created_at":"2024-04-30 12:00:00"},{"id":"3","nombre":"dee","apellido":"de","correo":"de","telefono":"213","direccion":"fefew","cargo":"sc","nombrerol":"Rol 1","created_at":"2024-04-26 22:30:56"},{"id":"5","nombre":"xasx","apellido":"ASX","correo":"asx","telefono":"123","direccion":"123","cargo":"qdw","nombrerol":"sdc","created_at":"2024-04-28 22:03:49"},{"id":"6","nombre":"bdfb","apellido":"fb","correo":"dfb","telefono":"324","direccion":"sdv","cargo":"dsv","nombrerol":"fe 123 213 dsfdsf","created_at":"2024-04-28 22:48:10"}]', [...])
 3 SYSTEMPATH\CodeIgniter.php(941): App\Controllers\GestionUsuarioController->datosAdministradorView()
 4 SYSTEMPATH\CodeIgniter.php(502): CodeIgniter\CodeIgniter->runController(Object(App\Controllers\GestionUsuarioController))
 5 SYSTEMPATH\CodeIgniter.php(361): CodeIgniter\CodeIgniter->handleRequest(null, Object(Config\Cache), false)
 6 FCPATH\index.php(79): CodeIgniter\CodeIgniter->run()
 7 SYSTEMPATH\Commands\Server\rewrite.php(47): require_once('C:\\laragon\\www\\geotranck-dev\\public\\index.php')
CRITICAL - 2024-04-29 00:35:38 --> ErrorException: Undefined array key "estado"
in APPPATH\Models\GestionUsuarioModel.php on line 177.
 1 APPPATH\Models\GestionUsuarioModel.php(177): CodeIgniter\Debug\Exceptions->errorHandler(2, 'Undefined array key "estado"', 'C:\\laragon\\www\\geotranck-dev\\app\\Models\\GestionUsuarioModel.php', 177)
 2 APPPATH\Controllers\GestionUsuarioController.php(633): App\Models\GestionUsuarioModel->editar_administrador([...], '5')
 3 SYSTEMPATH\CodeIgniter.php(941): App\Controllers\GestionUsuarioController->editarAdministrador()
 4 SYSTEMPATH\CodeIgniter.php(502): CodeIgniter\CodeIgniter->runController(Object(App\Controllers\GestionUsuarioController))
 5 SYSTEMPATH\CodeIgniter.php(361): CodeIgniter\CodeIgniter->handleRequest(null, Object(Config\Cache), false)
 6 FCPATH\index.php(79): CodeIgniter\CodeIgniter->run()
 7 SYSTEMPATH\Commands\Server\rewrite.php(47): require_once('C:\\laragon\\www\\geotranck-dev\\public\\index.php')
WARNING - 2024-04-29 00:37:45 --> [DEPRECATED] usort(): Returning bool from comparison function is deprecated, return an integer less than, equal to, or greater than zero in APPPATH\Controllers\GestionUsuarioController.php on line 696.
 1 APPPATH\Controllers\GestionUsuarioController.php(696): usort([...], Object(Closure))
 2 APPPATH\Controllers\GestionUsuarioController.php(533): App\Controllers\GestionUsuarioController->datatables('[{"id":"2","nombre":"Maria","apellido":"Lopez","correo":"maria@example.com","telefono":"7654321","direccion":"Avenida 456","cargo":"Directora","nombrerol":"Rol 2dwdwdw","created_at":"2024-04-30 12:00:00"},{"id":"3","nombre":"dee","apellido":"de","correo":"de","telefono":"213","direccion":"fefew","cargo":"sc","nombrerol":"Rol 1","created_at":"2024-04-26 22:30:56"},{"id":"5","nombre":"xasx","apellido":"ASX","correo":"asx","telefono":"123","direccion":"123","cargo":"qdw","nombrerol":"sdc","created_at":"2024-04-28 22:03:49"},{"id":"6","nombre":"bdfb","apellido":"fb","correo":"dfb","telefono":"324","direccion":"sdv","cargo":"dsv","nombrerol":"fe 123 213 dsfdsf","created_at":"2024-04-28 22:48:10"}]', [...])
 3 SYSTEMPATH\CodeIgniter.php(941): App\Controllers\GestionUsuarioController->datosAdministradorView()
 4 SYSTEMPATH\CodeIgniter.php(502): CodeIgniter\CodeIgniter->runController(Object(App\Controllers\GestionUsuarioController))
 5 SYSTEMPATH\CodeIgniter.php(361): CodeIgniter\CodeIgniter->handleRequest(null, Object(Config\Cache), false)
 6 FCPATH\index.php(79): CodeIgniter\CodeIgniter->run()
 7 SYSTEMPATH\Commands\Server\rewrite.php(47): require_once('C:\\laragon\\www\\geotranck-dev\\public\\index.php')
CRITICAL - 2024-04-29 00:38:12 --> ErrorException: Undefined array key "estado"
in APPPATH\Models\GestionUsuarioModel.php on line 177.
 1 APPPATH\Models\GestionUsuarioModel.php(177): CodeIgniter\Debug\Exceptions->errorHandler(2, 'Undefined array key "estado"', 'C:\\laragon\\www\\geotranck-dev\\app\\Models\\GestionUsuarioModel.php', 177)
 2 APPPATH\Controllers\GestionUsuarioController.php(633): App\Models\GestionUsuarioModel->editar_administrador([...], '3')
 3 SYSTEMPATH\CodeIgniter.php(941): App\Controllers\GestionUsuarioController->editarAdministrador()
 4 SYSTEMPATH\CodeIgniter.php(502): CodeIgniter\CodeIgniter->runController(Object(App\Controllers\GestionUsuarioController))
 5 SYSTEMPATH\CodeIgniter.php(361): CodeIgniter\CodeIgniter->handleRequest(null, Object(Config\Cache), false)
 6 FCPATH\index.php(79): CodeIgniter\CodeIgniter->run()
 7 SYSTEMPATH\Commands\Server\rewrite.php(47): require_once('C:\\laragon\\www\\geotranck-dev\\public\\index.php')
CRITICAL - 2024-04-29 00:43:02 --> ErrorException: Undefined array key "estado"
in APPPATH\Models\GestionUsuarioModel.php on line 177.
 1 APPPATH\Models\GestionUsuarioModel.php(177): CodeIgniter\Debug\Exceptions->errorHandler(2, 'Undefined array key "estado"', 'C:\\laragon\\www\\geotranck-dev\\app\\Models\\GestionUsuarioModel.php', 177)
 2 APPPATH\Controllers\GestionUsuarioController.php(633): App\Models\GestionUsuarioModel->editar_administrador([...], '3')
 3 SYSTEMPATH\CodeIgniter.php(941): App\Controllers\GestionUsuarioController->editarAdministrador()
 4 SYSTEMPATH\CodeIgniter.php(502): CodeIgniter\CodeIgniter->runController(Object(App\Controllers\GestionUsuarioController))
 5 SYSTEMPATH\CodeIgniter.php(361): CodeIgniter\CodeIgniter->handleRequest(null, Object(Config\Cache), false)
 6 FCPATH\index.php(79): CodeIgniter\CodeIgniter->run()
 7 SYSTEMPATH\Commands\Server\rewrite.php(47): require_once('C:\\laragon\\www\\geotranck-dev\\public\\index.php')
WARNING - 2024-04-29 00:49:32 --> [DEPRECATED] usort(): Returning bool from comparison function is deprecated, return an integer less than, equal to, or greater than zero in APPPATH\Controllers\GestionUsuarioController.php on line 698.
 1 APPPATH\Controllers\GestionUsuarioController.php(698): usort([...], Object(Closure))
 2 APPPATH\Controllers\GestionUsuarioController.php(533): App\Controllers\GestionUsuarioController->datatables('[{"id":"2","nombre":"Maria","apellido":"Lopez","correo":"maria@example.com","telefono":"7654321","direccion":"Avenida 456","cargo":"Directora","nombrerol":"Rol 2dwdwdw","created_at":"2024-04-30 12:00:00"},{"id":"3","nombre":"dee","apellido":"de","correo":"de","telefono":"213","direccion":"fefew","cargo":"sc","nombrerol":"Rol 1","created_at":"2024-04-26 22:30:56"},{"id":"5","nombre":"xasx","apellido":"ASX","correo":"asx","telefono":"123","direccion":"123","cargo":"qdw","nombrerol":"sdc","created_at":"2024-04-28 22:03:49"},{"id":"6","nombre":"bdfb","apellido":"fb","correo":"dfb","telefono":"324","direccion":"sdv","cargo":"dsv","nombrerol":"fe 123 213 dsfdsf","created_at":"2024-04-28 22:48:10"}]', [...])
 3 SYSTEMPATH\CodeIgniter.php(941): App\Controllers\GestionUsuarioController->datosAdministradorView()
 4 SYSTEMPATH\CodeIgniter.php(502): CodeIgniter\CodeIgniter->runController(Object(App\Controllers\GestionUsuarioController))
 5 SYSTEMPATH\CodeIgniter.php(361): CodeIgniter\CodeIgniter->handleRequest(null, Object(Config\Cache), false)
 6 FCPATH\index.php(79): CodeIgniter\CodeIgniter->run()
 7 SYSTEMPATH\Commands\Server\rewrite.php(47): require_once('C:\\laragon\\www\\geotranck-dev\\public\\index.php')
WARNING - 2024-04-29 00:49:49 --> [DEPRECATED] usort(): Returning bool from comparison function is deprecated, return an integer less than, equal to, or greater than zero in APPPATH\Controllers\GestionUsuarioController.php on line 698.
 1 APPPATH\Controllers\GestionUsuarioController.php(698): usort([...], Object(Closure))
 2 APPPATH\Controllers\GestionUsuarioController.php(533): App\Controllers\GestionUsuarioController->datatables('[{"id":"2","nombre":"Maria","apellido":"Lopez","correo":"maria@example.com","telefono":"7654321","direccion":"Avenida 456","cargo":"Directora","nombrerol":"Rol 2dwdwdw","created_at":"2024-04-30 12:00:00"},{"id":"5","nombre":"xasx","apellido":"ASX","correo":"asx","telefono":"123","direccion":"123","cargo":"qdw","nombrerol":"sdc","created_at":"2024-04-28 22:03:49"},{"id":"6","nombre":"bdfb","apellido":"fb","correo":"dfb","telefono":"324","direccion":"sdv","cargo":"dsv","nombrerol":"fe 123 213 dsfdsf","created_at":"2024-04-28 22:48:10"},{"id":"3","nombre":"dee","apellido":"de","correo":"de","telefono":"213","direccion":"fefew","cargo":"sc","nombrerol":"sdc","created_at":"2024-04-26 22:30:56"}]', [...])
 3 SYSTEMPATH\CodeIgniter.php(941): App\Controllers\GestionUsuarioController->datosAdministradorView()
 4 SYSTEMPATH\CodeIgniter.php(502): CodeIgniter\CodeIgniter->runController(Object(App\Controllers\GestionUsuarioController))
 5 SYSTEMPATH\CodeIgniter.php(361): CodeIgniter\CodeIgniter->handleRequest(null, Object(Config\Cache), false)
 6 FCPATH\index.php(79): CodeIgniter\CodeIgniter->run()
 7 SYSTEMPATH\Commands\Server\rewrite.php(47): require_once('C:\\laragon\\www\\geotranck-dev\\public\\index.php')
WARNING - 2024-04-29 00:50:08 --> [DEPRECATED] usort(): Returning bool from comparison function is deprecated, return an integer less than, equal to, or greater than zero in APPPATH\Controllers\GestionUsuarioController.php on line 698.
 1 APPPATH\Controllers\GestionUsuarioController.php(698): usort([...], Object(Closure))
 2 APPPATH\Controllers\GestionUsuarioController.php(533): App\Controllers\GestionUsuarioController->datatables('[{"id":"2","nombre":"Maria","apellido":"Lopez","correo":"maria@example.com","telefono":"7654321","direccion":"Avenida 456","cargo":"Directora","nombrerol":"Rol 2dwdwdw","created_at":"2024-04-30 12:00:00"},{"id":"5","nombre":"xasx","apellido":"ASX","correo":"asx","telefono":"123","direccion":"123","cargo":"qdw","nombrerol":"sdc","created_at":"2024-04-28 22:03:49"},{"id":"6","nombre":"bdfb","apellido":"fb","correo":"dfb","telefono":"324","direccion":"sdv","cargo":"dsv","nombrerol":"fe 123 213 dsfdsf","created_at":"2024-04-28 22:48:10"},{"id":"3","nombre":"mimierror","apellido":"de","correo":"de","telefono":"213","direccion":"fefew","cargo":"sc","nombrerol":"sdc","created_at":"2024-04-26 22:30:56"}]', [...])
 3 SYSTEMPATH\CodeIgniter.php(941): App\Controllers\GestionUsuarioController->datosAdministradorView()
 4 SYSTEMPATH\CodeIgniter.php(502): CodeIgniter\CodeIgniter->runController(Object(App\Controllers\GestionUsuarioController))
 5 SYSTEMPATH\CodeIgniter.php(361): CodeIgniter\CodeIgniter->handleRequest(null, Object(Config\Cache), false)
 6 FCPATH\index.php(79): CodeIgniter\CodeIgniter->run()
 7 SYSTEMPATH\Commands\Server\rewrite.php(47): require_once('C:\\laragon\\www\\geotranck-dev\\public\\index.php')
WARNING - 2024-04-29 00:53:12 --> [DEPRECATED] usort(): Returning bool from comparison function is deprecated, return an integer less than, equal to, or greater than zero in APPPATH\Controllers\GestionUsuarioController.php on line 698.
 1 APPPATH\Controllers\GestionUsuarioController.php(698): usort([...], Object(Closure))
 2 APPPATH\Controllers\GestionUsuarioController.php(533): App\Controllers\GestionUsuarioController->datatables('[{"id":"2","nombre":"Maria","apellido":"Lopez","correo":"maria@example.com","telefono":"7654321","direccion":"Avenida 456","cargo":"Directora","nombrerol":"Rol 2dwdwdw","created_at":"2024-04-30 12:00:00"},{"id":"5","nombre":"xasx","apellido":"ASX","correo":"asx","telefono":"123","direccion":"123","cargo":"qdw","nombrerol":"sdc","created_at":"2024-04-28 22:03:49"},{"id":"6","nombre":"bdfb","apellido":"fb","correo":"dfb","telefono":"324","direccion":"sdv","cargo":"dsv","nombrerol":"fe 123 213 dsfdsf","created_at":"2024-04-28 22:48:10"},{"id":"3","nombre":"mimierror","apellido":"de","correo":"de","telefono":"213","direccion":"fefew","cargo":"sc","nombrerol":"sdc","created_at":"2024-04-26 22:30:56"}]', [...])
 3 SYSTEMPATH\CodeIgniter.php(941): App\Controllers\GestionUsuarioController->datosAdministradorView()
 4 SYSTEMPATH\CodeIgniter.php(502): CodeIgniter\CodeIgniter->runController(Object(App\Controllers\GestionUsuarioController))
 5 SYSTEMPATH\CodeIgniter.php(361): CodeIgniter\CodeIgniter->handleRequest(null, Object(Config\Cache), false)
 6 FCPATH\index.php(79): CodeIgniter\CodeIgniter->run()
 7 SYSTEMPATH\Commands\Server\rewrite.php(47): require_once('C:\\laragon\\www\\geotranck-dev\\public\\index.php')
WARNING - 2024-04-29 00:56:43 --> [DEPRECATED] usort(): Returning bool from comparison function is deprecated, return an integer less than, equal to, or greater than zero in APPPATH\Controllers\GestionUsuarioController.php on line 698.
 1 APPPATH\Controllers\GestionUsuarioController.php(698): usort([...], Object(Closure))
 2 APPPATH\Controllers\GestionUsuarioController.php(533): App\Controllers\GestionUsuarioController->datatables('[{"id":"2","nombre":"Maria","apellido":"Lopez","correo":"maria@example.com","telefono":"7654321","direccion":"Avenida 456","cargo":"Directora","nombrerol":"Rol 2dwdwdw","created_at":"2024-04-30 12:00:00"},{"id":"5","nombre":"xasx","apellido":"ASX","correo":"asx","telefono":"123","direccion":"123","cargo":"qdw","nombrerol":"sdc","created_at":"2024-04-28 22:03:49"},{"id":"6","nombre":"bdfb","apellido":"fb","correo":"dfb","telefono":"324","direccion":"sdv","cargo":"dsv","nombrerol":"fe 123 213 dsfdsf","created_at":"2024-04-28 22:48:10"},{"id":"3","nombre":"mimierror","apellido":"de","correo":"de","telefono":"213","direccion":"fefew","cargo":"sc","nombrerol":"sdc","created_at":"2024-04-26 22:30:56"}]', [...])
 3 SYSTEMPATH\CodeIgniter.php(941): App\Controllers\GestionUsuarioController->datosAdministradorView()
 4 SYSTEMPATH\CodeIgniter.php(502): CodeIgniter\CodeIgniter->runController(Object(App\Controllers\GestionUsuarioController))
 5 SYSTEMPATH\CodeIgniter.php(361): CodeIgniter\CodeIgniter->handleRequest(null, Object(Config\Cache), false)
 6 FCPATH\index.php(79): CodeIgniter\CodeIgniter->run()
 7 SYSTEMPATH\Commands\Server\rewrite.php(47): require_once('C:\\laragon\\www\\geotranck-dev\\public\\index.php')
WARNING - 2024-04-29 00:57:49 --> [DEPRECATED] usort(): Returning bool from comparison function is deprecated, return an integer less than, equal to, or greater than zero in APPPATH\Controllers\GestionUsuarioController.php on line 698.
 1 APPPATH\Controllers\GestionUsuarioController.php(698): usort([...], Object(Closure))
 2 APPPATH\Controllers\GestionUsuarioController.php(533): App\Controllers\GestionUsuarioController->datatables('[{"id":"2","nombre":"Maria","apellido":"Lopez","correo":"maria@example.com","telefono":"7654321","direccion":"Avenida 456","cargo":"Directora","nombrerol":"Rol 2dwdwdw","created_at":"2024-04-30 12:00:00"},{"id":"5","nombre":"xasx","apellido":"ASX","correo":"asx","telefono":"123","direccion":"123","cargo":"qdw","nombrerol":"sdc","created_at":"2024-04-28 22:03:49"},{"id":"6","nombre":"bdfb","apellido":"fb","correo":"dfb","telefono":"324","direccion":"sdv","cargo":"dsv","nombrerol":"fe 123 213 dsfdsf","created_at":"2024-04-28 22:48:10"},{"id":"3","nombre":"mimierror","apellido":"de","correo":"de","telefono":"213","direccion":"fefew","cargo":"sc","nombrerol":"sdc","created_at":"2024-04-26 22:30:56"}]', [...])
 3 SYSTEMPATH\CodeIgniter.php(941): App\Controllers\GestionUsuarioController->datosAdministradorView()
 4 SYSTEMPATH\CodeIgniter.php(502): CodeIgniter\CodeIgniter->runController(Object(App\Controllers\GestionUsuarioController))
 5 SYSTEMPATH\CodeIgniter.php(361): CodeIgniter\CodeIgniter->handleRequest(null, Object(Config\Cache), false)
 6 FCPATH\index.php(79): CodeIgniter\CodeIgniter->run()
 7 SYSTEMPATH\Commands\Server\rewrite.php(47): require_once('C:\\laragon\\www\\geotranck-dev\\public\\index.php')
WARNING - 2024-04-29 00:59:19 --> [DEPRECATED] usort(): Returning bool from comparison function is deprecated, return an integer less than, equal to, or greater than zero in APPPATH\Controllers\GestionUsuarioController.php on line 698.
 1 APPPATH\Controllers\GestionUsuarioController.php(698): usort([...], Object(Closure))
 2 APPPATH\Controllers\GestionUsuarioController.php(533): App\Controllers\GestionUsuarioController->datatables('[{"id":"2","nombre":"Maria","apellido":"Lopez","correo":"maria@example.com","telefono":"7654321","direccion":"Avenida 456","cargo":"Directora","nombrerol":"Rol 2dwdwdw","created_at":"2024-04-30 12:00:00"},{"id":"5","nombre":"xasx","apellido":"ASX","correo":"asx","telefono":"123","direccion":"123","cargo":"qdw","nombrerol":"sdc","created_at":"2024-04-28 22:03:49"},{"id":"6","nombre":"bdfb","apellido":"fb","correo":"dfb","telefono":"324","direccion":"sdv","cargo":"dsv","nombrerol":"fe 123 213 dsfdsf","created_at":"2024-04-28 22:48:10"},{"id":"3","nombre":"mimierror","apellido":"de","correo":"de","telefono":"213","direccion":"fefew","cargo":"sc","nombrerol":"sdc","created_at":"2024-04-26 22:30:56"}]', [...])
 3 SYSTEMPATH\CodeIgniter.php(941): App\Controllers\GestionUsuarioController->datosAdministradorView()
 4 SYSTEMPATH\CodeIgniter.php(502): CodeIgniter\CodeIgniter->runController(Object(App\Controllers\GestionUsuarioController))
 5 SYSTEMPATH\CodeIgniter.php(361): CodeIgniter\CodeIgniter->handleRequest(null, Object(Config\Cache), false)
 6 FCPATH\index.php(79): CodeIgniter\CodeIgniter->run()
 7 SYSTEMPATH\Commands\Server\rewrite.php(47): require_once('C:\\laragon\\www\\geotranck-dev\\public\\index.php')
WARNING - 2024-04-29 01:01:14 --> [DEPRECATED] usort(): Returning bool from comparison function is deprecated, return an integer less than, equal to, or greater than zero in APPPATH\Controllers\GestionUsuarioController.php on line 698.
 1 APPPATH\Controllers\GestionUsuarioController.php(698): usort([...], Object(Closure))
 2 APPPATH\Controllers\GestionUsuarioController.php(533): App\Controllers\GestionUsuarioController->datatables('[{"id":"2","nombre":"Maria","apellido":"Lopez","correo":"maria@example.com","telefono":"7654321","direccion":"Avenida 456","cargo":"Directora","nombrerol":"Rol 2dwdwdw","created_at":"2024-04-30 12:00:00"},{"id":"5","nombre":"xasx","apellido":"ASX","correo":"asx","telefono":"123","direccion":"123","cargo":"qdw","nombrerol":"sdc","created_at":"2024-04-28 22:03:49"},{"id":"6","nombre":"bdfb","apellido":"fb","correo":"dfb","telefono":"324","direccion":"sdv","cargo":"dsv","nombrerol":"fe 123 213 dsfdsf","created_at":"2024-04-28 22:48:10"},{"id":"3","nombre":"mimierror","apellido":"de","correo":"de","telefono":"213","direccion":"fefew","cargo":"sc","nombrerol":"sdc","created_at":"2024-04-26 22:30:56"}]', [...])
 3 SYSTEMPATH\CodeIgniter.php(941): App\Controllers\GestionUsuarioController->datosAdministradorView()
 4 SYSTEMPATH\CodeIgniter.php(502): CodeIgniter\CodeIgniter->runController(Object(App\Controllers\GestionUsuarioController))
 5 SYSTEMPATH\CodeIgniter.php(361): CodeIgniter\CodeIgniter->handleRequest(null, Object(Config\Cache), false)
 6 FCPATH\index.php(79): CodeIgniter\CodeIgniter->run()
 7 SYSTEMPATH\Commands\Server\rewrite.php(47): require_once('C:\\laragon\\www\\geotranck-dev\\public\\index.php')
WARNING - 2024-04-29 22:04:03 --> [DEPRECATED] usort(): Returning bool from comparison function is deprecated, return an integer less than, equal to, or greater than zero in APPPATH\Controllers\GestionUsuarioController.php on line 698.
 1 APPPATH\Controllers\GestionUsuarioController.php(698): usort([...], Object(Closure))
 2 APPPATH\Controllers\GestionUsuarioController.php(60): App\Controllers\GestionUsuarioController->datatables('[{"id":"6","nombre":"fwef","descripcion":"wefew","administrador":"true","agregar":"false","modificar":"true","eliminar":"false","estado":"1","created_at":"2024-04-02 02:06:31","updated_at":"2024-04-05 00:29:19"},{"id":"4","nombre":"gf1231231212100njkn","descripcion":"dfgascasc","administrador":"false","agregar":"false","modificar":"true","eliminar":"true","estado":"1","created_at":"2024-04-02 02:01:47.269406","updated_at":"2024-04-05 00:29:30"},{"id":"15","nombre":"fefe","descripcion":"fefe","administrador":"false","agregar":"false","modificar":"true","eliminar":"false","estado":"1","created_at":"2024-04-05 18:14:32","updated_at":"2024-04-05 18:14:32"},{"id":"16","nombre":"fefw","descripcion":"wefe","administrador":"false","agregar":"false","modificar":"true","eliminar":"false","estado":"1","created_at":"2024-04-05 18:14:43","updated_at":"2024-04-05 18:14:43"},{"id":"17","nombre":"fe","descripcion":"fefefe","administrador":"true","agregar":"false","modificar":"false","eliminar":"false","estado":"1","created_at":"2024-04-05 18:17:09","updated_at":"2024-04-05 18:17:09"},{"id":"18","nombre":"dwdwdw","descripcion":"dwdw123","administrador":"true","agregar":"false","modificar":"false","eliminar":"false","estado":"1","created_at":"2024-04-05 18:20:17","updated_at":"2024-04-05 18:20:17"},{"id":"19","nombre":"79788921312378","descripcion":"fefwef","administrador":"true","agregar":"false","modificar":"false","eliminar":"false","estado":"1","created_at":"2024-04-05 18:20:37","updated_at":"2024-04-05 18:20:37"},{"id":"13","nombre":"0asd","descripcion":"dwsqsq","administrador":"true","agregar":"false","modificar":"false","eliminar":"false","estado":"1","created_at":"2024-04-01 22:38:16","updated_at":"2024-04-05 18:30:57"},{"id":"14","nombre":"1121sdasd","descripcion":"121modificado","administrador":"false","agregar":"false","modificar":"true","eliminar":"false","estado":"1","created_at":"2024-04-04 23:58:08","updated_at":"2024-04-05 18:32:00"},{"id":"1","nombre":"fee","descripcion":"f","administrador":"true","agregar":"false","modificar":"false","eliminar":"false","estado":"1","created_at":"2024-04-01 22:20:56","updated_at":"2024-04-01 22:20:56"},{"id":"2","nombre":"dwdw24242151515","descripcion":"dw515111","administrador":"false","agregar":"false","modificar":"true","eliminar":"true","estado":"1","created_at":"2024-04-01 22:34:17","updated_at":"2024-04-05 00:08:04"}]', [...])
 3 SYSTEMPATH\CodeIgniter.php(941): App\Controllers\GestionUsuarioController->DatosPrivilegioView1()
 4 SYSTEMPATH\CodeIgniter.php(502): CodeIgniter\CodeIgniter->runController(Object(App\Controllers\GestionUsuarioController))
 5 SYSTEMPATH\CodeIgniter.php(361): CodeIgniter\CodeIgniter->handleRequest(null, Object(Config\Cache), false)
 6 FCPATH\index.php(79): CodeIgniter\CodeIgniter->run()
 7 SYSTEMPATH\Commands\Server\rewrite.php(47): require_once('C:\\laragon\\www\\geotranck-dev\\public\\index.php')
WARNING - 2024-04-29 22:04:06 --> [DEPRECATED] usort(): Returning bool from comparison function is deprecated, return an integer less than, equal to, or greater than zero in APPPATH\Controllers\GestionUsuarioController.php on line 698.
 1 APPPATH\Controllers\GestionUsuarioController.php(698): usort([...], Object(Closure))
 2 APPPATH\Controllers\GestionUsuarioController.php(171): App\Controllers\GestionUsuarioController->datatables('[{"id":"12","nombre":"ded","descripcion":"dewdew","grupo_privilegio":"fe","estado":"1","created_at":"2024-04-21 21:19:28"},{"id":"4","nombre":"dwd","descripcion":"dw","grupo_privilegio":"dwdw24242151515","estado":"1","created_at":"2024-04-08 00:50:18"},{"id":"8","nombre":"xsxs","descripcion":"xs","grupo_privilegio":"dwdw24242151515","estado":"1","created_at":"2024-04-08 01:04:24"},{"id":"9","nombre":"xs","descripcion":"asx","grupo_privilegio":"79788921312378","estado":"1","created_at":"2024-04-08 01:06:01"},{"id":"10","nombre":"cr","descripcion":"hthtr","grupo_privilegio":"dwdwdw","estado":"1","created_at":"2024-04-08 01:09:17"},{"id":"11","nombre":"fe 123 213 dsfdsf","descripcion":"vd","grupo_privilegio":"fee","estado":"1","created_at":"2024-04-08 21:00:36"},{"id":"13","nombre":"sdc","descripcion":"vsdv","grupo_privilegio":"79788921312378","estado":"1","created_at":"2024-04-21 21:27:43"},{"id":"14","nombre":"sdf","descripcion":"sdf","grupo_privilegio":"dwdwdw","estado":"1","created_at":"2024-04-21 21:28:44"}]', [...])
 3 SYSTEMPATH\CodeIgniter.php(941): App\Controllers\GestionUsuarioController->DatosRolesView()
 4 SYSTEMPATH\CodeIgniter.php(502): CodeIgniter\CodeIgniter->runController(Object(App\Controllers\GestionUsuarioController))
 5 SYSTEMPATH\CodeIgniter.php(361): CodeIgniter\CodeIgniter->handleRequest(null, Object(Config\Cache), false)
 6 FCPATH\index.php(79): CodeIgniter\CodeIgniter->run()
 7 SYSTEMPATH\Commands\Server\rewrite.php(47): require_once('C:\\laragon\\www\\geotranck-dev\\public\\index.php')
WARNING - 2024-04-29 22:04:10 --> [DEPRECATED] usort(): Returning bool from comparison function is deprecated, return an integer less than, equal to, or greater than zero in APPPATH\Controllers\GestionUsuarioController.php on line 698.
 1 APPPATH\Controllers\GestionUsuarioController.php(698): usort([...], Object(Closure))
 2 APPPATH\Controllers\GestionUsuarioController.php(171): App\Controllers\GestionUsuarioController->datatables('[{"id":"12","nombre":"ded","descripcion":"dewdew","grupo_privilegio":"fe","estado":"1","created_at":"2024-04-21 21:19:28"},{"id":"4","nombre":"dwd","descripcion":"dw","grupo_privilegio":"dwdw24242151515","estado":"1","created_at":"2024-04-08 00:50:18"},{"id":"8","nombre":"xsxs","descripcion":"xs","grupo_privilegio":"dwdw24242151515","estado":"1","created_at":"2024-04-08 01:04:24"},{"id":"9","nombre":"xs","descripcion":"asx","grupo_privilegio":"79788921312378","estado":"1","created_at":"2024-04-08 01:06:01"},{"id":"10","nombre":"cr","descripcion":"hthtr","grupo_privilegio":"dwdwdw","estado":"1","created_at":"2024-04-08 01:09:17"},{"id":"11","nombre":"fe 123 213 dsfdsf","descripcion":"vd","grupo_privilegio":"fee","estado":"1","created_at":"2024-04-08 21:00:36"},{"id":"13","nombre":"sdc","descripcion":"vsdv","grupo_privilegio":"79788921312378","estado":"1","created_at":"2024-04-21 21:27:43"},{"id":"14","nombre":"sdf","descripcion":"sdf","grupo_privilegio":"dwdwdw","estado":"1","created_at":"2024-04-21 21:28:44"}]', [...])
 3 SYSTEMPATH\CodeIgniter.php(941): App\Controllers\GestionUsuarioController->DatosRolesView()
 4 SYSTEMPATH\CodeIgniter.php(502): CodeIgniter\CodeIgniter->runController(Object(App\Controllers\GestionUsuarioController))
 5 SYSTEMPATH\CodeIgniter.php(361): CodeIgniter\CodeIgniter->handleRequest(null, Object(Config\Cache), false)
 6 FCPATH\index.php(79): CodeIgniter\CodeIgniter->run()
 7 SYSTEMPATH\Commands\Server\rewrite.php(47): require_once('C:\\laragon\\www\\geotranck-dev\\public\\index.php')
WARNING - 2024-04-29 22:04:16 --> [DEPRECATED] usort(): Returning bool from comparison function is deprecated, return an integer less than, equal to, or greater than zero in APPPATH\Controllers\GestionUsuarioController.php on line 698.
 1 APPPATH\Controllers\GestionUsuarioController.php(698): usort([...], Object(Closure))
 2 APPPATH\Controllers\GestionUsuarioController.php(171): App\Controllers\GestionUsuarioController->datatables('[{"id":"12","nombre":"ded","descripcion":"dewdew","grupo_privilegio":"fe","estado":"1","created_at":"2024-04-21 21:19:28"},{"id":"4","nombre":"dwd","descripcion":"dw","grupo_privilegio":"dwdw24242151515","estado":"1","created_at":"2024-04-08 00:50:18"},{"id":"8","nombre":"xsxs","descripcion":"xs","grupo_privilegio":"dwdw24242151515","estado":"1","created_at":"2024-04-08 01:04:24"},{"id":"9","nombre":"xs","descripcion":"asx","grupo_privilegio":"79788921312378","estado":"1","created_at":"2024-04-08 01:06:01"},{"id":"10","nombre":"cr","descripcion":"hthtr","grupo_privilegio":"dwdwdw","estado":"1","created_at":"2024-04-08 01:09:17"},{"id":"11","nombre":"fe 123 213 dsfdsf","descripcion":"vd","grupo_privilegio":"fee","estado":"1","created_at":"2024-04-08 21:00:36"},{"id":"13","nombre":"sdc","descripcion":"vsdv","grupo_privilegio":"79788921312378","estado":"1","created_at":"2024-04-21 21:27:43"},{"id":"14","nombre":"sdf","descripcion":"sdf","grupo_privilegio":"dwdwdw","estado":"1","created_at":"2024-04-21 21:28:44"}]', [...])
 3 SYSTEMPATH\CodeIgniter.php(941): App\Controllers\GestionUsuarioController->DatosRolesView()
 4 SYSTEMPATH\CodeIgniter.php(502): CodeIgniter\CodeIgniter->runController(Object(App\Controllers\GestionUsuarioController))
 5 SYSTEMPATH\CodeIgniter.php(361): CodeIgniter\CodeIgniter->handleRequest(null, Object(Config\Cache), false)
 6 FCPATH\index.php(79): CodeIgniter\CodeIgniter->run()
 7 SYSTEMPATH\Commands\Server\rewrite.php(47): require_once('C:\\laragon\\www\\geotranck-dev\\public\\index.php')
WARNING - 2024-04-29 22:04:22 --> [DEPRECATED] usort(): Returning bool from comparison function is deprecated, return an integer less than, equal to, or greater than zero in APPPATH\Controllers\GestionUsuarioController.php on line 698.
 1 APPPATH\Controllers\GestionUsuarioController.php(698): usort([...], Object(Closure))
 2 APPPATH\Controllers\GestionUsuarioController.php(533): App\Controllers\GestionUsuarioController->datatables('[{"id":"2","nombre":"Maria","apellido":"Lopez","correo":"maria@example.com","telefono":"7654321","direccion":"Avenida 456","cargo":"Directora","nombrerol":"Rol 2dwdwdw","created_at":"2024-04-30 12:00:00"},{"id":"5","nombre":"xasx","apellido":"ASX","correo":"asx","telefono":"123","direccion":"123","cargo":"qdw","nombrerol":"sdc","created_at":"2024-04-28 22:03:49"},{"id":"6","nombre":"bdfb","apellido":"fb","correo":"dfb","telefono":"324","direccion":"sdv","cargo":"dsv","nombrerol":"fe 123 213 dsfdsf","created_at":"2024-04-28 22:48:10"},{"id":"3","nombre":"mimierror","apellido":"de","correo":"de","telefono":"213","direccion":"fefew","cargo":"sc","nombrerol":"sdc","created_at":"2024-04-26 22:30:56"}]', [...])
 3 SYSTEMPATH\CodeIgniter.php(941): App\Controllers\GestionUsuarioController->datosAdministradorView()
 4 SYSTEMPATH\CodeIgniter.php(502): CodeIgniter\CodeIgniter->runController(Object(App\Controllers\GestionUsuarioController))
 5 SYSTEMPATH\CodeIgniter.php(361): CodeIgniter\CodeIgniter->handleRequest(null, Object(Config\Cache), false)
 6 FCPATH\index.php(79): CodeIgniter\CodeIgniter->run()
 7 SYSTEMPATH\Commands\Server\rewrite.php(47): require_once('C:\\laragon\\www\\geotranck-dev\\public\\index.php')
WARNING - 2024-04-29 22:04:31 --> [DEPRECATED] usort(): Returning bool from comparison function is deprecated, return an integer less than, equal to, or greater than zero in APPPATH\Controllers\GestionUsuarioController.php on line 698.
 1 APPPATH\Controllers\GestionUsuarioController.php(698): usort([...], Object(Closure))
 2 APPPATH\Controllers\GestionUsuarioController.php(171): App\Controllers\GestionUsuarioController->datatables('[{"id":"12","nombre":"ded","descripcion":"dewdew","grupo_privilegio":"fe","estado":"1","created_at":"2024-04-21 21:19:28"},{"id":"4","nombre":"dwd","descripcion":"dw","grupo_privilegio":"dwdw24242151515","estado":"1","created_at":"2024-04-08 00:50:18"},{"id":"8","nombre":"xsxs","descripcion":"xs","grupo_privilegio":"dwdw24242151515","estado":"1","created_at":"2024-04-08 01:04:24"},{"id":"9","nombre":"xs","descripcion":"asx","grupo_privilegio":"79788921312378","estado":"1","created_at":"2024-04-08 01:06:01"},{"id":"10","nombre":"cr","descripcion":"hthtr","grupo_privilegio":"dwdwdw","estado":"1","created_at":"2024-04-08 01:09:17"},{"id":"11","nombre":"fe 123 213 dsfdsf","descripcion":"vd","grupo_privilegio":"fee","estado":"1","created_at":"2024-04-08 21:00:36"},{"id":"13","nombre":"sdc","descripcion":"vsdv","grupo_privilegio":"79788921312378","estado":"1","created_at":"2024-04-21 21:27:43"},{"id":"14","nombre":"sdf","descripcion":"sdf","grupo_privilegio":"dwdwdw","estado":"1","created_at":"2024-04-21 21:28:44"}]', [...])
 3 SYSTEMPATH\CodeIgniter.php(941): App\Controllers\GestionUsuarioController->DatosRolesView()
 4 SYSTEMPATH\CodeIgniter.php(502): CodeIgniter\CodeIgniter->runController(Object(App\Controllers\GestionUsuarioController))
 5 SYSTEMPATH\CodeIgniter.php(361): CodeIgniter\CodeIgniter->handleRequest(null, Object(Config\Cache), false)
 6 FCPATH\index.php(79): CodeIgniter\CodeIgniter->run()
 7 SYSTEMPATH\Commands\Server\rewrite.php(47): require_once('C:\\laragon\\www\\geotranck-dev\\public\\index.php')
WARNING - 2024-04-29 22:24:32 --> [DEPRECATED] usort(): Returning bool from comparison function is deprecated, return an integer less than, equal to, or greater than zero in APPPATH\Controllers\GestionUsuarioController.php on line 698.
 1 APPPATH\Controllers\GestionUsuarioController.php(698): usort([...], Object(Closure))
 2 APPPATH\Controllers\GestionUsuarioController.php(171): App\Controllers\GestionUsuarioController->datatables('[{"id":"12","nombre":"ded","descripcion":"dewdew","grupo_privilegio":"fe","estado":"1","created_at":"2024-04-21 21:19:28"},{"id":"4","nombre":"dwd","descripcion":"dw","grupo_privilegio":"dwdw24242151515","estado":"1","created_at":"2024-04-08 00:50:18"},{"id":"8","nombre":"xsxs","descripcion":"xs","grupo_privilegio":"dwdw24242151515","estado":"1","created_at":"2024-04-08 01:04:24"},{"id":"9","nombre":"xs","descripcion":"asx","grupo_privilegio":"79788921312378","estado":"1","created_at":"2024-04-08 01:06:01"},{"id":"10","nombre":"cr","descripcion":"hthtr","grupo_privilegio":"dwdwdw","estado":"1","created_at":"2024-04-08 01:09:17"},{"id":"11","nombre":"fe 123 213 dsfdsf","descripcion":"vd","grupo_privilegio":"fee","estado":"1","created_at":"2024-04-08 21:00:36"},{"id":"13","nombre":"sdc","descripcion":"vsdv","grupo_privilegio":"79788921312378","estado":"1","created_at":"2024-04-21 21:27:43"},{"id":"14","nombre":"sdf","descripcion":"sdf","grupo_privilegio":"dwdwdw","estado":"1","created_at":"2024-04-21 21:28:44"}]', [...])
 3 SYSTEMPATH\CodeIgniter.php(941): App\Controllers\GestionUsuarioController->DatosRolesView()
 4 SYSTEMPATH\CodeIgniter.php(502): CodeIgniter\CodeIgniter->runController(Object(App\Controllers\GestionUsuarioController))
 5 SYSTEMPATH\CodeIgniter.php(361): CodeIgniter\CodeIgniter->handleRequest(null, Object(Config\Cache), false)
 6 FCPATH\index.php(79): CodeIgniter\CodeIgniter->run()
 7 SYSTEMPATH\Commands\Server\rewrite.php(47): require_once('C:\\laragon\\www\\geotranck-dev\\public\\index.php')
WARNING - 2024-04-29 22:24:33 --> [DEPRECATED] usort(): Returning bool from comparison function is deprecated, return an integer less than, equal to, or greater than zero in APPPATH\Controllers\GestionUsuarioController.php on line 698.
 1 APPPATH\Controllers\GestionUsuarioController.php(698): usort([...], Object(Closure))
 2 APPPATH\Controllers\GestionUsuarioController.php(171): App\Controllers\GestionUsuarioController->datatables('[{"id":"12","nombre":"ded","descripcion":"dewdew","grupo_privilegio":"fe","estado":"1","created_at":"2024-04-21 21:19:28"},{"id":"4","nombre":"dwd","descripcion":"dw","grupo_privilegio":"dwdw24242151515","estado":"1","created_at":"2024-04-08 00:50:18"},{"id":"8","nombre":"xsxs","descripcion":"xs","grupo_privilegio":"dwdw24242151515","estado":"1","created_at":"2024-04-08 01:04:24"},{"id":"9","nombre":"xs","descripcion":"asx","grupo_privilegio":"79788921312378","estado":"1","created_at":"2024-04-08 01:06:01"},{"id":"10","nombre":"cr","descripcion":"hthtr","grupo_privilegio":"dwdwdw","estado":"1","created_at":"2024-04-08 01:09:17"},{"id":"11","nombre":"fe 123 213 dsfdsf","descripcion":"vd","grupo_privilegio":"fee","estado":"1","created_at":"2024-04-08 21:00:36"},{"id":"13","nombre":"sdc","descripcion":"vsdv","grupo_privilegio":"79788921312378","estado":"1","created_at":"2024-04-21 21:27:43"},{"id":"14","nombre":"sdf","descripcion":"sdf","grupo_privilegio":"dwdwdw","estado":"1","created_at":"2024-04-21 21:28:44"}]', [...])
 3 SYSTEMPATH\CodeIgniter.php(941): App\Controllers\GestionUsuarioController->DatosRolesView()
 4 SYSTEMPATH\CodeIgniter.php(502): CodeIgniter\CodeIgniter->runController(Object(App\Controllers\GestionUsuarioController))
 5 SYSTEMPATH\CodeIgniter.php(361): CodeIgniter\CodeIgniter->handleRequest(null, Object(Config\Cache), false)
 6 FCPATH\index.php(79): CodeIgniter\CodeIgniter->run()
 7 SYSTEMPATH\Commands\Server\rewrite.php(47): require_once('C:\\laragon\\www\\geotranck-dev\\public\\index.php')
WARNING - 2024-04-29 22:24:35 --> [DEPRECATED] usort(): Returning bool from comparison function is deprecated, return an integer less than, equal to, or greater than zero in APPPATH\Controllers\GestionUsuarioController.php on line 698.
 1 APPPATH\Controllers\GestionUsuarioController.php(698): usort([...], Object(Closure))
 2 APPPATH\Controllers\GestionUsuarioController.php(171): App\Controllers\GestionUsuarioController->datatables('[{"id":"12","nombre":"ded","descripcion":"dewdew","grupo_privilegio":"fe","estado":"1","created_at":"2024-04-21 21:19:28"},{"id":"4","nombre":"dwd","descripcion":"dw","grupo_privilegio":"dwdw24242151515","estado":"1","created_at":"2024-04-08 00:50:18"},{"id":"8","nombre":"xsxs","descripcion":"xs","grupo_privilegio":"dwdw24242151515","estado":"1","created_at":"2024-04-08 01:04:24"},{"id":"9","nombre":"xs","descripcion":"asx","grupo_privilegio":"79788921312378","estado":"1","created_at":"2024-04-08 01:06:01"},{"id":"10","nombre":"cr","descripcion":"hthtr","grupo_privilegio":"dwdwdw","estado":"1","created_at":"2024-04-08 01:09:17"},{"id":"11","nombre":"fe 123 213 dsfdsf","descripcion":"vd","grupo_privilegio":"fee","estado":"1","created_at":"2024-04-08 21:00:36"},{"id":"13","nombre":"sdc","descripcion":"vsdv","grupo_privilegio":"79788921312378","estado":"1","created_at":"2024-04-21 21:27:43"},{"id":"14","nombre":"sdf","descripcion":"sdf","grupo_privilegio":"dwdwdw","estado":"1","created_at":"2024-04-21 21:28:44"}]', [...])
 3 SYSTEMPATH\CodeIgniter.php(941): App\Controllers\GestionUsuarioController->DatosRolesView()
 4 SYSTEMPATH\CodeIgniter.php(502): CodeIgniter\CodeIgniter->runController(Object(App\Controllers\GestionUsuarioController))
 5 SYSTEMPATH\CodeIgniter.php(361): CodeIgniter\CodeIgniter->handleRequest(null, Object(Config\Cache), false)
 6 FCPATH\index.php(79): CodeIgniter\CodeIgniter->run()
 7 SYSTEMPATH\Commands\Server\rewrite.php(47): require_once('C:\\laragon\\www\\geotranck-dev\\public\\index.php')
WARNING - 2024-04-29 22:49:29 --> [DEPRECATED] usort(): Returning bool from comparison function is deprecated, return an integer less than, equal to, or greater than zero in APPPATH\Controllers\GestionUsuarioController.php on line 698.
 1 APPPATH\Controllers\GestionUsuarioController.php(698): usort([...], Object(Closure))
 2 APPPATH\Controllers\GestionUsuarioController.php(171): App\Controllers\GestionUsuarioController->datatables('[{"id":"12","nombre":"ded","descripcion":"dewdew","grupo_privilegio":"fe","estado":"1","created_at":"2024-04-21 21:19:28"},{"id":"4","nombre":"dwd","descripcion":"dw","grupo_privilegio":"dwdw24242151515","estado":"1","created_at":"2024-04-08 00:50:18"},{"id":"8","nombre":"xsxs","descripcion":"xs","grupo_privilegio":"dwdw24242151515","estado":"1","created_at":"2024-04-08 01:04:24"},{"id":"9","nombre":"xs","descripcion":"asx","grupo_privilegio":"79788921312378","estado":"1","created_at":"2024-04-08 01:06:01"},{"id":"10","nombre":"cr","descripcion":"hthtr","grupo_privilegio":"dwdwdw","estado":"1","created_at":"2024-04-08 01:09:17"},{"id":"11","nombre":"fe 123 213 dsfdsf","descripcion":"vd","grupo_privilegio":"fee","estado":"1","created_at":"2024-04-08 21:00:36"},{"id":"13","nombre":"sdc","descripcion":"vsdv","grupo_privilegio":"79788921312378","estado":"1","created_at":"2024-04-21 21:27:43"},{"id":"14","nombre":"sdf","descripcion":"sdf","grupo_privilegio":"dwdwdw","estado":"1","created_at":"2024-04-21 21:28:44"}]', [...])
 3 SYSTEMPATH\CodeIgniter.php(941): App\Controllers\GestionUsuarioController->DatosRolesView()
 4 SYSTEMPATH\CodeIgniter.php(502): CodeIgniter\CodeIgniter->runController(Object(App\Controllers\GestionUsuarioController))
 5 SYSTEMPATH\CodeIgniter.php(361): CodeIgniter\CodeIgniter->handleRequest(null, Object(Config\Cache), false)
 6 FCPATH\index.php(79): CodeIgniter\CodeIgniter->run()
 7 SYSTEMPATH\Commands\Server\rewrite.php(47): require_once('C:\\laragon\\www\\geotranck-dev\\public\\index.php')
WARNING - 2024-04-29 22:50:32 --> [DEPRECATED] usort(): Returning bool from comparison function is deprecated, return an integer less than, equal to, or greater than zero in APPPATH\Controllers\GestionUsuarioController.php on line 698.
 1 APPPATH\Controllers\GestionUsuarioController.php(698): usort([...], Object(Closure))
 2 APPPATH\Controllers\GestionUsuarioController.php(171): App\Controllers\GestionUsuarioController->datatables('[{"id":"12","nombre":"ded","descripcion":"dewdew","grupo_privilegio":"fe","estado":"1","created_at":"2024-04-21 21:19:28"},{"id":"4","nombre":"dwd","descripcion":"dw","grupo_privilegio":"dwdw24242151515","estado":"1","created_at":"2024-04-08 00:50:18"},{"id":"8","nombre":"xsxs","descripcion":"xs","grupo_privilegio":"dwdw24242151515","estado":"1","created_at":"2024-04-08 01:04:24"},{"id":"9","nombre":"xs","descripcion":"asx","grupo_privilegio":"79788921312378","estado":"1","created_at":"2024-04-08 01:06:01"},{"id":"10","nombre":"cr","descripcion":"hthtr","grupo_privilegio":"dwdwdw","estado":"1","created_at":"2024-04-08 01:09:17"},{"id":"11","nombre":"fe 123 213 dsfdsf","descripcion":"vd","grupo_privilegio":"fee","estado":"1","created_at":"2024-04-08 21:00:36"},{"id":"13","nombre":"sdc","descripcion":"vsdv","grupo_privilegio":"79788921312378","estado":"1","created_at":"2024-04-21 21:27:43"},{"id":"14","nombre":"sdf","descripcion":"sdf","grupo_privilegio":"dwdwdw","estado":"1","created_at":"2024-04-21 21:28:44"}]', [...])
 3 SYSTEMPATH\CodeIgniter.php(941): App\Controllers\GestionUsuarioController->DatosRolesView()
 4 SYSTEMPATH\CodeIgniter.php(502): CodeIgniter\CodeIgniter->runController(Object(App\Controllers\GestionUsuarioController))
 5 SYSTEMPATH\CodeIgniter.php(361): CodeIgniter\CodeIgniter->handleRequest(null, Object(Config\Cache), false)
 6 FCPATH\index.php(79): CodeIgniter\CodeIgniter->run()
 7 SYSTEMPATH\Commands\Server\rewrite.php(47): require_once('C:\\laragon\\www\\geotranck-dev\\public\\index.php')
WARNING - 2024-04-29 22:51:22 --> [DEPRECATED] usort(): Returning bool from comparison function is deprecated, return an integer less than, equal to, or greater than zero in APPPATH\Controllers\GestionUsuarioController.php on line 698.
 1 APPPATH\Controllers\GestionUsuarioController.php(698): usort([...], Object(Closure))
 2 APPPATH\Controllers\GestionUsuarioController.php(171): App\Controllers\GestionUsuarioController->datatables('[{"id":"12","nombre":"ded","descripcion":"dewdew","grupo_privilegio":"fe","estado":"1","created_at":"2024-04-21 21:19:28"},{"id":"4","nombre":"dwd","descripcion":"dw","grupo_privilegio":"dwdw24242151515","estado":"1","created_at":"2024-04-08 00:50:18"},{"id":"8","nombre":"xsxs","descripcion":"xs","grupo_privilegio":"dwdw24242151515","estado":"1","created_at":"2024-04-08 01:04:24"},{"id":"9","nombre":"xs","descripcion":"asx","grupo_privilegio":"79788921312378","estado":"1","created_at":"2024-04-08 01:06:01"},{"id":"10","nombre":"cr","descripcion":"hthtr","grupo_privilegio":"dwdwdw","estado":"1","created_at":"2024-04-08 01:09:17"},{"id":"11","nombre":"fe 123 213 dsfdsf","descripcion":"vd","grupo_privilegio":"fee","estado":"1","created_at":"2024-04-08 21:00:36"},{"id":"13","nombre":"sdc","descripcion":"vsdv","grupo_privilegio":"79788921312378","estado":"1","created_at":"2024-04-21 21:27:43"},{"id":"14","nombre":"sdf","descripcion":"sdf","grupo_privilegio":"dwdwdw","estado":"1","created_at":"2024-04-21 21:28:44"}]', [...])
 3 SYSTEMPATH\CodeIgniter.php(941): App\Controllers\GestionUsuarioController->DatosRolesView()
 4 SYSTEMPATH\CodeIgniter.php(502): CodeIgniter\CodeIgniter->runController(Object(App\Controllers\GestionUsuarioController))
 5 SYSTEMPATH\CodeIgniter.php(361): CodeIgniter\CodeIgniter->handleRequest(null, Object(Config\Cache), false)
 6 FCPATH\index.php(79): CodeIgniter\CodeIgniter->run()
 7 SYSTEMPATH\Commands\Server\rewrite.php(47): require_once('C:\\laragon\\www\\geotranck-dev\\public\\index.php')
WARNING - 2024-04-29 22:56:31 --> [DEPRECATED] usort(): Returning bool from comparison function is deprecated, return an integer less than, equal to, or greater than zero in APPPATH\Controllers\GestionUsuarioController.php on line 698.
 1 APPPATH\Controllers\GestionUsuarioController.php(698): usort([...], Object(Closure))
 2 APPPATH\Controllers\GestionUsuarioController.php(171): App\Controllers\GestionUsuarioController->datatables('[{"id":"12","nombre":"ded","descripcion":"dewdew","grupo_privilegio":"fe","estado":"1","created_at":"2024-04-21 21:19:28"},{"id":"4","nombre":"dwd","descripcion":"dw","grupo_privilegio":"dwdw24242151515","estado":"1","created_at":"2024-04-08 00:50:18"},{"id":"8","nombre":"xsxs","descripcion":"xs","grupo_privilegio":"dwdw24242151515","estado":"1","created_at":"2024-04-08 01:04:24"},{"id":"9","nombre":"xs","descripcion":"asx","grupo_privilegio":"79788921312378","estado":"1","created_at":"2024-04-08 01:06:01"},{"id":"10","nombre":"cr","descripcion":"hthtr","grupo_privilegio":"dwdwdw","estado":"1","created_at":"2024-04-08 01:09:17"},{"id":"11","nombre":"fe 123 213 dsfdsf","descripcion":"vd","grupo_privilegio":"fee","estado":"1","created_at":"2024-04-08 21:00:36"},{"id":"13","nombre":"sdc","descripcion":"vsdv","grupo_privilegio":"79788921312378","estado":"1","created_at":"2024-04-21 21:27:43"},{"id":"14","nombre":"sdf","descripcion":"sdf","grupo_privilegio":"dwdwdw","estado":"1","created_at":"2024-04-21 21:28:44"}]', [...])
 3 SYSTEMPATH\CodeIgniter.php(941): App\Controllers\GestionUsuarioController->DatosRolesView()
 4 SYSTEMPATH\CodeIgniter.php(502): CodeIgniter\CodeIgniter->runController(Object(App\Controllers\GestionUsuarioController))
 5 SYSTEMPATH\CodeIgniter.php(361): CodeIgniter\CodeIgniter->handleRequest(null, Object(Config\Cache), false)
 6 FCPATH\index.php(79): CodeIgniter\CodeIgniter->run()
 7 SYSTEMPATH\Commands\Server\rewrite.php(47): require_once('C:\\laragon\\www\\geotranck-dev\\public\\index.php')
WARNING - 2024-04-29 23:26:40 --> [DEPRECATED] usort(): Returning bool from comparison function is deprecated, return an integer less than, equal to, or greater than zero in APPPATH\Controllers\GestionUsuarioController.php on line 698.
 1 APPPATH\Controllers\GestionUsuarioController.php(698): usort([...], Object(Closure))
 2 APPPATH\Controllers\GestionUsuarioController.php(171): App\Controllers\GestionUsuarioController->datatables('[{"id":"12","nombre":"ded","descripcion":"dewdew","grupo_privilegio":"fe","estado":"1","created_at":"2024-04-21 21:19:28"},{"id":"4","nombre":"dwd","descripcion":"dw","grupo_privilegio":"dwdw24242151515","estado":"1","created_at":"2024-04-08 00:50:18"},{"id":"8","nombre":"xsxs","descripcion":"xs","grupo_privilegio":"dwdw24242151515","estado":"1","created_at":"2024-04-08 01:04:24"},{"id":"9","nombre":"xs","descripcion":"asx","grupo_privilegio":"79788921312378","estado":"1","created_at":"2024-04-08 01:06:01"},{"id":"10","nombre":"cr","descripcion":"hthtr","grupo_privilegio":"dwdwdw","estado":"1","created_at":"2024-04-08 01:09:17"},{"id":"11","nombre":"fe 123 213 dsfdsf","descripcion":"vd","grupo_privilegio":"fee","estado":"1","created_at":"2024-04-08 21:00:36"},{"id":"13","nombre":"sdc","descripcion":"vsdv","grupo_privilegio":"79788921312378","estado":"1","created_at":"2024-04-21 21:27:43"},{"id":"14","nombre":"sdf","descripcion":"sdf","grupo_privilegio":"dwdwdw","estado":"1","created_at":"2024-04-21 21:28:44"}]', [...])
 3 SYSTEMPATH\CodeIgniter.php(941): App\Controllers\GestionUsuarioController->DatosRolesView()
 4 SYSTEMPATH\CodeIgniter.php(502): CodeIgniter\CodeIgniter->runController(Object(App\Controllers\GestionUsuarioController))
 5 SYSTEMPATH\CodeIgniter.php(361): CodeIgniter\CodeIgniter->handleRequest(null, Object(Config\Cache), false)
 6 FCPATH\index.php(79): CodeIgniter\CodeIgniter->run()
 7 SYSTEMPATH\Commands\Server\rewrite.php(47): require_once('C:\\laragon\\www\\geotranck-dev\\public\\index.php')
WARNING - 2024-04-29 23:28:30 --> [DEPRECATED] usort(): Returning bool from comparison function is deprecated, return an integer less than, equal to, or greater than zero in APPPATH\Controllers\GestionUsuarioController.php on line 698.
 1 APPPATH\Controllers\GestionUsuarioController.php(698): usort([...], Object(Closure))
 2 APPPATH\Controllers\GestionUsuarioController.php(171): App\Controllers\GestionUsuarioController->datatables('[{"id":"12","nombre":"ded","descripcion":"dewdew","grupo_privilegio":"fe","estado":"1","created_at":"2024-04-21 21:19:28"},{"id":"4","nombre":"dwd","descripcion":"dw","grupo_privilegio":"dwdw24242151515","estado":"1","created_at":"2024-04-08 00:50:18"},{"id":"8","nombre":"xsxs","descripcion":"xs","grupo_privilegio":"dwdw24242151515","estado":"1","created_at":"2024-04-08 01:04:24"},{"id":"9","nombre":"xs","descripcion":"asx","grupo_privilegio":"79788921312378","estado":"1","created_at":"2024-04-08 01:06:01"},{"id":"10","nombre":"cr","descripcion":"hthtr","grupo_privilegio":"dwdwdw","estado":"1","created_at":"2024-04-08 01:09:17"},{"id":"11","nombre":"fe 123 213 dsfdsf","descripcion":"vd","grupo_privilegio":"fee","estado":"1","created_at":"2024-04-08 21:00:36"},{"id":"13","nombre":"sdc","descripcion":"vsdv","grupo_privilegio":"79788921312378","estado":"1","created_at":"2024-04-21 21:27:43"},{"id":"14","nombre":"sdf","descripcion":"sdf","grupo_privilegio":"dwdwdw","estado":"1","created_at":"2024-04-21 21:28:44"}]', [...])
 3 SYSTEMPATH\CodeIgniter.php(941): App\Controllers\GestionUsuarioController->DatosRolesView()
 4 SYSTEMPATH\CodeIgniter.php(502): CodeIgniter\CodeIgniter->runController(Object(App\Controllers\GestionUsuarioController))
 5 SYSTEMPATH\CodeIgniter.php(361): CodeIgniter\CodeIgniter->handleRequest(null, Object(Config\Cache), false)
 6 FCPATH\index.php(79): CodeIgniter\CodeIgniter->run()
 7 SYSTEMPATH\Commands\Server\rewrite.php(47): require_once('C:\\laragon\\www\\geotranck-dev\\public\\index.php')
WARNING - 2024-04-29 23:29:02 --> [DEPRECATED] usort(): Returning bool from comparison function is deprecated, return an integer less than, equal to, or greater than zero in APPPATH\Controllers\GestionUsuarioController.php on line 698.
 1 APPPATH\Controllers\GestionUsuarioController.php(698): usort([...], Object(Closure))
 2 APPPATH\Controllers\GestionUsuarioController.php(171): App\Controllers\GestionUsuarioController->datatables('[{"id":"12","nombre":"ded","descripcion":"dewdew","grupo_privilegio":"fe","estado":"1","created_at":"2024-04-21 21:19:28"},{"id":"4","nombre":"dwd","descripcion":"dw","grupo_privilegio":"dwdw24242151515","estado":"1","created_at":"2024-04-08 00:50:18"},{"id":"8","nombre":"xsxs","descripcion":"xs","grupo_privilegio":"dwdw24242151515","estado":"1","created_at":"2024-04-08 01:04:24"},{"id":"9","nombre":"xs","descripcion":"asx","grupo_privilegio":"79788921312378","estado":"1","created_at":"2024-04-08 01:06:01"},{"id":"10","nombre":"cr","descripcion":"hthtr","grupo_privilegio":"dwdwdw","estado":"1","created_at":"2024-04-08 01:09:17"},{"id":"11","nombre":"fe 123 213 dsfdsf","descripcion":"vd","grupo_privilegio":"fee","estado":"1","created_at":"2024-04-08 21:00:36"},{"id":"13","nombre":"sdc","descripcion":"vsdv","grupo_privilegio":"79788921312378","estado":"1","created_at":"2024-04-21 21:27:43"},{"id":"14","nombre":"sdf","descripcion":"sdf","grupo_privilegio":"dwdwdw","estado":"1","created_at":"2024-04-21 21:28:44"}]', [...])
 3 SYSTEMPATH\CodeIgniter.php(941): App\Controllers\GestionUsuarioController->DatosRolesView()
 4 SYSTEMPATH\CodeIgniter.php(502): CodeIgniter\CodeIgniter->runController(Object(App\Controllers\GestionUsuarioController))
 5 SYSTEMPATH\CodeIgniter.php(361): CodeIgniter\CodeIgniter->handleRequest(null, Object(Config\Cache), false)
 6 FCPATH\index.php(79): CodeIgniter\CodeIgniter->run()
 7 SYSTEMPATH\Commands\Server\rewrite.php(47): require_once('C:\\laragon\\www\\geotranck-dev\\public\\index.php')
