WARNING - 2024-04-30 00:06:35 --> [DEPRECATED] usort(): Returning bool from comparison function is deprecated, return an integer less than, equal to, or greater than zero in APPPATH\Controllers\GestionUsuarioController.php on line 698.
 1 APPPATH\Controllers\GestionUsuarioController.php(698): usort([...], Object(Closure))
 2 APPPATH\Controllers\GestionUsuarioController.php(171): App\Controllers\GestionUsuarioController->datatables('[{"id":"12","nombre":"ded","descripcion":"dewdew","grupo_privilegio":"fe","estado":"1","created_at":"2024-04-21 21:19:28"},{"id":"4","nombre":"dwd","descripcion":"dw","grupo_privilegio":"dwdw24242151515","estado":"1","created_at":"2024-04-08 00:50:18"},{"id":"8","nombre":"xsxs","descripcion":"xs","grupo_privilegio":"dwdw24242151515","estado":"1","created_at":"2024-04-08 01:04:24"},{"id":"9","nombre":"xs","descripcion":"asx","grupo_privilegio":"79788921312378","estado":"1","created_at":"2024-04-08 01:06:01"},{"id":"10","nombre":"cr","descripcion":"hthtr","grupo_privilegio":"dwdwdw","estado":"1","created_at":"2024-04-08 01:09:17"},{"id":"11","nombre":"fe 123 213 dsfdsf","descripcion":"vd","grupo_privilegio":"fee","estado":"1","created_at":"2024-04-08 21:00:36"},{"id":"13","nombre":"sdc","descripcion":"vsdv","grupo_privilegio":"79788921312378","estado":"1","created_at":"2024-04-21 21:27:43"},{"id":"14","nombre":"sdf","descripcion":"sdf","grupo_privilegio":"dwdwdw","estado":"1","created_at":"2024-04-21 21:28:44"}]', [...])
 3 SYSTEMPATH\CodeIgniter.php(941): App\Controllers\GestionUsuarioController->DatosRolesView()
 4 SYSTEMPATH\CodeIgniter.php(502): CodeIgniter\CodeIgniter->runController(Object(App\Controllers\GestionUsuarioController))
 5 SYSTEMPATH\CodeIgniter.php(361): CodeIgniter\CodeIgniter->handleRequest(null, Object(Config\Cache), false)
 6 FCPATH\index.php(79): CodeIgniter\CodeIgniter->run()
 7 SYSTEMPATH\Commands\Server\rewrite.php(47): require_once('C:\\laragon\\www\\geotranck-dev\\public\\index.php')
WARNING - 2024-04-30 00:07:31 --> [DEPRECATED] usort(): Returning bool from comparison function is deprecated, return an integer less than, equal to, or greater than zero in APPPATH\Controllers\GestionUsuarioController.php on line 698.
 1 APPPATH\Controllers\GestionUsuarioController.php(698): usort([...], Object(Closure))
 2 APPPATH\Controllers\GestionUsuarioController.php(171): App\Controllers\GestionUsuarioController->datatables('[{"id":"12","nombre":"ded","descripcion":"dewdew","grupo_privilegio":"fe","estado":"1","created_at":"2024-04-21 21:19:28"},{"id":"4","nombre":"dwd","descripcion":"dw","grupo_privilegio":"dwdw24242151515","estado":"1","created_at":"2024-04-08 00:50:18"},{"id":"8","nombre":"xsxs","descripcion":"xs","grupo_privilegio":"dwdw24242151515","estado":"1","created_at":"2024-04-08 01:04:24"},{"id":"9","nombre":"xs","descripcion":"asx","grupo_privilegio":"79788921312378","estado":"1","created_at":"2024-04-08 01:06:01"},{"id":"10","nombre":"cr","descripcion":"hthtr","grupo_privilegio":"dwdwdw","estado":"1","created_at":"2024-04-08 01:09:17"},{"id":"11","nombre":"fe 123 213 dsfdsf","descripcion":"vd","grupo_privilegio":"fee","estado":"1","created_at":"2024-04-08 21:00:36"},{"id":"13","nombre":"sdc","descripcion":"vsdv","grupo_privilegio":"79788921312378","estado":"1","created_at":"2024-04-21 21:27:43"},{"id":"14","nombre":"sdf","descripcion":"sdf","grupo_privilegio":"dwdwdw","estado":"1","created_at":"2024-04-21 21:28:44"}]', [...])
 3 SYSTEMPATH\CodeIgniter.php(941): App\Controllers\GestionUsuarioController->DatosRolesView()
 4 SYSTEMPATH\CodeIgniter.php(502): CodeIgniter\CodeIgniter->runController(Object(App\Controllers\GestionUsuarioController))
 5 SYSTEMPATH\CodeIgniter.php(361): CodeIgniter\CodeIgniter->handleRequest(null, Object(Config\Cache), false)
 6 FCPATH\index.php(79): CodeIgniter\CodeIgniter->run()
 7 SYSTEMPATH\Commands\Server\rewrite.php(47): require_once('C:\\laragon\\www\\geotranck-dev\\public\\index.php')
WARNING - 2024-04-30 00:08:46 --> [DEPRECATED] usort(): Returning bool from comparison function is deprecated, return an integer less than, equal to, or greater than zero in APPPATH\Controllers\GestionUsuarioController.php on line 698.
 1 APPPATH\Controllers\GestionUsuarioController.php(698): usort([...], Object(Closure))
 2 APPPATH\Controllers\GestionUsuarioController.php(171): App\Controllers\GestionUsuarioController->datatables('[{"id":"12","nombre":"ded","descripcion":"dewdew","grupo_privilegio":"fe","estado":"1","created_at":"2024-04-21 21:19:28"},{"id":"4","nombre":"dwd","descripcion":"dw","grupo_privilegio":"dwdw24242151515","estado":"1","created_at":"2024-04-08 00:50:18"},{"id":"8","nombre":"xsxs","descripcion":"xs","grupo_privilegio":"dwdw24242151515","estado":"1","created_at":"2024-04-08 01:04:24"},{"id":"9","nombre":"xs","descripcion":"asx","grupo_privilegio":"79788921312378","estado":"1","created_at":"2024-04-08 01:06:01"},{"id":"10","nombre":"cr","descripcion":"hthtr","grupo_privilegio":"dwdwdw","estado":"1","created_at":"2024-04-08 01:09:17"},{"id":"11","nombre":"fe 123 213 dsfdsf","descripcion":"vd","grupo_privilegio":"fee","estado":"1","created_at":"2024-04-08 21:00:36"},{"id":"13","nombre":"sdc","descripcion":"vsdv","grupo_privilegio":"79788921312378","estado":"1","created_at":"2024-04-21 21:27:43"},{"id":"14","nombre":"sdf","descripcion":"sdf","grupo_privilegio":"dwdwdw","estado":"1","created_at":"2024-04-21 21:28:44"}]', [...])
 3 SYSTEMPATH\CodeIgniter.php(941): App\Controllers\GestionUsuarioController->DatosRolesView()
 4 SYSTEMPATH\CodeIgniter.php(502): CodeIgniter\CodeIgniter->runController(Object(App\Controllers\GestionUsuarioController))
 5 SYSTEMPATH\CodeIgniter.php(361): CodeIgniter\CodeIgniter->handleRequest(null, Object(Config\Cache), false)
 6 FCPATH\index.php(79): CodeIgniter\CodeIgniter->run()
 7 SYSTEMPATH\Commands\Server\rewrite.php(47): require_once('C:\\laragon\\www\\geotranck-dev\\public\\index.php')
WARNING - 2024-04-30 00:12:31 --> [DEPRECATED] usort(): Returning bool from comparison function is deprecated, return an integer less than, equal to, or greater than zero in APPPATH\Controllers\GestionUsuarioController.php on line 698.
 1 APPPATH\Controllers\GestionUsuarioController.php(698): usort([...], Object(Closure))
 2 APPPATH\Controllers\GestionUsuarioController.php(171): App\Controllers\GestionUsuarioController->datatables('[{"id":"12","nombre":"ded","descripcion":"dewdew","grupo_privilegio":"fe","estado":"1","created_at":"2024-04-21 21:19:28"},{"id":"4","nombre":"dwd","descripcion":"dw","grupo_privilegio":"dwdw24242151515","estado":"1","created_at":"2024-04-08 00:50:18"},{"id":"8","nombre":"xsxs","descripcion":"xs","grupo_privilegio":"dwdw24242151515","estado":"1","created_at":"2024-04-08 01:04:24"},{"id":"9","nombre":"xs","descripcion":"asx","grupo_privilegio":"79788921312378","estado":"1","created_at":"2024-04-08 01:06:01"},{"id":"10","nombre":"cr","descripcion":"hthtr","grupo_privilegio":"dwdwdw","estado":"1","created_at":"2024-04-08 01:09:17"},{"id":"11","nombre":"fe 123 213 dsfdsf","descripcion":"vd","grupo_privilegio":"fee","estado":"1","created_at":"2024-04-08 21:00:36"},{"id":"13","nombre":"sdc","descripcion":"vsdv","grupo_privilegio":"79788921312378","estado":"1","created_at":"2024-04-21 21:27:43"},{"id":"14","nombre":"sdf","descripcion":"sdf","grupo_privilegio":"dwdwdw","estado":"1","created_at":"2024-04-21 21:28:44"}]', [...])
 3 SYSTEMPATH\CodeIgniter.php(941): App\Controllers\GestionUsuarioController->DatosRolesView()
 4 SYSTEMPATH\CodeIgniter.php(502): CodeIgniter\CodeIgniter->runController(Object(App\Controllers\GestionUsuarioController))
 5 SYSTEMPATH\CodeIgniter.php(361): CodeIgniter\CodeIgniter->handleRequest(null, Object(Config\Cache), false)
 6 FCPATH\index.php(79): CodeIgniter\CodeIgniter->run()
 7 SYSTEMPATH\Commands\Server\rewrite.php(47): require_once('C:\\laragon\\www\\geotranck-dev\\public\\index.php')
