WARNING - 2024-04-27 00:03:46 --> [DEPRECATED] usort(): Returning bool from comparison function is deprecated, return an integer less than, equal to, or greater than zero in APPPATH\Controllers\GestionUsuarioController.php on line 649.
 1 APPPATH\Controllers\GestionUsuarioController.php(649): usort([...], Object(Closure))
 2 APPPATH\Controllers\GestionUsuarioController.php(535): App\Controllers\GestionUsuarioController->datatables('[{"id":"1","nombre":"Rol 1","apellido":"Perez","correo":"juan@example.com","telefono":"1234567","direccion":"Calle 123","cargo":"Gerente","created_at":"2024-04-30 12:00:00"},{"id":"2","nombre":"Rol 2dwdwdw","apellido":"Lopez","correo":"maria@example.com","telefono":"7654321","direccion":"Avenida 456","cargo":"Directora","created_at":"2024-04-30 12:00:00"},{"id":"3","nombre":"Rol 1","apellido":"de","correo":"de","telefono":"213","direccion":"fefew","cargo":"sc","created_at":"2024-04-26 22:30:56"}]', [...])
 3 SYSTEMPATH\CodeIgniter.php(941): App\Controllers\GestionUsuarioController->datosAdministradorView()
 4 SYSTEMPATH\CodeIgniter.php(502): CodeIgniter\CodeIgniter->runController(Object(App\Controllers\GestionUsuarioController))
 5 SYSTEMPATH\CodeIgniter.php(361): CodeIgniter\CodeIgniter->handleRequest(null, Object(Config\Cache), false)
 6 FCPATH\index.php(79): CodeIgniter\CodeIgniter->run()
 7 SYSTEMPATH\Commands\Server\rewrite.php(47): require_once('C:\\laragon\\www\\geotranck-dev\\public\\index.php')
WARNING - 2024-04-27 00:03:51 --> [DEPRECATED] usort(): Returning bool from comparison function is deprecated, return an integer less than, equal to, or greater than zero in APPPATH\Controllers\GestionUsuarioController.php on line 649.
 1 APPPATH\Controllers\GestionUsuarioController.php(649): usort([...], Object(Closure))
 2 APPPATH\Controllers\GestionUsuarioController.php(535): App\Controllers\GestionUsuarioController->datatables('[{"id":"1","nombre":"Rol 1","apellido":"Perez","correo":"juan@example.com","telefono":"1234567","direccion":"Calle 123","cargo":"Gerente","created_at":"2024-04-30 12:00:00"},{"id":"2","nombre":"Rol 2dwdwdw","apellido":"Lopez","correo":"maria@example.com","telefono":"7654321","direccion":"Avenida 456","cargo":"Directora","created_at":"2024-04-30 12:00:00"},{"id":"3","nombre":"Rol 1","apellido":"de","correo":"de","telefono":"213","direccion":"fefew","cargo":"sc","created_at":"2024-04-26 22:30:56"}]', [...])
 3 SYSTEMPATH\CodeIgniter.php(941): App\Controllers\GestionUsuarioController->datosAdministradorView()
 4 SYSTEMPATH\CodeIgniter.php(502): CodeIgniter\CodeIgniter->runController(Object(App\Controllers\GestionUsuarioController))
 5 SYSTEMPATH\CodeIgniter.php(361): CodeIgniter\CodeIgniter->handleRequest(null, Object(Config\Cache), false)
 6 FCPATH\index.php(79): CodeIgniter\CodeIgniter->run()
 7 SYSTEMPATH\Commands\Server\rewrite.php(47): require_once('C:\\laragon\\www\\geotranck-dev\\public\\index.php')
WARNING - 2024-04-27 00:04:40 --> [DEPRECATED] usort(): Returning bool from comparison function is deprecated, return an integer less than, equal to, or greater than zero in APPPATH\Controllers\GestionUsuarioController.php on line 649.
 1 APPPATH\Controllers\GestionUsuarioController.php(649): usort([...], Object(Closure))
 2 APPPATH\Controllers\GestionUsuarioController.php(535): App\Controllers\GestionUsuarioController->datatables('[{"id":"1","nombre":"Rol 1","apellido":"Perez","correo":"juan@example.com","telefono":"1234567","direccion":"Calle 123","cargo":"Gerente","created_at":"2024-04-30 12:00:00"},{"id":"2","nombre":"Rol 2dwdwdw","apellido":"Lopez","correo":"maria@example.com","telefono":"7654321","direccion":"Avenida 456","cargo":"Directora","created_at":"2024-04-30 12:00:00"},{"id":"3","nombre":"Rol 1","apellido":"de","correo":"de","telefono":"213","direccion":"fefew","cargo":"sc","created_at":"2024-04-26 22:30:56"}]', [...])
 3 SYSTEMPATH\CodeIgniter.php(941): App\Controllers\GestionUsuarioController->datosAdministradorView()
 4 SYSTEMPATH\CodeIgniter.php(502): CodeIgniter\CodeIgniter->runController(Object(App\Controllers\GestionUsuarioController))
 5 SYSTEMPATH\CodeIgniter.php(361): CodeIgniter\CodeIgniter->handleRequest(null, Object(Config\Cache), false)
 6 FCPATH\index.php(79): CodeIgniter\CodeIgniter->run()
 7 SYSTEMPATH\Commands\Server\rewrite.php(47): require_once('C:\\laragon\\www\\geotranck-dev\\public\\index.php')
WARNING - 2024-04-27 00:07:18 --> [DEPRECATED] usort(): Returning bool from comparison function is deprecated, return an integer less than, equal to, or greater than zero in APPPATH\Controllers\GestionUsuarioController.php on line 649.
 1 APPPATH\Controllers\GestionUsuarioController.php(649): usort([...], Object(Closure))
 2 APPPATH\Controllers\GestionUsuarioController.php(535): App\Controllers\GestionUsuarioController->datatables('[{"id":"1","nombre":"Rol 1","apellido":"Perez","correo":"juan@example.com","telefono":"1234567","direccion":"Calle 123","cargo":"Gerente","created_at":"2024-04-30 12:00:00"},{"id":"2","nombre":"Rol 2dwdwdw","apellido":"Lopez","correo":"maria@example.com","telefono":"7654321","direccion":"Avenida 456","cargo":"Directora","created_at":"2024-04-30 12:00:00"},{"id":"3","nombre":"Rol 1","apellido":"de","correo":"de","telefono":"213","direccion":"fefew","cargo":"sc","created_at":"2024-04-26 22:30:56"}]', [...])
 3 SYSTEMPATH\CodeIgniter.php(941): App\Controllers\GestionUsuarioController->datosAdministradorView()
 4 SYSTEMPATH\CodeIgniter.php(502): CodeIgniter\CodeIgniter->runController(Object(App\Controllers\GestionUsuarioController))
 5 SYSTEMPATH\CodeIgniter.php(361): CodeIgniter\CodeIgniter->handleRequest(null, Object(Config\Cache), false)
 6 FCPATH\index.php(79): CodeIgniter\CodeIgniter->run()
 7 SYSTEMPATH\Commands\Server\rewrite.php(47): require_once('C:\\laragon\\www\\geotranck-dev\\public\\index.php')
WARNING - 2024-04-27 00:09:01 --> [DEPRECATED] usort(): Returning bool from comparison function is deprecated, return an integer less than, equal to, or greater than zero in APPPATH\Controllers\GestionUsuarioController.php on line 650.
 1 APPPATH\Controllers\GestionUsuarioController.php(650): usort([...], Object(Closure))
 2 APPPATH\Controllers\GestionUsuarioController.php(536): App\Controllers\GestionUsuarioController->datatables('[{"id":"1","nombre":"Juan","apellido":"Perez","correo":"juan@example.com","telefono":"1234567","direccion":"Calle 123","cargo":"Gerente","nombrerol":"Rol 1","created_at":"2024-04-30 12:00:00"},{"id":"2","nombre":"Maria","apellido":"Lopez","correo":"maria@example.com","telefono":"7654321","direccion":"Avenida 456","cargo":"Directora","nombrerol":"Rol 2dwdwdw","created_at":"2024-04-30 12:00:00"},{"id":"3","nombre":"dee","apellido":"de","correo":"de","telefono":"213","direccion":"fefew","cargo":"sc","nombrerol":"Rol 1","created_at":"2024-04-26 22:30:56"}]', [...])
 3 SYSTEMPATH\CodeIgniter.php(941): App\Controllers\GestionUsuarioController->datosAdministradorView()
 4 SYSTEMPATH\CodeIgniter.php(502): CodeIgniter\CodeIgniter->runController(Object(App\Controllers\GestionUsuarioController))
 5 SYSTEMPATH\CodeIgniter.php(361): CodeIgniter\CodeIgniter->handleRequest(null, Object(Config\Cache), false)
 6 FCPATH\index.php(79): CodeIgniter\CodeIgniter->run()
 7 SYSTEMPATH\Commands\Server\rewrite.php(47): require_once('C:\\laragon\\www\\geotranck-dev\\public\\index.php')
WARNING - 2024-04-27 00:09:42 --> [DEPRECATED] usort(): Returning bool from comparison function is deprecated, return an integer less than, equal to, or greater than zero in APPPATH\Controllers\GestionUsuarioController.php on line 650.
 1 APPPATH\Controllers\GestionUsuarioController.php(650): usort([...], Object(Closure))
 2 APPPATH\Controllers\GestionUsuarioController.php(536): App\Controllers\GestionUsuarioController->datatables('[{"id":"1","nombre":"Juan","apellido":"Perez","correo":"juan@example.com","telefono":"1234567","direccion":"Calle 123","cargo":"Gerente","nombrerol":"Rol 1","created_at":"2024-04-30 12:00:00"},{"id":"2","nombre":"Maria","apellido":"Lopez","correo":"maria@example.com","telefono":"7654321","direccion":"Avenida 456","cargo":"Directora","nombrerol":"Rol 2dwdwdw","created_at":"2024-04-30 12:00:00"},{"id":"3","nombre":"dee","apellido":"de","correo":"de","telefono":"213","direccion":"fefew","cargo":"sc","nombrerol":"Rol 1","created_at":"2024-04-26 22:30:56"}]', [...])
 3 SYSTEMPATH\CodeIgniter.php(941): App\Controllers\GestionUsuarioController->datosAdministradorView()
 4 SYSTEMPATH\CodeIgniter.php(502): CodeIgniter\CodeIgniter->runController(Object(App\Controllers\GestionUsuarioController))
 5 SYSTEMPATH\CodeIgniter.php(361): CodeIgniter\CodeIgniter->handleRequest(null, Object(Config\Cache), false)
 6 FCPATH\index.php(79): CodeIgniter\CodeIgniter->run()
 7 SYSTEMPATH\Commands\Server\rewrite.php(47): require_once('C:\\laragon\\www\\geotranck-dev\\public\\index.php')
WARNING - 2024-04-27 00:10:09 --> [DEPRECATED] usort(): Returning bool from comparison function is deprecated, return an integer less than, equal to, or greater than zero in APPPATH\Controllers\GestionUsuarioController.php on line 650.
 1 APPPATH\Controllers\GestionUsuarioController.php(650): usort([...], Object(Closure))
 2 APPPATH\Controllers\GestionUsuarioController.php(536): App\Controllers\GestionUsuarioController->datatables('[{"id":"1","nombre":"Juan","apellido":"Perez","correo":"juan@example.com","telefono":"1234567","direccion":"Calle 123","cargo":"Gerente","nombrerol":"Rol 1","created_at":"2024-04-30 12:00:00"},{"id":"2","nombre":"Maria","apellido":"Lopez","correo":"maria@example.com","telefono":"7654321","direccion":"Avenida 456","cargo":"Directora","nombrerol":"Rol 2dwdwdw","created_at":"2024-04-30 12:00:00"},{"id":"3","nombre":"dee","apellido":"de","correo":"de","telefono":"213","direccion":"fefew","cargo":"sc","nombrerol":"Rol 1","created_at":"2024-04-26 22:30:56"}]', [...])
 3 SYSTEMPATH\CodeIgniter.php(941): App\Controllers\GestionUsuarioController->datosAdministradorView()
 4 SYSTEMPATH\CodeIgniter.php(502): CodeIgniter\CodeIgniter->runController(Object(App\Controllers\GestionUsuarioController))
 5 SYSTEMPATH\CodeIgniter.php(361): CodeIgniter\CodeIgniter->handleRequest(null, Object(Config\Cache), false)
 6 FCPATH\index.php(79): CodeIgniter\CodeIgniter->run()
 7 SYSTEMPATH\Commands\Server\rewrite.php(47): require_once('C:\\laragon\\www\\geotranck-dev\\public\\index.php')
WARNING - 2024-04-27 00:10:55 --> [DEPRECATED] usort(): Returning bool from comparison function is deprecated, return an integer less than, equal to, or greater than zero in APPPATH\Controllers\GestionUsuarioController.php on line 649.
 1 APPPATH\Controllers\GestionUsuarioController.php(649): usort([...], Object(Closure))
 2 APPPATH\Controllers\GestionUsuarioController.php(535): App\Controllers\GestionUsuarioController->datatables('[{"id":"1","nombre":"Juan","apellido":"Perez","correo":"juan@example.com","telefono":"1234567","direccion":"Calle 123","cargo":"Gerente","nombrerol":"Rol 1","created_at":"2024-04-30 12:00:00"},{"id":"2","nombre":"Maria","apellido":"Lopez","correo":"maria@example.com","telefono":"7654321","direccion":"Avenida 456","cargo":"Directora","nombrerol":"Rol 2dwdwdw","created_at":"2024-04-30 12:00:00"},{"id":"3","nombre":"dee","apellido":"de","correo":"de","telefono":"213","direccion":"fefew","cargo":"sc","nombrerol":"Rol 1","created_at":"2024-04-26 22:30:56"}]', [...])
 3 SYSTEMPATH\CodeIgniter.php(941): App\Controllers\GestionUsuarioController->datosAdministradorView()
 4 SYSTEMPATH\CodeIgniter.php(502): CodeIgniter\CodeIgniter->runController(Object(App\Controllers\GestionUsuarioController))
 5 SYSTEMPATH\CodeIgniter.php(361): CodeIgniter\CodeIgniter->handleRequest(null, Object(Config\Cache), false)
 6 FCPATH\index.php(79): CodeIgniter\CodeIgniter->run()
 7 SYSTEMPATH\Commands\Server\rewrite.php(47): require_once('C:\\laragon\\www\\geotranck-dev\\public\\index.php')
WARNING - 2024-04-27 00:11:55 --> [DEPRECATED] usort(): Returning bool from comparison function is deprecated, return an integer less than, equal to, or greater than zero in APPPATH\Controllers\GestionUsuarioController.php on line 649.
 1 APPPATH\Controllers\GestionUsuarioController.php(649): usort([...], Object(Closure))
 2 APPPATH\Controllers\GestionUsuarioController.php(535): App\Controllers\GestionUsuarioController->datatables('[{"id":"1","nombre":"Juan","apellido":"Perez","correo":"juan@example.com","telefono":"1234567","direccion":"Calle 123","cargo":"Gerente","nombrerol":"Rol 1","created_at":"2024-04-30 12:00:00"},{"id":"2","nombre":"Maria","apellido":"Lopez","correo":"maria@example.com","telefono":"7654321","direccion":"Avenida 456","cargo":"Directora","nombrerol":"Rol 2dwdwdw","created_at":"2024-04-30 12:00:00"},{"id":"3","nombre":"dee","apellido":"de","correo":"de","telefono":"213","direccion":"fefew","cargo":"sc","nombrerol":"Rol 1","created_at":"2024-04-26 22:30:56"},{"id":"4","nombre":"kmkmk","apellido":"jnjnjn","correo":"kmkmk","telefono":"213","direccion":"m mm","cargo":"kmkmk","nombrerol":"fe 123 213 dsfdsf","created_at":"2024-04-27 00:11:54"}]', [...])
 3 SYSTEMPATH\CodeIgniter.php(941): App\Controllers\GestionUsuarioController->datosAdministradorView()
 4 SYSTEMPATH\CodeIgniter.php(502): CodeIgniter\CodeIgniter->runController(Object(App\Controllers\GestionUsuarioController))
 5 SYSTEMPATH\CodeIgniter.php(361): CodeIgniter\CodeIgniter->handleRequest(null, Object(Config\Cache), false)
 6 FCPATH\index.php(79): CodeIgniter\CodeIgniter->run()
 7 SYSTEMPATH\Commands\Server\rewrite.php(47): require_once('C:\\laragon\\www\\geotranck-dev\\public\\index.php')
WARNING - 2024-04-27 00:12:19 --> [DEPRECATED] usort(): Returning bool from comparison function is deprecated, return an integer less than, equal to, or greater than zero in APPPATH\Controllers\GestionUsuarioController.php on line 649.
 1 APPPATH\Controllers\GestionUsuarioController.php(649): usort([...], Object(Closure))
 2 APPPATH\Controllers\GestionUsuarioController.php(535): App\Controllers\GestionUsuarioController->datatables('[{"id":"1","nombre":"Juan","apellido":"Perez","correo":"juan@example.com","telefono":"1234567","direccion":"Calle 123","cargo":"Gerente","nombrerol":"Rol 1","created_at":"2024-04-30 12:00:00"},{"id":"2","nombre":"Maria","apellido":"Lopez","correo":"maria@example.com","telefono":"7654321","direccion":"Avenida 456","cargo":"Directora","nombrerol":"Rol 2dwdwdw","created_at":"2024-04-30 12:00:00"},{"id":"3","nombre":"dee","apellido":"de","correo":"de","telefono":"213","direccion":"fefew","cargo":"sc","nombrerol":"Rol 1","created_at":"2024-04-26 22:30:56"},{"id":"4","nombre":"kmkmk","apellido":"jnjnjn","correo":"kmkmk","telefono":"213","direccion":"m mm","cargo":"kmkmk","nombrerol":"fe 123 213 dsfdsf","created_at":"2024-04-27 00:11:54"}]', [...])
 3 SYSTEMPATH\CodeIgniter.php(941): App\Controllers\GestionUsuarioController->datosAdministradorView()
 4 SYSTEMPATH\CodeIgniter.php(502): CodeIgniter\CodeIgniter->runController(Object(App\Controllers\GestionUsuarioController))
 5 SYSTEMPATH\CodeIgniter.php(361): CodeIgniter\CodeIgniter->handleRequest(null, Object(Config\Cache), false)
 6 FCPATH\index.php(79): CodeIgniter\CodeIgniter->run()
 7 SYSTEMPATH\Commands\Server\rewrite.php(47): require_once('C:\\laragon\\www\\geotranck-dev\\public\\index.php')
WARNING - 2024-04-27 00:12:21 --> [DEPRECATED] usort(): Returning bool from comparison function is deprecated, return an integer less than, equal to, or greater than zero in APPPATH\Controllers\GestionUsuarioController.php on line 649.
 1 APPPATH\Controllers\GestionUsuarioController.php(649): usort([...], Object(Closure))
 2 APPPATH\Controllers\GestionUsuarioController.php(535): App\Controllers\GestionUsuarioController->datatables('[{"id":"1","nombre":"Juan","apellido":"Perez","correo":"juan@example.com","telefono":"1234567","direccion":"Calle 123","cargo":"Gerente","nombrerol":"Rol 1","created_at":"2024-04-30 12:00:00"},{"id":"2","nombre":"Maria","apellido":"Lopez","correo":"maria@example.com","telefono":"7654321","direccion":"Avenida 456","cargo":"Directora","nombrerol":"Rol 2dwdwdw","created_at":"2024-04-30 12:00:00"},{"id":"3","nombre":"dee","apellido":"de","correo":"de","telefono":"213","direccion":"fefew","cargo":"sc","nombrerol":"Rol 1","created_at":"2024-04-26 22:30:56"},{"id":"4","nombre":"kmkmk","apellido":"jnjnjn","correo":"kmkmk","telefono":"213","direccion":"m mm","cargo":"kmkmk","nombrerol":"fe 123 213 dsfdsf","created_at":"2024-04-27 00:11:54"}]', [...])
 3 SYSTEMPATH\CodeIgniter.php(941): App\Controllers\GestionUsuarioController->datosAdministradorView()
 4 SYSTEMPATH\CodeIgniter.php(502): CodeIgniter\CodeIgniter->runController(Object(App\Controllers\GestionUsuarioController))
 5 SYSTEMPATH\CodeIgniter.php(361): CodeIgniter\CodeIgniter->handleRequest(null, Object(Config\Cache), false)
 6 FCPATH\index.php(79): CodeIgniter\CodeIgniter->run()
 7 SYSTEMPATH\Commands\Server\rewrite.php(47): require_once('C:\\laragon\\www\\geotranck-dev\\public\\index.php')
WARNING - 2024-04-27 00:12:24 --> [DEPRECATED] usort(): Returning bool from comparison function is deprecated, return an integer less than, equal to, or greater than zero in APPPATH\Controllers\GestionUsuarioController.php on line 649.
 1 APPPATH\Controllers\GestionUsuarioController.php(649): usort([...], Object(Closure))
 2 APPPATH\Controllers\GestionUsuarioController.php(535): App\Controllers\GestionUsuarioController->datatables('[{"id":"1","nombre":"Juan","apellido":"Perez","correo":"juan@example.com","telefono":"1234567","direccion":"Calle 123","cargo":"Gerente","nombrerol":"Rol 1","created_at":"2024-04-30 12:00:00"},{"id":"2","nombre":"Maria","apellido":"Lopez","correo":"maria@example.com","telefono":"7654321","direccion":"Avenida 456","cargo":"Directora","nombrerol":"Rol 2dwdwdw","created_at":"2024-04-30 12:00:00"},{"id":"3","nombre":"dee","apellido":"de","correo":"de","telefono":"213","direccion":"fefew","cargo":"sc","nombrerol":"Rol 1","created_at":"2024-04-26 22:30:56"},{"id":"4","nombre":"kmkmk","apellido":"jnjnjn","correo":"kmkmk","telefono":"213","direccion":"m mm","cargo":"kmkmk","nombrerol":"fe 123 213 dsfdsf","created_at":"2024-04-27 00:11:54"}]', [...])
 3 SYSTEMPATH\CodeIgniter.php(941): App\Controllers\GestionUsuarioController->datosAdministradorView()
 4 SYSTEMPATH\CodeIgniter.php(502): CodeIgniter\CodeIgniter->runController(Object(App\Controllers\GestionUsuarioController))
 5 SYSTEMPATH\CodeIgniter.php(361): CodeIgniter\CodeIgniter->handleRequest(null, Object(Config\Cache), false)
 6 FCPATH\index.php(79): CodeIgniter\CodeIgniter->run()
 7 SYSTEMPATH\Commands\Server\rewrite.php(47): require_once('C:\\laragon\\www\\geotranck-dev\\public\\index.php')
WARNING - 2024-04-27 00:12:27 --> [DEPRECATED] usort(): Returning bool from comparison function is deprecated, return an integer less than, equal to, or greater than zero in APPPATH\Controllers\GestionUsuarioController.php on line 649.
 1 APPPATH\Controllers\GestionUsuarioController.php(649): usort([...], Object(Closure))
 2 APPPATH\Controllers\GestionUsuarioController.php(535): App\Controllers\GestionUsuarioController->datatables('[{"id":"1","nombre":"Juan","apellido":"Perez","correo":"juan@example.com","telefono":"1234567","direccion":"Calle 123","cargo":"Gerente","nombrerol":"Rol 1","created_at":"2024-04-30 12:00:00"},{"id":"2","nombre":"Maria","apellido":"Lopez","correo":"maria@example.com","telefono":"7654321","direccion":"Avenida 456","cargo":"Directora","nombrerol":"Rol 2dwdwdw","created_at":"2024-04-30 12:00:00"},{"id":"3","nombre":"dee","apellido":"de","correo":"de","telefono":"213","direccion":"fefew","cargo":"sc","nombrerol":"Rol 1","created_at":"2024-04-26 22:30:56"},{"id":"4","nombre":"kmkmk","apellido":"jnjnjn","correo":"kmkmk","telefono":"213","direccion":"m mm","cargo":"kmkmk","nombrerol":"fe 123 213 dsfdsf","created_at":"2024-04-27 00:11:54"}]', [...])
 3 SYSTEMPATH\CodeIgniter.php(941): App\Controllers\GestionUsuarioController->datosAdministradorView()
 4 SYSTEMPATH\CodeIgniter.php(502): CodeIgniter\CodeIgniter->runController(Object(App\Controllers\GestionUsuarioController))
 5 SYSTEMPATH\CodeIgniter.php(361): CodeIgniter\CodeIgniter->handleRequest(null, Object(Config\Cache), false)
 6 FCPATH\index.php(79): CodeIgniter\CodeIgniter->run()
 7 SYSTEMPATH\Commands\Server\rewrite.php(47): require_once('C:\\laragon\\www\\geotranck-dev\\public\\index.php')
WARNING - 2024-04-27 00:12:29 --> [DEPRECATED] usort(): Returning bool from comparison function is deprecated, return an integer less than, equal to, or greater than zero in APPPATH\Controllers\GestionUsuarioController.php on line 649.
 1 APPPATH\Controllers\GestionUsuarioController.php(649): usort([...], Object(Closure))
 2 APPPATH\Controllers\GestionUsuarioController.php(535): App\Controllers\GestionUsuarioController->datatables('[{"id":"1","nombre":"Juan","apellido":"Perez","correo":"juan@example.com","telefono":"1234567","direccion":"Calle 123","cargo":"Gerente","nombrerol":"Rol 1","created_at":"2024-04-30 12:00:00"},{"id":"2","nombre":"Maria","apellido":"Lopez","correo":"maria@example.com","telefono":"7654321","direccion":"Avenida 456","cargo":"Directora","nombrerol":"Rol 2dwdwdw","created_at":"2024-04-30 12:00:00"},{"id":"3","nombre":"dee","apellido":"de","correo":"de","telefono":"213","direccion":"fefew","cargo":"sc","nombrerol":"Rol 1","created_at":"2024-04-26 22:30:56"},{"id":"4","nombre":"kmkmk","apellido":"jnjnjn","correo":"kmkmk","telefono":"213","direccion":"m mm","cargo":"kmkmk","nombrerol":"fe 123 213 dsfdsf","created_at":"2024-04-27 00:11:54"}]', [...])
 3 SYSTEMPATH\CodeIgniter.php(941): App\Controllers\GestionUsuarioController->datosAdministradorView()
 4 SYSTEMPATH\CodeIgniter.php(502): CodeIgniter\CodeIgniter->runController(Object(App\Controllers\GestionUsuarioController))
 5 SYSTEMPATH\CodeIgniter.php(361): CodeIgniter\CodeIgniter->handleRequest(null, Object(Config\Cache), false)
 6 FCPATH\index.php(79): CodeIgniter\CodeIgniter->run()
 7 SYSTEMPATH\Commands\Server\rewrite.php(47): require_once('C:\\laragon\\www\\geotranck-dev\\public\\index.php')
WARNING - 2024-04-27 00:12:30 --> [DEPRECATED] usort(): Returning bool from comparison function is deprecated, return an integer less than, equal to, or greater than zero in APPPATH\Controllers\GestionUsuarioController.php on line 649.
 1 APPPATH\Controllers\GestionUsuarioController.php(649): usort([...], Object(Closure))
 2 APPPATH\Controllers\GestionUsuarioController.php(535): App\Controllers\GestionUsuarioController->datatables('[{"id":"1","nombre":"Juan","apellido":"Perez","correo":"juan@example.com","telefono":"1234567","direccion":"Calle 123","cargo":"Gerente","nombrerol":"Rol 1","created_at":"2024-04-30 12:00:00"},{"id":"2","nombre":"Maria","apellido":"Lopez","correo":"maria@example.com","telefono":"7654321","direccion":"Avenida 456","cargo":"Directora","nombrerol":"Rol 2dwdwdw","created_at":"2024-04-30 12:00:00"},{"id":"3","nombre":"dee","apellido":"de","correo":"de","telefono":"213","direccion":"fefew","cargo":"sc","nombrerol":"Rol 1","created_at":"2024-04-26 22:30:56"},{"id":"4","nombre":"kmkmk","apellido":"jnjnjn","correo":"kmkmk","telefono":"213","direccion":"m mm","cargo":"kmkmk","nombrerol":"fe 123 213 dsfdsf","created_at":"2024-04-27 00:11:54"}]', [...])
 3 SYSTEMPATH\CodeIgniter.php(941): App\Controllers\GestionUsuarioController->datosAdministradorView()
 4 SYSTEMPATH\CodeIgniter.php(502): CodeIgniter\CodeIgniter->runController(Object(App\Controllers\GestionUsuarioController))
 5 SYSTEMPATH\CodeIgniter.php(361): CodeIgniter\CodeIgniter->handleRequest(null, Object(Config\Cache), false)
 6 FCPATH\index.php(79): CodeIgniter\CodeIgniter->run()
 7 SYSTEMPATH\Commands\Server\rewrite.php(47): require_once('C:\\laragon\\www\\geotranck-dev\\public\\index.php')
WARNING - 2024-04-27 00:12:34 --> [DEPRECATED] usort(): Returning bool from comparison function is deprecated, return an integer less than, equal to, or greater than zero in APPPATH\Controllers\GestionUsuarioController.php on line 649.
 1 APPPATH\Controllers\GestionUsuarioController.php(649): usort([...], Object(Closure))
 2 APPPATH\Controllers\GestionUsuarioController.php(535): App\Controllers\GestionUsuarioController->datatables('[{"id":"1","nombre":"Juan","apellido":"Perez","correo":"juan@example.com","telefono":"1234567","direccion":"Calle 123","cargo":"Gerente","nombrerol":"Rol 1","created_at":"2024-04-30 12:00:00"},{"id":"2","nombre":"Maria","apellido":"Lopez","correo":"maria@example.com","telefono":"7654321","direccion":"Avenida 456","cargo":"Directora","nombrerol":"Rol 2dwdwdw","created_at":"2024-04-30 12:00:00"},{"id":"3","nombre":"dee","apellido":"de","correo":"de","telefono":"213","direccion":"fefew","cargo":"sc","nombrerol":"Rol 1","created_at":"2024-04-26 22:30:56"},{"id":"4","nombre":"kmkmk","apellido":"jnjnjn","correo":"kmkmk","telefono":"213","direccion":"m mm","cargo":"kmkmk","nombrerol":"fe 123 213 dsfdsf","created_at":"2024-04-27 00:11:54"}]', [...])
 3 SYSTEMPATH\CodeIgniter.php(941): App\Controllers\GestionUsuarioController->datosAdministradorView()
 4 SYSTEMPATH\CodeIgniter.php(502): CodeIgniter\CodeIgniter->runController(Object(App\Controllers\GestionUsuarioController))
 5 SYSTEMPATH\CodeIgniter.php(361): CodeIgniter\CodeIgniter->handleRequest(null, Object(Config\Cache), false)
 6 FCPATH\index.php(79): CodeIgniter\CodeIgniter->run()
 7 SYSTEMPATH\Commands\Server\rewrite.php(47): require_once('C:\\laragon\\www\\geotranck-dev\\public\\index.php')
WARNING - 2024-04-27 00:14:59 --> [DEPRECATED] usort(): Returning bool from comparison function is deprecated, return an integer less than, equal to, or greater than zero in APPPATH\Controllers\GestionUsuarioController.php on line 636.
 1 APPPATH\Controllers\GestionUsuarioController.php(636): usort([...], Object(Closure))
 2 APPPATH\Controllers\GestionUsuarioController.php(535): App\Controllers\GestionUsuarioController->datatables('[{"id":"1","nombre":"Juan","apellido":"Perez","correo":"juan@example.com","telefono":"1234567","direccion":"Calle 123","cargo":"Gerente","nombrerol":"Rol 1","created_at":"2024-04-30 12:00:00"},{"id":"2","nombre":"Maria","apellido":"Lopez","correo":"maria@example.com","telefono":"7654321","direccion":"Avenida 456","cargo":"Directora","nombrerol":"Rol 2dwdwdw","created_at":"2024-04-30 12:00:00"},{"id":"3","nombre":"dee","apellido":"de","correo":"de","telefono":"213","direccion":"fefew","cargo":"sc","nombrerol":"Rol 1","created_at":"2024-04-26 22:30:56"},{"id":"4","nombre":"kmkmk","apellido":"jnjnjn","correo":"kmkmk","telefono":"213","direccion":"m mm","cargo":"kmkmk","nombrerol":"fe 123 213 dsfdsf","created_at":"2024-04-27 00:11:54"}]', [...])
 3 SYSTEMPATH\CodeIgniter.php(941): App\Controllers\GestionUsuarioController->datosAdministradorView()
 4 SYSTEMPATH\CodeIgniter.php(502): CodeIgniter\CodeIgniter->runController(Object(App\Controllers\GestionUsuarioController))
 5 SYSTEMPATH\CodeIgniter.php(361): CodeIgniter\CodeIgniter->handleRequest(null, Object(Config\Cache), false)
 6 FCPATH\index.php(79): CodeIgniter\CodeIgniter->run()
 7 SYSTEMPATH\Commands\Server\rewrite.php(47): require_once('C:\\laragon\\www\\geotranck-dev\\public\\index.php')
