CRITICAL - 2024-02-29 01:07:36 --> ErrorException: Undefined variable $routeToMatch
in APPPATH\Views\2_Administrador\10_script_page_view.php on line 18.
 1 APPPATH\Views\2_Administrador\10_script_page_view.php(18): CodeIgniter\Debug\Exceptions->errorHandler(2, 'Undefined variable $routeToMatch', 'C:\\Users\\HP\\Desktop\\Proyecto Codineiter\\geotranck-dev\\app\\Views\\2_Administrador\\10_script_page_view.php', 18)
 2 SYSTEMPATH\View\View.php(228): include('C:\\Users\\HP\\Desktop\\Proyecto Codineiter\\geotranck-dev\\app\\Views\\2_Administrador\\10_script_page_view.php')
 3 SYSTEMPATH\View\View.php(231): CodeIgniter\View\View->CodeIgniter\View\{closure}()
 4 SYSTEMPATH\Common.php(1178): CodeIgniter\View\View->render('2_Administrador/10_script_page_view.php', [], true)
 5 APPPATH\Controllers\AdministradorController.php(19): view('2_Administrador/10_script_page_view.php')
 6 SYSTEMPATH\CodeIgniter.php(941): App\Controllers\AdministradorController->index()
 7 SYSTEMPATH\CodeIgniter.php(502): CodeIgniter\CodeIgniter->runController(Object(App\Controllers\AdministradorController))
 8 SYSTEMPATH\CodeIgniter.php(361): CodeIgniter\CodeIgniter->handleRequest(null, Object(Config\Cache), false)
 9 FCPATH\index.php(79): CodeIgniter\CodeIgniter->run()
10 SYSTEMPATH\Commands\Server\rewrite.php(47): require_once('C:\\Users\\HP\\Desktop\\Proyecto Codineiter\\geotranck-dev\\public\\index.php')
CRITICAL - 2024-02-29 01:07:44 --> ErrorException: Undefined variable $routeToMatch
in APPPATH\Views\2_Administrador\10_script_page_view.php on line 18.
 1 APPPATH\Views\2_Administrador\10_script_page_view.php(18): CodeIgniter\Debug\Exceptions->errorHandler(2, 'Undefined variable $routeToMatch', 'C:\\Users\\HP\\Desktop\\Proyecto Codineiter\\geotranck-dev\\app\\Views\\2_Administrador\\10_script_page_view.php', 18)
 2 SYSTEMPATH\View\View.php(228): include('C:\\Users\\HP\\Desktop\\Proyecto Codineiter\\geotranck-dev\\app\\Views\\2_Administrador\\10_script_page_view.php')
 3 SYSTEMPATH\View\View.php(231): CodeIgniter\View\View->CodeIgniter\View\{closure}()
 4 SYSTEMPATH\Common.php(1178): CodeIgniter\View\View->render('2_Administrador/10_script_page_view.php', [], true)
 5 APPPATH\Controllers\AdministradorController.php(19): view('2_Administrador/10_script_page_view.php')
 6 SYSTEMPATH\CodeIgniter.php(941): App\Controllers\AdministradorController->index()
 7 SYSTEMPATH\CodeIgniter.php(502): CodeIgniter\CodeIgniter->runController(Object(App\Controllers\AdministradorController))
 8 SYSTEMPATH\CodeIgniter.php(361): CodeIgniter\CodeIgniter->handleRequest(null, Object(Config\Cache), false)
 9 FCPATH\index.php(79): CodeIgniter\CodeIgniter->run()
10 SYSTEMPATH\Commands\Server\rewrite.php(47): require_once('C:\\Users\\HP\\Desktop\\Proyecto Codineiter\\geotranck-dev\\public\\index.php')
CRITICAL - 2024-02-29 01:08:09 --> ErrorException: Undefined variable $routeToMatch
in APPPATH\Views\2_Administrador\10_script_page_view.php on line 18.
 1 APPPATH\Views\2_Administrador\10_script_page_view.php(18): CodeIgniter\Debug\Exceptions->errorHandler(2, 'Undefined variable $routeToMatch', 'C:\\Users\\HP\\Desktop\\Proyecto Codineiter\\geotranck-dev\\app\\Views\\2_Administrador\\10_script_page_view.php', 18)
 2 SYSTEMPATH\View\View.php(228): include('C:\\Users\\HP\\Desktop\\Proyecto Codineiter\\geotranck-dev\\app\\Views\\2_Administrador\\10_script_page_view.php')
 3 SYSTEMPATH\View\View.php(231): CodeIgniter\View\View->CodeIgniter\View\{closure}()
 4 SYSTEMPATH\Common.php(1178): CodeIgniter\View\View->render('2_Administrador/10_script_page_view.php', [], true)
 5 APPPATH\Controllers\AdministradorController.php(19): view('2_Administrador/10_script_page_view.php')
 6 SYSTEMPATH\CodeIgniter.php(941): App\Controllers\AdministradorController->index()
 7 SYSTEMPATH\CodeIgniter.php(502): CodeIgniter\CodeIgniter->runController(Object(App\Controllers\AdministradorController))
 8 SYSTEMPATH\CodeIgniter.php(361): CodeIgniter\CodeIgniter->handleRequest(null, Object(Config\Cache), false)
 9 FCPATH\index.php(79): CodeIgniter\CodeIgniter->run()
10 SYSTEMPATH\Commands\Server\rewrite.php(47): require_once('C:\\Users\\HP\\Desktop\\Proyecto Codineiter\\geotranck-dev\\public\\index.php')
