WARNING - 2024-04-03 00:02:01 --> [DEPRECATED] usort(): Returning bool from comparison function is deprecated, return an integer less than, equal to, or greater than zero in APPPATH\Controllers\GestionUsuarioController.php on line 210.
 1 APPPATH\Controllers\GestionUsuarioController.php(210): usort([...], Object(Closure))
 2 APPPATH\Controllers\GestionUsuarioController.php(54): App\Controllers\GestionUsuarioController->datatables('[{"id":"4","nombre":"gf","descripcion":"dfg","administrador":"false","agregar":"false","modificar":"false","eliminar":"true","estado":"1","created_at":"2024-04-02 02:01:47.269406","updated_at":"2024-04-02 02:01:47.269406"},{"id":"6","nombre":"fwef","descripcion":"wefew","administrador":"true","agregar":"false","modificar":"false","eliminar":"false","estado":"1","created_at":"2024-04-02 02:06:31","updated_at":"2024-04-02 02:06:31"},{"id":"13","nombre":"wd","descripcion":"dw","administrador":"true","agregar":"false","modificar":"false","eliminar":"false","estado":"1","created_at":"2024-04-01 22:38:16","updated_at":"2024-04-01 22:38:16"},{"id":"12","nombre":"dwdw","descripcion":"dw","administrador":"false","agregar":"false","modificar":"true","eliminar":"false","estado":"1","created_at":"2024-04-01 22:34:17","updated_at":"2024-04-01 22:34:17"},{"id":"9","nombre":"fee","descripcion":"f","administrador":"true","agregar":"false","modificar":"false","eliminar":"false","estado":"1","created_at":"2024-04-01 22:20:56","updated_at":"2024-04-01 22:20:56"}]', [...])
 3 SYSTEMPATH\CodeIgniter.php(941): App\Controllers\GestionUsuarioController->DatosPrivilegioView1()
 4 SYSTEMPATH\CodeIgniter.php(502): CodeIgniter\CodeIgniter->runController(Object(App\Controllers\GestionUsuarioController))
 5 SYSTEMPATH\CodeIgniter.php(361): CodeIgniter\CodeIgniter->handleRequest(null, Object(Config\Cache), false)
 6 FCPATH\index.php(79): CodeIgniter\CodeIgniter->run()
 7 SYSTEMPATH\Commands\Server\rewrite.php(47): require_once('C:\\laragon\\www\\geotranck-dev\\public\\index.php')
WARNING - 2024-04-03 00:02:45 --> [DEPRECATED] usort(): Returning bool from comparison function is deprecated, return an integer less than, equal to, or greater than zero in APPPATH\Controllers\GestionUsuarioController.php on line 210.
 1 APPPATH\Controllers\GestionUsuarioController.php(210): usort([...], Object(Closure))
 2 APPPATH\Controllers\GestionUsuarioController.php(54): App\Controllers\GestionUsuarioController->datatables('[{"id":"4","nombre":"gf","descripcion":"dfg","administrador":"false","agregar":"false","modificar":"false","eliminar":"true","estado":"1","created_at":"2024-04-02 02:01:47.269406","updated_at":"2024-04-02 02:01:47.269406"},{"id":"6","nombre":"fwef","descripcion":"wefew","administrador":"true","agregar":"false","modificar":"false","eliminar":"false","estado":"1","created_at":"2024-04-02 02:06:31","updated_at":"2024-04-02 02:06:31"},{"id":"13","nombre":"wd","descripcion":"dw","administrador":"true","agregar":"false","modificar":"false","eliminar":"false","estado":"1","created_at":"2024-04-01 22:38:16","updated_at":"2024-04-01 22:38:16"},{"id":"12","nombre":"dwdw","descripcion":"dw","administrador":"false","agregar":"false","modificar":"true","eliminar":"false","estado":"1","created_at":"2024-04-01 22:34:17","updated_at":"2024-04-01 22:34:17"},{"id":"9","nombre":"fee","descripcion":"f","administrador":"true","agregar":"false","modificar":"false","eliminar":"false","estado":"1","created_at":"2024-04-01 22:20:56","updated_at":"2024-04-01 22:20:56"}]', [...])
 3 SYSTEMPATH\CodeIgniter.php(941): App\Controllers\GestionUsuarioController->DatosPrivilegioView1()
 4 SYSTEMPATH\CodeIgniter.php(502): CodeIgniter\CodeIgniter->runController(Object(App\Controllers\GestionUsuarioController))
 5 SYSTEMPATH\CodeIgniter.php(361): CodeIgniter\CodeIgniter->handleRequest(null, Object(Config\Cache), false)
 6 FCPATH\index.php(79): CodeIgniter\CodeIgniter->run()
 7 SYSTEMPATH\Commands\Server\rewrite.php(47): require_once('C:\\laragon\\www\\geotranck-dev\\public\\index.php')
WARNING - 2024-04-03 00:04:31 --> [DEPRECATED] usort(): Returning bool from comparison function is deprecated, return an integer less than, equal to, or greater than zero in APPPATH\Controllers\GestionUsuarioController.php on line 210.
 1 APPPATH\Controllers\GestionUsuarioController.php(210): usort([...], Object(Closure))
 2 APPPATH\Controllers\GestionUsuarioController.php(54): App\Controllers\GestionUsuarioController->datatables('[{"id":"4","nombre":"gf","descripcion":"dfg","administrador":"false","agregar":"false","modificar":"false","eliminar":"true","estado":"1","created_at":"2024-04-02 02:01:47.269406","updated_at":"2024-04-02 02:01:47.269406"},{"id":"6","nombre":"fwef","descripcion":"wefew","administrador":"true","agregar":"false","modificar":"false","eliminar":"false","estado":"1","created_at":"2024-04-02 02:06:31","updated_at":"2024-04-02 02:06:31"},{"id":"13","nombre":"wd","descripcion":"dw","administrador":"true","agregar":"false","modificar":"false","eliminar":"false","estado":"1","created_at":"2024-04-01 22:38:16","updated_at":"2024-04-01 22:38:16"},{"id":"12","nombre":"dwdw","descripcion":"dw","administrador":"false","agregar":"false","modificar":"true","eliminar":"false","estado":"1","created_at":"2024-04-01 22:34:17","updated_at":"2024-04-01 22:34:17"},{"id":"9","nombre":"fee","descripcion":"f","administrador":"true","agregar":"false","modificar":"false","eliminar":"false","estado":"1","created_at":"2024-04-01 22:20:56","updated_at":"2024-04-01 22:20:56"}]', [...])
 3 SYSTEMPATH\CodeIgniter.php(941): App\Controllers\GestionUsuarioController->DatosPrivilegioView1()
 4 SYSTEMPATH\CodeIgniter.php(502): CodeIgniter\CodeIgniter->runController(Object(App\Controllers\GestionUsuarioController))
 5 SYSTEMPATH\CodeIgniter.php(361): CodeIgniter\CodeIgniter->handleRequest(null, Object(Config\Cache), false)
 6 FCPATH\index.php(79): CodeIgniter\CodeIgniter->run()
 7 SYSTEMPATH\Commands\Server\rewrite.php(47): require_once('C:\\laragon\\www\\geotranck-dev\\public\\index.php')
WARNING - 2024-04-03 00:05:57 --> [DEPRECATED] usort(): Returning bool from comparison function is deprecated, return an integer less than, equal to, or greater than zero in APPPATH\Controllers\GestionUsuarioController.php on line 210.
 1 APPPATH\Controllers\GestionUsuarioController.php(210): usort([...], Object(Closure))
 2 APPPATH\Controllers\GestionUsuarioController.php(54): App\Controllers\GestionUsuarioController->datatables('[{"id":"4","nombre":"gf","descripcion":"dfg","administrador":"false","agregar":"false","modificar":"false","eliminar":"true","estado":"1","created_at":"2024-04-02 02:01:47.269406","updated_at":"2024-04-02 02:01:47.269406"},{"id":"6","nombre":"fwef","descripcion":"wefew","administrador":"true","agregar":"false","modificar":"false","eliminar":"false","estado":"1","created_at":"2024-04-02 02:06:31","updated_at":"2024-04-02 02:06:31"},{"id":"13","nombre":"wd","descripcion":"dw","administrador":"true","agregar":"false","modificar":"false","eliminar":"false","estado":"1","created_at":"2024-04-01 22:38:16","updated_at":"2024-04-01 22:38:16"},{"id":"12","nombre":"dwdw","descripcion":"dw","administrador":"false","agregar":"false","modificar":"true","eliminar":"false","estado":"1","created_at":"2024-04-01 22:34:17","updated_at":"2024-04-01 22:34:17"},{"id":"9","nombre":"fee","descripcion":"f","administrador":"true","agregar":"false","modificar":"false","eliminar":"false","estado":"1","created_at":"2024-04-01 22:20:56","updated_at":"2024-04-01 22:20:56"}]', [...])
 3 SYSTEMPATH\CodeIgniter.php(941): App\Controllers\GestionUsuarioController->DatosPrivilegioView1()
 4 SYSTEMPATH\CodeIgniter.php(502): CodeIgniter\CodeIgniter->runController(Object(App\Controllers\GestionUsuarioController))
 5 SYSTEMPATH\CodeIgniter.php(361): CodeIgniter\CodeIgniter->handleRequest(null, Object(Config\Cache), false)
 6 FCPATH\index.php(79): CodeIgniter\CodeIgniter->run()
 7 SYSTEMPATH\Commands\Server\rewrite.php(47): require_once('C:\\laragon\\www\\geotranck-dev\\public\\index.php')
WARNING - 2024-04-03 00:06:31 --> [DEPRECATED] usort(): Returning bool from comparison function is deprecated, return an integer less than, equal to, or greater than zero in APPPATH\Controllers\GestionUsuarioController.php on line 210.
 1 APPPATH\Controllers\GestionUsuarioController.php(210): usort([...], Object(Closure))
 2 APPPATH\Controllers\GestionUsuarioController.php(54): App\Controllers\GestionUsuarioController->datatables('[{"id":"4","nombre":"gf","descripcion":"dfg","administrador":"false","agregar":"false","modificar":"false","eliminar":"true","estado":"1","created_at":"2024-04-02 02:01:47.269406","updated_at":"2024-04-02 02:01:47.269406"},{"id":"6","nombre":"fwef","descripcion":"wefew","administrador":"true","agregar":"false","modificar":"false","eliminar":"false","estado":"1","created_at":"2024-04-02 02:06:31","updated_at":"2024-04-02 02:06:31"},{"id":"13","nombre":"wd","descripcion":"dw","administrador":"true","agregar":"false","modificar":"false","eliminar":"false","estado":"1","created_at":"2024-04-01 22:38:16","updated_at":"2024-04-01 22:38:16"},{"id":"12","nombre":"dwdw","descripcion":"dw","administrador":"false","agregar":"false","modificar":"true","eliminar":"false","estado":"1","created_at":"2024-04-01 22:34:17","updated_at":"2024-04-01 22:34:17"},{"id":"9","nombre":"fee","descripcion":"f","administrador":"true","agregar":"false","modificar":"false","eliminar":"false","estado":"1","created_at":"2024-04-01 22:20:56","updated_at":"2024-04-01 22:20:56"}]', [...])
 3 SYSTEMPATH\CodeIgniter.php(941): App\Controllers\GestionUsuarioController->DatosPrivilegioView1()
 4 SYSTEMPATH\CodeIgniter.php(502): CodeIgniter\CodeIgniter->runController(Object(App\Controllers\GestionUsuarioController))
 5 SYSTEMPATH\CodeIgniter.php(361): CodeIgniter\CodeIgniter->handleRequest(null, Object(Config\Cache), false)
 6 FCPATH\index.php(79): CodeIgniter\CodeIgniter->run()
 7 SYSTEMPATH\Commands\Server\rewrite.php(47): require_once('C:\\laragon\\www\\geotranck-dev\\public\\index.php')
WARNING - 2024-04-03 00:07:22 --> [DEPRECATED] usort(): Returning bool from comparison function is deprecated, return an integer less than, equal to, or greater than zero in APPPATH\Controllers\GestionUsuarioController.php on line 210.
 1 APPPATH\Controllers\GestionUsuarioController.php(210): usort([...], Object(Closure))
 2 APPPATH\Controllers\GestionUsuarioController.php(54): App\Controllers\GestionUsuarioController->datatables('[{"id":"4","nombre":"gf","descripcion":"dfg","administrador":"false","agregar":"false","modificar":"false","eliminar":"true","estado":"1","created_at":"2024-04-02 02:01:47.269406","updated_at":"2024-04-02 02:01:47.269406"},{"id":"6","nombre":"fwef","descripcion":"wefew","administrador":"true","agregar":"false","modificar":"false","eliminar":"false","estado":"1","created_at":"2024-04-02 02:06:31","updated_at":"2024-04-02 02:06:31"},{"id":"13","nombre":"wd","descripcion":"dw","administrador":"true","agregar":"false","modificar":"false","eliminar":"false","estado":"1","created_at":"2024-04-01 22:38:16","updated_at":"2024-04-01 22:38:16"},{"id":"12","nombre":"dwdw","descripcion":"dw","administrador":"false","agregar":"false","modificar":"true","eliminar":"false","estado":"1","created_at":"2024-04-01 22:34:17","updated_at":"2024-04-01 22:34:17"},{"id":"9","nombre":"fee","descripcion":"f","administrador":"true","agregar":"false","modificar":"false","eliminar":"false","estado":"1","created_at":"2024-04-01 22:20:56","updated_at":"2024-04-01 22:20:56"}]', [...])
 3 SYSTEMPATH\CodeIgniter.php(941): App\Controllers\GestionUsuarioController->DatosPrivilegioView1()
 4 SYSTEMPATH\CodeIgniter.php(502): CodeIgniter\CodeIgniter->runController(Object(App\Controllers\GestionUsuarioController))
 5 SYSTEMPATH\CodeIgniter.php(361): CodeIgniter\CodeIgniter->handleRequest(null, Object(Config\Cache), false)
 6 FCPATH\index.php(79): CodeIgniter\CodeIgniter->run()
 7 SYSTEMPATH\Commands\Server\rewrite.php(47): require_once('C:\\laragon\\www\\geotranck-dev\\public\\index.php')
WARNING - 2024-04-03 00:08:13 --> [DEPRECATED] usort(): Returning bool from comparison function is deprecated, return an integer less than, equal to, or greater than zero in APPPATH\Controllers\GestionUsuarioController.php on line 210.
 1 APPPATH\Controllers\GestionUsuarioController.php(210): usort([...], Object(Closure))
 2 APPPATH\Controllers\GestionUsuarioController.php(54): App\Controllers\GestionUsuarioController->datatables('[{"id":"4","nombre":"gf","descripcion":"dfg","administrador":"false","agregar":"false","modificar":"false","eliminar":"true","estado":"1","created_at":"2024-04-02 02:01:47.269406","updated_at":"2024-04-02 02:01:47.269406"},{"id":"6","nombre":"fwef","descripcion":"wefew","administrador":"true","agregar":"false","modificar":"false","eliminar":"false","estado":"1","created_at":"2024-04-02 02:06:31","updated_at":"2024-04-02 02:06:31"},{"id":"13","nombre":"wd","descripcion":"dw","administrador":"true","agregar":"false","modificar":"false","eliminar":"false","estado":"1","created_at":"2024-04-01 22:38:16","updated_at":"2024-04-01 22:38:16"},{"id":"12","nombre":"dwdw","descripcion":"dw","administrador":"false","agregar":"false","modificar":"true","eliminar":"false","estado":"1","created_at":"2024-04-01 22:34:17","updated_at":"2024-04-01 22:34:17"},{"id":"9","nombre":"fee","descripcion":"f","administrador":"true","agregar":"false","modificar":"false","eliminar":"false","estado":"1","created_at":"2024-04-01 22:20:56","updated_at":"2024-04-01 22:20:56"}]', [...])
 3 SYSTEMPATH\CodeIgniter.php(941): App\Controllers\GestionUsuarioController->DatosPrivilegioView1()
 4 SYSTEMPATH\CodeIgniter.php(502): CodeIgniter\CodeIgniter->runController(Object(App\Controllers\GestionUsuarioController))
 5 SYSTEMPATH\CodeIgniter.php(361): CodeIgniter\CodeIgniter->handleRequest(null, Object(Config\Cache), false)
 6 FCPATH\index.php(79): CodeIgniter\CodeIgniter->run()
 7 SYSTEMPATH\Commands\Server\rewrite.php(47): require_once('C:\\laragon\\www\\geotranck-dev\\public\\index.php')
WARNING - 2024-04-03 00:09:38 --> [DEPRECATED] usort(): Returning bool from comparison function is deprecated, return an integer less than, equal to, or greater than zero in APPPATH\Controllers\GestionUsuarioController.php on line 210.
 1 APPPATH\Controllers\GestionUsuarioController.php(210): usort([...], Object(Closure))
 2 APPPATH\Controllers\GestionUsuarioController.php(54): App\Controllers\GestionUsuarioController->datatables('[{"id":"4","nombre":"gf","descripcion":"dfg","administrador":"false","agregar":"false","modificar":"false","eliminar":"true","estado":"1","created_at":"2024-04-02 02:01:47.269406","updated_at":"2024-04-02 02:01:47.269406"},{"id":"6","nombre":"fwef","descripcion":"wefew","administrador":"true","agregar":"false","modificar":"false","eliminar":"false","estado":"1","created_at":"2024-04-02 02:06:31","updated_at":"2024-04-02 02:06:31"},{"id":"13","nombre":"wd","descripcion":"dw","administrador":"true","agregar":"false","modificar":"false","eliminar":"false","estado":"1","created_at":"2024-04-01 22:38:16","updated_at":"2024-04-01 22:38:16"},{"id":"12","nombre":"dwdw","descripcion":"dw","administrador":"false","agregar":"false","modificar":"true","eliminar":"false","estado":"1","created_at":"2024-04-01 22:34:17","updated_at":"2024-04-01 22:34:17"},{"id":"9","nombre":"fee","descripcion":"f","administrador":"true","agregar":"false","modificar":"false","eliminar":"false","estado":"1","created_at":"2024-04-01 22:20:56","updated_at":"2024-04-01 22:20:56"}]', [...])
 3 SYSTEMPATH\CodeIgniter.php(941): App\Controllers\GestionUsuarioController->DatosPrivilegioView1()
 4 SYSTEMPATH\CodeIgniter.php(502): CodeIgniter\CodeIgniter->runController(Object(App\Controllers\GestionUsuarioController))
 5 SYSTEMPATH\CodeIgniter.php(361): CodeIgniter\CodeIgniter->handleRequest(null, Object(Config\Cache), false)
 6 FCPATH\index.php(79): CodeIgniter\CodeIgniter->run()
 7 SYSTEMPATH\Commands\Server\rewrite.php(47): require_once('C:\\laragon\\www\\geotranck-dev\\public\\index.php')
WARNING - 2024-04-03 00:11:41 --> [DEPRECATED] usort(): Returning bool from comparison function is deprecated, return an integer less than, equal to, or greater than zero in APPPATH\Controllers\GestionUsuarioController.php on line 210.
 1 APPPATH\Controllers\GestionUsuarioController.php(210): usort([...], Object(Closure))
 2 APPPATH\Controllers\GestionUsuarioController.php(54): App\Controllers\GestionUsuarioController->datatables('[{"id":"4","nombre":"gf","descripcion":"dfg","administrador":"false","agregar":"false","modificar":"false","eliminar":"true","estado":"1","created_at":"2024-04-02 02:01:47.269406","updated_at":"2024-04-02 02:01:47.269406"},{"id":"6","nombre":"fwef","descripcion":"wefew","administrador":"true","agregar":"false","modificar":"false","eliminar":"false","estado":"1","created_at":"2024-04-02 02:06:31","updated_at":"2024-04-02 02:06:31"},{"id":"13","nombre":"wd","descripcion":"dw","administrador":"true","agregar":"false","modificar":"false","eliminar":"false","estado":"1","created_at":"2024-04-01 22:38:16","updated_at":"2024-04-01 22:38:16"},{"id":"12","nombre":"dwdw","descripcion":"dw","administrador":"false","agregar":"false","modificar":"true","eliminar":"false","estado":"1","created_at":"2024-04-01 22:34:17","updated_at":"2024-04-01 22:34:17"},{"id":"9","nombre":"fee","descripcion":"f","administrador":"true","agregar":"false","modificar":"false","eliminar":"false","estado":"1","created_at":"2024-04-01 22:20:56","updated_at":"2024-04-01 22:20:56"}]', [...])
 3 SYSTEMPATH\CodeIgniter.php(941): App\Controllers\GestionUsuarioController->DatosPrivilegioView1()
 4 SYSTEMPATH\CodeIgniter.php(502): CodeIgniter\CodeIgniter->runController(Object(App\Controllers\GestionUsuarioController))
 5 SYSTEMPATH\CodeIgniter.php(361): CodeIgniter\CodeIgniter->handleRequest(null, Object(Config\Cache), false)
 6 FCPATH\index.php(79): CodeIgniter\CodeIgniter->run()
 7 SYSTEMPATH\Commands\Server\rewrite.php(47): require_once('C:\\laragon\\www\\geotranck-dev\\public\\index.php')
WARNING - 2024-04-03 00:13:08 --> [DEPRECATED] usort(): Returning bool from comparison function is deprecated, return an integer less than, equal to, or greater than zero in APPPATH\Controllers\GestionUsuarioController.php on line 210.
 1 APPPATH\Controllers\GestionUsuarioController.php(210): usort([...], Object(Closure))
 2 APPPATH\Controllers\GestionUsuarioController.php(54): App\Controllers\GestionUsuarioController->datatables('[{"id":"4","nombre":"gf","descripcion":"dfg","administrador":"false","agregar":"false","modificar":"false","eliminar":"true","estado":"1","created_at":"2024-04-02 02:01:47.269406","updated_at":"2024-04-02 02:01:47.269406"},{"id":"6","nombre":"fwef","descripcion":"wefew","administrador":"true","agregar":"false","modificar":"false","eliminar":"false","estado":"1","created_at":"2024-04-02 02:06:31","updated_at":"2024-04-02 02:06:31"},{"id":"13","nombre":"wd","descripcion":"dw","administrador":"true","agregar":"false","modificar":"false","eliminar":"false","estado":"1","created_at":"2024-04-01 22:38:16","updated_at":"2024-04-01 22:38:16"},{"id":"12","nombre":"dwdw","descripcion":"dw","administrador":"false","agregar":"false","modificar":"true","eliminar":"false","estado":"1","created_at":"2024-04-01 22:34:17","updated_at":"2024-04-01 22:34:17"},{"id":"9","nombre":"fee","descripcion":"f","administrador":"true","agregar":"false","modificar":"false","eliminar":"false","estado":"1","created_at":"2024-04-01 22:20:56","updated_at":"2024-04-01 22:20:56"}]', [...])
 3 SYSTEMPATH\CodeIgniter.php(941): App\Controllers\GestionUsuarioController->DatosPrivilegioView1()
 4 SYSTEMPATH\CodeIgniter.php(502): CodeIgniter\CodeIgniter->runController(Object(App\Controllers\GestionUsuarioController))
 5 SYSTEMPATH\CodeIgniter.php(361): CodeIgniter\CodeIgniter->handleRequest(null, Object(Config\Cache), false)
 6 FCPATH\index.php(79): CodeIgniter\CodeIgniter->run()
 7 SYSTEMPATH\Commands\Server\rewrite.php(47): require_once('C:\\laragon\\www\\geotranck-dev\\public\\index.php')
WARNING - 2024-04-03 00:17:07 --> [DEPRECATED] usort(): Returning bool from comparison function is deprecated, return an integer less than, equal to, or greater than zero in APPPATH\Controllers\GestionUsuarioController.php on line 210.
 1 APPPATH\Controllers\GestionUsuarioController.php(210): usort([...], Object(Closure))
 2 APPPATH\Controllers\GestionUsuarioController.php(54): App\Controllers\GestionUsuarioController->datatables('[{"id":"4","nombre":"gf","descripcion":"dfg","administrador":"false","agregar":"false","modificar":"false","eliminar":"true","estado":"1","created_at":"2024-04-02 02:01:47.269406","updated_at":"2024-04-02 02:01:47.269406"},{"id":"6","nombre":"fwef","descripcion":"wefew","administrador":"true","agregar":"false","modificar":"false","eliminar":"false","estado":"1","created_at":"2024-04-02 02:06:31","updated_at":"2024-04-02 02:06:31"},{"id":"13","nombre":"wd","descripcion":"dw","administrador":"true","agregar":"false","modificar":"false","eliminar":"false","estado":"1","created_at":"2024-04-01 22:38:16","updated_at":"2024-04-01 22:38:16"},{"id":"12","nombre":"dwdw","descripcion":"dw","administrador":"false","agregar":"false","modificar":"true","eliminar":"false","estado":"1","created_at":"2024-04-01 22:34:17","updated_at":"2024-04-01 22:34:17"},{"id":"9","nombre":"fee","descripcion":"f","administrador":"true","agregar":"false","modificar":"false","eliminar":"false","estado":"1","created_at":"2024-04-01 22:20:56","updated_at":"2024-04-01 22:20:56"}]', [...])
 3 SYSTEMPATH\CodeIgniter.php(941): App\Controllers\GestionUsuarioController->DatosPrivilegioView1()
 4 SYSTEMPATH\CodeIgniter.php(502): CodeIgniter\CodeIgniter->runController(Object(App\Controllers\GestionUsuarioController))
 5 SYSTEMPATH\CodeIgniter.php(361): CodeIgniter\CodeIgniter->handleRequest(null, Object(Config\Cache), false)
 6 FCPATH\index.php(79): CodeIgniter\CodeIgniter->run()
 7 SYSTEMPATH\Commands\Server\rewrite.php(47): require_once('C:\\laragon\\www\\geotranck-dev\\public\\index.php')
WARNING - 2024-04-03 00:17:23 --> [DEPRECATED] usort(): Returning bool from comparison function is deprecated, return an integer less than, equal to, or greater than zero in APPPATH\Controllers\GestionUsuarioController.php on line 210.
 1 APPPATH\Controllers\GestionUsuarioController.php(210): usort([...], Object(Closure))
 2 APPPATH\Controllers\GestionUsuarioController.php(54): App\Controllers\GestionUsuarioController->datatables('[{"id":"4","nombre":"gf","descripcion":"dfg","administrador":"false","agregar":"false","modificar":"false","eliminar":"true","estado":"1","created_at":"2024-04-02 02:01:47.269406","updated_at":"2024-04-02 02:01:47.269406"},{"id":"6","nombre":"fwef","descripcion":"wefew","administrador":"true","agregar":"false","modificar":"false","eliminar":"false","estado":"1","created_at":"2024-04-02 02:06:31","updated_at":"2024-04-02 02:06:31"},{"id":"13","nombre":"wd","descripcion":"dw","administrador":"true","agregar":"false","modificar":"false","eliminar":"false","estado":"1","created_at":"2024-04-01 22:38:16","updated_at":"2024-04-01 22:38:16"},{"id":"12","nombre":"dwdw","descripcion":"dw","administrador":"false","agregar":"false","modificar":"true","eliminar":"false","estado":"1","created_at":"2024-04-01 22:34:17","updated_at":"2024-04-01 22:34:17"},{"id":"9","nombre":"fee","descripcion":"f","administrador":"true","agregar":"false","modificar":"false","eliminar":"false","estado":"1","created_at":"2024-04-01 22:20:56","updated_at":"2024-04-01 22:20:56"}]', [...])
 3 SYSTEMPATH\CodeIgniter.php(941): App\Controllers\GestionUsuarioController->DatosPrivilegioView1()
 4 SYSTEMPATH\CodeIgniter.php(502): CodeIgniter\CodeIgniter->runController(Object(App\Controllers\GestionUsuarioController))
 5 SYSTEMPATH\CodeIgniter.php(361): CodeIgniter\CodeIgniter->handleRequest(null, Object(Config\Cache), false)
 6 FCPATH\index.php(79): CodeIgniter\CodeIgniter->run()
 7 SYSTEMPATH\Commands\Server\rewrite.php(47): require_once('C:\\laragon\\www\\geotranck-dev\\public\\index.php')
WARNING - 2024-04-03 00:22:01 --> [DEPRECATED] usort(): Returning bool from comparison function is deprecated, return an integer less than, equal to, or greater than zero in APPPATH\Controllers\GestionUsuarioController.php on line 210.
 1 APPPATH\Controllers\GestionUsuarioController.php(210): usort([...], Object(Closure))
 2 APPPATH\Controllers\GestionUsuarioController.php(54): App\Controllers\GestionUsuarioController->datatables('[{"id":"4","nombre":"gf","descripcion":"dfg","administrador":"false","agregar":"false","modificar":"false","eliminar":"true","estado":"1","created_at":"2024-04-02 02:01:47.269406","updated_at":"2024-04-02 02:01:47.269406"},{"id":"6","nombre":"fwef","descripcion":"wefew","administrador":"true","agregar":"false","modificar":"false","eliminar":"false","estado":"1","created_at":"2024-04-02 02:06:31","updated_at":"2024-04-02 02:06:31"},{"id":"13","nombre":"wd","descripcion":"dw","administrador":"true","agregar":"false","modificar":"false","eliminar":"false","estado":"1","created_at":"2024-04-01 22:38:16","updated_at":"2024-04-01 22:38:16"},{"id":"12","nombre":"dwdw","descripcion":"dw","administrador":"false","agregar":"false","modificar":"true","eliminar":"false","estado":"1","created_at":"2024-04-01 22:34:17","updated_at":"2024-04-01 22:34:17"},{"id":"9","nombre":"fee","descripcion":"f","administrador":"true","agregar":"false","modificar":"false","eliminar":"false","estado":"1","created_at":"2024-04-01 22:20:56","updated_at":"2024-04-01 22:20:56"}]', [...])
 3 SYSTEMPATH\CodeIgniter.php(941): App\Controllers\GestionUsuarioController->DatosPrivilegioView1()
 4 SYSTEMPATH\CodeIgniter.php(502): CodeIgniter\CodeIgniter->runController(Object(App\Controllers\GestionUsuarioController))
 5 SYSTEMPATH\CodeIgniter.php(361): CodeIgniter\CodeIgniter->handleRequest(null, Object(Config\Cache), false)
 6 FCPATH\index.php(79): CodeIgniter\CodeIgniter->run()
 7 SYSTEMPATH\Commands\Server\rewrite.php(47): require_once('C:\\laragon\\www\\geotranck-dev\\public\\index.php')
WARNING - 2024-04-03 00:23:19 --> [DEPRECATED] usort(): Returning bool from comparison function is deprecated, return an integer less than, equal to, or greater than zero in APPPATH\Controllers\GestionUsuarioController.php on line 210.
 1 APPPATH\Controllers\GestionUsuarioController.php(210): usort([...], Object(Closure))
 2 APPPATH\Controllers\GestionUsuarioController.php(54): App\Controllers\GestionUsuarioController->datatables('[{"id":"4","nombre":"gf","descripcion":"dfg","administrador":"false","agregar":"false","modificar":"false","eliminar":"true","estado":"1","created_at":"2024-04-02 02:01:47.269406","updated_at":"2024-04-02 02:01:47.269406"},{"id":"6","nombre":"fwef","descripcion":"wefew","administrador":"true","agregar":"false","modificar":"false","eliminar":"false","estado":"1","created_at":"2024-04-02 02:06:31","updated_at":"2024-04-02 02:06:31"},{"id":"13","nombre":"wd","descripcion":"dw","administrador":"true","agregar":"false","modificar":"false","eliminar":"false","estado":"1","created_at":"2024-04-01 22:38:16","updated_at":"2024-04-01 22:38:16"},{"id":"12","nombre":"dwdw","descripcion":"dw","administrador":"false","agregar":"false","modificar":"true","eliminar":"false","estado":"1","created_at":"2024-04-01 22:34:17","updated_at":"2024-04-01 22:34:17"},{"id":"9","nombre":"fee","descripcion":"f","administrador":"true","agregar":"false","modificar":"false","eliminar":"false","estado":"1","created_at":"2024-04-01 22:20:56","updated_at":"2024-04-01 22:20:56"}]', [...])
 3 SYSTEMPATH\CodeIgniter.php(941): App\Controllers\GestionUsuarioController->DatosPrivilegioView1()
 4 SYSTEMPATH\CodeIgniter.php(502): CodeIgniter\CodeIgniter->runController(Object(App\Controllers\GestionUsuarioController))
 5 SYSTEMPATH\CodeIgniter.php(361): CodeIgniter\CodeIgniter->handleRequest(null, Object(Config\Cache), false)
 6 FCPATH\index.php(79): CodeIgniter\CodeIgniter->run()
 7 SYSTEMPATH\Commands\Server\rewrite.php(47): require_once('C:\\laragon\\www\\geotranck-dev\\public\\index.php')
WARNING - 2024-04-03 00:29:23 --> [DEPRECATED] usort(): Returning bool from comparison function is deprecated, return an integer less than, equal to, or greater than zero in APPPATH\Controllers\GestionUsuarioController.php on line 210.
 1 APPPATH\Controllers\GestionUsuarioController.php(210): usort([...], Object(Closure))
 2 APPPATH\Controllers\GestionUsuarioController.php(54): App\Controllers\GestionUsuarioController->datatables('[{"id":"4","nombre":"gf","descripcion":"dfg","administrador":"false","agregar":"false","modificar":"false","eliminar":"true","estado":"1","created_at":"2024-04-02 02:01:47.269406","updated_at":"2024-04-02 02:01:47.269406"},{"id":"6","nombre":"fwef","descripcion":"wefew","administrador":"true","agregar":"false","modificar":"false","eliminar":"false","estado":"1","created_at":"2024-04-02 02:06:31","updated_at":"2024-04-02 02:06:31"},{"id":"13","nombre":"wd","descripcion":"dw","administrador":"true","agregar":"false","modificar":"false","eliminar":"false","estado":"1","created_at":"2024-04-01 22:38:16","updated_at":"2024-04-01 22:38:16"},{"id":"12","nombre":"dwdw","descripcion":"dw","administrador":"false","agregar":"false","modificar":"true","eliminar":"false","estado":"1","created_at":"2024-04-01 22:34:17","updated_at":"2024-04-01 22:34:17"},{"id":"9","nombre":"fee","descripcion":"f","administrador":"true","agregar":"false","modificar":"false","eliminar":"false","estado":"1","created_at":"2024-04-01 22:20:56","updated_at":"2024-04-01 22:20:56"}]', [...])
 3 SYSTEMPATH\CodeIgniter.php(941): App\Controllers\GestionUsuarioController->DatosPrivilegioView1()
 4 SYSTEMPATH\CodeIgniter.php(502): CodeIgniter\CodeIgniter->runController(Object(App\Controllers\GestionUsuarioController))
 5 SYSTEMPATH\CodeIgniter.php(361): CodeIgniter\CodeIgniter->handleRequest(null, Object(Config\Cache), false)
 6 FCPATH\index.php(79): CodeIgniter\CodeIgniter->run()
 7 SYSTEMPATH\Commands\Server\rewrite.php(47): require_once('C:\\laragon\\www\\geotranck-dev\\public\\index.php')
WARNING - 2024-04-03 00:30:40 --> [DEPRECATED] usort(): Returning bool from comparison function is deprecated, return an integer less than, equal to, or greater than zero in APPPATH\Controllers\GestionUsuarioController.php on line 210.
 1 APPPATH\Controllers\GestionUsuarioController.php(210): usort([...], Object(Closure))
 2 APPPATH\Controllers\GestionUsuarioController.php(54): App\Controllers\GestionUsuarioController->datatables('[{"id":"4","nombre":"gf","descripcion":"dfg","administrador":"false","agregar":"false","modificar":"false","eliminar":"true","estado":"1","created_at":"2024-04-02 02:01:47.269406","updated_at":"2024-04-02 02:01:47.269406"},{"id":"6","nombre":"fwef","descripcion":"wefew","administrador":"true","agregar":"false","modificar":"false","eliminar":"false","estado":"1","created_at":"2024-04-02 02:06:31","updated_at":"2024-04-02 02:06:31"},{"id":"13","nombre":"wd","descripcion":"dw","administrador":"true","agregar":"false","modificar":"false","eliminar":"false","estado":"1","created_at":"2024-04-01 22:38:16","updated_at":"2024-04-01 22:38:16"},{"id":"12","nombre":"dwdw","descripcion":"dw","administrador":"false","agregar":"false","modificar":"true","eliminar":"false","estado":"1","created_at":"2024-04-01 22:34:17","updated_at":"2024-04-01 22:34:17"},{"id":"9","nombre":"fee","descripcion":"f","administrador":"true","agregar":"false","modificar":"false","eliminar":"false","estado":"1","created_at":"2024-04-01 22:20:56","updated_at":"2024-04-01 22:20:56"}]', [...])
 3 SYSTEMPATH\CodeIgniter.php(941): App\Controllers\GestionUsuarioController->DatosPrivilegioView1()
 4 SYSTEMPATH\CodeIgniter.php(502): CodeIgniter\CodeIgniter->runController(Object(App\Controllers\GestionUsuarioController))
 5 SYSTEMPATH\CodeIgniter.php(361): CodeIgniter\CodeIgniter->handleRequest(null, Object(Config\Cache), false)
 6 FCPATH\index.php(79): CodeIgniter\CodeIgniter->run()
 7 SYSTEMPATH\Commands\Server\rewrite.php(47): require_once('C:\\laragon\\www\\geotranck-dev\\public\\index.php')
WARNING - 2024-04-03 00:31:28 --> [DEPRECATED] usort(): Returning bool from comparison function is deprecated, return an integer less than, equal to, or greater than zero in APPPATH\Controllers\GestionUsuarioController.php on line 210.
 1 APPPATH\Controllers\GestionUsuarioController.php(210): usort([...], Object(Closure))
 2 APPPATH\Controllers\GestionUsuarioController.php(54): App\Controllers\GestionUsuarioController->datatables('[{"id":"4","nombre":"gf","descripcion":"dfg","administrador":"false","agregar":"false","modificar":"false","eliminar":"true","estado":"1","created_at":"2024-04-02 02:01:47.269406","updated_at":"2024-04-02 02:01:47.269406"},{"id":"6","nombre":"fwef","descripcion":"wefew","administrador":"true","agregar":"false","modificar":"false","eliminar":"false","estado":"1","created_at":"2024-04-02 02:06:31","updated_at":"2024-04-02 02:06:31"},{"id":"13","nombre":"wd","descripcion":"dw","administrador":"true","agregar":"false","modificar":"false","eliminar":"false","estado":"1","created_at":"2024-04-01 22:38:16","updated_at":"2024-04-01 22:38:16"},{"id":"12","nombre":"dwdw","descripcion":"dw","administrador":"false","agregar":"false","modificar":"true","eliminar":"false","estado":"1","created_at":"2024-04-01 22:34:17","updated_at":"2024-04-01 22:34:17"},{"id":"9","nombre":"fee","descripcion":"f","administrador":"true","agregar":"false","modificar":"false","eliminar":"false","estado":"1","created_at":"2024-04-01 22:20:56","updated_at":"2024-04-01 22:20:56"}]', [...])
 3 SYSTEMPATH\CodeIgniter.php(941): App\Controllers\GestionUsuarioController->DatosPrivilegioView1()
 4 SYSTEMPATH\CodeIgniter.php(502): CodeIgniter\CodeIgniter->runController(Object(App\Controllers\GestionUsuarioController))
 5 SYSTEMPATH\CodeIgniter.php(361): CodeIgniter\CodeIgniter->handleRequest(null, Object(Config\Cache), false)
 6 FCPATH\index.php(79): CodeIgniter\CodeIgniter->run()
 7 SYSTEMPATH\Commands\Server\rewrite.php(47): require_once('C:\\laragon\\www\\geotranck-dev\\public\\index.php')
WARNING - 2024-04-03 00:34:53 --> [DEPRECATED] usort(): Returning bool from comparison function is deprecated, return an integer less than, equal to, or greater than zero in APPPATH\Controllers\GestionUsuarioController.php on line 210.
 1 APPPATH\Controllers\GestionUsuarioController.php(210): usort([...], Object(Closure))
 2 APPPATH\Controllers\GestionUsuarioController.php(54): App\Controllers\GestionUsuarioController->datatables('[{"id":"4","nombre":"gf","descripcion":"dfg","administrador":"false","agregar":"false","modificar":"false","eliminar":"true","estado":"1","created_at":"2024-04-02 02:01:47.269406","updated_at":"2024-04-02 02:01:47.269406"},{"id":"6","nombre":"fwef","descripcion":"wefew","administrador":"true","agregar":"false","modificar":"false","eliminar":"false","estado":"1","created_at":"2024-04-02 02:06:31","updated_at":"2024-04-02 02:06:31"},{"id":"13","nombre":"wd","descripcion":"dw","administrador":"true","agregar":"false","modificar":"false","eliminar":"false","estado":"1","created_at":"2024-04-01 22:38:16","updated_at":"2024-04-01 22:38:16"},{"id":"12","nombre":"dwdw","descripcion":"dw","administrador":"false","agregar":"false","modificar":"true","eliminar":"false","estado":"1","created_at":"2024-04-01 22:34:17","updated_at":"2024-04-01 22:34:17"},{"id":"9","nombre":"fee","descripcion":"f","administrador":"true","agregar":"false","modificar":"false","eliminar":"false","estado":"1","created_at":"2024-04-01 22:20:56","updated_at":"2024-04-01 22:20:56"}]', [...])
 3 SYSTEMPATH\CodeIgniter.php(941): App\Controllers\GestionUsuarioController->DatosPrivilegioView1()
 4 SYSTEMPATH\CodeIgniter.php(502): CodeIgniter\CodeIgniter->runController(Object(App\Controllers\GestionUsuarioController))
 5 SYSTEMPATH\CodeIgniter.php(361): CodeIgniter\CodeIgniter->handleRequest(null, Object(Config\Cache), false)
 6 FCPATH\index.php(79): CodeIgniter\CodeIgniter->run()
 7 SYSTEMPATH\Commands\Server\rewrite.php(47): require_once('C:\\laragon\\www\\geotranck-dev\\public\\index.php')
WARNING - 2024-04-03 00:38:10 --> [DEPRECATED] usort(): Returning bool from comparison function is deprecated, return an integer less than, equal to, or greater than zero in APPPATH\Controllers\GestionUsuarioController.php on line 210.
 1 APPPATH\Controllers\GestionUsuarioController.php(210): usort([...], Object(Closure))
 2 APPPATH\Controllers\GestionUsuarioController.php(54): App\Controllers\GestionUsuarioController->datatables('[{"id":"4","nombre":"gf","descripcion":"dfg","administrador":"false","agregar":"false","modificar":"false","eliminar":"true","estado":"1","created_at":"2024-04-02 02:01:47.269406","updated_at":"2024-04-02 02:01:47.269406"},{"id":"6","nombre":"fwef","descripcion":"wefew","administrador":"true","agregar":"false","modificar":"false","eliminar":"false","estado":"1","created_at":"2024-04-02 02:06:31","updated_at":"2024-04-02 02:06:31"},{"id":"13","nombre":"wd","descripcion":"dw","administrador":"true","agregar":"false","modificar":"false","eliminar":"false","estado":"1","created_at":"2024-04-01 22:38:16","updated_at":"2024-04-01 22:38:16"},{"id":"12","nombre":"dwdw","descripcion":"dw","administrador":"false","agregar":"false","modificar":"true","eliminar":"false","estado":"1","created_at":"2024-04-01 22:34:17","updated_at":"2024-04-01 22:34:17"},{"id":"9","nombre":"fee","descripcion":"f","administrador":"true","agregar":"false","modificar":"false","eliminar":"false","estado":"1","created_at":"2024-04-01 22:20:56","updated_at":"2024-04-01 22:20:56"}]', [...])
 3 SYSTEMPATH\CodeIgniter.php(941): App\Controllers\GestionUsuarioController->DatosPrivilegioView1()
 4 SYSTEMPATH\CodeIgniter.php(502): CodeIgniter\CodeIgniter->runController(Object(App\Controllers\GestionUsuarioController))
 5 SYSTEMPATH\CodeIgniter.php(361): CodeIgniter\CodeIgniter->handleRequest(null, Object(Config\Cache), false)
 6 FCPATH\index.php(79): CodeIgniter\CodeIgniter->run()
 7 SYSTEMPATH\Commands\Server\rewrite.php(47): require_once('C:\\laragon\\www\\geotranck-dev\\public\\index.php')
WARNING - 2024-04-03 00:40:26 --> [DEPRECATED] usort(): Returning bool from comparison function is deprecated, return an integer less than, equal to, or greater than zero in APPPATH\Controllers\GestionUsuarioController.php on line 210.
 1 APPPATH\Controllers\GestionUsuarioController.php(210): usort([...], Object(Closure))
 2 APPPATH\Controllers\GestionUsuarioController.php(54): App\Controllers\GestionUsuarioController->datatables('[{"id":"4","nombre":"gf","descripcion":"dfg","administrador":"false","agregar":"false","modificar":"false","eliminar":"true","estado":"1","created_at":"2024-04-02 02:01:47.269406","updated_at":"2024-04-02 02:01:47.269406"},{"id":"6","nombre":"fwef","descripcion":"wefew","administrador":"true","agregar":"false","modificar":"false","eliminar":"false","estado":"1","created_at":"2024-04-02 02:06:31","updated_at":"2024-04-02 02:06:31"},{"id":"13","nombre":"wd","descripcion":"dw","administrador":"true","agregar":"false","modificar":"false","eliminar":"false","estado":"1","created_at":"2024-04-01 22:38:16","updated_at":"2024-04-01 22:38:16"},{"id":"12","nombre":"dwdw","descripcion":"dw","administrador":"false","agregar":"false","modificar":"true","eliminar":"false","estado":"1","created_at":"2024-04-01 22:34:17","updated_at":"2024-04-01 22:34:17"},{"id":"9","nombre":"fee","descripcion":"f","administrador":"true","agregar":"false","modificar":"false","eliminar":"false","estado":"1","created_at":"2024-04-01 22:20:56","updated_at":"2024-04-01 22:20:56"}]', [...])
 3 SYSTEMPATH\CodeIgniter.php(941): App\Controllers\GestionUsuarioController->DatosPrivilegioView1()
 4 SYSTEMPATH\CodeIgniter.php(502): CodeIgniter\CodeIgniter->runController(Object(App\Controllers\GestionUsuarioController))
 5 SYSTEMPATH\CodeIgniter.php(361): CodeIgniter\CodeIgniter->handleRequest(null, Object(Config\Cache), false)
 6 FCPATH\index.php(79): CodeIgniter\CodeIgniter->run()
 7 SYSTEMPATH\Commands\Server\rewrite.php(47): require_once('C:\\laragon\\www\\geotranck-dev\\public\\index.php')
