CRITICAL - 2024-03-08 04:08:09 --> ErrorException: Undefined variable $data
in APPPATH\Views\2_Administrador\5_header_page_view.php on line 15.
 1 APPPATH\Views\2_Administrador\5_header_page_view.php(15): CodeIgniter\Debug\Exceptions->errorHandler(2, 'Undefined variable $data', 'C:\\laragon\\www\\geotranck-dev\\app\\Views\\2_Administrador\\5_header_page_view.php', 15)
 2 SYSTEMPATH\View\View.php(228): include('C:\\laragon\\www\\geotranck-dev\\app\\Views\\2_Administrador\\5_header_page_view.php')
 3 SYSTEMPATH\View\View.php(231): CodeIgniter\View\View->CodeIgniter\View\{closure}()
 4 SYSTEMPATH\Common.php(1178): CodeIgniter\View\View->render('2_Administrador/5_header_page_view.php', [], true)
 5 APPPATH\Controllers\MapasController.php(15): view('2_Administrador/5_header_page_view.php', [...])
 6 SYSTEMPATH\CodeIgniter.php(941): App\Controllers\MapasController->UbicacionActual()
 7 SYSTEMPATH\CodeIgniter.php(502): CodeIgniter\CodeIgniter->runController(Object(App\Controllers\MapasController))
 8 SYSTEMPATH\CodeIgniter.php(361): CodeIgniter\CodeIgniter->handleRequest(null, Object(Config\Cache), false)
 9 FCPATH\index.php(79): CodeIgniter\CodeIgniter->run()
10 SYSTEMPATH\Commands\Server\rewrite.php(47): require_once('C:\\laragon\\www\\geotranck-dev\\public\\index.php')
CRITICAL - 2024-03-08 04:10:37 --> ErrorException: Undefined variable $titulo
in APPPATH\Views\2_Administrador\5_header_page_view.php on line 15.
 1 APPPATH\Views\2_Administrador\5_header_page_view.php(15): CodeIgniter\Debug\Exceptions->errorHandler(2, 'Undefined variable $titulo', 'C:\\laragon\\www\\geotranck-dev\\app\\Views\\2_Administrador\\5_header_page_view.php', 15)
 2 SYSTEMPATH\View\View.php(228): include('C:\\laragon\\www\\geotranck-dev\\app\\Views\\2_Administrador\\5_header_page_view.php')
 3 SYSTEMPATH\View\View.php(231): CodeIgniter\View\View->CodeIgniter\View\{closure}()
 4 SYSTEMPATH\Common.php(1178): CodeIgniter\View\View->render('2_Administrador/5_header_page_view.php', [], true)
 5 APPPATH\Controllers\AdministradorController.php(14): view('2_Administrador/5_header_page_view.php')
 6 SYSTEMPATH\CodeIgniter.php(941): App\Controllers\AdministradorController->index()
 7 SYSTEMPATH\CodeIgniter.php(502): CodeIgniter\CodeIgniter->runController(Object(App\Controllers\AdministradorController))
 8 SYSTEMPATH\CodeIgniter.php(361): CodeIgniter\CodeIgniter->handleRequest(null, Object(Config\Cache), false)
 9 FCPATH\index.php(79): CodeIgniter\CodeIgniter->run()
10 SYSTEMPATH\Commands\Server\rewrite.php(47): require_once('C:\\laragon\\www\\geotranck-dev\\public\\index.php')
