INFO - 2024-06-27 00:00:15 --> Session: Class initialized using 'CodeIgniter\Session\Handlers\FileHandler' driver.
INFO - 2024-06-27 00:00:39 --> Session: Class initialized using 'CodeIgniter\Session\Handlers\FileHandler' driver.
INFO - 2024-06-27 00:01:49 --> Session: Class initialized using 'CodeIgniter\Session\Handlers\FileHandler' driver.
INFO - 2024-06-27 00:02:19 --> Session: Class initialized using 'CodeIgniter\Session\Handlers\FileHandler' driver.
INFO - 2024-06-27 00:04:29 --> Session: Class initialized using 'CodeIgniter\Session\Handlers\FileHandler' driver.
INFO - 2024-06-27 00:04:41 --> Session: Class initialized using 'CodeIgniter\Session\Handlers\FileHandler' driver.
INFO - 2024-06-27 00:05:10 --> Session: Class initialized using 'CodeIgniter\Session\Handlers\FileHandler' driver.
INFO - 2024-06-27 00:05:28 --> Session: Class initialized using 'CodeIgniter\Session\Handlers\FileHandler' driver.
INFO - 2024-06-27 00:09:16 --> Session: Class initialized using 'CodeIgniter\Session\Handlers\FileHandler' driver.
INFO - 2024-06-27 00:09:27 --> Session: Class initialized using 'CodeIgniter\Session\Handlers\FileHandler' driver.
INFO - 2024-06-27 00:10:44 --> Session: Class initialized using 'CodeIgniter\Session\Handlers\FileHandler' driver.
INFO - 2024-06-27 00:12:01 --> Session: Class initialized using 'CodeIgniter\Session\Handlers\FileHandler' driver.
INFO - 2024-06-27 00:14:03 --> Session: Class initialized using 'CodeIgniter\Session\Handlers\FileHandler' driver.
INFO - 2024-06-27 00:14:32 --> Session: Class initialized using 'CodeIgniter\Session\Handlers\FileHandler' driver.
INFO - 2024-06-27 00:53:15 --> Session: Class initialized using 'CodeIgniter\Session\Handlers\FileHandler' driver.
INFO - 2024-06-27 00:53:17 --> Session: Class initialized using 'CodeIgniter\Session\Handlers\FileHandler' driver.
INFO - 2024-06-27 00:53:17 --> Session: Class initialized using 'CodeIgniter\Session\Handlers\FileHandler' driver.
INFO - 2024-06-27 00:53:18 --> Session: Class initialized using 'CodeIgniter\Session\Handlers\FileHandler' driver.
INFO - 2024-06-27 00:56:22 --> Session: Class initialized using 'CodeIgniter\Session\Handlers\FileHandler' driver.
INFO - 2024-06-27 00:56:22 --> Session: Class initialized using 'CodeIgniter\Session\Handlers\FileHandler' driver.
INFO - 2024-06-27 00:56:23 --> Session: Class initialized using 'CodeIgniter\Session\Handlers\FileHandler' driver.
INFO - 2024-06-27 00:56:23 --> Session: Class initialized using 'CodeIgniter\Session\Handlers\FileHandler' driver.
INFO - 2024-06-27 00:58:11 --> Session: Class initialized using 'CodeIgniter\Session\Handlers\FileHandler' driver.
INFO - 2024-06-27 00:58:13 --> Session: Class initialized using 'CodeIgniter\Session\Handlers\FileHandler' driver.
INFO - 2024-06-27 00:58:13 --> Session: Class initialized using 'CodeIgniter\Session\Handlers\FileHandler' driver.
INFO - 2024-06-27 00:58:13 --> Session: Class initialized using 'CodeIgniter\Session\Handlers\FileHandler' driver.
INFO - 2024-06-27 23:03:04 --> Session: Class initialized using 'CodeIgniter\Session\Handlers\FileHandler' driver.
INFO - 2024-06-27 23:03:26 --> Session: Class initialized using 'CodeIgniter\Session\Handlers\FileHandler' driver.
INFO - 2024-06-27 23:03:27 --> Session: Class initialized using 'CodeIgniter\Session\Handlers\FileHandler' driver.
INFO - 2024-06-27 23:03:36 --> Session: Class initialized using 'CodeIgniter\Session\Handlers\FileHandler' driver.
INFO - 2024-06-27 23:03:37 --> Session: Class initialized using 'CodeIgniter\Session\Handlers\FileHandler' driver.
INFO - 2024-06-27 23:03:37 --> Session: Class initialized using 'CodeIgniter\Session\Handlers\FileHandler' driver.
INFO - 2024-06-27 23:03:37 --> Session: Class initialized using 'CodeIgniter\Session\Handlers\FileHandler' driver.
INFO - 2024-06-27 23:06:01 --> Session: Class initialized using 'CodeIgniter\Session\Handlers\FileHandler' driver.
INFO - 2024-06-27 23:06:03 --> Session: Class initialized using 'CodeIgniter\Session\Handlers\FileHandler' driver.
INFO - 2024-06-27 23:06:03 --> Session: Class initialized using 'CodeIgniter\Session\Handlers\FileHandler' driver.
INFO - 2024-06-27 23:06:03 --> Session: Class initialized using 'CodeIgniter\Session\Handlers\FileHandler' driver.
INFO - 2024-06-27 23:07:49 --> Session: Class initialized using 'CodeIgniter\Session\Handlers\FileHandler' driver.
INFO - 2024-06-27 23:07:56 --> Session: Class initialized using 'CodeIgniter\Session\Handlers\FileHandler' driver.
INFO - 2024-06-27 23:07:56 --> Session: Class initialized using 'CodeIgniter\Session\Handlers\FileHandler' driver.
INFO - 2024-06-27 23:07:57 --> Session: Class initialized using 'CodeIgniter\Session\Handlers\FileHandler' driver.
INFO - 2024-06-27 23:08:55 --> Session: Class initialized using 'CodeIgniter\Session\Handlers\FileHandler' driver.
INFO - 2024-06-27 23:08:56 --> Session: Class initialized using 'CodeIgniter\Session\Handlers\FileHandler' driver.
INFO - 2024-06-27 23:08:56 --> Session: Class initialized using 'CodeIgniter\Session\Handlers\FileHandler' driver.
INFO - 2024-06-27 23:08:56 --> Session: Class initialized using 'CodeIgniter\Session\Handlers\FileHandler' driver.
INFO - 2024-06-27 23:09:40 --> Session: Class initialized using 'CodeIgniter\Session\Handlers\FileHandler' driver.
INFO - 2024-06-27 23:09:41 --> Session: Class initialized using 'CodeIgniter\Session\Handlers\FileHandler' driver.
INFO - 2024-06-27 23:09:42 --> Session: Class initialized using 'CodeIgniter\Session\Handlers\FileHandler' driver.
INFO - 2024-06-27 23:09:42 --> Session: Class initialized using 'CodeIgniter\Session\Handlers\FileHandler' driver.
INFO - 2024-06-27 23:09:44 --> Session: Class initialized using 'CodeIgniter\Session\Handlers\FileHandler' driver.
CRITICAL - 2024-06-27 23:09:44 --> ErrorException: Undefined variable $imgauto
in APPPATH\Controllers\ReportesControler.php on line 125.
 1 APPPATH\Controllers\ReportesControler.php(125): CodeIgniter\Debug\Exceptions->errorHandler(2, 'Undefined variable $imgauto', 'C:\\laragon\\www\\geotranck-dev\\app\\Controllers\\ReportesControler.php', 125)
 2 SYSTEMPATH\CodeIgniter.php(941): App\Controllers\ReportesControler->ListaEstudiantes()
 3 SYSTEMPATH\CodeIgniter.php(502): CodeIgniter\CodeIgniter->runController(Object(App\Controllers\ReportesControler))
 4 SYSTEMPATH\CodeIgniter.php(361): CodeIgniter\CodeIgniter->handleRequest(null, Object(Config\Cache), false)
 5 FCPATH\index.php(79): CodeIgniter\CodeIgniter->run()
 6 SYSTEMPATH\Commands\Server\rewrite.php(47): require_once('C:\\laragon\\www\\geotranck-dev\\public\\index.php')
INFO - 2024-06-27 23:10:22 --> Session: Class initialized using 'CodeIgniter\Session\Handlers\FileHandler' driver.
CRITICAL - 2024-06-27 23:10:22 --> ErrorException: Undefined variable $imgauto
in APPPATH\Controllers\ReportesControler.php on line 125.
 1 APPPATH\Controllers\ReportesControler.php(125): CodeIgniter\Debug\Exceptions->errorHandler(2, 'Undefined variable $imgauto', 'C:\\laragon\\www\\geotranck-dev\\app\\Controllers\\ReportesControler.php', 125)
 2 SYSTEMPATH\CodeIgniter.php(941): App\Controllers\ReportesControler->ListaEstudiantes()
 3 SYSTEMPATH\CodeIgniter.php(502): CodeIgniter\CodeIgniter->runController(Object(App\Controllers\ReportesControler))
 4 SYSTEMPATH\CodeIgniter.php(361): CodeIgniter\CodeIgniter->handleRequest(null, Object(Config\Cache), false)
 5 FCPATH\index.php(79): CodeIgniter\CodeIgniter->run()
 6 SYSTEMPATH\Commands\Server\rewrite.php(47): require_once('C:\\laragon\\www\\geotranck-dev\\public\\index.php')
INFO - 2024-06-27 23:22:21 --> Session: Class initialized using 'CodeIgniter\Session\Handlers\FileHandler' driver.
CRITICAL - 2024-06-27 23:22:21 --> ErrorException: Undefined variable $imagenAutomovil
in APPPATH\Views\reportes\reporte01.php on line 178.
 1 APPPATH\Views\reportes\reporte01.php(178): CodeIgniter\Debug\Exceptions->errorHandler(2, 'Undefined variable $imagenAutomovil', 'C:\\laragon\\www\\geotranck-dev\\app\\Views\\reportes\\reporte01.php', 178)
 2 SYSTEMPATH\View\View.php(228): include('C:\\laragon\\www\\geotranck-dev\\app\\Views\\reportes\\reporte01.php')
 3 SYSTEMPATH\View\View.php(231): CodeIgniter\View\View->CodeIgniter\View\{closure}()
 4 SYSTEMPATH\Common.php(1178): CodeIgniter\View\View->render('reportes/reporte01', [], true)
 5 APPPATH\Controllers\ReportesControler.php(142): view('reportes/reporte01', [...])
 6 SYSTEMPATH\CodeIgniter.php(941): App\Controllers\ReportesControler->ListaEstudiantes()
 7 SYSTEMPATH\CodeIgniter.php(502): CodeIgniter\CodeIgniter->runController(Object(App\Controllers\ReportesControler))
 8 SYSTEMPATH\CodeIgniter.php(361): CodeIgniter\CodeIgniter->handleRequest(null, Object(Config\Cache), false)
 9 FCPATH\index.php(79): CodeIgniter\CodeIgniter->run()
10 SYSTEMPATH\Commands\Server\rewrite.php(47): require_once('C:\\laragon\\www\\geotranck-dev\\public\\index.php')
INFO - 2024-06-27 23:22:23 --> Session: Class initialized using 'CodeIgniter\Session\Handlers\FileHandler' driver.
INFO - 2024-06-27 23:22:24 --> Session: Class initialized using 'CodeIgniter\Session\Handlers\FileHandler' driver.
INFO - 2024-06-27 23:22:24 --> Session: Class initialized using 'CodeIgniter\Session\Handlers\FileHandler' driver.
INFO - 2024-06-27 23:22:25 --> Session: Class initialized using 'CodeIgniter\Session\Handlers\FileHandler' driver.
INFO - 2024-06-27 23:22:26 --> Session: Class initialized using 'CodeIgniter\Session\Handlers\FileHandler' driver.
CRITICAL - 2024-06-27 23:22:26 --> ErrorException: Undefined variable $imagenAutomovil
in APPPATH\Views\reportes\reporte01.php on line 178.
 1 APPPATH\Views\reportes\reporte01.php(178): CodeIgniter\Debug\Exceptions->errorHandler(2, 'Undefined variable $imagenAutomovil', 'C:\\laragon\\www\\geotranck-dev\\app\\Views\\reportes\\reporte01.php', 178)
 2 SYSTEMPATH\View\View.php(228): include('C:\\laragon\\www\\geotranck-dev\\app\\Views\\reportes\\reporte01.php')
 3 SYSTEMPATH\View\View.php(231): CodeIgniter\View\View->CodeIgniter\View\{closure}()
 4 SYSTEMPATH\Common.php(1178): CodeIgniter\View\View->render('reportes/reporte01', [], true)
 5 APPPATH\Controllers\ReportesControler.php(142): view('reportes/reporte01', [...])
 6 SYSTEMPATH\CodeIgniter.php(941): App\Controllers\ReportesControler->ListaEstudiantes()
 7 SYSTEMPATH\CodeIgniter.php(502): CodeIgniter\CodeIgniter->runController(Object(App\Controllers\ReportesControler))
 8 SYSTEMPATH\CodeIgniter.php(361): CodeIgniter\CodeIgniter->handleRequest(null, Object(Config\Cache), false)
 9 FCPATH\index.php(79): CodeIgniter\CodeIgniter->run()
10 SYSTEMPATH\Commands\Server\rewrite.php(47): require_once('C:\\laragon\\www\\geotranck-dev\\public\\index.php')
INFO - 2024-06-27 23:23:58 --> Session: Class initialized using 'CodeIgniter\Session\Handlers\FileHandler' driver.
CRITICAL - 2024-06-27 23:23:58 --> ErrorException: Undefined variable $imagenAutomovil
in APPPATH\Views\reportes\ListaEstudiante.php on line 178.
 1 APPPATH\Views\reportes\ListaEstudiante.php(178): CodeIgniter\Debug\Exceptions->errorHandler(2, 'Undefined variable $imagenAutomovil', 'C:\\laragon\\www\\geotranck-dev\\app\\Views\\reportes\\ListaEstudiante.php', 178)
 2 SYSTEMPATH\View\View.php(228): include('C:\\laragon\\www\\geotranck-dev\\app\\Views\\reportes\\ListaEstudiante.php')
 3 SYSTEMPATH\View\View.php(231): CodeIgniter\View\View->CodeIgniter\View\{closure}()
 4 SYSTEMPATH\Common.php(1178): CodeIgniter\View\View->render('reportes/ListaEstudiante', [], true)
 5 APPPATH\Controllers\ReportesControler.php(142): view('reportes/ListaEstudiante', [...])
 6 SYSTEMPATH\CodeIgniter.php(941): App\Controllers\ReportesControler->ListaEstudiantes()
 7 SYSTEMPATH\CodeIgniter.php(502): CodeIgniter\CodeIgniter->runController(Object(App\Controllers\ReportesControler))
 8 SYSTEMPATH\CodeIgniter.php(361): CodeIgniter\CodeIgniter->handleRequest(null, Object(Config\Cache), false)
 9 FCPATH\index.php(79): CodeIgniter\CodeIgniter->run()
10 SYSTEMPATH\Commands\Server\rewrite.php(47): require_once('C:\\laragon\\www\\geotranck-dev\\public\\index.php')
INFO - 2024-06-27 23:24:23 --> Session: Class initialized using 'CodeIgniter\Session\Handlers\FileHandler' driver.
CRITICAL - 2024-06-27 23:24:24 --> ErrorException: Undefined array key "marca"
in APPPATH\Views\reportes\ListaEstudiante.php on line 182.
 1 APPPATH\Views\reportes\ListaEstudiante.php(182): CodeIgniter\Debug\Exceptions->errorHandler(2, 'Undefined array key "marca"', 'C:\\laragon\\www\\geotranck-dev\\app\\Views\\reportes\\ListaEstudiante.php', 182)
 2 SYSTEMPATH\View\View.php(228): include('C:\\laragon\\www\\geotranck-dev\\app\\Views\\reportes\\ListaEstudiante.php')
 3 SYSTEMPATH\View\View.php(231): CodeIgniter\View\View->CodeIgniter\View\{closure}()
 4 SYSTEMPATH\Common.php(1178): CodeIgniter\View\View->render('reportes/ListaEstudiante', [], true)
 5 APPPATH\Controllers\ReportesControler.php(142): view('reportes/ListaEstudiante', [...])
 6 SYSTEMPATH\CodeIgniter.php(941): App\Controllers\ReportesControler->ListaEstudiantes()
 7 SYSTEMPATH\CodeIgniter.php(502): CodeIgniter\CodeIgniter->runController(Object(App\Controllers\ReportesControler))
 8 SYSTEMPATH\CodeIgniter.php(361): CodeIgniter\CodeIgniter->handleRequest(null, Object(Config\Cache), false)
 9 FCPATH\index.php(79): CodeIgniter\CodeIgniter->run()
10 SYSTEMPATH\Commands\Server\rewrite.php(47): require_once('C:\\laragon\\www\\geotranck-dev\\public\\index.php')
INFO - 2024-06-27 23:34:31 --> Session: Class initialized using 'CodeIgniter\Session\Handlers\FileHandler' driver.
CRITICAL - 2024-06-27 23:34:31 --> ErrorException: Undefined array key "date"
in APPPATH\Views\reportes\ListaEstudiante.php on line 195.
 1 APPPATH\Views\reportes\ListaEstudiante.php(195): CodeIgniter\Debug\Exceptions->errorHandler(2, 'Undefined array key "date"', 'C:\\laragon\\www\\geotranck-dev\\app\\Views\\reportes\\ListaEstudiante.php', 195)
 2 SYSTEMPATH\View\View.php(228): include('C:\\laragon\\www\\geotranck-dev\\app\\Views\\reportes\\ListaEstudiante.php')
 3 SYSTEMPATH\View\View.php(231): CodeIgniter\View\View->CodeIgniter\View\{closure}()
 4 SYSTEMPATH\Common.php(1178): CodeIgniter\View\View->render('reportes/ListaEstudiante', [], true)
 5 APPPATH\Controllers\ReportesControler.php(136): view('reportes/ListaEstudiante', [...])
 6 SYSTEMPATH\CodeIgniter.php(941): App\Controllers\ReportesControler->ListaEstudiantes()
 7 SYSTEMPATH\CodeIgniter.php(502): CodeIgniter\CodeIgniter->runController(Object(App\Controllers\ReportesControler))
 8 SYSTEMPATH\CodeIgniter.php(361): CodeIgniter\CodeIgniter->handleRequest(null, Object(Config\Cache), false)
 9 FCPATH\index.php(79): CodeIgniter\CodeIgniter->run()
10 SYSTEMPATH\Commands\Server\rewrite.php(47): require_once('C:\\laragon\\www\\geotranck-dev\\public\\index.php')
INFO - 2024-06-27 23:35:27 --> Session: Class initialized using 'CodeIgniter\Session\Handlers\FileHandler' driver.
INFO - 2024-06-27 23:37:16 --> Session: Class initialized using 'CodeIgniter\Session\Handlers\FileHandler' driver.
INFO - 2024-06-27 23:38:04 --> Session: Class initialized using 'CodeIgniter\Session\Handlers\FileHandler' driver.
INFO - 2024-06-27 23:39:19 --> Session: Class initialized using 'CodeIgniter\Session\Handlers\FileHandler' driver.
INFO - 2024-06-27 23:39:46 --> Session: Class initialized using 'CodeIgniter\Session\Handlers\FileHandler' driver.
INFO - 2024-06-27 23:40:08 --> Session: Class initialized using 'CodeIgniter\Session\Handlers\FileHandler' driver.
INFO - 2024-06-27 23:40:45 --> Session: Class initialized using 'CodeIgniter\Session\Handlers\FileHandler' driver.
INFO - 2024-06-27 23:41:01 --> Session: Class initialized using 'CodeIgniter\Session\Handlers\FileHandler' driver.
INFO - 2024-06-27 23:42:18 --> Session: Class initialized using 'CodeIgniter\Session\Handlers\FileHandler' driver.
INFO - 2024-06-27 23:42:44 --> Session: Class initialized using 'CodeIgniter\Session\Handlers\FileHandler' driver.
INFO - 2024-06-27 23:42:45 --> Session: Class initialized using 'CodeIgniter\Session\Handlers\FileHandler' driver.
WARNING - 2024-06-27 23:42:45 --> [DEPRECATED] usort(): Returning bool from comparison function is deprecated, return an integer less than, equal to, or greater than zero in APPPATH\Controllers\GestionUsuarioController.php on line 806.
 1 APPPATH\Controllers\GestionUsuarioController.php(806): usort([...], Object(Closure))
 2 APPPATH\Controllers\GestionUsuarioController.php(398): App\Controllers\GestionUsuarioController->datatables('[{"id":"28","imagenestudiante":"ni\\u00f1o3.png","nombre":"Erwin","apellido":"Flores","ci":"3298616","telefono":"61498616","edad":"6","genero":"M","curso":"Kinder A","fechainscripcion":"2024-02-09","fechanacimiento":"2018-09-17","nombretutor":"Carlos","apellidotutor":"L\\u00f3pez","nombreconductor":"Walter","apellidoconductor":"Perez","telefonoconductor":"71550490","placa":"2589WQZ","created_at":"2024-06-06 11:43:35","codigoestudiante":"e3a33b"},{"id":"29","imagenestudiante":"ni\\u00f1o4.png","nombre":"Mariana","apellido":"Mendez","ci":"75489335","telefono":"78818389","edad":"11","genero":"F","curso":"Primero B","fechainscripcion":"2020-04-27","fechanacimiento":"2013-04-05","nombretutor":"Carlos","apellidotutor":"L\\u00f3pez","nombreconductor":"Walter","apellidoconductor":"Perez","telefonoconductor":"71550490","placa":"2589WQZ","created_at":"2024-06-06 11:50:04","codigoestudiante":"9ff2c3"},{"id":"30","imagenestudiante":"ninguno.png","nombre":"Marcos","apellido":"Mendizaval","ci":"58716846","telefono":"7818662","edad":"11","genero":"M","curso":"Primero C","fechainscripcion":"2018-03-26","fechanacimiento":"2013-06-05","nombretutor":"Luis","apellidotutor":"Hern\\u00e1ndez","nombreconductor":"Cesar","apellidoconductor":"Villarroel","telefonoconductor":"6205123","placa":"6843WQP","created_at":"2024-06-06 12:00:57","codigoestudiante":"fa321c"},{"id":"31","imagenestudiante":"ninguno_1.png","nombre":"Marcos ","apellido":"Melgar","ci":"78652953","telefono":"68528452","edad":"11","genero":"M","curso":"TerceroA","fechainscripcion":"2018-02-03","fechanacimiento":"2013-05-06","nombretutor":"Luis","apellidotutor":"Hern\\u00e1ndez","nombreconductor":"Cesar","apellidoconductor":"Villarroel","telefonoconductor":"6205123","placa":"6843WQP","created_at":"2024-06-06 12:04:21","codigoestudiante":"68f003"},{"id":"32","imagenestudiante":"ninguno_2.png","nombre":"Marcos","apellido":"Teran","ci":"659655333","telefono":"784895213","edad":"9","genero":"M","curso":"Primero A","fechainscripcion":"2021-02-25","fechanacimiento":"2015-07-05","nombretutor":"Elena","apellidotutor":"G\\u00f3mez","nombreconductor":"Walter","apellidoconductor":"Perez","telefonoconductor":"71550490","placa":"2589WQZ","created_at":"2024-06-06 12:07:04","codigoestudiante":"cc57f1"},{"id":"33","imagenestudiante":"ni\\u00f1o5.png","nombre":"Milton","apellido":"Meneces","ci":"726854354","telefono":"76658965","edad":"14","genero":"M","curso":"SegundoA","fechainscripcion":"2020-03-23","fechanacimiento":"2010-05-06","nombretutor":"Roberto","apellidotutor":"D\\u00edaz","nombreconductor":"David","apellidoconductor":"Mamani","telefonoconductor":"74549834","placa":"965PQC","created_at":"2024-06-06 12:09:57","codigoestudiante":"40a632"},{"id":"34","imagenestudiante":"ni\\u00f1o6.png","nombre":"Mariana","apellido":"Torrez Flores","ci":"8843543","telefono":"65956294","edad":"10","genero":"F","curso":"Primero B","fechainscripcion":"2019-02-03","fechanacimiento":"2014-07-03","nombretutor":"Laura","apellidotutor":"Mendoza","nombreconductor":"Walter","apellidoconductor":"Perez","telefonoconductor":"71550490","placa":"2589WQZ","created_at":"2024-06-06 12:14:25","codigoestudiante":"697a1f"},{"id":"35","imagenestudiante":"ninguno_3.png","nombre":"Marlene ","apellido":"Suarez","ci":"68352626","telefono":"78981845","edad":"12","genero":"F","curso":"Tercero B","fechainscripcion":"2018-02-05","fechanacimiento":"2012-12-31","nombretutor":"Andr\\u00e9s","apellidotutor":"Ortiz","nombreconductor":"Walter","apellidoconductor":"Perez","telefonoconductor":"71550490","placa":"2589WQZ","created_at":"2024-06-06 12:17:08","codigoestudiante":"232261"},{"id":"36","imagenestudiante":"ninguno_4.png","nombre":"Carlos","apellido":"Mamani Mendez","ci":"86843365","telefono":"784842556","edad":"10","genero":"M","curso":"Primero B","fechainscripcion":"2019-02-04","fechanacimiento":"2014-06-02","nombretutor":"Andr\\u00e9s","apellidotutor":"Ortiz","nombreconductor":"Pedro","apellidoconductor":"Alvarez","telefonoconductor":"75684384","placa":"4357XLA","created_at":"2024-06-06 12:20:30","codigoestudiante":"c20068"},{"id":"42","imagenestudiante":"ni\\u00f1o10.png","nombre":"Yeferson","apellido":"Rojas","ci":"8453548","telefono":"68435435","edad":"14","genero":"M","curso":"TerceroB","fechainscripcion":"2020-03-29","fechanacimiento":"2010-06-20","nombretutor":"Andr\\u00e9s","apellidotutor":"Ortiz","nombreconductor":"Pedro","apellidoconductor":"Alvarez","telefonoconductor":"75684384","placa":"4357XLA","created_at":"2024-06-06 12:38:59","codigoestudiante":"3435ad"},{"id":"37","imagenestudiante":"ni\\u00f1o8.png","nombre":"Mario","apellido":"Fuentes","ci":"76584353","telefono":"68435168","edad":"10","genero":"M","curso":"Primero B","fechainscripcion":"2019-03-04","fechanacimiento":"2013-07-02","nombretutor":"Isabel","apellidotutor":"Ram\\u00edrez","nombreconductor":"Cesar","apellidoconductor":"Villarroel","telefonoconductor":"6205123","placa":"6843WQP","created_at":"2024-06-06 12:23:01","codigoestudiante":"95aaab"},{"id":"38","imagenestudiante":"ninguno_5.png","nombre":"Maria","apellido":"Flores","ci":"76843533","telefono":"73548485","edad":"12","genero":"F","curso":"Tercero B","fechainscripcion":"2017-02-28","fechanacimiento":"2012-02-06","nombretutor":"Isabel","apellidotutor":"Ram\\u00edrez","nombreconductor":"Walter","apellidoconductor":"Perez","telefonoconductor":"71550490","placa":"2589WQZ","created_at":"2024-06-06 12:25:41","codigoestudiante":"c2d5d6"},{"id":"39","imagenestudiante":"ninguno_6.png","nombre":"Jorge","apellido":"Flores Mamani","ci":"76584335","telefono":"75848475","edad":"13","genero":"M","curso":"SegundoA","fechainscripcion":"2020-03-05","fechanacimiento":"2011-07-27","nombretutor":"David","apellidotutor":"Flores","nombreconductor":"Pedro","apellidoconductor":"Alvarez","telefonoconductor":"75684384","placa":"4357XLA","created_at":"2024-06-06 12:28:51","codigoestudiante":"8a6ba7"},{"id":"40","imagenestudiante":"ni\\u00f1o9.png","nombre":"Matias","apellido":"Teran","ci":"8435133","telefono":"68541688","edad":"10","genero":"M","curso":"Primero A","fechainscripcion":"2019-02-03","fechanacimiento":"2014-05-05","nombretutor":"Sara","apellidotutor":"Rojas","nombreconductor":"Cesar","apellidoconductor":"Villarroel","telefonoconductor":"6205123","placa":"6843WQP","created_at":"2024-06-06 12:32:03","codigoestudiante":"8e5638"},{"id":"41","imagenestudiante":"ninguno_7.png","nombre":"Nicolar","apellido":"Marin","ci":"5781354","telefono":"75845236","edad":"12","genero":"M","curso":"Tercero A","fechainscripcion":"2018-02-05","fechanacimiento":"2018-12-05","nombretutor":"Antonio","apellidotutor":"Guti\\u00e9rrez","nombreconductor":"Cesar","apellidoconductor":"Villarroel","telefonoconductor":"6205123","placa":"6843WQP","created_at":"2024-06-06 12:35:08","codigoestudiante":"cb8e2b"},{"id":"27","imagenestudiante":"ni\\u00f1o2.png","nombre":"Andres","apellido":"Mendoza","ci":"9886682","telefono":"78886682","edad":"10","genero":"M","curso":"Primero A","fechainscripcion":"2019-02-01","fechanacimiento":"2014-05-03","nombretutor":"Adriana","apellidotutor":"Castillo","nombreconductor":"Pedro","apellidoconductor":"Alvarez","telefonoconductor":"75684384","placa":"4357XLA","created_at":"2024-06-06 11:39:36","codigoestudiante":"f3541e"},{"id":"26","imagenestudiante":"ni\\u00f1o1.png","nombre":"Adela","apellido":"Mamani","ci":"1896566","telefono":"74833349","edad":"10","genero":"F","curso":"Primero A","fechainscripcion":"2020-02-04","fechanacimiento":"2014-03-28","nombretutor":"Adriana","apellidotutor":"Castillo","nombreconductor":"Marin","apellidoconductor":"Sanchez","telefonoconductor":"7658464","placa":"4548LZY","created_at":"2024-06-06 11:33:16","codigoestudiante":"8ab8c0"},{"id":"25","imagenestudiante":"nino2.png","nombre":"Marcos","apellido":"Ramos","ci":"584448354 Lp","telefono":"75116843","edad":"9","genero":"M","curso":"primaria","fechainscripcion":"2020-02-22","fechanacimiento":"2010-08-29","nombretutor":null,"apellidotutor":null,"nombreconductor":"Marin","apellidoconductor":"Sanchez","telefonoconductor":"7658464","placa":"5816PEX","created_at":"2024-05-24 01:03:56","codigoestudiante":"fc73d9"}]', [...])
 3 SYSTEMPATH\CodeIgniter.php(941): App\Controllers\GestionUsuarioController->DatosEstudienteView()
 4 SYSTEMPATH\CodeIgniter.php(502): CodeIgniter\CodeIgniter->runController(Object(App\Controllers\GestionUsuarioController))
 5 SYSTEMPATH\CodeIgniter.php(361): CodeIgniter\CodeIgniter->handleRequest(null, Object(Config\Cache), false)
 6 FCPATH\index.php(79): CodeIgniter\CodeIgniter->run()
 7 SYSTEMPATH\Commands\Server\rewrite.php(47): require_once('C:\\laragon\\www\\geotranck-dev\\public\\index.php')
INFO - 2024-06-27 23:43:45 --> Session: Class initialized using 'CodeIgniter\Session\Handlers\FileHandler' driver.
INFO - 2024-06-27 23:43:45 --> Session: Class initialized using 'CodeIgniter\Session\Handlers\FileHandler' driver.
WARNING - 2024-06-27 23:43:45 --> [DEPRECATED] usort(): Returning bool from comparison function is deprecated, return an integer less than, equal to, or greater than zero in APPPATH\Controllers\GestionUsuarioController.php on line 806.
 1 APPPATH\Controllers\GestionUsuarioController.php(806): usort([...], Object(Closure))
 2 APPPATH\Controllers\GestionUsuarioController.php(398): App\Controllers\GestionUsuarioController->datatables('[{"id":"28","imagenestudiante":"ni\\u00f1o3.png","nombre":"Erwin","apellido":"Flores","ci":"3298616","telefono":"61498616","edad":"6","genero":"M","curso":"Kinder A","fechainscripcion":"2024-02-09","fechanacimiento":"2018-09-17","nombretutor":"Carlos","apellidotutor":"L\\u00f3pez","nombreconductor":"Walter","apellidoconductor":"Perez","telefonoconductor":"71550490","placa":"2589WQZ","created_at":"2024-06-06 11:43:35","codigoestudiante":"e3a33b"},{"id":"29","imagenestudiante":"ni\\u00f1o4.png","nombre":"Mariana","apellido":"Mendez","ci":"75489335","telefono":"78818389","edad":"11","genero":"F","curso":"Primero B","fechainscripcion":"2020-04-27","fechanacimiento":"2013-04-05","nombretutor":"Carlos","apellidotutor":"L\\u00f3pez","nombreconductor":"Walter","apellidoconductor":"Perez","telefonoconductor":"71550490","placa":"2589WQZ","created_at":"2024-06-06 11:50:04","codigoestudiante":"9ff2c3"},{"id":"30","imagenestudiante":"ninguno.png","nombre":"Marcos","apellido":"Mendizaval","ci":"58716846","telefono":"7818662","edad":"11","genero":"M","curso":"Primero C","fechainscripcion":"2018-03-26","fechanacimiento":"2013-06-05","nombretutor":"Luis","apellidotutor":"Hern\\u00e1ndez","nombreconductor":"Cesar","apellidoconductor":"Villarroel","telefonoconductor":"6205123","placa":"6843WQP","created_at":"2024-06-06 12:00:57","codigoestudiante":"fa321c"},{"id":"31","imagenestudiante":"ninguno_1.png","nombre":"Marcos ","apellido":"Melgar","ci":"78652953","telefono":"68528452","edad":"11","genero":"M","curso":"TerceroA","fechainscripcion":"2018-02-03","fechanacimiento":"2013-05-06","nombretutor":"Luis","apellidotutor":"Hern\\u00e1ndez","nombreconductor":"Cesar","apellidoconductor":"Villarroel","telefonoconductor":"6205123","placa":"6843WQP","created_at":"2024-06-06 12:04:21","codigoestudiante":"68f003"},{"id":"32","imagenestudiante":"ninguno_2.png","nombre":"Marcos","apellido":"Teran","ci":"659655333","telefono":"784895213","edad":"9","genero":"M","curso":"Primero A","fechainscripcion":"2021-02-25","fechanacimiento":"2015-07-05","nombretutor":"Elena","apellidotutor":"G\\u00f3mez","nombreconductor":"Walter","apellidoconductor":"Perez","telefonoconductor":"71550490","placa":"2589WQZ","created_at":"2024-06-06 12:07:04","codigoestudiante":"cc57f1"},{"id":"33","imagenestudiante":"ni\\u00f1o5.png","nombre":"Milton","apellido":"Meneces","ci":"726854354","telefono":"76658965","edad":"14","genero":"M","curso":"SegundoA","fechainscripcion":"2020-03-23","fechanacimiento":"2010-05-06","nombretutor":"Roberto","apellidotutor":"D\\u00edaz","nombreconductor":"David","apellidoconductor":"Mamani","telefonoconductor":"74549834","placa":"965PQC","created_at":"2024-06-06 12:09:57","codigoestudiante":"40a632"},{"id":"34","imagenestudiante":"ni\\u00f1o6.png","nombre":"Mariana","apellido":"Torrez Flores","ci":"8843543","telefono":"65956294","edad":"10","genero":"F","curso":"Primero B","fechainscripcion":"2019-02-03","fechanacimiento":"2014-07-03","nombretutor":"Laura","apellidotutor":"Mendoza","nombreconductor":"Walter","apellidoconductor":"Perez","telefonoconductor":"71550490","placa":"2589WQZ","created_at":"2024-06-06 12:14:25","codigoestudiante":"697a1f"},{"id":"35","imagenestudiante":"ninguno_3.png","nombre":"Marlene ","apellido":"Suarez","ci":"68352626","telefono":"78981845","edad":"12","genero":"F","curso":"Tercero B","fechainscripcion":"2018-02-05","fechanacimiento":"2012-12-31","nombretutor":"Andr\\u00e9s","apellidotutor":"Ortiz","nombreconductor":"Walter","apellidoconductor":"Perez","telefonoconductor":"71550490","placa":"2589WQZ","created_at":"2024-06-06 12:17:08","codigoestudiante":"232261"},{"id":"36","imagenestudiante":"ninguno_4.png","nombre":"Carlos","apellido":"Mamani Mendez","ci":"86843365","telefono":"784842556","edad":"10","genero":"M","curso":"Primero B","fechainscripcion":"2019-02-04","fechanacimiento":"2014-06-02","nombretutor":"Andr\\u00e9s","apellidotutor":"Ortiz","nombreconductor":"Pedro","apellidoconductor":"Alvarez","telefonoconductor":"75684384","placa":"4357XLA","created_at":"2024-06-06 12:20:30","codigoestudiante":"c20068"},{"id":"42","imagenestudiante":"ni\\u00f1o10.png","nombre":"Yeferson","apellido":"Rojas","ci":"8453548","telefono":"68435435","edad":"14","genero":"M","curso":"TerceroB","fechainscripcion":"2020-03-29","fechanacimiento":"2010-06-20","nombretutor":"Andr\\u00e9s","apellidotutor":"Ortiz","nombreconductor":"Pedro","apellidoconductor":"Alvarez","telefonoconductor":"75684384","placa":"4357XLA","created_at":"2024-06-06 12:38:59","codigoestudiante":"3435ad"},{"id":"37","imagenestudiante":"ni\\u00f1o8.png","nombre":"Mario","apellido":"Fuentes","ci":"76584353","telefono":"68435168","edad":"10","genero":"M","curso":"Primero B","fechainscripcion":"2019-03-04","fechanacimiento":"2013-07-02","nombretutor":"Isabel","apellidotutor":"Ram\\u00edrez","nombreconductor":"Cesar","apellidoconductor":"Villarroel","telefonoconductor":"6205123","placa":"6843WQP","created_at":"2024-06-06 12:23:01","codigoestudiante":"95aaab"},{"id":"38","imagenestudiante":"ninguno_5.png","nombre":"Maria","apellido":"Flores","ci":"76843533","telefono":"73548485","edad":"12","genero":"F","curso":"Tercero B","fechainscripcion":"2017-02-28","fechanacimiento":"2012-02-06","nombretutor":"Isabel","apellidotutor":"Ram\\u00edrez","nombreconductor":"Walter","apellidoconductor":"Perez","telefonoconductor":"71550490","placa":"2589WQZ","created_at":"2024-06-06 12:25:41","codigoestudiante":"c2d5d6"},{"id":"39","imagenestudiante":"ninguno_6.png","nombre":"Jorge","apellido":"Flores Mamani","ci":"76584335","telefono":"75848475","edad":"13","genero":"M","curso":"SegundoA","fechainscripcion":"2020-03-05","fechanacimiento":"2011-07-27","nombretutor":"David","apellidotutor":"Flores","nombreconductor":"Pedro","apellidoconductor":"Alvarez","telefonoconductor":"75684384","placa":"4357XLA","created_at":"2024-06-06 12:28:51","codigoestudiante":"8a6ba7"},{"id":"40","imagenestudiante":"ni\\u00f1o9.png","nombre":"Matias","apellido":"Teran","ci":"8435133","telefono":"68541688","edad":"10","genero":"M","curso":"Primero A","fechainscripcion":"2019-02-03","fechanacimiento":"2014-05-05","nombretutor":"Sara","apellidotutor":"Rojas","nombreconductor":"Cesar","apellidoconductor":"Villarroel","telefonoconductor":"6205123","placa":"6843WQP","created_at":"2024-06-06 12:32:03","codigoestudiante":"8e5638"},{"id":"41","imagenestudiante":"ninguno_7.png","nombre":"Nicolar","apellido":"Marin","ci":"5781354","telefono":"75845236","edad":"12","genero":"M","curso":"Tercero A","fechainscripcion":"2018-02-05","fechanacimiento":"2018-12-05","nombretutor":"Antonio","apellidotutor":"Guti\\u00e9rrez","nombreconductor":"Cesar","apellidoconductor":"Villarroel","telefonoconductor":"6205123","placa":"6843WQP","created_at":"2024-06-06 12:35:08","codigoestudiante":"cb8e2b"},{"id":"27","imagenestudiante":"ni\\u00f1o2.png","nombre":"Andres","apellido":"Mendoza","ci":"9886682","telefono":"78886682","edad":"10","genero":"M","curso":"Primero A","fechainscripcion":"2019-02-01","fechanacimiento":"2014-05-03","nombretutor":"Adriana","apellidotutor":"Castillo","nombreconductor":"Pedro","apellidoconductor":"Alvarez","telefonoconductor":"75684384","placa":"4357XLA","created_at":"2024-06-06 11:39:36","codigoestudiante":"f3541e"},{"id":"26","imagenestudiante":"ni\\u00f1o1.png","nombre":"Adela","apellido":"Mamani","ci":"1896566","telefono":"74833349","edad":"10","genero":"F","curso":"Primero A","fechainscripcion":"2020-02-04","fechanacimiento":"2014-03-28","nombretutor":"Adriana","apellidotutor":"Castillo","nombreconductor":"Marin","apellidoconductor":"Sanchez","telefonoconductor":"7658464","placa":"4548LZY","created_at":"2024-06-06 11:33:16","codigoestudiante":"8ab8c0"}]', [...])
 3 SYSTEMPATH\CodeIgniter.php(941): App\Controllers\GestionUsuarioController->DatosEstudienteView()
 4 SYSTEMPATH\CodeIgniter.php(502): CodeIgniter\CodeIgniter->runController(Object(App\Controllers\GestionUsuarioController))
 5 SYSTEMPATH\CodeIgniter.php(361): CodeIgniter\CodeIgniter->handleRequest(null, Object(Config\Cache), false)
 6 FCPATH\index.php(79): CodeIgniter\CodeIgniter->run()
 7 SYSTEMPATH\Commands\Server\rewrite.php(47): require_once('C:\\laragon\\www\\geotranck-dev\\public\\index.php')
INFO - 2024-06-27 23:43:51 --> Session: Class initialized using 'CodeIgniter\Session\Handlers\FileHandler' driver.
INFO - 2024-06-27 23:44:10 --> Session: Class initialized using 'CodeIgniter\Session\Handlers\FileHandler' driver.
WARNING - 2024-06-27 23:44:10 --> [DEPRECATED] usort(): Returning bool from comparison function is deprecated, return an integer less than, equal to, or greater than zero in APPPATH\Controllers\GestionUsuarioController.php on line 806.
 1 APPPATH\Controllers\GestionUsuarioController.php(806): usort([...], Object(Closure))
 2 APPPATH\Controllers\GestionUsuarioController.php(398): App\Controllers\GestionUsuarioController->datatables('[{"id":"28","imagenestudiante":"ni\\u00f1o3.png","nombre":"Erwin","apellido":"Flores","ci":"3298616","telefono":"61498616","edad":"6","genero":"M","curso":"Kinder A","fechainscripcion":"2024-02-09","fechanacimiento":"2018-09-17","nombretutor":"Carlos","apellidotutor":"L\\u00f3pez","nombreconductor":"Walter","apellidoconductor":"Perez","telefonoconductor":"71550490","placa":"2589WQZ","created_at":"2024-06-06 11:43:35","codigoestudiante":"e3a33b"},{"id":"29","imagenestudiante":"ni\\u00f1o4.png","nombre":"Mariana","apellido":"Mendez","ci":"75489335","telefono":"78818389","edad":"11","genero":"F","curso":"Primero B","fechainscripcion":"2020-04-27","fechanacimiento":"2013-04-05","nombretutor":"Carlos","apellidotutor":"L\\u00f3pez","nombreconductor":"Walter","apellidoconductor":"Perez","telefonoconductor":"71550490","placa":"2589WQZ","created_at":"2024-06-06 11:50:04","codigoestudiante":"9ff2c3"},{"id":"30","imagenestudiante":"ninguno.png","nombre":"Marcos","apellido":"Mendizaval","ci":"58716846","telefono":"7818662","edad":"11","genero":"M","curso":"Primero C","fechainscripcion":"2018-03-26","fechanacimiento":"2013-06-05","nombretutor":"Luis","apellidotutor":"Hern\\u00e1ndez","nombreconductor":"Cesar","apellidoconductor":"Villarroel","telefonoconductor":"6205123","placa":"6843WQP","created_at":"2024-06-06 12:00:57","codigoestudiante":"fa321c"},{"id":"31","imagenestudiante":"ninguno_1.png","nombre":"Marcos ","apellido":"Melgar","ci":"78652953","telefono":"68528452","edad":"11","genero":"M","curso":"TerceroA","fechainscripcion":"2018-02-03","fechanacimiento":"2013-05-06","nombretutor":"Luis","apellidotutor":"Hern\\u00e1ndez","nombreconductor":"Cesar","apellidoconductor":"Villarroel","telefonoconductor":"6205123","placa":"6843WQP","created_at":"2024-06-06 12:04:21","codigoestudiante":"68f003"},{"id":"32","imagenestudiante":"ninguno_2.png","nombre":"Marcos","apellido":"Teran","ci":"659655333","telefono":"784895213","edad":"9","genero":"M","curso":"Primero A","fechainscripcion":"2021-02-25","fechanacimiento":"2015-07-05","nombretutor":"Elena","apellidotutor":"G\\u00f3mez","nombreconductor":"Walter","apellidoconductor":"Perez","telefonoconductor":"71550490","placa":"2589WQZ","created_at":"2024-06-06 12:07:04","codigoestudiante":"cc57f1"},{"id":"33","imagenestudiante":"ni\\u00f1o5.png","nombre":"Milton","apellido":"Meneces","ci":"726854354","telefono":"76658965","edad":"14","genero":"M","curso":"SegundoA","fechainscripcion":"2020-03-23","fechanacimiento":"2010-05-06","nombretutor":"Roberto","apellidotutor":"D\\u00edaz","nombreconductor":"David","apellidoconductor":"Mamani","telefonoconductor":"74549834","placa":"965PQC","created_at":"2024-06-06 12:09:57","codigoestudiante":"40a632"},{"id":"34","imagenestudiante":"ni\\u00f1o6.png","nombre":"Mariana","apellido":"Torrez Flores","ci":"8843543","telefono":"65956294","edad":"10","genero":"F","curso":"Primero B","fechainscripcion":"2019-02-03","fechanacimiento":"2014-07-03","nombretutor":"Laura","apellidotutor":"Mendoza","nombreconductor":"Walter","apellidoconductor":"Perez","telefonoconductor":"71550490","placa":"2589WQZ","created_at":"2024-06-06 12:14:25","codigoestudiante":"697a1f"},{"id":"35","imagenestudiante":"ninguno_3.png","nombre":"Marlene ","apellido":"Suarez","ci":"68352626","telefono":"78981845","edad":"12","genero":"F","curso":"Tercero B","fechainscripcion":"2018-02-05","fechanacimiento":"2012-12-31","nombretutor":"Andr\\u00e9s","apellidotutor":"Ortiz","nombreconductor":"Walter","apellidoconductor":"Perez","telefonoconductor":"71550490","placa":"2589WQZ","created_at":"2024-06-06 12:17:08","codigoestudiante":"232261"},{"id":"36","imagenestudiante":"ninguno_4.png","nombre":"Carlos","apellido":"Mamani Mendez","ci":"86843365","telefono":"784842556","edad":"10","genero":"M","curso":"Primero B","fechainscripcion":"2019-02-04","fechanacimiento":"2014-06-02","nombretutor":"Andr\\u00e9s","apellidotutor":"Ortiz","nombreconductor":"Pedro","apellidoconductor":"Alvarez","telefonoconductor":"75684384","placa":"4357XLA","created_at":"2024-06-06 12:20:30","codigoestudiante":"c20068"},{"id":"42","imagenestudiante":"ni\\u00f1o10.png","nombre":"Yeferson","apellido":"Rojas","ci":"8453548","telefono":"68435435","edad":"14","genero":"M","curso":"TerceroB","fechainscripcion":"2020-03-29","fechanacimiento":"2010-06-20","nombretutor":"Andr\\u00e9s","apellidotutor":"Ortiz","nombreconductor":"Pedro","apellidoconductor":"Alvarez","telefonoconductor":"75684384","placa":"4357XLA","created_at":"2024-06-06 12:38:59","codigoestudiante":"3435ad"},{"id":"37","imagenestudiante":"ni\\u00f1o8.png","nombre":"Mario","apellido":"Fuentes","ci":"76584353","telefono":"68435168","edad":"10","genero":"M","curso":"Primero B","fechainscripcion":"2019-03-04","fechanacimiento":"2013-07-02","nombretutor":"Isabel","apellidotutor":"Ram\\u00edrez","nombreconductor":"Cesar","apellidoconductor":"Villarroel","telefonoconductor":"6205123","placa":"6843WQP","created_at":"2024-06-06 12:23:01","codigoestudiante":"95aaab"},{"id":"38","imagenestudiante":"ninguno_5.png","nombre":"Maria","apellido":"Flores","ci":"76843533","telefono":"73548485","edad":"12","genero":"F","curso":"Tercero B","fechainscripcion":"2017-02-28","fechanacimiento":"2012-02-06","nombretutor":"Isabel","apellidotutor":"Ram\\u00edrez","nombreconductor":"Walter","apellidoconductor":"Perez","telefonoconductor":"71550490","placa":"2589WQZ","created_at":"2024-06-06 12:25:41","codigoestudiante":"c2d5d6"},{"id":"39","imagenestudiante":"ninguno_6.png","nombre":"Jorge","apellido":"Flores Mamani","ci":"76584335","telefono":"75848475","edad":"13","genero":"M","curso":"SegundoA","fechainscripcion":"2020-03-05","fechanacimiento":"2011-07-27","nombretutor":"David","apellidotutor":"Flores","nombreconductor":"Pedro","apellidoconductor":"Alvarez","telefonoconductor":"75684384","placa":"4357XLA","created_at":"2024-06-06 12:28:51","codigoestudiante":"8a6ba7"},{"id":"40","imagenestudiante":"ni\\u00f1o9.png","nombre":"Matias","apellido":"Teran","ci":"8435133","telefono":"68541688","edad":"10","genero":"M","curso":"Primero A","fechainscripcion":"2019-02-03","fechanacimiento":"2014-05-05","nombretutor":"Sara","apellidotutor":"Rojas","nombreconductor":"Cesar","apellidoconductor":"Villarroel","telefonoconductor":"6205123","placa":"6843WQP","created_at":"2024-06-06 12:32:03","codigoestudiante":"8e5638"},{"id":"41","imagenestudiante":"ninguno_7.png","nombre":"Nicolar","apellido":"Marin","ci":"5781354","telefono":"75845236","edad":"12","genero":"M","curso":"Tercero A","fechainscripcion":"2018-02-05","fechanacimiento":"2018-12-05","nombretutor":"Antonio","apellidotutor":"Guti\\u00e9rrez","nombreconductor":"Cesar","apellidoconductor":"Villarroel","telefonoconductor":"6205123","placa":"6843WQP","created_at":"2024-06-06 12:35:08","codigoestudiante":"cb8e2b"},{"id":"27","imagenestudiante":"ni\\u00f1o2.png","nombre":"Andres","apellido":"Mendoza","ci":"9886682","telefono":"78886682","edad":"10","genero":"M","curso":"Primero A","fechainscripcion":"2019-02-01","fechanacimiento":"2014-05-03","nombretutor":"Adriana","apellidotutor":"Castillo","nombreconductor":"Pedro","apellidoconductor":"Alvarez","telefonoconductor":"75684384","placa":"4357XLA","created_at":"2024-06-06 11:39:36","codigoestudiante":"f3541e"},{"id":"26","imagenestudiante":"ni\\u00f1o1.png","nombre":"Adela","apellido":"Mamani","ci":"1896566","telefono":"74833349","edad":"10","genero":"F","curso":"Primero A","fechainscripcion":"2020-02-04","fechanacimiento":"2014-03-28","nombretutor":"Adriana","apellidotutor":"Castillo","nombreconductor":"Marin","apellidoconductor":"Sanchez","telefonoconductor":"7658464","placa":"4548LZY","created_at":"2024-06-06 11:33:16","codigoestudiante":"8ab8c0"}]', [...])
 3 SYSTEMPATH\CodeIgniter.php(941): App\Controllers\GestionUsuarioController->DatosEstudienteView()
 4 SYSTEMPATH\CodeIgniter.php(502): CodeIgniter\CodeIgniter->runController(Object(App\Controllers\GestionUsuarioController))
 5 SYSTEMPATH\CodeIgniter.php(361): CodeIgniter\CodeIgniter->handleRequest(null, Object(Config\Cache), false)
 6 FCPATH\index.php(79): CodeIgniter\CodeIgniter->run()
 7 SYSTEMPATH\Commands\Server\rewrite.php(47): require_once('C:\\laragon\\www\\geotranck-dev\\public\\index.php')
INFO - 2024-06-27 23:44:35 --> Session: Class initialized using 'CodeIgniter\Session\Handlers\FileHandler' driver.
INFO - 2024-06-27 23:44:36 --> Session: Class initialized using 'CodeIgniter\Session\Handlers\FileHandler' driver.
INFO - 2024-06-27 23:44:36 --> Session: Class initialized using 'CodeIgniter\Session\Handlers\FileHandler' driver.
INFO - 2024-06-27 23:44:37 --> Session: Class initialized using 'CodeIgniter\Session\Handlers\FileHandler' driver.
INFO - 2024-06-27 23:44:49 --> Session: Class initialized using 'CodeIgniter\Session\Handlers\FileHandler' driver.
INFO - 2024-06-27 23:45:10 --> Session: Class initialized using 'CodeIgniter\Session\Handlers\FileHandler' driver.
INFO - 2024-06-27 23:47:05 --> Session: Class initialized using 'CodeIgniter\Session\Handlers\FileHandler' driver.
INFO - 2024-06-27 23:47:16 --> Session: Class initialized using 'CodeIgniter\Session\Handlers\FileHandler' driver.
INFO - 2024-06-27 23:47:33 --> Session: Class initialized using 'CodeIgniter\Session\Handlers\FileHandler' driver.
INFO - 2024-06-27 23:48:21 --> Session: Class initialized using 'CodeIgniter\Session\Handlers\FileHandler' driver.
ERROR - 2024-06-27 23:48:21 --> ErrorException: pg_query(): Query failed: ERROR:  error de sintaxis en o cerca de «and»
LINE 6:                     where a.id= and  DATE(r.created_at) BETW...
                                        ^ in C:\laragon\www\geotranck-dev\vendor\codeigniter4\framework\system\Database\Postgre\Connection.php:187
Stack trace:
#0 [internal function]: CodeIgniter\Debug\Exceptions->errorHandler(2, 'pg_query(): Que...', 'C:\\laragon\\www\\...', 187)
#1 C:\laragon\www\geotranck-dev\vendor\codeigniter4\framework\system\Database\Postgre\Connection.php(187): pg_query(Object(PgSql\Connection), 'select a.imagen...')
#2 C:\laragon\www\geotranck-dev\vendor\codeigniter4\framework\system\Database\BaseConnection.php(693): CodeIgniter\Database\Postgre\Connection->execute('select a.imagen...')
#3 C:\laragon\www\geotranck-dev\vendor\codeigniter4\framework\system\Database\BaseConnection.php(607): CodeIgniter\Database\BaseConnection->simpleQuery('select a.imagen...')
#4 C:\laragon\www\geotranck-dev\app\Models\GestionDatosReportesModel.php(31): CodeIgniter\Database\BaseConnection->query('select a.imagen...')
#5 C:\laragon\www\geotranck-dev\app\Controllers\ReportesControler.php(22): App\Models\GestionDatosReportesModel->repoPuntoParaMovilidades(NULL, NULL, NULL)
#6 C:\laragon\www\geotranck-dev\vendor\codeigniter4\framework\system\CodeIgniter.php(941): App\Controllers\ReportesControler->from01()
#7 C:\laragon\www\geotranck-dev\vendor\codeigniter4\framework\system\CodeIgniter.php(502): CodeIgniter\CodeIgniter->runController(Object(App\Controllers\ReportesControler))
#8 C:\laragon\www\geotranck-dev\vendor\codeigniter4\framework\system\CodeIgniter.php(361): CodeIgniter\CodeIgniter->handleRequest(NULL, Object(Config\Cache), false)
#9 C:\laragon\www\geotranck-dev\public\index.php(79): CodeIgniter\CodeIgniter->run()
#10 C:\laragon\www\geotranck-dev\vendor\codeigniter4\framework\system\Commands\Server\rewrite.php(47): require_once('C:\\laragon\\www\\...')
#11 {main}
CRITICAL - 2024-06-27 23:48:21 --> CodeIgniter\Database\Exceptions\DatabaseException: pg_query(): Query failed: ERROR:  error de sintaxis en o cerca de «and»
LINE 6:                     where a.id= and  DATE(r.created_at) BETW...
                                        ^
in SYSTEMPATH\Database\BaseConnection.php on line 647.
 1 APPPATH\Models\GestionDatosReportesModel.php(31): CodeIgniter\Database\BaseConnection->query('select a.imagenautomovil,a.imagenconductor,a.marca, a.modelo,a.color,a.placa,c.nombre as nombreconductor,c.apellido as apellidoconductor,c.telefono as telefonoconductor,c.direccion as direccionconductor,r.estadoruta, r.nombre_estudiante,r.apellido_estudiante,ST_X(r.ubicacion) AS longitud, ST_Y(r.ubicacion) AS latitud 
                  ,DATE(r.created_at)  from rutaestudiante r 
                    join perfilsistema pe on r.perfil_id = pe.id
                    join conductor c on pe.usuarioconductor_id=c.id 
                    join automovil a on a.conductorid=c.id 
                    where a.id= and  DATE(r.created_at) BETWEEN \'\' AND \'\'
                ')
 2 APPPATH\Controllers\ReportesControler.php(22): App\Models\GestionDatosReportesModel->repoPuntoParaMovilidades(null, null, null)
 3 SYSTEMPATH\CodeIgniter.php(941): App\Controllers\ReportesControler->from01()
 4 SYSTEMPATH\CodeIgniter.php(502): CodeIgniter\CodeIgniter->runController(Object(App\Controllers\ReportesControler))
 5 SYSTEMPATH\CodeIgniter.php(361): CodeIgniter\CodeIgniter->handleRequest(null, Object(Config\Cache), false)
 6 FCPATH\index.php(79): CodeIgniter\CodeIgniter->run()
 7 SYSTEMPATH\Commands\Server\rewrite.php(47): require_once('C:\\laragon\\www\\geotranck-dev\\public\\index.php')
CRITICAL - 2024-06-27 23:48:21 --> [Caused by] CodeIgniter\Database\Exceptions\DatabaseException: pg_query(): Query failed: ERROR:  error de sintaxis en o cerca de «and»
LINE 6:                     where a.id= and  DATE(r.created_at) BETW...
                                        ^
in SYSTEMPATH\Database\Postgre\Connection.php on line 192.
 1 SYSTEMPATH\Database\BaseConnection.php(693): CodeIgniter\Database\Postgre\Connection->execute('select a.imagenautomovil,a.imagenconductor,a.marca, a.modelo,a.color,a.placa,c.nombre as nombreconductor,c.apellido as apellidoconductor,c.telefono as telefonoconductor,c.direccion as direccionconductor,r.estadoruta, r.nombre_estudiante,r.apellido_estudiante,ST_X(r.ubicacion) AS longitud, ST_Y(r.ubicacion) AS latitud 
                  ,DATE(r.created_at)  from rutaestudiante r 
                    join perfilsistema pe on r.perfil_id = pe.id
                    join conductor c on pe.usuarioconductor_id=c.id 
                    join automovil a on a.conductorid=c.id 
                    where a.id= and  DATE(r.created_at) BETWEEN \'\' AND \'\'
                ')
 2 SYSTEMPATH\Database\BaseConnection.php(607): CodeIgniter\Database\BaseConnection->simpleQuery('select a.imagenautomovil,a.imagenconductor,a.marca, a.modelo,a.color,a.placa,c.nombre as nombreconductor,c.apellido as apellidoconductor,c.telefono as telefonoconductor,c.direccion as direccionconductor,r.estadoruta, r.nombre_estudiante,r.apellido_estudiante,ST_X(r.ubicacion) AS longitud, ST_Y(r.ubicacion) AS latitud 
                  ,DATE(r.created_at)  from rutaestudiante r 
                    join perfilsistema pe on r.perfil_id = pe.id
                    join conductor c on pe.usuarioconductor_id=c.id 
                    join automovil a on a.conductorid=c.id 
                    where a.id= and  DATE(r.created_at) BETWEEN \'\' AND \'\'
                ')
 3 APPPATH\Models\GestionDatosReportesModel.php(31): CodeIgniter\Database\BaseConnection->query('select a.imagenautomovil,a.imagenconductor,a.marca, a.modelo,a.color,a.placa,c.nombre as nombreconductor,c.apellido as apellidoconductor,c.telefono as telefonoconductor,c.direccion as direccionconductor,r.estadoruta, r.nombre_estudiante,r.apellido_estudiante,ST_X(r.ubicacion) AS longitud, ST_Y(r.ubicacion) AS latitud 
                  ,DATE(r.created_at)  from rutaestudiante r 
                    join perfilsistema pe on r.perfil_id = pe.id
                    join conductor c on pe.usuarioconductor_id=c.id 
                    join automovil a on a.conductorid=c.id 
                    where a.id= and  DATE(r.created_at) BETWEEN \'\' AND \'\'
                ')
 4 APPPATH\Controllers\ReportesControler.php(22): App\Models\GestionDatosReportesModel->repoPuntoParaMovilidades(null, null, null)
 5 SYSTEMPATH\CodeIgniter.php(941): App\Controllers\ReportesControler->from01()
 6 SYSTEMPATH\CodeIgniter.php(502): CodeIgniter\CodeIgniter->runController(Object(App\Controllers\ReportesControler))
 7 SYSTEMPATH\CodeIgniter.php(361): CodeIgniter\CodeIgniter->handleRequest(null, Object(Config\Cache), false)
 8 FCPATH\index.php(79): CodeIgniter\CodeIgniter->run()
 9 SYSTEMPATH\Commands\Server\rewrite.php(47): require_once('C:\\laragon\\www\\geotranck-dev\\public\\index.php')
CRITICAL - 2024-06-27 23:48:21 --> [Caused by] ErrorException: pg_query(): Query failed: ERROR:  error de sintaxis en o cerca de «and»
LINE 6:                     where a.id= and  DATE(r.created_at) BETW...
                                        ^
in SYSTEMPATH\Database\Postgre\Connection.php on line 187.
 1 [internal function]: CodeIgniter\Debug\Exceptions->errorHandler(2, 'pg_query(): Query failed: ERROR:  error de sintaxis en o cerca de «and»
LINE 6:                     where a.id= and  DATE(r.created_at) BETW...
                                        ^', 'C:\\laragon\\www\\geotranck-dev\\vendor\\codeigniter4\\framework\\system\\Database\\Postgre\\Connection.php', 187)
 2 SYSTEMPATH\Database\Postgre\Connection.php(187): pg_query(Object(PgSql\Connection), 'select a.imagenautomovil,a.imagenconductor,a.marca, a.modelo,a.color,a.placa,c.nombre as nombreconductor,c.apellido as apellidoconductor,c.telefono as telefonoconductor,c.direccion as direccionconductor,r.estadoruta, r.nombre_estudiante,r.apellido_estudiante,ST_X(r.ubicacion) AS longitud, ST_Y(r.ubicacion) AS latitud 
                  ,DATE(r.created_at)  from rutaestudiante r 
                    join perfilsistema pe on r.perfil_id = pe.id
                    join conductor c on pe.usuarioconductor_id=c.id 
                    join automovil a on a.conductorid=c.id 
                    where a.id= and  DATE(r.created_at) BETWEEN \'\' AND \'\'
                ')
 3 SYSTEMPATH\Database\BaseConnection.php(693): CodeIgniter\Database\Postgre\Connection->execute('select a.imagenautomovil,a.imagenconductor,a.marca, a.modelo,a.color,a.placa,c.nombre as nombreconductor,c.apellido as apellidoconductor,c.telefono as telefonoconductor,c.direccion as direccionconductor,r.estadoruta, r.nombre_estudiante,r.apellido_estudiante,ST_X(r.ubicacion) AS longitud, ST_Y(r.ubicacion) AS latitud 
                  ,DATE(r.created_at)  from rutaestudiante r 
                    join perfilsistema pe on r.perfil_id = pe.id
                    join conductor c on pe.usuarioconductor_id=c.id 
                    join automovil a on a.conductorid=c.id 
                    where a.id= and  DATE(r.created_at) BETWEEN \'\' AND \'\'
                ')
 4 SYSTEMPATH\Database\BaseConnection.php(607): CodeIgniter\Database\BaseConnection->simpleQuery('select a.imagenautomovil,a.imagenconductor,a.marca, a.modelo,a.color,a.placa,c.nombre as nombreconductor,c.apellido as apellidoconductor,c.telefono as telefonoconductor,c.direccion as direccionconductor,r.estadoruta, r.nombre_estudiante,r.apellido_estudiante,ST_X(r.ubicacion) AS longitud, ST_Y(r.ubicacion) AS latitud 
                  ,DATE(r.created_at)  from rutaestudiante r 
                    join perfilsistema pe on r.perfil_id = pe.id
                    join conductor c on pe.usuarioconductor_id=c.id 
                    join automovil a on a.conductorid=c.id 
                    where a.id= and  DATE(r.created_at) BETWEEN \'\' AND \'\'
                ')
 5 APPPATH\Models\GestionDatosReportesModel.php(31): CodeIgniter\Database\BaseConnection->query('select a.imagenautomovil,a.imagenconductor,a.marca, a.modelo,a.color,a.placa,c.nombre as nombreconductor,c.apellido as apellidoconductor,c.telefono as telefonoconductor,c.direccion as direccionconductor,r.estadoruta, r.nombre_estudiante,r.apellido_estudiante,ST_X(r.ubicacion) AS longitud, ST_Y(r.ubicacion) AS latitud 
                  ,DATE(r.created_at)  from rutaestudiante r 
                    join perfilsistema pe on r.perfil_id = pe.id
                    join conductor c on pe.usuarioconductor_id=c.id 
                    join automovil a on a.conductorid=c.id 
                    where a.id= and  DATE(r.created_at) BETWEEN \'\' AND \'\'
                ')
 6 APPPATH\Controllers\ReportesControler.php(22): App\Models\GestionDatosReportesModel->repoPuntoParaMovilidades(null, null, null)
 7 SYSTEMPATH\CodeIgniter.php(941): App\Controllers\ReportesControler->from01()
 8 SYSTEMPATH\CodeIgniter.php(502): CodeIgniter\CodeIgniter->runController(Object(App\Controllers\ReportesControler))
 9 SYSTEMPATH\CodeIgniter.php(361): CodeIgniter\CodeIgniter->handleRequest(null, Object(Config\Cache), false)
10 FCPATH\index.php(79): CodeIgniter\CodeIgniter->run()
11 SYSTEMPATH\Commands\Server\rewrite.php(47): require_once('C:\\laragon\\www\\geotranck-dev\\public\\index.php')
INFO - 2024-06-27 23:49:08 --> Session: Class initialized using 'CodeIgniter\Session\Handlers\FileHandler' driver.
ERROR - 2024-06-27 23:49:08 --> ErrorException: pg_query(): Query failed: ERROR:  error de sintaxis en o cerca de «and»
LINE 6:                     where a.id= and  DATE(r.created_at) BETW...
                                        ^ in C:\laragon\www\geotranck-dev\vendor\codeigniter4\framework\system\Database\Postgre\Connection.php:187
Stack trace:
#0 [internal function]: CodeIgniter\Debug\Exceptions->errorHandler(2, 'pg_query(): Que...', 'C:\\laragon\\www\\...', 187)
#1 C:\laragon\www\geotranck-dev\vendor\codeigniter4\framework\system\Database\Postgre\Connection.php(187): pg_query(Object(PgSql\Connection), 'select a.imagen...')
#2 C:\laragon\www\geotranck-dev\vendor\codeigniter4\framework\system\Database\BaseConnection.php(693): CodeIgniter\Database\Postgre\Connection->execute('select a.imagen...')
#3 C:\laragon\www\geotranck-dev\vendor\codeigniter4\framework\system\Database\BaseConnection.php(607): CodeIgniter\Database\BaseConnection->simpleQuery('select a.imagen...')
#4 C:\laragon\www\geotranck-dev\app\Models\GestionDatosReportesModel.php(31): CodeIgniter\Database\BaseConnection->query('select a.imagen...')
#5 C:\laragon\www\geotranck-dev\app\Controllers\ReportesControler.php(22): App\Models\GestionDatosReportesModel->repoPuntoParaMovilidades(NULL, NULL, NULL)
#6 C:\laragon\www\geotranck-dev\vendor\codeigniter4\framework\system\CodeIgniter.php(941): App\Controllers\ReportesControler->from01()
#7 C:\laragon\www\geotranck-dev\vendor\codeigniter4\framework\system\CodeIgniter.php(502): CodeIgniter\CodeIgniter->runController(Object(App\Controllers\ReportesControler))
#8 C:\laragon\www\geotranck-dev\vendor\codeigniter4\framework\system\CodeIgniter.php(361): CodeIgniter\CodeIgniter->handleRequest(NULL, Object(Config\Cache), false)
#9 C:\laragon\www\geotranck-dev\public\index.php(79): CodeIgniter\CodeIgniter->run()
#10 C:\laragon\www\geotranck-dev\vendor\codeigniter4\framework\system\Commands\Server\rewrite.php(47): require_once('C:\\laragon\\www\\...')
#11 {main}
CRITICAL - 2024-06-27 23:49:08 --> CodeIgniter\Database\Exceptions\DatabaseException: pg_query(): Query failed: ERROR:  error de sintaxis en o cerca de «and»
LINE 6:                     where a.id= and  DATE(r.created_at) BETW...
                                        ^
in SYSTEMPATH\Database\BaseConnection.php on line 647.
 1 APPPATH\Models\GestionDatosReportesModel.php(31): CodeIgniter\Database\BaseConnection->query('select a.imagenautomovil,a.imagenconductor,a.marca, a.modelo,a.color,a.placa,c.nombre as nombreconductor,c.apellido as apellidoconductor,c.telefono as telefonoconductor,c.direccion as direccionconductor,r.estadoruta, r.nombre_estudiante,r.apellido_estudiante,ST_X(r.ubicacion) AS longitud, ST_Y(r.ubicacion) AS latitud 
                  ,DATE(r.created_at)  from rutaestudiante r 
                    join perfilsistema pe on r.perfil_id = pe.id
                    join conductor c on pe.usuarioconductor_id=c.id 
                    join automovil a on a.conductorid=c.id 
                    where a.id= and  DATE(r.created_at) BETWEEN \'\' AND \'\'
                ')
 2 APPPATH\Controllers\ReportesControler.php(22): App\Models\GestionDatosReportesModel->repoPuntoParaMovilidades(null, null, null)
 3 SYSTEMPATH\CodeIgniter.php(941): App\Controllers\ReportesControler->from01()
 4 SYSTEMPATH\CodeIgniter.php(502): CodeIgniter\CodeIgniter->runController(Object(App\Controllers\ReportesControler))
 5 SYSTEMPATH\CodeIgniter.php(361): CodeIgniter\CodeIgniter->handleRequest(null, Object(Config\Cache), false)
 6 FCPATH\index.php(79): CodeIgniter\CodeIgniter->run()
 7 SYSTEMPATH\Commands\Server\rewrite.php(47): require_once('C:\\laragon\\www\\geotranck-dev\\public\\index.php')
CRITICAL - 2024-06-27 23:49:08 --> [Caused by] CodeIgniter\Database\Exceptions\DatabaseException: pg_query(): Query failed: ERROR:  error de sintaxis en o cerca de «and»
LINE 6:                     where a.id= and  DATE(r.created_at) BETW...
                                        ^
in SYSTEMPATH\Database\Postgre\Connection.php on line 192.
 1 SYSTEMPATH\Database\BaseConnection.php(693): CodeIgniter\Database\Postgre\Connection->execute('select a.imagenautomovil,a.imagenconductor,a.marca, a.modelo,a.color,a.placa,c.nombre as nombreconductor,c.apellido as apellidoconductor,c.telefono as telefonoconductor,c.direccion as direccionconductor,r.estadoruta, r.nombre_estudiante,r.apellido_estudiante,ST_X(r.ubicacion) AS longitud, ST_Y(r.ubicacion) AS latitud 
                  ,DATE(r.created_at)  from rutaestudiante r 
                    join perfilsistema pe on r.perfil_id = pe.id
                    join conductor c on pe.usuarioconductor_id=c.id 
                    join automovil a on a.conductorid=c.id 
                    where a.id= and  DATE(r.created_at) BETWEEN \'\' AND \'\'
                ')
 2 SYSTEMPATH\Database\BaseConnection.php(607): CodeIgniter\Database\BaseConnection->simpleQuery('select a.imagenautomovil,a.imagenconductor,a.marca, a.modelo,a.color,a.placa,c.nombre as nombreconductor,c.apellido as apellidoconductor,c.telefono as telefonoconductor,c.direccion as direccionconductor,r.estadoruta, r.nombre_estudiante,r.apellido_estudiante,ST_X(r.ubicacion) AS longitud, ST_Y(r.ubicacion) AS latitud 
                  ,DATE(r.created_at)  from rutaestudiante r 
                    join perfilsistema pe on r.perfil_id = pe.id
                    join conductor c on pe.usuarioconductor_id=c.id 
                    join automovil a on a.conductorid=c.id 
                    where a.id= and  DATE(r.created_at) BETWEEN \'\' AND \'\'
                ')
 3 APPPATH\Models\GestionDatosReportesModel.php(31): CodeIgniter\Database\BaseConnection->query('select a.imagenautomovil,a.imagenconductor,a.marca, a.modelo,a.color,a.placa,c.nombre as nombreconductor,c.apellido as apellidoconductor,c.telefono as telefonoconductor,c.direccion as direccionconductor,r.estadoruta, r.nombre_estudiante,r.apellido_estudiante,ST_X(r.ubicacion) AS longitud, ST_Y(r.ubicacion) AS latitud 
                  ,DATE(r.created_at)  from rutaestudiante r 
                    join perfilsistema pe on r.perfil_id = pe.id
                    join conductor c on pe.usuarioconductor_id=c.id 
                    join automovil a on a.conductorid=c.id 
                    where a.id= and  DATE(r.created_at) BETWEEN \'\' AND \'\'
                ')
 4 APPPATH\Controllers\ReportesControler.php(22): App\Models\GestionDatosReportesModel->repoPuntoParaMovilidades(null, null, null)
 5 SYSTEMPATH\CodeIgniter.php(941): App\Controllers\ReportesControler->from01()
 6 SYSTEMPATH\CodeIgniter.php(502): CodeIgniter\CodeIgniter->runController(Object(App\Controllers\ReportesControler))
 7 SYSTEMPATH\CodeIgniter.php(361): CodeIgniter\CodeIgniter->handleRequest(null, Object(Config\Cache), false)
 8 FCPATH\index.php(79): CodeIgniter\CodeIgniter->run()
 9 SYSTEMPATH\Commands\Server\rewrite.php(47): require_once('C:\\laragon\\www\\geotranck-dev\\public\\index.php')
CRITICAL - 2024-06-27 23:49:08 --> [Caused by] ErrorException: pg_query(): Query failed: ERROR:  error de sintaxis en o cerca de «and»
LINE 6:                     where a.id= and  DATE(r.created_at) BETW...
                                        ^
in SYSTEMPATH\Database\Postgre\Connection.php on line 187.
 1 [internal function]: CodeIgniter\Debug\Exceptions->errorHandler(2, 'pg_query(): Query failed: ERROR:  error de sintaxis en o cerca de «and»
LINE 6:                     where a.id= and  DATE(r.created_at) BETW...
                                        ^', 'C:\\laragon\\www\\geotranck-dev\\vendor\\codeigniter4\\framework\\system\\Database\\Postgre\\Connection.php', 187)
 2 SYSTEMPATH\Database\Postgre\Connection.php(187): pg_query(Object(PgSql\Connection), 'select a.imagenautomovil,a.imagenconductor,a.marca, a.modelo,a.color,a.placa,c.nombre as nombreconductor,c.apellido as apellidoconductor,c.telefono as telefonoconductor,c.direccion as direccionconductor,r.estadoruta, r.nombre_estudiante,r.apellido_estudiante,ST_X(r.ubicacion) AS longitud, ST_Y(r.ubicacion) AS latitud 
                  ,DATE(r.created_at)  from rutaestudiante r 
                    join perfilsistema pe on r.perfil_id = pe.id
                    join conductor c on pe.usuarioconductor_id=c.id 
                    join automovil a on a.conductorid=c.id 
                    where a.id= and  DATE(r.created_at) BETWEEN \'\' AND \'\'
                ')
 3 SYSTEMPATH\Database\BaseConnection.php(693): CodeIgniter\Database\Postgre\Connection->execute('select a.imagenautomovil,a.imagenconductor,a.marca, a.modelo,a.color,a.placa,c.nombre as nombreconductor,c.apellido as apellidoconductor,c.telefono as telefonoconductor,c.direccion as direccionconductor,r.estadoruta, r.nombre_estudiante,r.apellido_estudiante,ST_X(r.ubicacion) AS longitud, ST_Y(r.ubicacion) AS latitud 
                  ,DATE(r.created_at)  from rutaestudiante r 
                    join perfilsistema pe on r.perfil_id = pe.id
                    join conductor c on pe.usuarioconductor_id=c.id 
                    join automovil a on a.conductorid=c.id 
                    where a.id= and  DATE(r.created_at) BETWEEN \'\' AND \'\'
                ')
 4 SYSTEMPATH\Database\BaseConnection.php(607): CodeIgniter\Database\BaseConnection->simpleQuery('select a.imagenautomovil,a.imagenconductor,a.marca, a.modelo,a.color,a.placa,c.nombre as nombreconductor,c.apellido as apellidoconductor,c.telefono as telefonoconductor,c.direccion as direccionconductor,r.estadoruta, r.nombre_estudiante,r.apellido_estudiante,ST_X(r.ubicacion) AS longitud, ST_Y(r.ubicacion) AS latitud 
                  ,DATE(r.created_at)  from rutaestudiante r 
                    join perfilsistema pe on r.perfil_id = pe.id
                    join conductor c on pe.usuarioconductor_id=c.id 
                    join automovil a on a.conductorid=c.id 
                    where a.id= and  DATE(r.created_at) BETWEEN \'\' AND \'\'
                ')
 5 APPPATH\Models\GestionDatosReportesModel.php(31): CodeIgniter\Database\BaseConnection->query('select a.imagenautomovil,a.imagenconductor,a.marca, a.modelo,a.color,a.placa,c.nombre as nombreconductor,c.apellido as apellidoconductor,c.telefono as telefonoconductor,c.direccion as direccionconductor,r.estadoruta, r.nombre_estudiante,r.apellido_estudiante,ST_X(r.ubicacion) AS longitud, ST_Y(r.ubicacion) AS latitud 
                  ,DATE(r.created_at)  from rutaestudiante r 
                    join perfilsistema pe on r.perfil_id = pe.id
                    join conductor c on pe.usuarioconductor_id=c.id 
                    join automovil a on a.conductorid=c.id 
                    where a.id= and  DATE(r.created_at) BETWEEN \'\' AND \'\'
                ')
 6 APPPATH\Controllers\ReportesControler.php(22): App\Models\GestionDatosReportesModel->repoPuntoParaMovilidades(null, null, null)
 7 SYSTEMPATH\CodeIgniter.php(941): App\Controllers\ReportesControler->from01()
 8 SYSTEMPATH\CodeIgniter.php(502): CodeIgniter\CodeIgniter->runController(Object(App\Controllers\ReportesControler))
 9 SYSTEMPATH\CodeIgniter.php(361): CodeIgniter\CodeIgniter->handleRequest(null, Object(Config\Cache), false)
10 FCPATH\index.php(79): CodeIgniter\CodeIgniter->run()
11 SYSTEMPATH\Commands\Server\rewrite.php(47): require_once('C:\\laragon\\www\\geotranck-dev\\public\\index.php')
INFO - 2024-06-27 23:49:12 --> Session: Class initialized using 'CodeIgniter\Session\Handlers\FileHandler' driver.
INFO - 2024-06-27 23:51:29 --> Session: Class initialized using 'CodeIgniter\Session\Handlers\FileHandler' driver.
INFO - 2024-06-27 23:51:30 --> Session: Class initialized using 'CodeIgniter\Session\Handlers\FileHandler' driver.
INFO - 2024-06-27 23:51:30 --> Session: Class initialized using 'CodeIgniter\Session\Handlers\FileHandler' driver.
INFO - 2024-06-27 23:51:31 --> Session: Class initialized using 'CodeIgniter\Session\Handlers\FileHandler' driver.
INFO - 2024-06-27 23:59:20 --> Session: Class initialized using 'CodeIgniter\Session\Handlers\FileHandler' driver.
INFO - 2024-06-27 23:59:30 --> Session: Class initialized using 'CodeIgniter\Session\Handlers\FileHandler' driver.
