INFO - 2024-05-30 20:31:11 --> Session: Class initialized using 'CodeIgniter\Session\Handlers\FileHandler' driver.
INFO - 2024-05-30 20:31:30 --> Session: Class initialized using 'CodeIgniter\Session\Handlers\FileHandler' driver.
INFO - 2024-05-30 20:31:32 --> Session: Class initialized using 'CodeIgniter\Session\Handlers\FileHandler' driver.
INFO - 2024-05-30 20:33:12 --> Session: Class initialized using 'CodeIgniter\Session\Handlers\FileHandler' driver.
INFO - 2024-05-30 20:35:16 --> Session: Class initialized using 'CodeIgniter\Session\Handlers\FileHandler' driver.
INFO - 2024-05-30 20:37:28 --> Session: Class initialized using 'CodeIgniter\Session\Handlers\FileHandler' driver.
INFO - 2024-05-30 20:37:29 --> Session: Class initialized using 'CodeIgniter\Session\Handlers\FileHandler' driver.
WARNING - 2024-05-30 20:37:29 --> [DEPRECATED] usort(): Returning bool from comparison function is deprecated, return an integer less than, equal to, or greater than zero in APPPATH\Controllers\GestionTransporteController.php on line 615.
 1 APPPATH\Controllers\GestionTransporteController.php(615): usort([...], Object(Closure))
 2 APPPATH\Controllers\GestionTransporteController.php(79): App\Controllers\GestionTransporteController->datatables('[{"id":"8","nombre":"Marin","apellido":"Sanchez","ci":"68463438 Lp.","numlicencia":"6543686895","fechalicencia":"2028-09-28","licencia":"1","catlic":"Cat.C","correoelectronico":"marin@sanchez.com","telefono":"7658464","direccion":"calle 11","cargo":"Due\\u00f1o","genero":"Masculino","fechainiciocontrato":"2019-03-02","fechafincontrato":"2025-12-02","estado":"1","created_at":"2024-05-24 00:46:53","updated_at":"2024-05-24 00:46:53"},{"id":"7","nombre":"Pedro","apellido":"Alvarez","ci":"2652362 Lp","numlicencia":"513546565","fechalicencia":"2027-03-04","licencia":"1","catlic":"Cat.B","correoelectronico":"pedro@alvarez.com","telefono":"75684384","direccion":"Calle A","cargo":"Due\\u00f1o","genero":"Masculino","fechainiciocontrato":"2016-03-03","fechafincontrato":"2024-04-04","estado":"1","created_at":"2024-05-24 00:40:22","updated_at":"2024-05-24 00:47:19"}]', [...])
 3 SYSTEMPATH\CodeIgniter.php(941): App\Controllers\GestionTransporteController->datosConductorView()
 4 SYSTEMPATH\CodeIgniter.php(502): CodeIgniter\CodeIgniter->runController(Object(App\Controllers\GestionTransporteController))
 5 SYSTEMPATH\CodeIgniter.php(361): CodeIgniter\CodeIgniter->handleRequest(null, Object(Config\Cache), false)
 6 FCPATH\index.php(79): CodeIgniter\CodeIgniter->run()
 7 SYSTEMPATH\Commands\Server\rewrite.php(47): require_once('C:\\laragon\\www\\geotranck-dev\\public\\index.php')
INFO - 2024-05-30 20:38:07 --> Session: Class initialized using 'CodeIgniter\Session\Handlers\FileHandler' driver.
INFO - 2024-05-30 21:06:31 --> Session: Class initialized using 'CodeIgniter\Session\Handlers\FileHandler' driver.
INFO - 2024-05-30 21:07:21 --> Session: Class initialized using 'CodeIgniter\Session\Handlers\FileHandler' driver.
INFO - 2024-05-30 21:07:53 --> Session: Class initialized using 'CodeIgniter\Session\Handlers\FileHandler' driver.
INFO - 2024-05-30 21:10:25 --> Session: Class initialized using 'CodeIgniter\Session\Handlers\FileHandler' driver.
INFO - 2024-05-30 21:17:37 --> Session: Class initialized using 'CodeIgniter\Session\Handlers\FileHandler' driver.
INFO - 2024-05-30 21:17:39 --> Session: Class initialized using 'CodeIgniter\Session\Handlers\FileHandler' driver.
INFO - 2024-05-30 21:19:25 --> Session: Class initialized using 'CodeIgniter\Session\Handlers\FileHandler' driver.
INFO - 2024-05-30 21:19:40 --> Session: Class initialized using 'CodeIgniter\Session\Handlers\FileHandler' driver.
INFO - 2024-05-30 21:19:42 --> Session: Class initialized using 'CodeIgniter\Session\Handlers\FileHandler' driver.
INFO - 2024-05-30 21:20:31 --> Session: Class initialized using 'CodeIgniter\Session\Handlers\FileHandler' driver.
INFO - 2024-05-30 21:21:05 --> Session: Class initialized using 'CodeIgniter\Session\Handlers\FileHandler' driver.
INFO - 2024-05-30 21:21:07 --> Session: Class initialized using 'CodeIgniter\Session\Handlers\FileHandler' driver.
INFO - 2024-05-30 21:22:08 --> Session: Class initialized using 'CodeIgniter\Session\Handlers\FileHandler' driver.
INFO - 2024-05-30 21:24:33 --> Session: Class initialized using 'CodeIgniter\Session\Handlers\FileHandler' driver.
INFO - 2024-05-30 21:24:37 --> Session: Class initialized using 'CodeIgniter\Session\Handlers\FileHandler' driver.
INFO - 2024-05-30 21:24:38 --> Session: Class initialized using 'CodeIgniter\Session\Handlers\FileHandler' driver.
INFO - 2024-05-30 21:24:41 --> Session: Class initialized using 'CodeIgniter\Session\Handlers\FileHandler' driver.
INFO - 2024-05-30 21:24:41 --> Session: Class initialized using 'CodeIgniter\Session\Handlers\FileHandler' driver.
INFO - 2024-05-30 21:24:42 --> Session: Class initialized using 'CodeIgniter\Session\Handlers\FileHandler' driver.
INFO - 2024-05-30 21:24:47 --> Session: Class initialized using 'CodeIgniter\Session\Handlers\FileHandler' driver.
INFO - 2024-05-30 21:25:36 --> Session: Class initialized using 'CodeIgniter\Session\Handlers\FileHandler' driver.
INFO - 2024-05-30 21:27:18 --> Session: Class initialized using 'CodeIgniter\Session\Handlers\FileHandler' driver.
CRITICAL - 2024-05-30 21:27:18 --> ErrorException: Undefined variable $datos
in APPPATH\Views\11_MenuLateral\8_AsignacionAuto\1_EstudianteAutoPageView.php on line 126.
 1 APPPATH\Views\11_MenuLateral\8_AsignacionAuto\1_EstudianteAutoPageView.php(126): CodeIgniter\Debug\Exceptions->errorHandler(2, 'Undefined variable $datos', 'C:\\laragon\\www\\geotranck-dev\\app\\Views\\11_MenuLateral\\8_AsignacionAuto\\1_EstudianteAutoPageView.php', 126)
 2 SYSTEMPATH\View\View.php(228): include('C:\\laragon\\www\\geotranck-dev\\app\\Views\\11_MenuLateral\\8_AsignacionAuto\\1_EstudianteAutoPageView.php')
 3 SYSTEMPATH\View\View.php(231): CodeIgniter\View\View->CodeIgniter\View\{closure}()
 4 SYSTEMPATH\Common.php(1178): CodeIgniter\View\View->render('11_MenuLateral/8_AsignacionAuto/1_EstudianteAutoPageView.php', [], true)
 5 APPPATH\Controllers\EstudianteAutoController.php(45): view('11_MenuLateral/8_AsignacionAuto/1_EstudianteAutoPageView.php', [...])
 6 SYSTEMPATH\CodeIgniter.php(941): App\Controllers\EstudianteAutoController->EstudianteAutoView()
 7 SYSTEMPATH\CodeIgniter.php(502): CodeIgniter\CodeIgniter->runController(Object(App\Controllers\EstudianteAutoController))
 8 SYSTEMPATH\CodeIgniter.php(361): CodeIgniter\CodeIgniter->handleRequest(null, Object(Config\Cache), false)
 9 FCPATH\index.php(79): CodeIgniter\CodeIgniter->run()
10 SYSTEMPATH\Commands\Server\rewrite.php(47): require_once('C:\\laragon\\www\\geotranck-dev\\public\\index.php')
INFO - 2024-05-30 21:28:37 --> Session: Class initialized using 'CodeIgniter\Session\Handlers\FileHandler' driver.
INFO - 2024-05-30 21:29:11 --> Session: Class initialized using 'CodeIgniter\Session\Handlers\FileHandler' driver.
INFO - 2024-05-30 21:29:44 --> Session: Class initialized using 'CodeIgniter\Session\Handlers\FileHandler' driver.
INFO - 2024-05-30 21:30:02 --> Session: Class initialized using 'CodeIgniter\Session\Handlers\FileHandler' driver.
INFO - 2024-05-30 21:31:43 --> Session: Class initialized using 'CodeIgniter\Session\Handlers\FileHandler' driver.
INFO - 2024-05-30 21:32:08 --> Session: Class initialized using 'CodeIgniter\Session\Handlers\FileHandler' driver.
INFO - 2024-05-30 21:33:04 --> Session: Class initialized using 'CodeIgniter\Session\Handlers\FileHandler' driver.
INFO - 2024-05-30 21:33:31 --> Session: Class initialized using 'CodeIgniter\Session\Handlers\FileHandler' driver.
INFO - 2024-05-30 21:34:18 --> Session: Class initialized using 'CodeIgniter\Session\Handlers\FileHandler' driver.
INFO - 2024-05-30 21:34:58 --> Session: Class initialized using 'CodeIgniter\Session\Handlers\FileHandler' driver.
INFO - 2024-05-30 21:36:36 --> Session: Class initialized using 'CodeIgniter\Session\Handlers\FileHandler' driver.
INFO - 2024-05-30 21:37:54 --> Session: Class initialized using 'CodeIgniter\Session\Handlers\FileHandler' driver.
INFO - 2024-05-30 22:53:18 --> Session: Class initialized using 'CodeIgniter\Session\Handlers\FileHandler' driver.
INFO - 2024-05-30 22:53:46 --> Session: Class initialized using 'CodeIgniter\Session\Handlers\FileHandler' driver.
INFO - 2024-05-30 22:54:05 --> Session: Class initialized using 'CodeIgniter\Session\Handlers\FileHandler' driver.
INFO - 2024-05-30 22:54:55 --> Session: Class initialized using 'CodeIgniter\Session\Handlers\FileHandler' driver.
INFO - 2024-05-30 22:55:37 --> Session: Class initialized using 'CodeIgniter\Session\Handlers\FileHandler' driver.
INFO - 2024-05-30 22:56:07 --> Session: Class initialized using 'CodeIgniter\Session\Handlers\FileHandler' driver.
INFO - 2024-05-30 22:56:18 --> Session: Class initialized using 'CodeIgniter\Session\Handlers\FileHandler' driver.
INFO - 2024-05-30 22:56:34 --> Session: Class initialized using 'CodeIgniter\Session\Handlers\FileHandler' driver.
INFO - 2024-05-30 22:56:45 --> Session: Class initialized using 'CodeIgniter\Session\Handlers\FileHandler' driver.
INFO - 2024-05-30 22:57:13 --> Session: Class initialized using 'CodeIgniter\Session\Handlers\FileHandler' driver.
INFO - 2024-05-30 22:57:39 --> Session: Class initialized using 'CodeIgniter\Session\Handlers\FileHandler' driver.
INFO - 2024-05-30 22:58:49 --> Session: Class initialized using 'CodeIgniter\Session\Handlers\FileHandler' driver.
INFO - 2024-05-30 22:59:23 --> Session: Class initialized using 'CodeIgniter\Session\Handlers\FileHandler' driver.
INFO - 2024-05-30 22:59:47 --> Session: Class initialized using 'CodeIgniter\Session\Handlers\FileHandler' driver.
INFO - 2024-05-30 22:59:55 --> Session: Class initialized using 'CodeIgniter\Session\Handlers\FileHandler' driver.
INFO - 2024-05-30 23:03:47 --> Session: Class initialized using 'CodeIgniter\Session\Handlers\FileHandler' driver.
INFO - 2024-05-30 23:04:40 --> Session: Class initialized using 'CodeIgniter\Session\Handlers\FileHandler' driver.
INFO - 2024-05-30 23:05:08 --> Session: Class initialized using 'CodeIgniter\Session\Handlers\FileHandler' driver.
INFO - 2024-05-30 23:21:49 --> Session: Class initialized using 'CodeIgniter\Session\Handlers\FileHandler' driver.
INFO - 2024-05-30 23:23:16 --> Session: Class initialized using 'CodeIgniter\Session\Handlers\FileHandler' driver.
INFO - 2024-05-30 23:23:21 --> Session: Class initialized using 'CodeIgniter\Session\Handlers\FileHandler' driver.
INFO - 2024-05-30 23:24:11 --> Session: Class initialized using 'CodeIgniter\Session\Handlers\FileHandler' driver.
INFO - 2024-05-30 23:26:11 --> Session: Class initialized using 'CodeIgniter\Session\Handlers\FileHandler' driver.
INFO - 2024-05-30 23:26:13 --> Session: Class initialized using 'CodeIgniter\Session\Handlers\FileHandler' driver.
INFO - 2024-05-30 23:30:47 --> Session: Class initialized using 'CodeIgniter\Session\Handlers\FileHandler' driver.
INFO - 2024-05-30 23:31:41 --> Session: Class initialized using 'CodeIgniter\Session\Handlers\FileHandler' driver.
INFO - 2024-05-30 23:33:00 --> Session: Class initialized using 'CodeIgniter\Session\Handlers\FileHandler' driver.
INFO - 2024-05-30 23:33:01 --> Session: Class initialized using 'CodeIgniter\Session\Handlers\FileHandler' driver.
INFO - 2024-05-30 23:33:13 --> Session: Class initialized using 'CodeIgniter\Session\Handlers\FileHandler' driver.
INFO - 2024-05-30 23:33:14 --> Session: Class initialized using 'CodeIgniter\Session\Handlers\FileHandler' driver.
INFO - 2024-05-30 23:34:59 --> Session: Class initialized using 'CodeIgniter\Session\Handlers\FileHandler' driver.
INFO - 2024-05-30 23:35:27 --> Session: Class initialized using 'CodeIgniter\Session\Handlers\FileHandler' driver.
INFO - 2024-05-30 23:35:46 --> Session: Class initialized using 'CodeIgniter\Session\Handlers\FileHandler' driver.
INFO - 2024-05-30 23:37:29 --> Session: Class initialized using 'CodeIgniter\Session\Handlers\FileHandler' driver.
CRITICAL - 2024-05-30 23:37:29 --> ErrorException: Undefined array key "id"
in APPPATH\Views\11_MenuLateral\8_AsignacionAuto\1_EstudianteAutoPageView.php on line 41.
 1 APPPATH\Views\11_MenuLateral\8_AsignacionAuto\1_EstudianteAutoPageView.php(41): CodeIgniter\Debug\Exceptions->errorHandler(2, 'Undefined array key "id"', 'C:\\laragon\\www\\geotranck-dev\\app\\Views\\11_MenuLateral\\8_AsignacionAuto\\1_EstudianteAutoPageView.php', 41)
 2 SYSTEMPATH\View\View.php(228): include('C:\\laragon\\www\\geotranck-dev\\app\\Views\\11_MenuLateral\\8_AsignacionAuto\\1_EstudianteAutoPageView.php')
 3 SYSTEMPATH\View\View.php(231): CodeIgniter\View\View->CodeIgniter\View\{closure}()
 4 SYSTEMPATH\Common.php(1178): CodeIgniter\View\View->render('11_MenuLateral/8_AsignacionAuto/1_EstudianteAutoPageView.php', [], true)
 5 APPPATH\Controllers\EstudianteAutoController.php(46): view('11_MenuLateral/8_AsignacionAuto/1_EstudianteAutoPageView.php', [...])
 6 SYSTEMPATH\CodeIgniter.php(941): App\Controllers\EstudianteAutoController->EstudianteAutoView()
 7 SYSTEMPATH\CodeIgniter.php(502): CodeIgniter\CodeIgniter->runController(Object(App\Controllers\EstudianteAutoController))
 8 SYSTEMPATH\CodeIgniter.php(361): CodeIgniter\CodeIgniter->handleRequest(null, Object(Config\Cache), false)
 9 FCPATH\index.php(79): CodeIgniter\CodeIgniter->run()
10 SYSTEMPATH\Commands\Server\rewrite.php(47): require_once('C:\\laragon\\www\\geotranck-dev\\public\\index.php')
INFO - 2024-05-30 23:37:54 --> Session: Class initialized using 'CodeIgniter\Session\Handlers\FileHandler' driver.
CRITICAL - 2024-05-30 23:37:54 --> ErrorException: Attempt to read property "id" on array
in APPPATH\Views\11_MenuLateral\8_AsignacionAuto\1_EstudianteAutoPageView.php on line 41.
 1 APPPATH\Views\11_MenuLateral\8_AsignacionAuto\1_EstudianteAutoPageView.php(41): CodeIgniter\Debug\Exceptions->errorHandler(2, 'Attempt to read property "id" on array', 'C:\\laragon\\www\\geotranck-dev\\app\\Views\\11_MenuLateral\\8_AsignacionAuto\\1_EstudianteAutoPageView.php', 41)
 2 SYSTEMPATH\View\View.php(228): include('C:\\laragon\\www\\geotranck-dev\\app\\Views\\11_MenuLateral\\8_AsignacionAuto\\1_EstudianteAutoPageView.php')
 3 SYSTEMPATH\View\View.php(231): CodeIgniter\View\View->CodeIgniter\View\{closure}()
 4 SYSTEMPATH\Common.php(1178): CodeIgniter\View\View->render('11_MenuLateral/8_AsignacionAuto/1_EstudianteAutoPageView.php', [], true)
 5 APPPATH\Controllers\EstudianteAutoController.php(46): view('11_MenuLateral/8_AsignacionAuto/1_EstudianteAutoPageView.php', [...])
 6 SYSTEMPATH\CodeIgniter.php(941): App\Controllers\EstudianteAutoController->EstudianteAutoView()
 7 SYSTEMPATH\CodeIgniter.php(502): CodeIgniter\CodeIgniter->runController(Object(App\Controllers\EstudianteAutoController))
 8 SYSTEMPATH\CodeIgniter.php(361): CodeIgniter\CodeIgniter->handleRequest(null, Object(Config\Cache), false)
 9 FCPATH\index.php(79): CodeIgniter\CodeIgniter->run()
10 SYSTEMPATH\Commands\Server\rewrite.php(47): require_once('C:\\laragon\\www\\geotranck-dev\\public\\index.php')
INFO - 2024-05-30 23:38:07 --> Session: Class initialized using 'CodeIgniter\Session\Handlers\FileHandler' driver.
CRITICAL - 2024-05-30 23:38:07 --> ErrorException: Undefined variable $id
in APPPATH\Views\11_MenuLateral\8_AsignacionAuto\1_EstudianteAutoPageView.php on line 41.
 1 APPPATH\Views\11_MenuLateral\8_AsignacionAuto\1_EstudianteAutoPageView.php(41): CodeIgniter\Debug\Exceptions->errorHandler(2, 'Undefined variable $id', 'C:\\laragon\\www\\geotranck-dev\\app\\Views\\11_MenuLateral\\8_AsignacionAuto\\1_EstudianteAutoPageView.php', 41)
 2 SYSTEMPATH\View\View.php(228): include('C:\\laragon\\www\\geotranck-dev\\app\\Views\\11_MenuLateral\\8_AsignacionAuto\\1_EstudianteAutoPageView.php')
 3 SYSTEMPATH\View\View.php(231): CodeIgniter\View\View->CodeIgniter\View\{closure}()
 4 SYSTEMPATH\Common.php(1178): CodeIgniter\View\View->render('11_MenuLateral/8_AsignacionAuto/1_EstudianteAutoPageView.php', [], true)
 5 APPPATH\Controllers\EstudianteAutoController.php(46): view('11_MenuLateral/8_AsignacionAuto/1_EstudianteAutoPageView.php', [...])
 6 SYSTEMPATH\CodeIgniter.php(941): App\Controllers\EstudianteAutoController->EstudianteAutoView()
 7 SYSTEMPATH\CodeIgniter.php(502): CodeIgniter\CodeIgniter->runController(Object(App\Controllers\EstudianteAutoController))
 8 SYSTEMPATH\CodeIgniter.php(361): CodeIgniter\CodeIgniter->handleRequest(null, Object(Config\Cache), false)
 9 FCPATH\index.php(79): CodeIgniter\CodeIgniter->run()
10 SYSTEMPATH\Commands\Server\rewrite.php(47): require_once('C:\\laragon\\www\\geotranck-dev\\public\\index.php')
INFO - 2024-05-30 23:38:45 --> Session: Class initialized using 'CodeIgniter\Session\Handlers\FileHandler' driver.
CRITICAL - 2024-05-30 23:38:46 --> ErrorException: Undefined array key "datosEstudiante"
in APPPATH\Views\11_MenuLateral\8_AsignacionAuto\1_EstudianteAutoPageView.php on line 41.
 1 APPPATH\Views\11_MenuLateral\8_AsignacionAuto\1_EstudianteAutoPageView.php(41): CodeIgniter\Debug\Exceptions->errorHandler(2, 'Undefined array key "datosEstudiante"', 'C:\\laragon\\www\\geotranck-dev\\app\\Views\\11_MenuLateral\\8_AsignacionAuto\\1_EstudianteAutoPageView.php', 41)
 2 SYSTEMPATH\View\View.php(228): include('C:\\laragon\\www\\geotranck-dev\\app\\Views\\11_MenuLateral\\8_AsignacionAuto\\1_EstudianteAutoPageView.php')
 3 SYSTEMPATH\View\View.php(231): CodeIgniter\View\View->CodeIgniter\View\{closure}()
 4 SYSTEMPATH\Common.php(1178): CodeIgniter\View\View->render('11_MenuLateral/8_AsignacionAuto/1_EstudianteAutoPageView.php', [], true)
 5 APPPATH\Controllers\EstudianteAutoController.php(46): view('11_MenuLateral/8_AsignacionAuto/1_EstudianteAutoPageView.php', [...])
 6 SYSTEMPATH\CodeIgniter.php(941): App\Controllers\EstudianteAutoController->EstudianteAutoView()
 7 SYSTEMPATH\CodeIgniter.php(502): CodeIgniter\CodeIgniter->runController(Object(App\Controllers\EstudianteAutoController))
 8 SYSTEMPATH\CodeIgniter.php(361): CodeIgniter\CodeIgniter->handleRequest(null, Object(Config\Cache), false)
 9 FCPATH\index.php(79): CodeIgniter\CodeIgniter->run()
10 SYSTEMPATH\Commands\Server\rewrite.php(47): require_once('C:\\laragon\\www\\geotranck-dev\\public\\index.php')
INFO - 2024-05-30 23:43:51 --> Session: Class initialized using 'CodeIgniter\Session\Handlers\FileHandler' driver.
INFO - 2024-05-30 23:51:05 --> Session: Class initialized using 'CodeIgniter\Session\Handlers\FileHandler' driver.
INFO - 2024-05-30 23:51:43 --> Session: Class initialized using 'CodeIgniter\Session\Handlers\FileHandler' driver.
INFO - 2024-05-30 23:52:11 --> Session: Class initialized using 'CodeIgniter\Session\Handlers\FileHandler' driver.
INFO - 2024-05-30 23:53:25 --> Session: Class initialized using 'CodeIgniter\Session\Handlers\FileHandler' driver.
INFO - 2024-05-30 23:58:57 --> Session: Class initialized using 'CodeIgniter\Session\Handlers\FileHandler' driver.
