WARNING - 2024-04-17 00:08:16 --> [DEPRECATED] usort(): Returning bool from comparison function is deprecated, return an integer less than, equal to, or greater than zero in APPPATH\Controllers\GestionUsuarioController.php on line 346.
 1 APPPATH\Controllers\GestionUsuarioController.php(346): usort([...], Object(Closure))
 2 APPPATH\Controllers\GestionUsuarioController.php(158): App\Controllers\GestionUsuarioController->datatables('[{"id":"5","nombre":"dw","descripcion":"qwd","grupo_privilegio":"dwdwdw","estado":"1","created_at":"2024-04-08 00:51:33"},{"id":"6","nombre":"xs","descripcion":"xs","grupo_privilegio":"dwdwdw","estado":"1","created_at":"2024-04-08 00:52:18"},{"id":"7","nombre":"d","descripcion":"dw","grupo_privilegio":"fe","estado":"1","created_at":"2024-04-08 00:58:52"},{"id":"8","nombre":"xsxs","descripcion":"xs","grupo_privilegio":"dwdwdw","estado":"1","created_at":"2024-04-08 01:04:24"},{"id":"3","nombre":"Rol 3","descripcion":"","grupo_privilegio":"dwdwdw","estado":"1","created_at":"2024-04-06 04:33:03.011218"},{"id":"10","nombre":"cr","descripcion":"","grupo_privilegio":"dwdwdw","estado":"1","created_at":"2024-04-08 01:09:17"},{"id":"4","nombre":"dwd","descripcion":"dw","grupo_privilegio":"gf1231231212100njkn","estado":"1","created_at":"2024-04-08 00:50:18"},{"id":"11","nombre":"fe 123 213 dsfdsf","descripcion":"vd","grupo_privilegio":"dwdwdw","estado":"1","created_at":"2024-04-08 21:00:36"}]', [...])
 3 SYSTEMPATH\CodeIgniter.php(941): App\Controllers\GestionUsuarioController->DatosRolesView()
 4 SYSTEMPATH\CodeIgniter.php(502): CodeIgniter\CodeIgniter->runController(Object(App\Controllers\GestionUsuarioController))
 5 SYSTEMPATH\CodeIgniter.php(361): CodeIgniter\CodeIgniter->handleRequest(null, Object(Config\Cache), false)
 6 FCPATH\index.php(79): CodeIgniter\CodeIgniter->run()
 7 SYSTEMPATH\Commands\Server\rewrite.php(47): require_once('C:\\laragon\\www\\geotranck-dev\\public\\index.php')
WARNING - 2024-04-17 00:10:44 --> [DEPRECATED] usort(): Returning bool from comparison function is deprecated, return an integer less than, equal to, or greater than zero in APPPATH\Controllers\GestionUsuarioController.php on line 346.
 1 APPPATH\Controllers\GestionUsuarioController.php(346): usort([...], Object(Closure))
 2 APPPATH\Controllers\GestionUsuarioController.php(158): App\Controllers\GestionUsuarioController->datatables('[{"id":"5","nombre":"dw","descripcion":"qwd","grupo_privilegio":"dwdwdw","estado":"1","created_at":"2024-04-08 00:51:33"},{"id":"6","nombre":"xs","descripcion":"xs","grupo_privilegio":"dwdwdw","estado":"1","created_at":"2024-04-08 00:52:18"},{"id":"7","nombre":"d","descripcion":"dw","grupo_privilegio":"fe","estado":"1","created_at":"2024-04-08 00:58:52"},{"id":"8","nombre":"xsxs","descripcion":"xs","grupo_privilegio":"dwdwdw","estado":"1","created_at":"2024-04-08 01:04:24"},{"id":"3","nombre":"Rol 3","descripcion":"","grupo_privilegio":"dwdwdw","estado":"1","created_at":"2024-04-06 04:33:03.011218"},{"id":"10","nombre":"cr","descripcion":"","grupo_privilegio":"dwdwdw","estado":"1","created_at":"2024-04-08 01:09:17"},{"id":"4","nombre":"dwd","descripcion":"dw","grupo_privilegio":"gf1231231212100njkn","estado":"1","created_at":"2024-04-08 00:50:18"},{"id":"11","nombre":"fe 123 213 dsfdsf","descripcion":"vd","grupo_privilegio":"dwdwdw","estado":"1","created_at":"2024-04-08 21:00:36"}]', [...])
 3 SYSTEMPATH\CodeIgniter.php(941): App\Controllers\GestionUsuarioController->DatosRolesView()
 4 SYSTEMPATH\CodeIgniter.php(502): CodeIgniter\CodeIgniter->runController(Object(App\Controllers\GestionUsuarioController))
 5 SYSTEMPATH\CodeIgniter.php(361): CodeIgniter\CodeIgniter->handleRequest(null, Object(Config\Cache), false)
 6 FCPATH\index.php(79): CodeIgniter\CodeIgniter->run()
 7 SYSTEMPATH\Commands\Server\rewrite.php(47): require_once('C:\\laragon\\www\\geotranck-dev\\public\\index.php')
WARNING - 2024-04-17 00:34:04 --> [DEPRECATED] usort(): Returning bool from comparison function is deprecated, return an integer less than, equal to, or greater than zero in APPPATH\Controllers\GestionUsuarioController.php on line 346.
 1 APPPATH\Controllers\GestionUsuarioController.php(346): usort([...], Object(Closure))
 2 APPPATH\Controllers\GestionUsuarioController.php(158): App\Controllers\GestionUsuarioController->datatables('[{"id":"5","nombre":"dw","descripcion":"qwd","grupo_privilegio":"dwdwdw","estado":"1","created_at":"2024-04-08 00:51:33"},{"id":"6","nombre":"xs","descripcion":"xs","grupo_privilegio":"dwdwdw","estado":"1","created_at":"2024-04-08 00:52:18"},{"id":"7","nombre":"d","descripcion":"dw","grupo_privilegio":"fe","estado":"1","created_at":"2024-04-08 00:58:52"},{"id":"8","nombre":"xsxs","descripcion":"xs","grupo_privilegio":"dwdwdw","estado":"1","created_at":"2024-04-08 01:04:24"},{"id":"3","nombre":"Rol 3","descripcion":"","grupo_privilegio":"dwdwdw","estado":"1","created_at":"2024-04-06 04:33:03.011218"},{"id":"10","nombre":"cr","descripcion":"","grupo_privilegio":"dwdwdw","estado":"1","created_at":"2024-04-08 01:09:17"},{"id":"4","nombre":"dwd","descripcion":"dw","grupo_privilegio":"gf1231231212100njkn","estado":"1","created_at":"2024-04-08 00:50:18"},{"id":"11","nombre":"fe 123 213 dsfdsf","descripcion":"vd","grupo_privilegio":"dwdwdw","estado":"1","created_at":"2024-04-08 21:00:36"}]', [...])
 3 SYSTEMPATH\CodeIgniter.php(941): App\Controllers\GestionUsuarioController->DatosRolesView()
 4 SYSTEMPATH\CodeIgniter.php(502): CodeIgniter\CodeIgniter->runController(Object(App\Controllers\GestionUsuarioController))
 5 SYSTEMPATH\CodeIgniter.php(361): CodeIgniter\CodeIgniter->handleRequest(null, Object(Config\Cache), false)
 6 FCPATH\index.php(79): CodeIgniter\CodeIgniter->run()
 7 SYSTEMPATH\Commands\Server\rewrite.php(47): require_once('C:\\laragon\\www\\geotranck-dev\\public\\index.php')
WARNING - 2024-04-17 00:34:53 --> [DEPRECATED] usort(): Returning bool from comparison function is deprecated, return an integer less than, equal to, or greater than zero in APPPATH\Controllers\GestionUsuarioController.php on line 346.
 1 APPPATH\Controllers\GestionUsuarioController.php(346): usort([...], Object(Closure))
 2 APPPATH\Controllers\GestionUsuarioController.php(158): App\Controllers\GestionUsuarioController->datatables('[{"id":"5","nombre":"dw","descripcion":"qwd","grupo_privilegio":"dwdwdw","estado":"1","created_at":"2024-04-08 00:51:33"},{"id":"6","nombre":"xs","descripcion":"xs","grupo_privilegio":"dwdwdw","estado":"1","created_at":"2024-04-08 00:52:18"},{"id":"7","nombre":"d","descripcion":"dw","grupo_privilegio":"fe","estado":"1","created_at":"2024-04-08 00:58:52"},{"id":"8","nombre":"xsxs","descripcion":"xs","grupo_privilegio":"dwdwdw","estado":"1","created_at":"2024-04-08 01:04:24"},{"id":"3","nombre":"Rol 3","descripcion":"","grupo_privilegio":"dwdwdw","estado":"1","created_at":"2024-04-06 04:33:03.011218"},{"id":"10","nombre":"cr","descripcion":"","grupo_privilegio":"dwdwdw","estado":"1","created_at":"2024-04-08 01:09:17"},{"id":"4","nombre":"dwd","descripcion":"dw","grupo_privilegio":"gf1231231212100njkn","estado":"1","created_at":"2024-04-08 00:50:18"},{"id":"11","nombre":"fe 123 213 dsfdsf","descripcion":"vd","grupo_privilegio":"dwdwdw","estado":"1","created_at":"2024-04-08 21:00:36"}]', [...])
 3 SYSTEMPATH\CodeIgniter.php(941): App\Controllers\GestionUsuarioController->DatosRolesView()
 4 SYSTEMPATH\CodeIgniter.php(502): CodeIgniter\CodeIgniter->runController(Object(App\Controllers\GestionUsuarioController))
 5 SYSTEMPATH\CodeIgniter.php(361): CodeIgniter\CodeIgniter->handleRequest(null, Object(Config\Cache), false)
 6 FCPATH\index.php(79): CodeIgniter\CodeIgniter->run()
 7 SYSTEMPATH\Commands\Server\rewrite.php(47): require_once('C:\\laragon\\www\\geotranck-dev\\public\\index.php')
WARNING - 2024-04-17 00:35:00 --> [DEPRECATED] usort(): Returning bool from comparison function is deprecated, return an integer less than, equal to, or greater than zero in APPPATH\Controllers\GestionUsuarioController.php on line 346.
 1 APPPATH\Controllers\GestionUsuarioController.php(346): usort([...], Object(Closure))
 2 APPPATH\Controllers\GestionUsuarioController.php(158): App\Controllers\GestionUsuarioController->datatables('[{"id":"5","nombre":"dw","descripcion":"qwd","grupo_privilegio":"dwdwdw","estado":"1","created_at":"2024-04-08 00:51:33"},{"id":"6","nombre":"xs","descripcion":"xs","grupo_privilegio":"dwdwdw","estado":"1","created_at":"2024-04-08 00:52:18"},{"id":"7","nombre":"d","descripcion":"dw","grupo_privilegio":"fe","estado":"1","created_at":"2024-04-08 00:58:52"},{"id":"8","nombre":"xsxs","descripcion":"xs","grupo_privilegio":"dwdwdw","estado":"1","created_at":"2024-04-08 01:04:24"},{"id":"3","nombre":"Rol 3","descripcion":"","grupo_privilegio":"dwdwdw","estado":"1","created_at":"2024-04-06 04:33:03.011218"},{"id":"10","nombre":"cr","descripcion":"","grupo_privilegio":"dwdwdw","estado":"1","created_at":"2024-04-08 01:09:17"},{"id":"4","nombre":"dwd","descripcion":"dw","grupo_privilegio":"gf1231231212100njkn","estado":"1","created_at":"2024-04-08 00:50:18"},{"id":"11","nombre":"fe 123 213 dsfdsf","descripcion":"vd","grupo_privilegio":"dwdwdw","estado":"1","created_at":"2024-04-08 21:00:36"}]', [...])
 3 SYSTEMPATH\CodeIgniter.php(941): App\Controllers\GestionUsuarioController->DatosRolesView()
 4 SYSTEMPATH\CodeIgniter.php(502): CodeIgniter\CodeIgniter->runController(Object(App\Controllers\GestionUsuarioController))
 5 SYSTEMPATH\CodeIgniter.php(361): CodeIgniter\CodeIgniter->handleRequest(null, Object(Config\Cache), false)
 6 FCPATH\index.php(79): CodeIgniter\CodeIgniter->run()
 7 SYSTEMPATH\Commands\Server\rewrite.php(47): require_once('C:\\laragon\\www\\geotranck-dev\\public\\index.php')
WARNING - 2024-04-17 00:36:18 --> [DEPRECATED] usort(): Returning bool from comparison function is deprecated, return an integer less than, equal to, or greater than zero in APPPATH\Controllers\GestionUsuarioController.php on line 346.
 1 APPPATH\Controllers\GestionUsuarioController.php(346): usort([...], Object(Closure))
 2 APPPATH\Controllers\GestionUsuarioController.php(158): App\Controllers\GestionUsuarioController->datatables('[{"id":"5","nombre":"dw","descripcion":"qwd","grupo_privilegio":"dwdwdw","estado":"1","created_at":"2024-04-08 00:51:33"},{"id":"6","nombre":"xs","descripcion":"xs","grupo_privilegio":"dwdwdw","estado":"1","created_at":"2024-04-08 00:52:18"},{"id":"7","nombre":"d","descripcion":"dw","grupo_privilegio":"fe","estado":"1","created_at":"2024-04-08 00:58:52"},{"id":"8","nombre":"xsxs","descripcion":"xs","grupo_privilegio":"dwdwdw","estado":"1","created_at":"2024-04-08 01:04:24"},{"id":"3","nombre":"Rol 3","descripcion":"","grupo_privilegio":"dwdwdw","estado":"1","created_at":"2024-04-06 04:33:03.011218"},{"id":"10","nombre":"cr","descripcion":"","grupo_privilegio":"dwdwdw","estado":"1","created_at":"2024-04-08 01:09:17"},{"id":"4","nombre":"dwd","descripcion":"dw","grupo_privilegio":"gf1231231212100njkn","estado":"1","created_at":"2024-04-08 00:50:18"},{"id":"11","nombre":"fe 123 213 dsfdsf","descripcion":"vd","grupo_privilegio":"dwdwdw","estado":"1","created_at":"2024-04-08 21:00:36"}]', [...])
 3 SYSTEMPATH\CodeIgniter.php(941): App\Controllers\GestionUsuarioController->DatosRolesView()
 4 SYSTEMPATH\CodeIgniter.php(502): CodeIgniter\CodeIgniter->runController(Object(App\Controllers\GestionUsuarioController))
 5 SYSTEMPATH\CodeIgniter.php(361): CodeIgniter\CodeIgniter->handleRequest(null, Object(Config\Cache), false)
 6 FCPATH\index.php(79): CodeIgniter\CodeIgniter->run()
 7 SYSTEMPATH\Commands\Server\rewrite.php(47): require_once('C:\\laragon\\www\\geotranck-dev\\public\\index.php')
WARNING - 2024-04-17 00:43:59 --> [DEPRECATED] usort(): Returning bool from comparison function is deprecated, return an integer less than, equal to, or greater than zero in APPPATH\Controllers\GestionUsuarioController.php on line 346.
 1 APPPATH\Controllers\GestionUsuarioController.php(346): usort([...], Object(Closure))
 2 APPPATH\Controllers\GestionUsuarioController.php(158): App\Controllers\GestionUsuarioController->datatables('[{"id":"5","nombre":"dw","descripcion":"qwd","grupo_privilegio":"dwdwdw","estado":"1","created_at":"2024-04-08 00:51:33"},{"id":"6","nombre":"xs","descripcion":"xs","grupo_privilegio":"dwdwdw","estado":"1","created_at":"2024-04-08 00:52:18"},{"id":"7","nombre":"d","descripcion":"dw","grupo_privilegio":"fe","estado":"1","created_at":"2024-04-08 00:58:52"},{"id":"8","nombre":"xsxs","descripcion":"xs","grupo_privilegio":"dwdwdw","estado":"1","created_at":"2024-04-08 01:04:24"},{"id":"3","nombre":"Rol 3","descripcion":"","grupo_privilegio":"dwdwdw","estado":"1","created_at":"2024-04-06 04:33:03.011218"},{"id":"10","nombre":"cr","descripcion":"","grupo_privilegio":"dwdwdw","estado":"1","created_at":"2024-04-08 01:09:17"},{"id":"4","nombre":"dwd","descripcion":"dw","grupo_privilegio":"gf1231231212100njkn","estado":"1","created_at":"2024-04-08 00:50:18"},{"id":"11","nombre":"fe 123 213 dsfdsf","descripcion":"vd","grupo_privilegio":"dwdwdw","estado":"1","created_at":"2024-04-08 21:00:36"}]', [...])
 3 SYSTEMPATH\CodeIgniter.php(941): App\Controllers\GestionUsuarioController->DatosRolesView()
 4 SYSTEMPATH\CodeIgniter.php(502): CodeIgniter\CodeIgniter->runController(Object(App\Controllers\GestionUsuarioController))
 5 SYSTEMPATH\CodeIgniter.php(361): CodeIgniter\CodeIgniter->handleRequest(null, Object(Config\Cache), false)
 6 FCPATH\index.php(79): CodeIgniter\CodeIgniter->run()
 7 SYSTEMPATH\Commands\Server\rewrite.php(47): require_once('C:\\laragon\\www\\geotranck-dev\\public\\index.php')
WARNING - 2024-04-17 00:46:03 --> [DEPRECATED] usort(): Returning bool from comparison function is deprecated, return an integer less than, equal to, or greater than zero in APPPATH\Controllers\GestionUsuarioController.php on line 346.
 1 APPPATH\Controllers\GestionUsuarioController.php(346): usort([...], Object(Closure))
 2 APPPATH\Controllers\GestionUsuarioController.php(158): App\Controllers\GestionUsuarioController->datatables('[{"id":"5","nombre":"dw","descripcion":"qwd","grupo_privilegio":"dwdwdw","estado":"1","created_at":"2024-04-08 00:51:33"},{"id":"6","nombre":"xs","descripcion":"xs","grupo_privilegio":"dwdwdw","estado":"1","created_at":"2024-04-08 00:52:18"},{"id":"7","nombre":"d","descripcion":"dw","grupo_privilegio":"fe","estado":"1","created_at":"2024-04-08 00:58:52"},{"id":"8","nombre":"xsxs","descripcion":"xs","grupo_privilegio":"dwdwdw","estado":"1","created_at":"2024-04-08 01:04:24"},{"id":"3","nombre":"Rol 3","descripcion":"","grupo_privilegio":"dwdwdw","estado":"1","created_at":"2024-04-06 04:33:03.011218"},{"id":"10","nombre":"cr","descripcion":"","grupo_privilegio":"dwdwdw","estado":"1","created_at":"2024-04-08 01:09:17"},{"id":"4","nombre":"dwd","descripcion":"dw","grupo_privilegio":"gf1231231212100njkn","estado":"1","created_at":"2024-04-08 00:50:18"},{"id":"11","nombre":"fe 123 213 dsfdsf","descripcion":"vd","grupo_privilegio":"dwdwdw","estado":"1","created_at":"2024-04-08 21:00:36"}]', [...])
 3 SYSTEMPATH\CodeIgniter.php(941): App\Controllers\GestionUsuarioController->DatosRolesView()
 4 SYSTEMPATH\CodeIgniter.php(502): CodeIgniter\CodeIgniter->runController(Object(App\Controllers\GestionUsuarioController))
 5 SYSTEMPATH\CodeIgniter.php(361): CodeIgniter\CodeIgniter->handleRequest(null, Object(Config\Cache), false)
 6 FCPATH\index.php(79): CodeIgniter\CodeIgniter->run()
 7 SYSTEMPATH\Commands\Server\rewrite.php(47): require_once('C:\\laragon\\www\\geotranck-dev\\public\\index.php')
WARNING - 2024-04-17 00:48:15 --> [DEPRECATED] usort(): Returning bool from comparison function is deprecated, return an integer less than, equal to, or greater than zero in APPPATH\Controllers\GestionUsuarioController.php on line 346.
 1 APPPATH\Controllers\GestionUsuarioController.php(346): usort([...], Object(Closure))
 2 APPPATH\Controllers\GestionUsuarioController.php(158): App\Controllers\GestionUsuarioController->datatables('[{"id":"5","nombre":"dw","descripcion":"qwd","grupo_privilegio":"dwdwdw","estado":"1","created_at":"2024-04-08 00:51:33"},{"id":"6","nombre":"xs","descripcion":"xs","grupo_privilegio":"dwdwdw","estado":"1","created_at":"2024-04-08 00:52:18"},{"id":"7","nombre":"d","descripcion":"dw","grupo_privilegio":"fe","estado":"1","created_at":"2024-04-08 00:58:52"},{"id":"8","nombre":"xsxs","descripcion":"xs","grupo_privilegio":"dwdwdw","estado":"1","created_at":"2024-04-08 01:04:24"},{"id":"3","nombre":"Rol 3","descripcion":"","grupo_privilegio":"dwdwdw","estado":"1","created_at":"2024-04-06 04:33:03.011218"},{"id":"10","nombre":"cr","descripcion":"","grupo_privilegio":"dwdwdw","estado":"1","created_at":"2024-04-08 01:09:17"},{"id":"4","nombre":"dwd","descripcion":"dw","grupo_privilegio":"gf1231231212100njkn","estado":"1","created_at":"2024-04-08 00:50:18"},{"id":"11","nombre":"fe 123 213 dsfdsf","descripcion":"vd","grupo_privilegio":"dwdwdw","estado":"1","created_at":"2024-04-08 21:00:36"}]', [...])
 3 SYSTEMPATH\CodeIgniter.php(941): App\Controllers\GestionUsuarioController->DatosRolesView()
 4 SYSTEMPATH\CodeIgniter.php(502): CodeIgniter\CodeIgniter->runController(Object(App\Controllers\GestionUsuarioController))
 5 SYSTEMPATH\CodeIgniter.php(361): CodeIgniter\CodeIgniter->handleRequest(null, Object(Config\Cache), false)
 6 FCPATH\index.php(79): CodeIgniter\CodeIgniter->run()
 7 SYSTEMPATH\Commands\Server\rewrite.php(47): require_once('C:\\laragon\\www\\geotranck-dev\\public\\index.php')
WARNING - 2024-04-17 00:50:03 --> [DEPRECATED] usort(): Returning bool from comparison function is deprecated, return an integer less than, equal to, or greater than zero in APPPATH\Controllers\GestionUsuarioController.php on line 346.
 1 APPPATH\Controllers\GestionUsuarioController.php(346): usort([...], Object(Closure))
 2 APPPATH\Controllers\GestionUsuarioController.php(158): App\Controllers\GestionUsuarioController->datatables('[{"id":"5","nombre":"dw","descripcion":"qwd","grupo_privilegio":"dwdwdw","estado":"1","created_at":"2024-04-08 00:51:33"},{"id":"6","nombre":"xs","descripcion":"xs","grupo_privilegio":"dwdwdw","estado":"1","created_at":"2024-04-08 00:52:18"},{"id":"7","nombre":"d","descripcion":"dw","grupo_privilegio":"fe","estado":"1","created_at":"2024-04-08 00:58:52"},{"id":"8","nombre":"xsxs","descripcion":"xs","grupo_privilegio":"dwdwdw","estado":"1","created_at":"2024-04-08 01:04:24"},{"id":"3","nombre":"Rol 3","descripcion":"","grupo_privilegio":"dwdwdw","estado":"1","created_at":"2024-04-06 04:33:03.011218"},{"id":"10","nombre":"cr","descripcion":"","grupo_privilegio":"dwdwdw","estado":"1","created_at":"2024-04-08 01:09:17"},{"id":"4","nombre":"dwd","descripcion":"dw","grupo_privilegio":"gf1231231212100njkn","estado":"1","created_at":"2024-04-08 00:50:18"},{"id":"11","nombre":"fe 123 213 dsfdsf","descripcion":"vd","grupo_privilegio":"dwdwdw","estado":"1","created_at":"2024-04-08 21:00:36"}]', [...])
 3 SYSTEMPATH\CodeIgniter.php(941): App\Controllers\GestionUsuarioController->DatosRolesView()
 4 SYSTEMPATH\CodeIgniter.php(502): CodeIgniter\CodeIgniter->runController(Object(App\Controllers\GestionUsuarioController))
 5 SYSTEMPATH\CodeIgniter.php(361): CodeIgniter\CodeIgniter->handleRequest(null, Object(Config\Cache), false)
 6 FCPATH\index.php(79): CodeIgniter\CodeIgniter->run()
 7 SYSTEMPATH\Commands\Server\rewrite.php(47): require_once('C:\\laragon\\www\\geotranck-dev\\public\\index.php')
WARNING - 2024-04-17 00:51:19 --> [DEPRECATED] usort(): Returning bool from comparison function is deprecated, return an integer less than, equal to, or greater than zero in APPPATH\Controllers\GestionUsuarioController.php on line 346.
 1 APPPATH\Controllers\GestionUsuarioController.php(346): usort([...], Object(Closure))
 2 APPPATH\Controllers\GestionUsuarioController.php(158): App\Controllers\GestionUsuarioController->datatables('[{"id":"5","nombre":"dw","descripcion":"qwd","grupo_privilegio":"dwdwdw","estado":"1","created_at":"2024-04-08 00:51:33"},{"id":"6","nombre":"xs","descripcion":"xs","grupo_privilegio":"dwdwdw","estado":"1","created_at":"2024-04-08 00:52:18"},{"id":"7","nombre":"d","descripcion":"dw","grupo_privilegio":"fe","estado":"1","created_at":"2024-04-08 00:58:52"},{"id":"8","nombre":"xsxs","descripcion":"xs","grupo_privilegio":"dwdwdw","estado":"1","created_at":"2024-04-08 01:04:24"},{"id":"3","nombre":"Rol 3","descripcion":"","grupo_privilegio":"dwdwdw","estado":"1","created_at":"2024-04-06 04:33:03.011218"},{"id":"10","nombre":"cr","descripcion":"","grupo_privilegio":"dwdwdw","estado":"1","created_at":"2024-04-08 01:09:17"},{"id":"4","nombre":"dwd","descripcion":"dw","grupo_privilegio":"gf1231231212100njkn","estado":"1","created_at":"2024-04-08 00:50:18"},{"id":"11","nombre":"fe 123 213 dsfdsf","descripcion":"vd","grupo_privilegio":"dwdwdw","estado":"1","created_at":"2024-04-08 21:00:36"}]', [...])
 3 SYSTEMPATH\CodeIgniter.php(941): App\Controllers\GestionUsuarioController->DatosRolesView()
 4 SYSTEMPATH\CodeIgniter.php(502): CodeIgniter\CodeIgniter->runController(Object(App\Controllers\GestionUsuarioController))
 5 SYSTEMPATH\CodeIgniter.php(361): CodeIgniter\CodeIgniter->handleRequest(null, Object(Config\Cache), false)
 6 FCPATH\index.php(79): CodeIgniter\CodeIgniter->run()
 7 SYSTEMPATH\Commands\Server\rewrite.php(47): require_once('C:\\laragon\\www\\geotranck-dev\\public\\index.php')
WARNING - 2024-04-17 00:51:51 --> [DEPRECATED] usort(): Returning bool from comparison function is deprecated, return an integer less than, equal to, or greater than zero in APPPATH\Controllers\GestionUsuarioController.php on line 346.
 1 APPPATH\Controllers\GestionUsuarioController.php(346): usort([...], Object(Closure))
 2 APPPATH\Controllers\GestionUsuarioController.php(158): App\Controllers\GestionUsuarioController->datatables('[{"id":"5","nombre":"dw","descripcion":"qwd","grupo_privilegio":"dwdwdw","estado":"1","created_at":"2024-04-08 00:51:33"},{"id":"6","nombre":"xs","descripcion":"xs","grupo_privilegio":"dwdwdw","estado":"1","created_at":"2024-04-08 00:52:18"},{"id":"7","nombre":"d","descripcion":"dw","grupo_privilegio":"fe","estado":"1","created_at":"2024-04-08 00:58:52"},{"id":"8","nombre":"xsxs","descripcion":"xs","grupo_privilegio":"dwdwdw","estado":"1","created_at":"2024-04-08 01:04:24"},{"id":"3","nombre":"Rol 3","descripcion":"","grupo_privilegio":"dwdwdw","estado":"1","created_at":"2024-04-06 04:33:03.011218"},{"id":"10","nombre":"cr","descripcion":"","grupo_privilegio":"dwdwdw","estado":"1","created_at":"2024-04-08 01:09:17"},{"id":"4","nombre":"dwd","descripcion":"dw","grupo_privilegio":"gf1231231212100njkn","estado":"1","created_at":"2024-04-08 00:50:18"},{"id":"11","nombre":"fe 123 213 dsfdsf","descripcion":"vd","grupo_privilegio":"dwdwdw","estado":"1","created_at":"2024-04-08 21:00:36"}]', [...])
 3 SYSTEMPATH\CodeIgniter.php(941): App\Controllers\GestionUsuarioController->DatosRolesView()
 4 SYSTEMPATH\CodeIgniter.php(502): CodeIgniter\CodeIgniter->runController(Object(App\Controllers\GestionUsuarioController))
 5 SYSTEMPATH\CodeIgniter.php(361): CodeIgniter\CodeIgniter->handleRequest(null, Object(Config\Cache), false)
 6 FCPATH\index.php(79): CodeIgniter\CodeIgniter->run()
 7 SYSTEMPATH\Commands\Server\rewrite.php(47): require_once('C:\\laragon\\www\\geotranck-dev\\public\\index.php')
WARNING - 2024-04-17 00:53:56 --> [DEPRECATED] usort(): Returning bool from comparison function is deprecated, return an integer less than, equal to, or greater than zero in APPPATH\Controllers\GestionUsuarioController.php on line 346.
 1 APPPATH\Controllers\GestionUsuarioController.php(346): usort([...], Object(Closure))
 2 APPPATH\Controllers\GestionUsuarioController.php(158): App\Controllers\GestionUsuarioController->datatables('[{"id":"5","nombre":"dw","descripcion":"qwd","grupo_privilegio":"dwdwdw","estado":"1","created_at":"2024-04-08 00:51:33"},{"id":"6","nombre":"xs","descripcion":"xs","grupo_privilegio":"dwdwdw","estado":"1","created_at":"2024-04-08 00:52:18"},{"id":"7","nombre":"d","descripcion":"dw","grupo_privilegio":"fe","estado":"1","created_at":"2024-04-08 00:58:52"},{"id":"8","nombre":"xsxs","descripcion":"xs","grupo_privilegio":"dwdwdw","estado":"1","created_at":"2024-04-08 01:04:24"},{"id":"3","nombre":"Rol 3","descripcion":"","grupo_privilegio":"dwdwdw","estado":"1","created_at":"2024-04-06 04:33:03.011218"},{"id":"10","nombre":"cr","descripcion":"","grupo_privilegio":"dwdwdw","estado":"1","created_at":"2024-04-08 01:09:17"},{"id":"4","nombre":"dwd","descripcion":"dw","grupo_privilegio":"gf1231231212100njkn","estado":"1","created_at":"2024-04-08 00:50:18"},{"id":"11","nombre":"fe 123 213 dsfdsf","descripcion":"vd","grupo_privilegio":"dwdwdw","estado":"1","created_at":"2024-04-08 21:00:36"}]', [...])
 3 SYSTEMPATH\CodeIgniter.php(941): App\Controllers\GestionUsuarioController->DatosRolesView()
 4 SYSTEMPATH\CodeIgniter.php(502): CodeIgniter\CodeIgniter->runController(Object(App\Controllers\GestionUsuarioController))
 5 SYSTEMPATH\CodeIgniter.php(361): CodeIgniter\CodeIgniter->handleRequest(null, Object(Config\Cache), false)
 6 FCPATH\index.php(79): CodeIgniter\CodeIgniter->run()
 7 SYSTEMPATH\Commands\Server\rewrite.php(47): require_once('C:\\laragon\\www\\geotranck-dev\\public\\index.php')
WARNING - 2024-04-17 00:54:49 --> [DEPRECATED] usort(): Returning bool from comparison function is deprecated, return an integer less than, equal to, or greater than zero in APPPATH\Controllers\GestionUsuarioController.php on line 346.
 1 APPPATH\Controllers\GestionUsuarioController.php(346): usort([...], Object(Closure))
 2 APPPATH\Controllers\GestionUsuarioController.php(158): App\Controllers\GestionUsuarioController->datatables('[{"id":"5","nombre":"dw","descripcion":"qwd","grupo_privilegio":"dwdwdw","estado":"1","created_at":"2024-04-08 00:51:33"},{"id":"6","nombre":"xs","descripcion":"xs","grupo_privilegio":"dwdwdw","estado":"1","created_at":"2024-04-08 00:52:18"},{"id":"7","nombre":"d","descripcion":"dw","grupo_privilegio":"fe","estado":"1","created_at":"2024-04-08 00:58:52"},{"id":"8","nombre":"xsxs","descripcion":"xs","grupo_privilegio":"dwdwdw","estado":"1","created_at":"2024-04-08 01:04:24"},{"id":"3","nombre":"Rol 3","descripcion":"","grupo_privilegio":"dwdwdw","estado":"1","created_at":"2024-04-06 04:33:03.011218"},{"id":"10","nombre":"cr","descripcion":"","grupo_privilegio":"dwdwdw","estado":"1","created_at":"2024-04-08 01:09:17"},{"id":"4","nombre":"dwd","descripcion":"dw","grupo_privilegio":"gf1231231212100njkn","estado":"1","created_at":"2024-04-08 00:50:18"},{"id":"11","nombre":"fe 123 213 dsfdsf","descripcion":"vd","grupo_privilegio":"dwdwdw","estado":"1","created_at":"2024-04-08 21:00:36"}]', [...])
 3 SYSTEMPATH\CodeIgniter.php(941): App\Controllers\GestionUsuarioController->DatosRolesView()
 4 SYSTEMPATH\CodeIgniter.php(502): CodeIgniter\CodeIgniter->runController(Object(App\Controllers\GestionUsuarioController))
 5 SYSTEMPATH\CodeIgniter.php(361): CodeIgniter\CodeIgniter->handleRequest(null, Object(Config\Cache), false)
 6 FCPATH\index.php(79): CodeIgniter\CodeIgniter->run()
 7 SYSTEMPATH\Commands\Server\rewrite.php(47): require_once('C:\\laragon\\www\\geotranck-dev\\public\\index.php')
WARNING - 2024-04-17 00:55:13 --> [DEPRECATED] usort(): Returning bool from comparison function is deprecated, return an integer less than, equal to, or greater than zero in APPPATH\Controllers\GestionUsuarioController.php on line 346.
 1 APPPATH\Controllers\GestionUsuarioController.php(346): usort([...], Object(Closure))
 2 APPPATH\Controllers\GestionUsuarioController.php(158): App\Controllers\GestionUsuarioController->datatables('[{"id":"5","nombre":"dw","descripcion":"qwd","grupo_privilegio":"dwdwdw","estado":"1","created_at":"2024-04-08 00:51:33"},{"id":"6","nombre":"xs","descripcion":"xs","grupo_privilegio":"dwdwdw","estado":"1","created_at":"2024-04-08 00:52:18"},{"id":"7","nombre":"d","descripcion":"dw","grupo_privilegio":"fe","estado":"1","created_at":"2024-04-08 00:58:52"},{"id":"8","nombre":"xsxs","descripcion":"xs","grupo_privilegio":"dwdwdw","estado":"1","created_at":"2024-04-08 01:04:24"},{"id":"3","nombre":"Rol 3","descripcion":"","grupo_privilegio":"dwdwdw","estado":"1","created_at":"2024-04-06 04:33:03.011218"},{"id":"10","nombre":"cr","descripcion":"","grupo_privilegio":"dwdwdw","estado":"1","created_at":"2024-04-08 01:09:17"},{"id":"4","nombre":"dwd","descripcion":"dw","grupo_privilegio":"gf1231231212100njkn","estado":"1","created_at":"2024-04-08 00:50:18"},{"id":"11","nombre":"fe 123 213 dsfdsf","descripcion":"vd","grupo_privilegio":"dwdwdw","estado":"1","created_at":"2024-04-08 21:00:36"}]', [...])
 3 SYSTEMPATH\CodeIgniter.php(941): App\Controllers\GestionUsuarioController->DatosRolesView()
 4 SYSTEMPATH\CodeIgniter.php(502): CodeIgniter\CodeIgniter->runController(Object(App\Controllers\GestionUsuarioController))
 5 SYSTEMPATH\CodeIgniter.php(361): CodeIgniter\CodeIgniter->handleRequest(null, Object(Config\Cache), false)
 6 FCPATH\index.php(79): CodeIgniter\CodeIgniter->run()
 7 SYSTEMPATH\Commands\Server\rewrite.php(47): require_once('C:\\laragon\\www\\geotranck-dev\\public\\index.php')
WARNING - 2024-04-17 00:55:40 --> [DEPRECATED] usort(): Returning bool from comparison function is deprecated, return an integer less than, equal to, or greater than zero in APPPATH\Controllers\GestionUsuarioController.php on line 346.
 1 APPPATH\Controllers\GestionUsuarioController.php(346): usort([...], Object(Closure))
 2 APPPATH\Controllers\GestionUsuarioController.php(158): App\Controllers\GestionUsuarioController->datatables('[{"id":"5","nombre":"dw","descripcion":"qwd","grupo_privilegio":"dwdwdw","estado":"1","created_at":"2024-04-08 00:51:33"},{"id":"6","nombre":"xs","descripcion":"xs","grupo_privilegio":"dwdwdw","estado":"1","created_at":"2024-04-08 00:52:18"},{"id":"7","nombre":"d","descripcion":"dw","grupo_privilegio":"fe","estado":"1","created_at":"2024-04-08 00:58:52"},{"id":"8","nombre":"xsxs","descripcion":"xs","grupo_privilegio":"dwdwdw","estado":"1","created_at":"2024-04-08 01:04:24"},{"id":"3","nombre":"Rol 3","descripcion":"","grupo_privilegio":"dwdwdw","estado":"1","created_at":"2024-04-06 04:33:03.011218"},{"id":"10","nombre":"cr","descripcion":"","grupo_privilegio":"dwdwdw","estado":"1","created_at":"2024-04-08 01:09:17"},{"id":"4","nombre":"dwd","descripcion":"dw","grupo_privilegio":"gf1231231212100njkn","estado":"1","created_at":"2024-04-08 00:50:18"},{"id":"11","nombre":"fe 123 213 dsfdsf","descripcion":"vd","grupo_privilegio":"dwdwdw","estado":"1","created_at":"2024-04-08 21:00:36"}]', [...])
 3 SYSTEMPATH\CodeIgniter.php(941): App\Controllers\GestionUsuarioController->DatosRolesView()
 4 SYSTEMPATH\CodeIgniter.php(502): CodeIgniter\CodeIgniter->runController(Object(App\Controllers\GestionUsuarioController))
 5 SYSTEMPATH\CodeIgniter.php(361): CodeIgniter\CodeIgniter->handleRequest(null, Object(Config\Cache), false)
 6 FCPATH\index.php(79): CodeIgniter\CodeIgniter->run()
 7 SYSTEMPATH\Commands\Server\rewrite.php(47): require_once('C:\\laragon\\www\\geotranck-dev\\public\\index.php')
WARNING - 2024-04-17 00:56:22 --> [DEPRECATED] usort(): Returning bool from comparison function is deprecated, return an integer less than, equal to, or greater than zero in APPPATH\Controllers\GestionUsuarioController.php on line 346.
 1 APPPATH\Controllers\GestionUsuarioController.php(346): usort([...], Object(Closure))
 2 APPPATH\Controllers\GestionUsuarioController.php(158): App\Controllers\GestionUsuarioController->datatables('[{"id":"5","nombre":"dw","descripcion":"qwd","grupo_privilegio":"dwdwdw","estado":"1","created_at":"2024-04-08 00:51:33"},{"id":"6","nombre":"xs","descripcion":"xs","grupo_privilegio":"dwdwdw","estado":"1","created_at":"2024-04-08 00:52:18"},{"id":"7","nombre":"d","descripcion":"dw","grupo_privilegio":"fe","estado":"1","created_at":"2024-04-08 00:58:52"},{"id":"8","nombre":"xsxs","descripcion":"xs","grupo_privilegio":"dwdwdw","estado":"1","created_at":"2024-04-08 01:04:24"},{"id":"3","nombre":"Rol 3","descripcion":"","grupo_privilegio":"dwdwdw","estado":"1","created_at":"2024-04-06 04:33:03.011218"},{"id":"10","nombre":"cr","descripcion":"","grupo_privilegio":"dwdwdw","estado":"1","created_at":"2024-04-08 01:09:17"},{"id":"4","nombre":"dwd","descripcion":"dw","grupo_privilegio":"gf1231231212100njkn","estado":"1","created_at":"2024-04-08 00:50:18"},{"id":"11","nombre":"fe 123 213 dsfdsf","descripcion":"vd","grupo_privilegio":"dwdwdw","estado":"1","created_at":"2024-04-08 21:00:36"}]', [...])
 3 SYSTEMPATH\CodeIgniter.php(941): App\Controllers\GestionUsuarioController->DatosRolesView()
 4 SYSTEMPATH\CodeIgniter.php(502): CodeIgniter\CodeIgniter->runController(Object(App\Controllers\GestionUsuarioController))
 5 SYSTEMPATH\CodeIgniter.php(361): CodeIgniter\CodeIgniter->handleRequest(null, Object(Config\Cache), false)
 6 FCPATH\index.php(79): CodeIgniter\CodeIgniter->run()
 7 SYSTEMPATH\Commands\Server\rewrite.php(47): require_once('C:\\laragon\\www\\geotranck-dev\\public\\index.php')
WARNING - 2024-04-17 00:58:04 --> [DEPRECATED] usort(): Returning bool from comparison function is deprecated, return an integer less than, equal to, or greater than zero in APPPATH\Controllers\GestionUsuarioController.php on line 346.
 1 APPPATH\Controllers\GestionUsuarioController.php(346): usort([...], Object(Closure))
 2 APPPATH\Controllers\GestionUsuarioController.php(158): App\Controllers\GestionUsuarioController->datatables('[{"id":"5","nombre":"dw","descripcion":"qwd","grupo_privilegio":"dwdwdw","estado":"1","created_at":"2024-04-08 00:51:33"},{"id":"6","nombre":"xs","descripcion":"xs","grupo_privilegio":"dwdwdw","estado":"1","created_at":"2024-04-08 00:52:18"},{"id":"7","nombre":"d","descripcion":"dw","grupo_privilegio":"fe","estado":"1","created_at":"2024-04-08 00:58:52"},{"id":"8","nombre":"xsxs","descripcion":"xs","grupo_privilegio":"dwdwdw","estado":"1","created_at":"2024-04-08 01:04:24"},{"id":"3","nombre":"Rol 3","descripcion":"","grupo_privilegio":"dwdwdw","estado":"1","created_at":"2024-04-06 04:33:03.011218"},{"id":"10","nombre":"cr","descripcion":"","grupo_privilegio":"dwdwdw","estado":"1","created_at":"2024-04-08 01:09:17"},{"id":"4","nombre":"dwd","descripcion":"dw","grupo_privilegio":"gf1231231212100njkn","estado":"1","created_at":"2024-04-08 00:50:18"},{"id":"11","nombre":"fe 123 213 dsfdsf","descripcion":"vd","grupo_privilegio":"dwdwdw","estado":"1","created_at":"2024-04-08 21:00:36"}]', [...])
 3 SYSTEMPATH\CodeIgniter.php(941): App\Controllers\GestionUsuarioController->DatosRolesView()
 4 SYSTEMPATH\CodeIgniter.php(502): CodeIgniter\CodeIgniter->runController(Object(App\Controllers\GestionUsuarioController))
 5 SYSTEMPATH\CodeIgniter.php(361): CodeIgniter\CodeIgniter->handleRequest(null, Object(Config\Cache), false)
 6 FCPATH\index.php(79): CodeIgniter\CodeIgniter->run()
 7 SYSTEMPATH\Commands\Server\rewrite.php(47): require_once('C:\\laragon\\www\\geotranck-dev\\public\\index.php')
WARNING - 2024-04-17 00:58:30 --> [DEPRECATED] usort(): Returning bool from comparison function is deprecated, return an integer less than, equal to, or greater than zero in APPPATH\Controllers\GestionUsuarioController.php on line 346.
 1 APPPATH\Controllers\GestionUsuarioController.php(346): usort([...], Object(Closure))
 2 APPPATH\Controllers\GestionUsuarioController.php(158): App\Controllers\GestionUsuarioController->datatables('[{"id":"5","nombre":"dw","descripcion":"qwd","grupo_privilegio":"dwdwdw","estado":"1","created_at":"2024-04-08 00:51:33"},{"id":"6","nombre":"xs","descripcion":"xs","grupo_privilegio":"dwdwdw","estado":"1","created_at":"2024-04-08 00:52:18"},{"id":"7","nombre":"d","descripcion":"dw","grupo_privilegio":"fe","estado":"1","created_at":"2024-04-08 00:58:52"},{"id":"8","nombre":"xsxs","descripcion":"xs","grupo_privilegio":"dwdwdw","estado":"1","created_at":"2024-04-08 01:04:24"},{"id":"3","nombre":"Rol 3","descripcion":"","grupo_privilegio":"dwdwdw","estado":"1","created_at":"2024-04-06 04:33:03.011218"},{"id":"10","nombre":"cr","descripcion":"","grupo_privilegio":"dwdwdw","estado":"1","created_at":"2024-04-08 01:09:17"},{"id":"4","nombre":"dwd","descripcion":"dw","grupo_privilegio":"gf1231231212100njkn","estado":"1","created_at":"2024-04-08 00:50:18"},{"id":"11","nombre":"fe 123 213 dsfdsf","descripcion":"vd","grupo_privilegio":"dwdwdw","estado":"1","created_at":"2024-04-08 21:00:36"}]', [...])
 3 SYSTEMPATH\CodeIgniter.php(941): App\Controllers\GestionUsuarioController->DatosRolesView()
 4 SYSTEMPATH\CodeIgniter.php(502): CodeIgniter\CodeIgniter->runController(Object(App\Controllers\GestionUsuarioController))
 5 SYSTEMPATH\CodeIgniter.php(361): CodeIgniter\CodeIgniter->handleRequest(null, Object(Config\Cache), false)
 6 FCPATH\index.php(79): CodeIgniter\CodeIgniter->run()
 7 SYSTEMPATH\Commands\Server\rewrite.php(47): require_once('C:\\laragon\\www\\geotranck-dev\\public\\index.php')
WARNING - 2024-04-17 00:58:54 --> [DEPRECATED] usort(): Returning bool from comparison function is deprecated, return an integer less than, equal to, or greater than zero in APPPATH\Controllers\GestionUsuarioController.php on line 346.
 1 APPPATH\Controllers\GestionUsuarioController.php(346): usort([...], Object(Closure))
 2 APPPATH\Controllers\GestionUsuarioController.php(158): App\Controllers\GestionUsuarioController->datatables('[{"id":"5","nombre":"dw","descripcion":"qwd","grupo_privilegio":"dwdwdw","estado":"1","created_at":"2024-04-08 00:51:33"},{"id":"6","nombre":"xs","descripcion":"xs","grupo_privilegio":"dwdwdw","estado":"1","created_at":"2024-04-08 00:52:18"},{"id":"7","nombre":"d","descripcion":"dw","grupo_privilegio":"fe","estado":"1","created_at":"2024-04-08 00:58:52"},{"id":"8","nombre":"xsxs","descripcion":"xs","grupo_privilegio":"dwdwdw","estado":"1","created_at":"2024-04-08 01:04:24"},{"id":"3","nombre":"Rol 3","descripcion":"","grupo_privilegio":"dwdwdw","estado":"1","created_at":"2024-04-06 04:33:03.011218"},{"id":"10","nombre":"cr","descripcion":"","grupo_privilegio":"dwdwdw","estado":"1","created_at":"2024-04-08 01:09:17"},{"id":"4","nombre":"dwd","descripcion":"dw","grupo_privilegio":"gf1231231212100njkn","estado":"1","created_at":"2024-04-08 00:50:18"},{"id":"11","nombre":"fe 123 213 dsfdsf","descripcion":"vd","grupo_privilegio":"dwdwdw","estado":"1","created_at":"2024-04-08 21:00:36"}]', [...])
 3 SYSTEMPATH\CodeIgniter.php(941): App\Controllers\GestionUsuarioController->DatosRolesView()
 4 SYSTEMPATH\CodeIgniter.php(502): CodeIgniter\CodeIgniter->runController(Object(App\Controllers\GestionUsuarioController))
 5 SYSTEMPATH\CodeIgniter.php(361): CodeIgniter\CodeIgniter->handleRequest(null, Object(Config\Cache), false)
 6 FCPATH\index.php(79): CodeIgniter\CodeIgniter->run()
 7 SYSTEMPATH\Commands\Server\rewrite.php(47): require_once('C:\\laragon\\www\\geotranck-dev\\public\\index.php')
WARNING - 2024-04-17 01:00:51 --> [DEPRECATED] usort(): Returning bool from comparison function is deprecated, return an integer less than, equal to, or greater than zero in APPPATH\Controllers\GestionUsuarioController.php on line 346.
 1 APPPATH\Controllers\GestionUsuarioController.php(346): usort([...], Object(Closure))
 2 APPPATH\Controllers\GestionUsuarioController.php(158): App\Controllers\GestionUsuarioController->datatables('[{"id":"5","nombre":"dw","descripcion":"qwd","grupo_privilegio":"dwdwdw","estado":"1","created_at":"2024-04-08 00:51:33"},{"id":"6","nombre":"xs","descripcion":"xs","grupo_privilegio":"dwdwdw","estado":"1","created_at":"2024-04-08 00:52:18"},{"id":"7","nombre":"d","descripcion":"dw","grupo_privilegio":"fe","estado":"1","created_at":"2024-04-08 00:58:52"},{"id":"8","nombre":"xsxs","descripcion":"xs","grupo_privilegio":"dwdwdw","estado":"1","created_at":"2024-04-08 01:04:24"},{"id":"3","nombre":"Rol 3","descripcion":"","grupo_privilegio":"dwdwdw","estado":"1","created_at":"2024-04-06 04:33:03.011218"},{"id":"10","nombre":"cr","descripcion":"","grupo_privilegio":"dwdwdw","estado":"1","created_at":"2024-04-08 01:09:17"},{"id":"4","nombre":"dwd","descripcion":"dw","grupo_privilegio":"gf1231231212100njkn","estado":"1","created_at":"2024-04-08 00:50:18"},{"id":"11","nombre":"fe 123 213 dsfdsf","descripcion":"vd","grupo_privilegio":"dwdwdw","estado":"1","created_at":"2024-04-08 21:00:36"}]', [...])
 3 SYSTEMPATH\CodeIgniter.php(941): App\Controllers\GestionUsuarioController->DatosRolesView()
 4 SYSTEMPATH\CodeIgniter.php(502): CodeIgniter\CodeIgniter->runController(Object(App\Controllers\GestionUsuarioController))
 5 SYSTEMPATH\CodeIgniter.php(361): CodeIgniter\CodeIgniter->handleRequest(null, Object(Config\Cache), false)
 6 FCPATH\index.php(79): CodeIgniter\CodeIgniter->run()
 7 SYSTEMPATH\Commands\Server\rewrite.php(47): require_once('C:\\laragon\\www\\geotranck-dev\\public\\index.php')
WARNING - 2024-04-17 01:01:12 --> [DEPRECATED] usort(): Returning bool from comparison function is deprecated, return an integer less than, equal to, or greater than zero in APPPATH\Controllers\GestionUsuarioController.php on line 346.
 1 APPPATH\Controllers\GestionUsuarioController.php(346): usort([...], Object(Closure))
 2 APPPATH\Controllers\GestionUsuarioController.php(158): App\Controllers\GestionUsuarioController->datatables('[{"id":"5","nombre":"dw","descripcion":"qwd","grupo_privilegio":"dwdwdw","estado":"1","created_at":"2024-04-08 00:51:33"},{"id":"6","nombre":"xs","descripcion":"xs","grupo_privilegio":"dwdwdw","estado":"1","created_at":"2024-04-08 00:52:18"},{"id":"7","nombre":"d","descripcion":"dw","grupo_privilegio":"fe","estado":"1","created_at":"2024-04-08 00:58:52"},{"id":"8","nombre":"xsxs","descripcion":"xs","grupo_privilegio":"dwdwdw","estado":"1","created_at":"2024-04-08 01:04:24"},{"id":"3","nombre":"Rol 3","descripcion":"","grupo_privilegio":"dwdwdw","estado":"1","created_at":"2024-04-06 04:33:03.011218"},{"id":"10","nombre":"cr","descripcion":"","grupo_privilegio":"dwdwdw","estado":"1","created_at":"2024-04-08 01:09:17"},{"id":"4","nombre":"dwd","descripcion":"dw","grupo_privilegio":"gf1231231212100njkn","estado":"1","created_at":"2024-04-08 00:50:18"},{"id":"11","nombre":"fe 123 213 dsfdsf","descripcion":"vd","grupo_privilegio":"dwdwdw","estado":"1","created_at":"2024-04-08 21:00:36"}]', [...])
 3 SYSTEMPATH\CodeIgniter.php(941): App\Controllers\GestionUsuarioController->DatosRolesView()
 4 SYSTEMPATH\CodeIgniter.php(502): CodeIgniter\CodeIgniter->runController(Object(App\Controllers\GestionUsuarioController))
 5 SYSTEMPATH\CodeIgniter.php(361): CodeIgniter\CodeIgniter->handleRequest(null, Object(Config\Cache), false)
 6 FCPATH\index.php(79): CodeIgniter\CodeIgniter->run()
 7 SYSTEMPATH\Commands\Server\rewrite.php(47): require_once('C:\\laragon\\www\\geotranck-dev\\public\\index.php')
WARNING - 2024-04-17 01:01:30 --> [DEPRECATED] usort(): Returning bool from comparison function is deprecated, return an integer less than, equal to, or greater than zero in APPPATH\Controllers\GestionUsuarioController.php on line 346.
 1 APPPATH\Controllers\GestionUsuarioController.php(346): usort([...], Object(Closure))
 2 APPPATH\Controllers\GestionUsuarioController.php(158): App\Controllers\GestionUsuarioController->datatables('[{"id":"5","nombre":"dw","descripcion":"qwd","grupo_privilegio":"dwdwdw","estado":"1","created_at":"2024-04-08 00:51:33"},{"id":"6","nombre":"xs","descripcion":"xs","grupo_privilegio":"dwdwdw","estado":"1","created_at":"2024-04-08 00:52:18"},{"id":"7","nombre":"d","descripcion":"dw","grupo_privilegio":"fe","estado":"1","created_at":"2024-04-08 00:58:52"},{"id":"8","nombre":"xsxs","descripcion":"xs","grupo_privilegio":"dwdwdw","estado":"1","created_at":"2024-04-08 01:04:24"},{"id":"3","nombre":"Rol 3","descripcion":"","grupo_privilegio":"dwdwdw","estado":"1","created_at":"2024-04-06 04:33:03.011218"},{"id":"10","nombre":"cr","descripcion":"","grupo_privilegio":"dwdwdw","estado":"1","created_at":"2024-04-08 01:09:17"},{"id":"4","nombre":"dwd","descripcion":"dw","grupo_privilegio":"gf1231231212100njkn","estado":"1","created_at":"2024-04-08 00:50:18"},{"id":"11","nombre":"fe 123 213 dsfdsf","descripcion":"vd","grupo_privilegio":"dwdwdw","estado":"1","created_at":"2024-04-08 21:00:36"}]', [...])
 3 SYSTEMPATH\CodeIgniter.php(941): App\Controllers\GestionUsuarioController->DatosRolesView()
 4 SYSTEMPATH\CodeIgniter.php(502): CodeIgniter\CodeIgniter->runController(Object(App\Controllers\GestionUsuarioController))
 5 SYSTEMPATH\CodeIgniter.php(361): CodeIgniter\CodeIgniter->handleRequest(null, Object(Config\Cache), false)
 6 FCPATH\index.php(79): CodeIgniter\CodeIgniter->run()
 7 SYSTEMPATH\Commands\Server\rewrite.php(47): require_once('C:\\laragon\\www\\geotranck-dev\\public\\index.php')
WARNING - 2024-04-17 01:03:24 --> [DEPRECATED] usort(): Returning bool from comparison function is deprecated, return an integer less than, equal to, or greater than zero in APPPATH\Controllers\GestionUsuarioController.php on line 346.
 1 APPPATH\Controllers\GestionUsuarioController.php(346): usort([...], Object(Closure))
 2 APPPATH\Controllers\GestionUsuarioController.php(158): App\Controllers\GestionUsuarioController->datatables('[{"id":"5","nombre":"dw","descripcion":"qwd","grupo_privilegio":"dwdwdw","estado":"1","created_at":"2024-04-08 00:51:33"},{"id":"6","nombre":"xs","descripcion":"xs","grupo_privilegio":"dwdwdw","estado":"1","created_at":"2024-04-08 00:52:18"},{"id":"7","nombre":"d","descripcion":"dw","grupo_privilegio":"fe","estado":"1","created_at":"2024-04-08 00:58:52"},{"id":"8","nombre":"xsxs","descripcion":"xs","grupo_privilegio":"dwdwdw","estado":"1","created_at":"2024-04-08 01:04:24"},{"id":"3","nombre":"Rol 3","descripcion":"","grupo_privilegio":"dwdwdw","estado":"1","created_at":"2024-04-06 04:33:03.011218"},{"id":"10","nombre":"cr","descripcion":"","grupo_privilegio":"dwdwdw","estado":"1","created_at":"2024-04-08 01:09:17"},{"id":"4","nombre":"dwd","descripcion":"dw","grupo_privilegio":"gf1231231212100njkn","estado":"1","created_at":"2024-04-08 00:50:18"},{"id":"11","nombre":"fe 123 213 dsfdsf","descripcion":"vd","grupo_privilegio":"dwdwdw","estado":"1","created_at":"2024-04-08 21:00:36"}]', [...])
 3 SYSTEMPATH\CodeIgniter.php(941): App\Controllers\GestionUsuarioController->DatosRolesView()
 4 SYSTEMPATH\CodeIgniter.php(502): CodeIgniter\CodeIgniter->runController(Object(App\Controllers\GestionUsuarioController))
 5 SYSTEMPATH\CodeIgniter.php(361): CodeIgniter\CodeIgniter->handleRequest(null, Object(Config\Cache), false)
 6 FCPATH\index.php(79): CodeIgniter\CodeIgniter->run()
 7 SYSTEMPATH\Commands\Server\rewrite.php(47): require_once('C:\\laragon\\www\\geotranck-dev\\public\\index.php')
WARNING - 2024-04-17 01:04:10 --> [DEPRECATED] usort(): Returning bool from comparison function is deprecated, return an integer less than, equal to, or greater than zero in APPPATH\Controllers\GestionUsuarioController.php on line 346.
 1 APPPATH\Controllers\GestionUsuarioController.php(346): usort([...], Object(Closure))
 2 APPPATH\Controllers\GestionUsuarioController.php(158): App\Controllers\GestionUsuarioController->datatables('[{"id":"5","nombre":"dw","descripcion":"qwd","grupo_privilegio":"dwdwdw","estado":"1","created_at":"2024-04-08 00:51:33"},{"id":"6","nombre":"xs","descripcion":"xs","grupo_privilegio":"dwdwdw","estado":"1","created_at":"2024-04-08 00:52:18"},{"id":"7","nombre":"d","descripcion":"dw","grupo_privilegio":"fe","estado":"1","created_at":"2024-04-08 00:58:52"},{"id":"8","nombre":"xsxs","descripcion":"xs","grupo_privilegio":"dwdwdw","estado":"1","created_at":"2024-04-08 01:04:24"},{"id":"3","nombre":"Rol 3","descripcion":"","grupo_privilegio":"dwdwdw","estado":"1","created_at":"2024-04-06 04:33:03.011218"},{"id":"10","nombre":"cr","descripcion":"","grupo_privilegio":"dwdwdw","estado":"1","created_at":"2024-04-08 01:09:17"},{"id":"4","nombre":"dwd","descripcion":"dw","grupo_privilegio":"gf1231231212100njkn","estado":"1","created_at":"2024-04-08 00:50:18"},{"id":"11","nombre":"fe 123 213 dsfdsf","descripcion":"vd","grupo_privilegio":"dwdwdw","estado":"1","created_at":"2024-04-08 21:00:36"}]', [...])
 3 SYSTEMPATH\CodeIgniter.php(941): App\Controllers\GestionUsuarioController->DatosRolesView()
 4 SYSTEMPATH\CodeIgniter.php(502): CodeIgniter\CodeIgniter->runController(Object(App\Controllers\GestionUsuarioController))
 5 SYSTEMPATH\CodeIgniter.php(361): CodeIgniter\CodeIgniter->handleRequest(null, Object(Config\Cache), false)
 6 FCPATH\index.php(79): CodeIgniter\CodeIgniter->run()
 7 SYSTEMPATH\Commands\Server\rewrite.php(47): require_once('C:\\laragon\\www\\geotranck-dev\\public\\index.php')
WARNING - 2024-04-17 01:04:48 --> [DEPRECATED] usort(): Returning bool from comparison function is deprecated, return an integer less than, equal to, or greater than zero in APPPATH\Controllers\GestionUsuarioController.php on line 346.
 1 APPPATH\Controllers\GestionUsuarioController.php(346): usort([...], Object(Closure))
 2 APPPATH\Controllers\GestionUsuarioController.php(158): App\Controllers\GestionUsuarioController->datatables('[{"id":"5","nombre":"dw","descripcion":"qwd","grupo_privilegio":"dwdwdw","estado":"1","created_at":"2024-04-08 00:51:33"},{"id":"6","nombre":"xs","descripcion":"xs","grupo_privilegio":"dwdwdw","estado":"1","created_at":"2024-04-08 00:52:18"},{"id":"7","nombre":"d","descripcion":"dw","grupo_privilegio":"fe","estado":"1","created_at":"2024-04-08 00:58:52"},{"id":"8","nombre":"xsxs","descripcion":"xs","grupo_privilegio":"dwdwdw","estado":"1","created_at":"2024-04-08 01:04:24"},{"id":"3","nombre":"Rol 3","descripcion":"","grupo_privilegio":"dwdwdw","estado":"1","created_at":"2024-04-06 04:33:03.011218"},{"id":"10","nombre":"cr","descripcion":"","grupo_privilegio":"dwdwdw","estado":"1","created_at":"2024-04-08 01:09:17"},{"id":"4","nombre":"dwd","descripcion":"dw","grupo_privilegio":"gf1231231212100njkn","estado":"1","created_at":"2024-04-08 00:50:18"},{"id":"11","nombre":"fe 123 213 dsfdsf","descripcion":"vd","grupo_privilegio":"dwdwdw","estado":"1","created_at":"2024-04-08 21:00:36"}]', [...])
 3 SYSTEMPATH\CodeIgniter.php(941): App\Controllers\GestionUsuarioController->DatosRolesView()
 4 SYSTEMPATH\CodeIgniter.php(502): CodeIgniter\CodeIgniter->runController(Object(App\Controllers\GestionUsuarioController))
 5 SYSTEMPATH\CodeIgniter.php(361): CodeIgniter\CodeIgniter->handleRequest(null, Object(Config\Cache), false)
 6 FCPATH\index.php(79): CodeIgniter\CodeIgniter->run()
 7 SYSTEMPATH\Commands\Server\rewrite.php(47): require_once('C:\\laragon\\www\\geotranck-dev\\public\\index.php')
WARNING - 2024-04-17 01:05:06 --> [DEPRECATED] usort(): Returning bool from comparison function is deprecated, return an integer less than, equal to, or greater than zero in APPPATH\Controllers\GestionUsuarioController.php on line 346.
 1 APPPATH\Controllers\GestionUsuarioController.php(346): usort([...], Object(Closure))
 2 APPPATH\Controllers\GestionUsuarioController.php(158): App\Controllers\GestionUsuarioController->datatables('[{"id":"5","nombre":"dw","descripcion":"qwd","grupo_privilegio":"dwdwdw","estado":"1","created_at":"2024-04-08 00:51:33"},{"id":"6","nombre":"xs","descripcion":"xs","grupo_privilegio":"dwdwdw","estado":"1","created_at":"2024-04-08 00:52:18"},{"id":"7","nombre":"d","descripcion":"dw","grupo_privilegio":"fe","estado":"1","created_at":"2024-04-08 00:58:52"},{"id":"8","nombre":"xsxs","descripcion":"xs","grupo_privilegio":"dwdwdw","estado":"1","created_at":"2024-04-08 01:04:24"},{"id":"3","nombre":"Rol 3","descripcion":"","grupo_privilegio":"dwdwdw","estado":"1","created_at":"2024-04-06 04:33:03.011218"},{"id":"10","nombre":"cr","descripcion":"","grupo_privilegio":"dwdwdw","estado":"1","created_at":"2024-04-08 01:09:17"},{"id":"4","nombre":"dwd","descripcion":"dw","grupo_privilegio":"gf1231231212100njkn","estado":"1","created_at":"2024-04-08 00:50:18"},{"id":"11","nombre":"fe 123 213 dsfdsf","descripcion":"vd","grupo_privilegio":"dwdwdw","estado":"1","created_at":"2024-04-08 21:00:36"}]', [...])
 3 SYSTEMPATH\CodeIgniter.php(941): App\Controllers\GestionUsuarioController->DatosRolesView()
 4 SYSTEMPATH\CodeIgniter.php(502): CodeIgniter\CodeIgniter->runController(Object(App\Controllers\GestionUsuarioController))
 5 SYSTEMPATH\CodeIgniter.php(361): CodeIgniter\CodeIgniter->handleRequest(null, Object(Config\Cache), false)
 6 FCPATH\index.php(79): CodeIgniter\CodeIgniter->run()
 7 SYSTEMPATH\Commands\Server\rewrite.php(47): require_once('C:\\laragon\\www\\geotranck-dev\\public\\index.php')
WARNING - 2024-04-17 01:05:23 --> [DEPRECATED] usort(): Returning bool from comparison function is deprecated, return an integer less than, equal to, or greater than zero in APPPATH\Controllers\GestionUsuarioController.php on line 346.
 1 APPPATH\Controllers\GestionUsuarioController.php(346): usort([...], Object(Closure))
 2 APPPATH\Controllers\GestionUsuarioController.php(158): App\Controllers\GestionUsuarioController->datatables('[{"id":"5","nombre":"dw","descripcion":"qwd","grupo_privilegio":"dwdwdw","estado":"1","created_at":"2024-04-08 00:51:33"},{"id":"6","nombre":"xs","descripcion":"xs","grupo_privilegio":"dwdwdw","estado":"1","created_at":"2024-04-08 00:52:18"},{"id":"7","nombre":"d","descripcion":"dw","grupo_privilegio":"fe","estado":"1","created_at":"2024-04-08 00:58:52"},{"id":"8","nombre":"xsxs","descripcion":"xs","grupo_privilegio":"dwdwdw","estado":"1","created_at":"2024-04-08 01:04:24"},{"id":"3","nombre":"Rol 3","descripcion":"","grupo_privilegio":"dwdwdw","estado":"1","created_at":"2024-04-06 04:33:03.011218"},{"id":"10","nombre":"cr","descripcion":"","grupo_privilegio":"dwdwdw","estado":"1","created_at":"2024-04-08 01:09:17"},{"id":"4","nombre":"dwd","descripcion":"dw","grupo_privilegio":"gf1231231212100njkn","estado":"1","created_at":"2024-04-08 00:50:18"},{"id":"11","nombre":"fe 123 213 dsfdsf","descripcion":"vd","grupo_privilegio":"dwdwdw","estado":"1","created_at":"2024-04-08 21:00:36"}]', [...])
 3 SYSTEMPATH\CodeIgniter.php(941): App\Controllers\GestionUsuarioController->DatosRolesView()
 4 SYSTEMPATH\CodeIgniter.php(502): CodeIgniter\CodeIgniter->runController(Object(App\Controllers\GestionUsuarioController))
 5 SYSTEMPATH\CodeIgniter.php(361): CodeIgniter\CodeIgniter->handleRequest(null, Object(Config\Cache), false)
 6 FCPATH\index.php(79): CodeIgniter\CodeIgniter->run()
 7 SYSTEMPATH\Commands\Server\rewrite.php(47): require_once('C:\\laragon\\www\\geotranck-dev\\public\\index.php')
WARNING - 2024-04-17 01:05:53 --> [DEPRECATED] usort(): Returning bool from comparison function is deprecated, return an integer less than, equal to, or greater than zero in APPPATH\Controllers\GestionUsuarioController.php on line 346.
 1 APPPATH\Controllers\GestionUsuarioController.php(346): usort([...], Object(Closure))
 2 APPPATH\Controllers\GestionUsuarioController.php(158): App\Controllers\GestionUsuarioController->datatables('[{"id":"5","nombre":"dw","descripcion":"qwd","grupo_privilegio":"dwdwdw","estado":"1","created_at":"2024-04-08 00:51:33"},{"id":"6","nombre":"xs","descripcion":"xs","grupo_privilegio":"dwdwdw","estado":"1","created_at":"2024-04-08 00:52:18"},{"id":"7","nombre":"d","descripcion":"dw","grupo_privilegio":"fe","estado":"1","created_at":"2024-04-08 00:58:52"},{"id":"8","nombre":"xsxs","descripcion":"xs","grupo_privilegio":"dwdwdw","estado":"1","created_at":"2024-04-08 01:04:24"},{"id":"3","nombre":"Rol 3","descripcion":"","grupo_privilegio":"dwdwdw","estado":"1","created_at":"2024-04-06 04:33:03.011218"},{"id":"10","nombre":"cr","descripcion":"","grupo_privilegio":"dwdwdw","estado":"1","created_at":"2024-04-08 01:09:17"},{"id":"4","nombre":"dwd","descripcion":"dw","grupo_privilegio":"gf1231231212100njkn","estado":"1","created_at":"2024-04-08 00:50:18"},{"id":"11","nombre":"fe 123 213 dsfdsf","descripcion":"vd","grupo_privilegio":"dwdwdw","estado":"1","created_at":"2024-04-08 21:00:36"}]', [...])
 3 SYSTEMPATH\CodeIgniter.php(941): App\Controllers\GestionUsuarioController->DatosRolesView()
 4 SYSTEMPATH\CodeIgniter.php(502): CodeIgniter\CodeIgniter->runController(Object(App\Controllers\GestionUsuarioController))
 5 SYSTEMPATH\CodeIgniter.php(361): CodeIgniter\CodeIgniter->handleRequest(null, Object(Config\Cache), false)
 6 FCPATH\index.php(79): CodeIgniter\CodeIgniter->run()
 7 SYSTEMPATH\Commands\Server\rewrite.php(47): require_once('C:\\laragon\\www\\geotranck-dev\\public\\index.php')
WARNING - 2024-04-17 01:06:31 --> [DEPRECATED] usort(): Returning bool from comparison function is deprecated, return an integer less than, equal to, or greater than zero in APPPATH\Controllers\GestionUsuarioController.php on line 346.
 1 APPPATH\Controllers\GestionUsuarioController.php(346): usort([...], Object(Closure))
 2 APPPATH\Controllers\GestionUsuarioController.php(158): App\Controllers\GestionUsuarioController->datatables('[{"id":"5","nombre":"dw","descripcion":"qwd","grupo_privilegio":"dwdwdw","estado":"1","created_at":"2024-04-08 00:51:33"},{"id":"6","nombre":"xs","descripcion":"xs","grupo_privilegio":"dwdwdw","estado":"1","created_at":"2024-04-08 00:52:18"},{"id":"7","nombre":"d","descripcion":"dw","grupo_privilegio":"fe","estado":"1","created_at":"2024-04-08 00:58:52"},{"id":"8","nombre":"xsxs","descripcion":"xs","grupo_privilegio":"dwdwdw","estado":"1","created_at":"2024-04-08 01:04:24"},{"id":"3","nombre":"Rol 3","descripcion":"","grupo_privilegio":"dwdwdw","estado":"1","created_at":"2024-04-06 04:33:03.011218"},{"id":"10","nombre":"cr","descripcion":"","grupo_privilegio":"dwdwdw","estado":"1","created_at":"2024-04-08 01:09:17"},{"id":"4","nombre":"dwd","descripcion":"dw","grupo_privilegio":"gf1231231212100njkn","estado":"1","created_at":"2024-04-08 00:50:18"},{"id":"11","nombre":"fe 123 213 dsfdsf","descripcion":"vd","grupo_privilegio":"dwdwdw","estado":"1","created_at":"2024-04-08 21:00:36"}]', [...])
 3 SYSTEMPATH\CodeIgniter.php(941): App\Controllers\GestionUsuarioController->DatosRolesView()
 4 SYSTEMPATH\CodeIgniter.php(502): CodeIgniter\CodeIgniter->runController(Object(App\Controllers\GestionUsuarioController))
 5 SYSTEMPATH\CodeIgniter.php(361): CodeIgniter\CodeIgniter->handleRequest(null, Object(Config\Cache), false)
 6 FCPATH\index.php(79): CodeIgniter\CodeIgniter->run()
 7 SYSTEMPATH\Commands\Server\rewrite.php(47): require_once('C:\\laragon\\www\\geotranck-dev\\public\\index.php')
WARNING - 2024-04-17 01:07:28 --> [DEPRECATED] usort(): Returning bool from comparison function is deprecated, return an integer less than, equal to, or greater than zero in APPPATH\Controllers\GestionUsuarioController.php on line 346.
 1 APPPATH\Controllers\GestionUsuarioController.php(346): usort([...], Object(Closure))
 2 APPPATH\Controllers\GestionUsuarioController.php(158): App\Controllers\GestionUsuarioController->datatables('[{"id":"5","nombre":"dw","descripcion":"qwd","grupo_privilegio":"dwdwdw","estado":"1","created_at":"2024-04-08 00:51:33"},{"id":"6","nombre":"xs","descripcion":"xs","grupo_privilegio":"dwdwdw","estado":"1","created_at":"2024-04-08 00:52:18"},{"id":"7","nombre":"d","descripcion":"dw","grupo_privilegio":"fe","estado":"1","created_at":"2024-04-08 00:58:52"},{"id":"8","nombre":"xsxs","descripcion":"xs","grupo_privilegio":"dwdwdw","estado":"1","created_at":"2024-04-08 01:04:24"},{"id":"3","nombre":"Rol 3","descripcion":"","grupo_privilegio":"dwdwdw","estado":"1","created_at":"2024-04-06 04:33:03.011218"},{"id":"10","nombre":"cr","descripcion":"","grupo_privilegio":"dwdwdw","estado":"1","created_at":"2024-04-08 01:09:17"},{"id":"4","nombre":"dwd","descripcion":"dw","grupo_privilegio":"gf1231231212100njkn","estado":"1","created_at":"2024-04-08 00:50:18"},{"id":"11","nombre":"fe 123 213 dsfdsf","descripcion":"vd","grupo_privilegio":"dwdwdw","estado":"1","created_at":"2024-04-08 21:00:36"}]', [...])
 3 SYSTEMPATH\CodeIgniter.php(941): App\Controllers\GestionUsuarioController->DatosRolesView()
 4 SYSTEMPATH\CodeIgniter.php(502): CodeIgniter\CodeIgniter->runController(Object(App\Controllers\GestionUsuarioController))
 5 SYSTEMPATH\CodeIgniter.php(361): CodeIgniter\CodeIgniter->handleRequest(null, Object(Config\Cache), false)
 6 FCPATH\index.php(79): CodeIgniter\CodeIgniter->run()
 7 SYSTEMPATH\Commands\Server\rewrite.php(47): require_once('C:\\laragon\\www\\geotranck-dev\\public\\index.php')
WARNING - 2024-04-17 01:07:55 --> [DEPRECATED] usort(): Returning bool from comparison function is deprecated, return an integer less than, equal to, or greater than zero in APPPATH\Controllers\GestionUsuarioController.php on line 346.
 1 APPPATH\Controllers\GestionUsuarioController.php(346): usort([...], Object(Closure))
 2 APPPATH\Controllers\GestionUsuarioController.php(158): App\Controllers\GestionUsuarioController->datatables('[{"id":"5","nombre":"dw","descripcion":"qwd","grupo_privilegio":"dwdwdw","estado":"1","created_at":"2024-04-08 00:51:33"},{"id":"6","nombre":"xs","descripcion":"xs","grupo_privilegio":"dwdwdw","estado":"1","created_at":"2024-04-08 00:52:18"},{"id":"7","nombre":"d","descripcion":"dw","grupo_privilegio":"fe","estado":"1","created_at":"2024-04-08 00:58:52"},{"id":"8","nombre":"xsxs","descripcion":"xs","grupo_privilegio":"dwdwdw","estado":"1","created_at":"2024-04-08 01:04:24"},{"id":"3","nombre":"Rol 3","descripcion":"","grupo_privilegio":"dwdwdw","estado":"1","created_at":"2024-04-06 04:33:03.011218"},{"id":"10","nombre":"cr","descripcion":"","grupo_privilegio":"dwdwdw","estado":"1","created_at":"2024-04-08 01:09:17"},{"id":"4","nombre":"dwd","descripcion":"dw","grupo_privilegio":"gf1231231212100njkn","estado":"1","created_at":"2024-04-08 00:50:18"},{"id":"11","nombre":"fe 123 213 dsfdsf","descripcion":"vd","grupo_privilegio":"dwdwdw","estado":"1","created_at":"2024-04-08 21:00:36"}]', [...])
 3 SYSTEMPATH\CodeIgniter.php(941): App\Controllers\GestionUsuarioController->DatosRolesView()
 4 SYSTEMPATH\CodeIgniter.php(502): CodeIgniter\CodeIgniter->runController(Object(App\Controllers\GestionUsuarioController))
 5 SYSTEMPATH\CodeIgniter.php(361): CodeIgniter\CodeIgniter->handleRequest(null, Object(Config\Cache), false)
 6 FCPATH\index.php(79): CodeIgniter\CodeIgniter->run()
 7 SYSTEMPATH\Commands\Server\rewrite.php(47): require_once('C:\\laragon\\www\\geotranck-dev\\public\\index.php')
WARNING - 2024-04-17 01:08:08 --> [DEPRECATED] usort(): Returning bool from comparison function is deprecated, return an integer less than, equal to, or greater than zero in APPPATH\Controllers\GestionUsuarioController.php on line 346.
 1 APPPATH\Controllers\GestionUsuarioController.php(346): usort([...], Object(Closure))
 2 APPPATH\Controllers\GestionUsuarioController.php(158): App\Controllers\GestionUsuarioController->datatables('[{"id":"5","nombre":"dw","descripcion":"qwd","grupo_privilegio":"dwdwdw","estado":"1","created_at":"2024-04-08 00:51:33"},{"id":"6","nombre":"xs","descripcion":"xs","grupo_privilegio":"dwdwdw","estado":"1","created_at":"2024-04-08 00:52:18"},{"id":"7","nombre":"d","descripcion":"dw","grupo_privilegio":"fe","estado":"1","created_at":"2024-04-08 00:58:52"},{"id":"8","nombre":"xsxs","descripcion":"xs","grupo_privilegio":"dwdwdw","estado":"1","created_at":"2024-04-08 01:04:24"},{"id":"3","nombre":"Rol 3","descripcion":"","grupo_privilegio":"dwdwdw","estado":"1","created_at":"2024-04-06 04:33:03.011218"},{"id":"10","nombre":"cr","descripcion":"","grupo_privilegio":"dwdwdw","estado":"1","created_at":"2024-04-08 01:09:17"},{"id":"4","nombre":"dwd","descripcion":"dw","grupo_privilegio":"gf1231231212100njkn","estado":"1","created_at":"2024-04-08 00:50:18"},{"id":"11","nombre":"fe 123 213 dsfdsf","descripcion":"vd","grupo_privilegio":"dwdwdw","estado":"1","created_at":"2024-04-08 21:00:36"}]', [...])
 3 SYSTEMPATH\CodeIgniter.php(941): App\Controllers\GestionUsuarioController->DatosRolesView()
 4 SYSTEMPATH\CodeIgniter.php(502): CodeIgniter\CodeIgniter->runController(Object(App\Controllers\GestionUsuarioController))
 5 SYSTEMPATH\CodeIgniter.php(361): CodeIgniter\CodeIgniter->handleRequest(null, Object(Config\Cache), false)
 6 FCPATH\index.php(79): CodeIgniter\CodeIgniter->run()
 7 SYSTEMPATH\Commands\Server\rewrite.php(47): require_once('C:\\laragon\\www\\geotranck-dev\\public\\index.php')
WARNING - 2024-04-17 01:10:21 --> [DEPRECATED] usort(): Returning bool from comparison function is deprecated, return an integer less than, equal to, or greater than zero in APPPATH\Controllers\GestionUsuarioController.php on line 346.
 1 APPPATH\Controllers\GestionUsuarioController.php(346): usort([...], Object(Closure))
 2 APPPATH\Controllers\GestionUsuarioController.php(158): App\Controllers\GestionUsuarioController->datatables('[{"id":"5","nombre":"dw","descripcion":"qwd","grupo_privilegio":"dwdwdw","estado":"1","created_at":"2024-04-08 00:51:33"},{"id":"6","nombre":"xs","descripcion":"xs","grupo_privilegio":"dwdwdw","estado":"1","created_at":"2024-04-08 00:52:18"},{"id":"7","nombre":"d","descripcion":"dw","grupo_privilegio":"fe","estado":"1","created_at":"2024-04-08 00:58:52"},{"id":"8","nombre":"xsxs","descripcion":"xs","grupo_privilegio":"dwdwdw","estado":"1","created_at":"2024-04-08 01:04:24"},{"id":"3","nombre":"Rol 3","descripcion":"","grupo_privilegio":"dwdwdw","estado":"1","created_at":"2024-04-06 04:33:03.011218"},{"id":"10","nombre":"cr","descripcion":"","grupo_privilegio":"dwdwdw","estado":"1","created_at":"2024-04-08 01:09:17"},{"id":"4","nombre":"dwd","descripcion":"dw","grupo_privilegio":"gf1231231212100njkn","estado":"1","created_at":"2024-04-08 00:50:18"},{"id":"11","nombre":"fe 123 213 dsfdsf","descripcion":"vd","grupo_privilegio":"dwdwdw","estado":"1","created_at":"2024-04-08 21:00:36"}]', [...])
 3 SYSTEMPATH\CodeIgniter.php(941): App\Controllers\GestionUsuarioController->DatosRolesView()
 4 SYSTEMPATH\CodeIgniter.php(502): CodeIgniter\CodeIgniter->runController(Object(App\Controllers\GestionUsuarioController))
 5 SYSTEMPATH\CodeIgniter.php(361): CodeIgniter\CodeIgniter->handleRequest(null, Object(Config\Cache), false)
 6 FCPATH\index.php(79): CodeIgniter\CodeIgniter->run()
 7 SYSTEMPATH\Commands\Server\rewrite.php(47): require_once('C:\\laragon\\www\\geotranck-dev\\public\\index.php')
WARNING - 2024-04-17 01:10:57 --> [DEPRECATED] usort(): Returning bool from comparison function is deprecated, return an integer less than, equal to, or greater than zero in APPPATH\Controllers\GestionUsuarioController.php on line 346.
 1 APPPATH\Controllers\GestionUsuarioController.php(346): usort([...], Object(Closure))
 2 APPPATH\Controllers\GestionUsuarioController.php(158): App\Controllers\GestionUsuarioController->datatables('[{"id":"5","nombre":"dw","descripcion":"qwd","grupo_privilegio":"dwdwdw","estado":"1","created_at":"2024-04-08 00:51:33"},{"id":"6","nombre":"xs","descripcion":"xs","grupo_privilegio":"dwdwdw","estado":"1","created_at":"2024-04-08 00:52:18"},{"id":"7","nombre":"d","descripcion":"dw","grupo_privilegio":"fe","estado":"1","created_at":"2024-04-08 00:58:52"},{"id":"8","nombre":"xsxs","descripcion":"xs","grupo_privilegio":"dwdwdw","estado":"1","created_at":"2024-04-08 01:04:24"},{"id":"3","nombre":"Rol 3","descripcion":"","grupo_privilegio":"dwdwdw","estado":"1","created_at":"2024-04-06 04:33:03.011218"},{"id":"10","nombre":"cr","descripcion":"","grupo_privilegio":"dwdwdw","estado":"1","created_at":"2024-04-08 01:09:17"},{"id":"4","nombre":"dwd","descripcion":"dw","grupo_privilegio":"gf1231231212100njkn","estado":"1","created_at":"2024-04-08 00:50:18"},{"id":"11","nombre":"fe 123 213 dsfdsf","descripcion":"vd","grupo_privilegio":"dwdwdw","estado":"1","created_at":"2024-04-08 21:00:36"}]', [...])
 3 SYSTEMPATH\CodeIgniter.php(941): App\Controllers\GestionUsuarioController->DatosRolesView()
 4 SYSTEMPATH\CodeIgniter.php(502): CodeIgniter\CodeIgniter->runController(Object(App\Controllers\GestionUsuarioController))
 5 SYSTEMPATH\CodeIgniter.php(361): CodeIgniter\CodeIgniter->handleRequest(null, Object(Config\Cache), false)
 6 FCPATH\index.php(79): CodeIgniter\CodeIgniter->run()
 7 SYSTEMPATH\Commands\Server\rewrite.php(47): require_once('C:\\laragon\\www\\geotranck-dev\\public\\index.php')
WARNING - 2024-04-17 01:11:16 --> [DEPRECATED] usort(): Returning bool from comparison function is deprecated, return an integer less than, equal to, or greater than zero in APPPATH\Controllers\GestionUsuarioController.php on line 346.
 1 APPPATH\Controllers\GestionUsuarioController.php(346): usort([...], Object(Closure))
 2 APPPATH\Controllers\GestionUsuarioController.php(158): App\Controllers\GestionUsuarioController->datatables('[{"id":"5","nombre":"dw","descripcion":"qwd","grupo_privilegio":"dwdwdw","estado":"1","created_at":"2024-04-08 00:51:33"},{"id":"6","nombre":"xs","descripcion":"xs","grupo_privilegio":"dwdwdw","estado":"1","created_at":"2024-04-08 00:52:18"},{"id":"7","nombre":"d","descripcion":"dw","grupo_privilegio":"fe","estado":"1","created_at":"2024-04-08 00:58:52"},{"id":"8","nombre":"xsxs","descripcion":"xs","grupo_privilegio":"dwdwdw","estado":"1","created_at":"2024-04-08 01:04:24"},{"id":"3","nombre":"Rol 3","descripcion":"","grupo_privilegio":"dwdwdw","estado":"1","created_at":"2024-04-06 04:33:03.011218"},{"id":"10","nombre":"cr","descripcion":"","grupo_privilegio":"dwdwdw","estado":"1","created_at":"2024-04-08 01:09:17"},{"id":"4","nombre":"dwd","descripcion":"dw","grupo_privilegio":"gf1231231212100njkn","estado":"1","created_at":"2024-04-08 00:50:18"},{"id":"11","nombre":"fe 123 213 dsfdsf","descripcion":"vd","grupo_privilegio":"dwdwdw","estado":"1","created_at":"2024-04-08 21:00:36"}]', [...])
 3 SYSTEMPATH\CodeIgniter.php(941): App\Controllers\GestionUsuarioController->DatosRolesView()
 4 SYSTEMPATH\CodeIgniter.php(502): CodeIgniter\CodeIgniter->runController(Object(App\Controllers\GestionUsuarioController))
 5 SYSTEMPATH\CodeIgniter.php(361): CodeIgniter\CodeIgniter->handleRequest(null, Object(Config\Cache), false)
 6 FCPATH\index.php(79): CodeIgniter\CodeIgniter->run()
 7 SYSTEMPATH\Commands\Server\rewrite.php(47): require_once('C:\\laragon\\www\\geotranck-dev\\public\\index.php')
WARNING - 2024-04-17 01:12:58 --> [DEPRECATED] usort(): Returning bool from comparison function is deprecated, return an integer less than, equal to, or greater than zero in APPPATH\Controllers\GestionUsuarioController.php on line 346.
 1 APPPATH\Controllers\GestionUsuarioController.php(346): usort([...], Object(Closure))
 2 APPPATH\Controllers\GestionUsuarioController.php(158): App\Controllers\GestionUsuarioController->datatables('[{"id":"5","nombre":"dw","descripcion":"qwd","grupo_privilegio":"dwdwdw","estado":"1","created_at":"2024-04-08 00:51:33"},{"id":"6","nombre":"xs","descripcion":"xs","grupo_privilegio":"dwdwdw","estado":"1","created_at":"2024-04-08 00:52:18"},{"id":"7","nombre":"d","descripcion":"dw","grupo_privilegio":"fe","estado":"1","created_at":"2024-04-08 00:58:52"},{"id":"8","nombre":"xsxs","descripcion":"xs","grupo_privilegio":"dwdwdw","estado":"1","created_at":"2024-04-08 01:04:24"},{"id":"3","nombre":"Rol 3","descripcion":"","grupo_privilegio":"dwdwdw","estado":"1","created_at":"2024-04-06 04:33:03.011218"},{"id":"10","nombre":"cr","descripcion":"","grupo_privilegio":"dwdwdw","estado":"1","created_at":"2024-04-08 01:09:17"},{"id":"4","nombre":"dwd","descripcion":"dw","grupo_privilegio":"gf1231231212100njkn","estado":"1","created_at":"2024-04-08 00:50:18"},{"id":"11","nombre":"fe 123 213 dsfdsf","descripcion":"vd","grupo_privilegio":"dwdwdw","estado":"1","created_at":"2024-04-08 21:00:36"}]', [...])
 3 SYSTEMPATH\CodeIgniter.php(941): App\Controllers\GestionUsuarioController->DatosRolesView()
 4 SYSTEMPATH\CodeIgniter.php(502): CodeIgniter\CodeIgniter->runController(Object(App\Controllers\GestionUsuarioController))
 5 SYSTEMPATH\CodeIgniter.php(361): CodeIgniter\CodeIgniter->handleRequest(null, Object(Config\Cache), false)
 6 FCPATH\index.php(79): CodeIgniter\CodeIgniter->run()
 7 SYSTEMPATH\Commands\Server\rewrite.php(47): require_once('C:\\laragon\\www\\geotranck-dev\\public\\index.php')
