INFO - 2024-05-29 00:02:04 --> Session: Class initialized using 'CodeIgniter\Session\Handlers\FileHandler' driver.
INFO - 2024-05-29 00:24:23 --> Session: Class initialized using 'CodeIgniter\Session\Handlers\FileHandler' driver.
INFO - 2024-05-29 00:24:23 --> Session: Class initialized using 'CodeIgniter\Session\Handlers\FileHandler' driver.
INFO - 2024-05-29 00:24:41 --> Session: Class initialized using 'CodeIgniter\Session\Handlers\FileHandler' driver.
INFO - 2024-05-29 00:24:42 --> Session: Class initialized using 'CodeIgniter\Session\Handlers\FileHandler' driver.
INFO - 2024-05-29 00:24:48 --> Session: Class initialized using 'CodeIgniter\Session\Handlers\FileHandler' driver.
INFO - 2024-05-29 00:44:47 --> Session: Class initialized using 'CodeIgniter\Session\Handlers\FileHandler' driver.
INFO - 2024-05-29 00:44:47 --> Session: Class initialized using 'CodeIgniter\Session\Handlers\FileHandler' driver.
INFO - 2024-05-29 00:45:16 --> Session: Class initialized using 'CodeIgniter\Session\Handlers\FileHandler' driver.
INFO - 2024-05-29 00:45:34 --> Session: Class initialized using 'CodeIgniter\Session\Handlers\FileHandler' driver.
INFO - 2024-05-29 00:55:34 --> Session: Class initialized using 'CodeIgniter\Session\Handlers\FileHandler' driver.
INFO - 2024-05-29 00:55:35 --> Session: Class initialized using 'CodeIgniter\Session\Handlers\FileHandler' driver.
INFO - 2024-05-29 00:57:25 --> Session: Class initialized using 'CodeIgniter\Session\Handlers\FileHandler' driver.
INFO - 2024-05-29 00:57:25 --> Session: Class initialized using 'CodeIgniter\Session\Handlers\FileHandler' driver.
INFO - 2024-05-29 00:57:46 --> Session: Class initialized using 'CodeIgniter\Session\Handlers\FileHandler' driver.
INFO - 2024-05-29 00:57:47 --> Session: Class initialized using 'CodeIgniter\Session\Handlers\FileHandler' driver.
INFO - 2024-05-29 01:00:12 --> Session: Class initialized using 'CodeIgniter\Session\Handlers\FileHandler' driver.
INFO - 2024-05-29 01:00:12 --> Session: Class initialized using 'CodeIgniter\Session\Handlers\FileHandler' driver.
INFO - 2024-05-29 01:00:23 --> Session: Class initialized using 'CodeIgniter\Session\Handlers\FileHandler' driver.
INFO - 2024-05-29 01:00:24 --> Session: Class initialized using 'CodeIgniter\Session\Handlers\FileHandler' driver.
INFO - 2024-05-29 10:01:35 --> Session: Class initialized using 'CodeIgniter\Session\Handlers\FileHandler' driver.
INFO - 2024-05-29 10:01:55 --> Session: Class initialized using 'CodeIgniter\Session\Handlers\FileHandler' driver.
INFO - 2024-05-29 10:01:56 --> Session: Class initialized using 'CodeIgniter\Session\Handlers\FileHandler' driver.
INFO - 2024-05-29 10:02:24 --> Session: Class initialized using 'CodeIgniter\Session\Handlers\FileHandler' driver.
INFO - 2024-05-29 10:02:34 --> Session: Class initialized using 'CodeIgniter\Session\Handlers\FileHandler' driver.
INFO - 2024-05-29 10:02:44 --> Session: Class initialized using 'CodeIgniter\Session\Handlers\FileHandler' driver.
INFO - 2024-05-29 10:02:54 --> Session: Class initialized using 'CodeIgniter\Session\Handlers\FileHandler' driver.
INFO - 2024-05-29 10:03:04 --> Session: Class initialized using 'CodeIgniter\Session\Handlers\FileHandler' driver.
INFO - 2024-05-29 10:03:14 --> Session: Class initialized using 'CodeIgniter\Session\Handlers\FileHandler' driver.
INFO - 2024-05-29 10:03:24 --> Session: Class initialized using 'CodeIgniter\Session\Handlers\FileHandler' driver.
INFO - 2024-05-29 10:08:59 --> Session: Class initialized using 'CodeIgniter\Session\Handlers\FileHandler' driver.
INFO - 2024-05-29 10:09:00 --> Session: Class initialized using 'CodeIgniter\Session\Handlers\FileHandler' driver.
INFO - 2024-05-29 10:09:00 --> Session: Class initialized using 'CodeIgniter\Session\Handlers\FileHandler' driver.
INFO - 2024-05-29 10:09:00 --> Session: Class initialized using 'CodeIgniter\Session\Handlers\FileHandler' driver.
INFO - 2024-05-29 13:30:24 --> Session: Class initialized using 'CodeIgniter\Session\Handlers\FileHandler' driver.
INFO - 2024-05-29 13:30:24 --> Session: Class initialized using 'CodeIgniter\Session\Handlers\FileHandler' driver.
INFO - 2024-05-29 13:30:36 --> Session: Class initialized using 'CodeIgniter\Session\Handlers\FileHandler' driver.
INFO - 2024-05-29 13:30:37 --> Session: Class initialized using 'CodeIgniter\Session\Handlers\FileHandler' driver.
INFO - 2024-05-29 13:30:43 --> Session: Class initialized using 'CodeIgniter\Session\Handlers\FileHandler' driver.
INFO - 2024-05-29 13:30:57 --> Session: Class initialized using 'CodeIgniter\Session\Handlers\FileHandler' driver.
INFO - 2024-05-29 13:30:58 --> Session: Class initialized using 'CodeIgniter\Session\Handlers\FileHandler' driver.
INFO - 2024-05-29 13:30:58 --> Session: Class initialized using 'CodeIgniter\Session\Handlers\FileHandler' driver.
INFO - 2024-05-29 13:30:58 --> Session: Class initialized using 'CodeIgniter\Session\Handlers\FileHandler' driver.
INFO - 2024-05-29 13:31:09 --> Session: Class initialized using 'CodeIgniter\Session\Handlers\FileHandler' driver.
INFO - 2024-05-29 13:31:10 --> Session: Class initialized using 'CodeIgniter\Session\Handlers\FileHandler' driver.
WARNING - 2024-05-29 13:31:10 --> [DEPRECATED] usort(): Returning bool from comparison function is deprecated, return an integer less than, equal to, or greater than zero in APPPATH\Controllers\GestionUsuarioController.php on line 787.
 1 APPPATH\Controllers\GestionUsuarioController.php(787): usort([...], Object(Closure))
 2 APPPATH\Controllers\GestionUsuarioController.php(72): App\Controllers\GestionUsuarioController->datatables('[{"id":"23","nombre":"Grupo Agregar","descripcion":"Este grupo de privilegio esta destinado a usuario que solo podra realizar agregar datos en el sistema ","administrador":"false","agregar":"true","modificar":"false","eliminar":"false","estado":"1","created_at":"2024-05-23 23:27:38","updated_at":"2024-05-23 23:27:38"},{"id":"24","nombre":"Grupo Modificar","descripcion":"Este Grupo esta destinado a usuarios que solo podran realizar modificacion a los datos del sistema ","administrador":"false","agregar":"false","modificar":"true","eliminar":"false","estado":"1","created_at":"2024-05-23 23:28:31","updated_at":"2024-05-23 23:28:31"},{"id":"25","nombre":"Grupo Eliminar","descripcion":"Este grupo solo permite eliminar datos al usuario ","administrador":"false","agregar":"false","modificar":"false","eliminar":"true","estado":"1","created_at":"2024-05-23 23:29:12","updated_at":"2024-05-23 23:29:12"},{"id":"20","nombre":"Grupo Administradores","descripcion":"Este grupo puede tener todo los privilegios para el sistema ","administrador":"true","agregar":"false","modificar":"false","eliminar":"false","estado":"1","created_at":"2024-05-23 23:21:37","updated_at":"2024-05-23 23:21:37"},{"id":"21","nombre":"Grupo Padres ","descripcion":"Este grupo esta creado para padres con la capacidad de manejar el sistema administrativo  ","administrador":"true","agregar":"false","modificar":"false","eliminar":"false","estado":"1","created_at":"2024-05-23 23:22:48","updated_at":"2024-05-23 23:25:24"},{"id":"22","nombre":"Grupo Conductores","descripcion":"Este grupo esta destinado para conductores que tiene ingreso al sistema administrativo","administrador":"true","agregar":"false","modificar":"false","eliminar":"false","estado":"1","created_at":"2024-05-23 23:26:36","updated_at":"2024-05-23 23:26:36"}]', [...])
 3 SYSTEMPATH\CodeIgniter.php(941): App\Controllers\GestionUsuarioController->DatosPrivilegioView1()
 4 SYSTEMPATH\CodeIgniter.php(502): CodeIgniter\CodeIgniter->runController(Object(App\Controllers\GestionUsuarioController))
 5 SYSTEMPATH\CodeIgniter.php(361): CodeIgniter\CodeIgniter->handleRequest(null, Object(Config\Cache), false)
 6 FCPATH\index.php(79): CodeIgniter\CodeIgniter->run()
 7 SYSTEMPATH\Commands\Server\rewrite.php(47): require_once('C:\\laragon\\www\\geotranck-dev\\public\\index.php')
INFO - 2024-05-29 13:31:29 --> Session: Class initialized using 'CodeIgniter\Session\Handlers\FileHandler' driver.
INFO - 2024-05-29 13:31:29 --> Session: Class initialized using 'CodeIgniter\Session\Handlers\FileHandler' driver.
WARNING - 2024-05-29 13:31:30 --> [DEPRECATED] usort(): Returning bool from comparison function is deprecated, return an integer less than, equal to, or greater than zero in APPPATH\Controllers\GestionUsuarioController.php on line 787.
 1 APPPATH\Controllers\GestionUsuarioController.php(787): usort([...], Object(Closure))
 2 APPPATH\Controllers\GestionUsuarioController.php(195): App\Controllers\GestionUsuarioController->datatables('[{"id":"22","nombre":"Conductor","descripcion":"Este usuario tendra limitaciones en el sistema","grupo_privilegio":"Grupo Conductores","estado":"1","created_at":"2024-05-23 23:34:01"},{"id":"23","nombre":"PadreFamilia","descripcion":"Este usuario tiene acceso a las ventanas designadas para el mismo","grupo_privilegio":"Grupo Padres ","estado":"1","created_at":"2024-05-23 23:34:53"},{"id":"21","nombre":"Administrador","descripcion":"Este usuario ingresara al sistema administrador","grupo_privilegio":"Grupo Administradores","estado":"1","created_at":"2024-05-23 23:33:23"}]', [...])
 3 SYSTEMPATH\CodeIgniter.php(941): App\Controllers\GestionUsuarioController->DatosRolesView()
 4 SYSTEMPATH\CodeIgniter.php(502): CodeIgniter\CodeIgniter->runController(Object(App\Controllers\GestionUsuarioController))
 5 SYSTEMPATH\CodeIgniter.php(361): CodeIgniter\CodeIgniter->handleRequest(null, Object(Config\Cache), false)
 6 FCPATH\index.php(79): CodeIgniter\CodeIgniter->run()
 7 SYSTEMPATH\Commands\Server\rewrite.php(47): require_once('C:\\laragon\\www\\geotranck-dev\\public\\index.php')
INFO - 2024-05-29 13:31:40 --> Session: Class initialized using 'CodeIgniter\Session\Handlers\FileHandler' driver.
INFO - 2024-05-29 13:31:41 --> Session: Class initialized using 'CodeIgniter\Session\Handlers\FileHandler' driver.
INFO - 2024-05-29 13:31:57 --> Session: Class initialized using 'CodeIgniter\Session\Handlers\FileHandler' driver.
INFO - 2024-05-29 13:31:58 --> Session: Class initialized using 'CodeIgniter\Session\Handlers\FileHandler' driver.
WARNING - 2024-05-29 13:31:58 --> [DEPRECATED] usort(): Returning bool from comparison function is deprecated, return an integer less than, equal to, or greater than zero in APPPATH\Controllers\GestionUsuarioController.php on line 787.
 1 APPPATH\Controllers\GestionUsuarioController.php(787): usort([...], Object(Closure))
 2 APPPATH\Controllers\GestionUsuarioController.php(458): App\Controllers\GestionUsuarioController->datatables('[{"id":"20","nombretutor":"Maria","apellidotutor":"Fernadez","ci_tutor":"564684351 Lp","telefonotutor":"751843846","parentesco":"Madre","correoelectronico":"maria@fernadez.com","direccion":"Av.12 de octubre","numeroemergencia":"751443258","indicacionextra":"Llamar al n\\u00famero de emergencia que es de mi trabajo","estado":"1","created_at":"2024-05-24 00:00:10","updated_at":"2024-05-24 00:00:29","codigopadre":"8cc5df"},{"id":"21","nombretutor":"Juan","apellidotutor":"Perez","ci_tutor":"58476843 Lp","telefonotutor":"61005154","parentesco":"Padre","correoelectronico":"juan@perez.com","direccion":"Calle 16 de agosto","numeroemergencia":"7516843518","indicacionextra":"Llamar a la empresa en n\\u00famero de emergencia es de secretaria","estado":"1","created_at":"2024-05-24 00:02:38","updated_at":"2024-05-24 00:02:38","codigopadre":"647c7f"}]', [...])
 3 SYSTEMPATH\CodeIgniter.php(941): App\Controllers\GestionUsuarioController->DatosPadresView()
 4 SYSTEMPATH\CodeIgniter.php(502): CodeIgniter\CodeIgniter->runController(Object(App\Controllers\GestionUsuarioController))
 5 SYSTEMPATH\CodeIgniter.php(361): CodeIgniter\CodeIgniter->handleRequest(null, Object(Config\Cache), false)
 6 FCPATH\index.php(79): CodeIgniter\CodeIgniter->run()
 7 SYSTEMPATH\Commands\Server\rewrite.php(47): require_once('C:\\laragon\\www\\geotranck-dev\\public\\index.php')
INFO - 2024-05-29 13:32:04 --> Session: Class initialized using 'CodeIgniter\Session\Handlers\FileHandler' driver.
INFO - 2024-05-29 13:32:04 --> Session: Class initialized using 'CodeIgniter\Session\Handlers\FileHandler' driver.
WARNING - 2024-05-29 13:32:04 --> [DEPRECATED] usort(): Returning bool from comparison function is deprecated, return an integer less than, equal to, or greater than zero in APPPATH\Controllers\GestionUsuarioController.php on line 787.
 1 APPPATH\Controllers\GestionUsuarioController.php(787): usort([...], Object(Closure))
 2 APPPATH\Controllers\GestionUsuarioController.php(624): App\Controllers\GestionUsuarioController->datatables('[{"id":"10","nombre":"Edson","apellido":"Paco","correo":"Edson@Paco.com","telefono":"722541258","direccion":"Villa Adela Av. panoramica","cargo":"Profesor","nombrerol":"Administrador","created_at":"2024-05-23 23:52:37"},{"id":"11","nombre":"Maria","apellido":"Torrez","correo":"maria@torres.com","telefono":"754896245","direccion":"Av. 16 de julio","cargo":"Profesor","nombrerol":"Administrador","created_at":"2024-05-23 23:54:24"}]', [...])
 3 SYSTEMPATH\CodeIgniter.php(941): App\Controllers\GestionUsuarioController->datosAdministradorView()
 4 SYSTEMPATH\CodeIgniter.php(502): CodeIgniter\CodeIgniter->runController(Object(App\Controllers\GestionUsuarioController))
 5 SYSTEMPATH\CodeIgniter.php(361): CodeIgniter\CodeIgniter->handleRequest(null, Object(Config\Cache), false)
 6 FCPATH\index.php(79): CodeIgniter\CodeIgniter->run()
 7 SYSTEMPATH\Commands\Server\rewrite.php(47): require_once('C:\\laragon\\www\\geotranck-dev\\public\\index.php')
INFO - 2024-05-29 13:32:20 --> Session: Class initialized using 'CodeIgniter\Session\Handlers\FileHandler' driver.
INFO - 2024-05-29 13:32:21 --> Session: Class initialized using 'CodeIgniter\Session\Handlers\FileHandler' driver.
WARNING - 2024-05-29 13:32:21 --> [DEPRECATED] usort(): Returning bool from comparison function is deprecated, return an integer less than, equal to, or greater than zero in APPPATH\Controllers\GestionTransporteController.php on line 615.
 1 APPPATH\Controllers\GestionTransporteController.php(615): usort([...], Object(Closure))
 2 APPPATH\Controllers\GestionTransporteController.php(79): App\Controllers\GestionTransporteController->datatables('[{"id":"8","nombre":"Marin","apellido":"Sanchez","ci":"68463438 Lp.","numlicencia":"6543686895","fechalicencia":"2028-09-28","licencia":"1","catlic":"Cat.C","correoelectronico":"marin@sanchez.com","telefono":"7658464","direccion":"calle 11","cargo":"Due\\u00f1o","genero":"Masculino","fechainiciocontrato":"2019-03-02","fechafincontrato":"2025-12-02","estado":"1","created_at":"2024-05-24 00:46:53","updated_at":"2024-05-24 00:46:53"},{"id":"7","nombre":"Pedro","apellido":"Alvarez","ci":"2652362 Lp","numlicencia":"513546565","fechalicencia":"2027-03-04","licencia":"1","catlic":"Cat.B","correoelectronico":"pedro@alvarez.com","telefono":"75684384","direccion":"Calle A","cargo":"Due\\u00f1o","genero":"Masculino","fechainiciocontrato":"2016-03-03","fechafincontrato":"2024-04-04","estado":"1","created_at":"2024-05-24 00:40:22","updated_at":"2024-05-24 00:47:19"}]', [...])
 3 SYSTEMPATH\CodeIgniter.php(941): App\Controllers\GestionTransporteController->datosConductorView()
 4 SYSTEMPATH\CodeIgniter.php(502): CodeIgniter\CodeIgniter->runController(Object(App\Controllers\GestionTransporteController))
 5 SYSTEMPATH\CodeIgniter.php(361): CodeIgniter\CodeIgniter->handleRequest(null, Object(Config\Cache), false)
 6 FCPATH\index.php(79): CodeIgniter\CodeIgniter->run()
 7 SYSTEMPATH\Commands\Server\rewrite.php(47): require_once('C:\\laragon\\www\\geotranck-dev\\public\\index.php')
INFO - 2024-05-29 13:32:28 --> Session: Class initialized using 'CodeIgniter\Session\Handlers\FileHandler' driver.
INFO - 2024-05-29 13:32:29 --> Session: Class initialized using 'CodeIgniter\Session\Handlers\FileHandler' driver.
WARNING - 2024-05-29 13:32:29 --> [DEPRECATED] usort(): Returning bool from comparison function is deprecated, return an integer less than, equal to, or greater than zero in APPPATH\Controllers\GestionTransporteController.php on line 615.
 1 APPPATH\Controllers\GestionTransporteController.php(615): usort([...], Object(Closure))
 2 APPPATH\Controllers\GestionTransporteController.php(331): App\Controllers\GestionTransporteController->datatables('[{"id":"12","nombreconductor":"Marin","apellidoconductor":"Sanchez","imagenautomovil":"auto1.png","imagenconductor":"conducto.png","marca":"nissan","modelo":"2020","nropasajeros":"5","nrochasis":"35435343","soat":"1","a_soat":"2002","inspeccion":"1","color":"negro","placa":"5816PEX","duenomovil":"Marin Sanchez","nrotelefono":"684354666","tipovehiculo":"vagoneta","created_at":"2024-05-24 00:54:10"},{"id":"11","nombreconductor":"Pedro","apellidoconductor":"Alvarez","imagenautomovil":"auto2.png","imagenconductor":"conducto1.png","marca":"toyota","modelo":"2020","nropasajeros":"6","nrochasis":"55438454","soat":"1","a_soat":"2025","inspeccion":"1","color":"rojo","placa":"568ADS","duenomovil":"Pedro Alvarez","nrotelefono":"68443854","tipovehiculo":"vagoneta","created_at":"2024-05-24 00:52:22"}]', [...])
 3 SYSTEMPATH\CodeIgniter.php(941): App\Controllers\GestionTransporteController->DatosAutomovilView()
 4 SYSTEMPATH\CodeIgniter.php(502): CodeIgniter\CodeIgniter->runController(Object(App\Controllers\GestionTransporteController))
 5 SYSTEMPATH\CodeIgniter.php(361): CodeIgniter\CodeIgniter->handleRequest(null, Object(Config\Cache), false)
 6 FCPATH\index.php(79): CodeIgniter\CodeIgniter->run()
 7 SYSTEMPATH\Commands\Server\rewrite.php(47): require_once('C:\\laragon\\www\\geotranck-dev\\public\\index.php')
INFO - 2024-05-29 13:35:41 --> Session: Class initialized using 'CodeIgniter\Session\Handlers\FileHandler' driver.
INFO - 2024-05-29 13:36:03 --> Session: Class initialized using 'CodeIgniter\Session\Handlers\FileHandler' driver.
INFO - 2024-05-29 13:36:03 --> Session: Class initialized using 'CodeIgniter\Session\Handlers\FileHandler' driver.
INFO - 2024-05-29 13:36:04 --> Session: Class initialized using 'CodeIgniter\Session\Handlers\FileHandler' driver.
INFO - 2024-05-29 13:36:04 --> Session: Class initialized using 'CodeIgniter\Session\Handlers\FileHandler' driver.
INFO - 2024-05-29 17:04:04 --> Session: Class initialized using 'CodeIgniter\Session\Handlers\FileHandler' driver.
INFO - 2024-05-29 17:04:04 --> Session: Class initialized using 'CodeIgniter\Session\Handlers\FileHandler' driver.
INFO - 2024-05-29 19:34:59 --> Session: Class initialized using 'CodeIgniter\Session\Handlers\FileHandler' driver.
INFO - 2024-05-29 19:40:32 --> Session: Class initialized using 'CodeIgniter\Session\Handlers\FileHandler' driver.
INFO - 2024-05-29 19:40:32 --> Session: Class initialized using 'CodeIgniter\Session\Handlers\FileHandler' driver.
INFO - 2024-05-29 19:40:43 --> Session: Class initialized using 'CodeIgniter\Session\Handlers\FileHandler' driver.
INFO - 2024-05-29 19:40:43 --> Session: Class initialized using 'CodeIgniter\Session\Handlers\FileHandler' driver.
INFO - 2024-05-29 19:41:56 --> Session: Class initialized using 'CodeIgniter\Session\Handlers\FileHandler' driver.
INFO - 2024-05-29 19:41:57 --> Session: Class initialized using 'CodeIgniter\Session\Handlers\FileHandler' driver.
INFO - 2024-05-29 19:42:05 --> Session: Class initialized using 'CodeIgniter\Session\Handlers\FileHandler' driver.
INFO - 2024-05-29 19:42:32 --> Session: Class initialized using 'CodeIgniter\Session\Handlers\FileHandler' driver.
INFO - 2024-05-29 19:42:48 --> Session: Class initialized using 'CodeIgniter\Session\Handlers\FileHandler' driver.
INFO - 2024-05-29 19:42:48 --> Session: Class initialized using 'CodeIgniter\Session\Handlers\FileHandler' driver.
INFO - 2024-05-29 19:43:14 --> Session: Class initialized using 'CodeIgniter\Session\Handlers\FileHandler' driver.
INFO - 2024-05-29 19:43:17 --> Session: Class initialized using 'CodeIgniter\Session\Handlers\FileHandler' driver.
INFO - 2024-05-29 19:44:03 --> Session: Class initialized using 'CodeIgniter\Session\Handlers\FileHandler' driver.
INFO - 2024-05-29 19:54:03 --> Session: Class initialized using 'CodeIgniter\Session\Handlers\FileHandler' driver.
INFO - 2024-05-29 20:02:30 --> Session: Class initialized using 'CodeIgniter\Session\Handlers\FileHandler' driver.
INFO - 2024-05-29 20:02:40 --> Session: Class initialized using 'CodeIgniter\Session\Handlers\FileHandler' driver.
INFO - 2024-05-29 20:02:50 --> Session: Class initialized using 'CodeIgniter\Session\Handlers\FileHandler' driver.
INFO - 2024-05-29 20:03:07 --> Session: Class initialized using 'CodeIgniter\Session\Handlers\FileHandler' driver.
INFO - 2024-05-29 20:03:14 --> Session: Class initialized using 'CodeIgniter\Session\Handlers\FileHandler' driver.
INFO - 2024-05-29 20:03:15 --> Session: Class initialized using 'CodeIgniter\Session\Handlers\FileHandler' driver.
INFO - 2024-05-29 20:03:20 --> Session: Class initialized using 'CodeIgniter\Session\Handlers\FileHandler' driver.
INFO - 2024-05-29 20:03:30 --> Session: Class initialized using 'CodeIgniter\Session\Handlers\FileHandler' driver.
INFO - 2024-05-29 20:03:56 --> Session: Class initialized using 'CodeIgniter\Session\Handlers\FileHandler' driver.
CRITICAL - 2024-05-29 20:03:56 --> Error: Call to a member function getResultArray() on bool
in APPPATH\Models\GestionSeguimientoGPS.php on line 62.
 1 APPPATH\Controllers\SeguimientoGPSController.php(49): App\Models\GestionSeguimientoGPS->Eliminar()
 2 SYSTEMPATH\CodeIgniter.php(941): App\Controllers\SeguimientoGPSController->guardarRuta()
 3 SYSTEMPATH\CodeIgniter.php(502): CodeIgniter\CodeIgniter->runController(Object(App\Controllers\SeguimientoGPSController))
 4 SYSTEMPATH\CodeIgniter.php(361): CodeIgniter\CodeIgniter->handleRequest(null, Object(Config\Cache), false)
 5 FCPATH\index.php(79): CodeIgniter\CodeIgniter->run()
 6 SYSTEMPATH\Commands\Server\rewrite.php(47): require_once('C:\\laragon\\www\\geotranck-dev\\public\\index.php')
INFO - 2024-05-29 20:04:20 --> Session: Class initialized using 'CodeIgniter\Session\Handlers\FileHandler' driver.
INFO - 2024-05-29 20:04:21 --> Session: Class initialized using 'CodeIgniter\Session\Handlers\FileHandler' driver.
INFO - 2024-05-29 20:04:21 --> Session: Class initialized using 'CodeIgniter\Session\Handlers\FileHandler' driver.
INFO - 2024-05-29 20:04:21 --> Session: Class initialized using 'CodeIgniter\Session\Handlers\FileHandler' driver.
INFO - 2024-05-29 20:05:02 --> Session: Class initialized using 'CodeIgniter\Session\Handlers\FileHandler' driver.
INFO - 2024-05-29 20:05:02 --> Session: Class initialized using 'CodeIgniter\Session\Handlers\FileHandler' driver.
INFO - 2024-05-29 20:07:46 --> Session: Class initialized using 'CodeIgniter\Session\Handlers\FileHandler' driver.
INFO - 2024-05-29 20:07:47 --> Session: Class initialized using 'CodeIgniter\Session\Handlers\FileHandler' driver.
INFO - 2024-05-29 20:07:47 --> Session: Class initialized using 'CodeIgniter\Session\Handlers\FileHandler' driver.
INFO - 2024-05-29 20:07:48 --> Session: Class initialized using 'CodeIgniter\Session\Handlers\FileHandler' driver.
INFO - 2024-05-29 20:08:37 --> Session: Class initialized using 'CodeIgniter\Session\Handlers\FileHandler' driver.
INFO - 2024-05-29 20:08:42 --> Session: Class initialized using 'CodeIgniter\Session\Handlers\FileHandler' driver.
INFO - 2024-05-29 20:08:50 --> Session: Class initialized using 'CodeIgniter\Session\Handlers\FileHandler' driver.
INFO - 2024-05-29 20:08:51 --> Session: Class initialized using 'CodeIgniter\Session\Handlers\FileHandler' driver.
WARNING - 2024-05-29 20:08:51 --> [DEPRECATED] usort(): Returning bool from comparison function is deprecated, return an integer less than, equal to, or greater than zero in APPPATH\Controllers\GestionUsuarioController.php on line 787.
 1 APPPATH\Controllers\GestionUsuarioController.php(787): usort([...], Object(Closure))
 2 APPPATH\Controllers\GestionUsuarioController.php(72): App\Controllers\GestionUsuarioController->datatables('[{"id":"23","nombre":"Grupo Agregar","descripcion":"Este grupo de privilegio esta destinado a usuario que solo podra realizar agregar datos en el sistema ","administrador":"false","agregar":"true","modificar":"false","eliminar":"false","estado":"1","created_at":"2024-05-23 23:27:38","updated_at":"2024-05-23 23:27:38"},{"id":"24","nombre":"Grupo Modificar","descripcion":"Este Grupo esta destinado a usuarios que solo podran realizar modificacion a los datos del sistema ","administrador":"false","agregar":"false","modificar":"true","eliminar":"false","estado":"1","created_at":"2024-05-23 23:28:31","updated_at":"2024-05-23 23:28:31"},{"id":"25","nombre":"Grupo Eliminar","descripcion":"Este grupo solo permite eliminar datos al usuario ","administrador":"false","agregar":"false","modificar":"false","eliminar":"true","estado":"1","created_at":"2024-05-23 23:29:12","updated_at":"2024-05-23 23:29:12"},{"id":"20","nombre":"Grupo Administradores","descripcion":"Este grupo puede tener todo los privilegios para el sistema ","administrador":"true","agregar":"false","modificar":"false","eliminar":"false","estado":"1","created_at":"2024-05-23 23:21:37","updated_at":"2024-05-23 23:21:37"},{"id":"21","nombre":"Grupo Padres ","descripcion":"Este grupo esta creado para padres con la capacidad de manejar el sistema administrativo  ","administrador":"true","agregar":"false","modificar":"false","eliminar":"false","estado":"1","created_at":"2024-05-23 23:22:48","updated_at":"2024-05-23 23:25:24"},{"id":"22","nombre":"Grupo Conductores","descripcion":"Este grupo esta destinado para conductores que tiene ingreso al sistema administrativo","administrador":"true","agregar":"false","modificar":"false","eliminar":"false","estado":"1","created_at":"2024-05-23 23:26:36","updated_at":"2024-05-23 23:26:36"}]', [...])
 3 SYSTEMPATH\CodeIgniter.php(941): App\Controllers\GestionUsuarioController->DatosPrivilegioView1()
 4 SYSTEMPATH\CodeIgniter.php(502): CodeIgniter\CodeIgniter->runController(Object(App\Controllers\GestionUsuarioController))
 5 SYSTEMPATH\CodeIgniter.php(361): CodeIgniter\CodeIgniter->handleRequest(null, Object(Config\Cache), false)
 6 FCPATH\index.php(79): CodeIgniter\CodeIgniter->run()
 7 SYSTEMPATH\Commands\Server\rewrite.php(47): require_once('C:\\laragon\\www\\geotranck-dev\\public\\index.php')
INFO - 2024-05-29 20:09:13 --> Session: Class initialized using 'CodeIgniter\Session\Handlers\FileHandler' driver.
INFO - 2024-05-29 20:09:13 --> Session: Class initialized using 'CodeIgniter\Session\Handlers\FileHandler' driver.
WARNING - 2024-05-29 20:09:13 --> [DEPRECATED] usort(): Returning bool from comparison function is deprecated, return an integer less than, equal to, or greater than zero in APPPATH\Controllers\GestionUsuarioController.php on line 787.
 1 APPPATH\Controllers\GestionUsuarioController.php(787): usort([...], Object(Closure))
 2 APPPATH\Controllers\GestionUsuarioController.php(195): App\Controllers\GestionUsuarioController->datatables('[{"id":"22","nombre":"Conductor","descripcion":"Este usuario tendra limitaciones en el sistema","grupo_privilegio":"Grupo Conductores","estado":"1","created_at":"2024-05-23 23:34:01"},{"id":"23","nombre":"PadreFamilia","descripcion":"Este usuario tiene acceso a las ventanas designadas para el mismo","grupo_privilegio":"Grupo Padres ","estado":"1","created_at":"2024-05-23 23:34:53"},{"id":"21","nombre":"Administrador","descripcion":"Este usuario ingresara al sistema administrador","grupo_privilegio":"Grupo Administradores","estado":"1","created_at":"2024-05-23 23:33:23"}]', [...])
 3 SYSTEMPATH\CodeIgniter.php(941): App\Controllers\GestionUsuarioController->DatosRolesView()
 4 SYSTEMPATH\CodeIgniter.php(502): CodeIgniter\CodeIgniter->runController(Object(App\Controllers\GestionUsuarioController))
 5 SYSTEMPATH\CodeIgniter.php(361): CodeIgniter\CodeIgniter->handleRequest(null, Object(Config\Cache), false)
 6 FCPATH\index.php(79): CodeIgniter\CodeIgniter->run()
 7 SYSTEMPATH\Commands\Server\rewrite.php(47): require_once('C:\\laragon\\www\\geotranck-dev\\public\\index.php')
INFO - 2024-05-29 20:09:36 --> Session: Class initialized using 'CodeIgniter\Session\Handlers\FileHandler' driver.
INFO - 2024-05-29 20:09:36 --> Session: Class initialized using 'CodeIgniter\Session\Handlers\FileHandler' driver.
INFO - 2024-05-29 20:09:38 --> Session: Class initialized using 'CodeIgniter\Session\Handlers\FileHandler' driver.
INFO - 2024-05-29 20:09:38 --> Session: Class initialized using 'CodeIgniter\Session\Handlers\FileHandler' driver.
WARNING - 2024-05-29 20:09:38 --> [DEPRECATED] usort(): Returning bool from comparison function is deprecated, return an integer less than, equal to, or greater than zero in APPPATH\Controllers\GestionUsuarioController.php on line 787.
 1 APPPATH\Controllers\GestionUsuarioController.php(787): usort([...], Object(Closure))
 2 APPPATH\Controllers\GestionUsuarioController.php(458): App\Controllers\GestionUsuarioController->datatables('[{"id":"20","nombretutor":"Maria","apellidotutor":"Fernadez","ci_tutor":"564684351 Lp","telefonotutor":"751843846","parentesco":"Madre","correoelectronico":"maria@fernadez.com","direccion":"Av.12 de octubre","numeroemergencia":"751443258","indicacionextra":"Llamar al n\\u00famero de emergencia que es de mi trabajo","estado":"1","created_at":"2024-05-24 00:00:10","updated_at":"2024-05-24 00:00:29","codigopadre":"8cc5df"},{"id":"21","nombretutor":"Juan","apellidotutor":"Perez","ci_tutor":"58476843 Lp","telefonotutor":"61005154","parentesco":"Padre","correoelectronico":"juan@perez.com","direccion":"Calle 16 de agosto","numeroemergencia":"7516843518","indicacionextra":"Llamar a la empresa en n\\u00famero de emergencia es de secretaria","estado":"1","created_at":"2024-05-24 00:02:38","updated_at":"2024-05-24 00:02:38","codigopadre":"647c7f"}]', [...])
 3 SYSTEMPATH\CodeIgniter.php(941): App\Controllers\GestionUsuarioController->DatosPadresView()
 4 SYSTEMPATH\CodeIgniter.php(502): CodeIgniter\CodeIgniter->runController(Object(App\Controllers\GestionUsuarioController))
 5 SYSTEMPATH\CodeIgniter.php(361): CodeIgniter\CodeIgniter->handleRequest(null, Object(Config\Cache), false)
 6 FCPATH\index.php(79): CodeIgniter\CodeIgniter->run()
 7 SYSTEMPATH\Commands\Server\rewrite.php(47): require_once('C:\\laragon\\www\\geotranck-dev\\public\\index.php')
INFO - 2024-05-29 20:09:49 --> Session: Class initialized using 'CodeIgniter\Session\Handlers\FileHandler' driver.
INFO - 2024-05-29 20:09:50 --> Session: Class initialized using 'CodeIgniter\Session\Handlers\FileHandler' driver.
WARNING - 2024-05-29 20:09:50 --> [DEPRECATED] usort(): Returning bool from comparison function is deprecated, return an integer less than, equal to, or greater than zero in APPPATH\Controllers\GestionUsuarioController.php on line 787.
 1 APPPATH\Controllers\GestionUsuarioController.php(787): usort([...], Object(Closure))
 2 APPPATH\Controllers\GestionUsuarioController.php(624): App\Controllers\GestionUsuarioController->datatables('[{"id":"10","nombre":"Edson","apellido":"Paco","correo":"Edson@Paco.com","telefono":"722541258","direccion":"Villa Adela Av. panoramica","cargo":"Profesor","nombrerol":"Administrador","created_at":"2024-05-23 23:52:37"},{"id":"11","nombre":"Maria","apellido":"Torrez","correo":"maria@torres.com","telefono":"754896245","direccion":"Av. 16 de julio","cargo":"Profesor","nombrerol":"Administrador","created_at":"2024-05-23 23:54:24"}]', [...])
 3 SYSTEMPATH\CodeIgniter.php(941): App\Controllers\GestionUsuarioController->datosAdministradorView()
 4 SYSTEMPATH\CodeIgniter.php(502): CodeIgniter\CodeIgniter->runController(Object(App\Controllers\GestionUsuarioController))
 5 SYSTEMPATH\CodeIgniter.php(361): CodeIgniter\CodeIgniter->handleRequest(null, Object(Config\Cache), false)
 6 FCPATH\index.php(79): CodeIgniter\CodeIgniter->run()
 7 SYSTEMPATH\Commands\Server\rewrite.php(47): require_once('C:\\laragon\\www\\geotranck-dev\\public\\index.php')
INFO - 2024-05-29 20:10:02 --> Session: Class initialized using 'CodeIgniter\Session\Handlers\FileHandler' driver.
INFO - 2024-05-29 20:10:02 --> Session: Class initialized using 'CodeIgniter\Session\Handlers\FileHandler' driver.
WARNING - 2024-05-29 20:10:02 --> [DEPRECATED] usort(): Returning bool from comparison function is deprecated, return an integer less than, equal to, or greater than zero in APPPATH\Controllers\GestionTransporteController.php on line 615.
 1 APPPATH\Controllers\GestionTransporteController.php(615): usort([...], Object(Closure))
 2 APPPATH\Controllers\GestionTransporteController.php(79): App\Controllers\GestionTransporteController->datatables('[{"id":"8","nombre":"Marin","apellido":"Sanchez","ci":"68463438 Lp.","numlicencia":"6543686895","fechalicencia":"2028-09-28","licencia":"1","catlic":"Cat.C","correoelectronico":"marin@sanchez.com","telefono":"7658464","direccion":"calle 11","cargo":"Due\\u00f1o","genero":"Masculino","fechainiciocontrato":"2019-03-02","fechafincontrato":"2025-12-02","estado":"1","created_at":"2024-05-24 00:46:53","updated_at":"2024-05-24 00:46:53"},{"id":"7","nombre":"Pedro","apellido":"Alvarez","ci":"2652362 Lp","numlicencia":"513546565","fechalicencia":"2027-03-04","licencia":"1","catlic":"Cat.B","correoelectronico":"pedro@alvarez.com","telefono":"75684384","direccion":"Calle A","cargo":"Due\\u00f1o","genero":"Masculino","fechainiciocontrato":"2016-03-03","fechafincontrato":"2024-04-04","estado":"1","created_at":"2024-05-24 00:40:22","updated_at":"2024-05-24 00:47:19"}]', [...])
 3 SYSTEMPATH\CodeIgniter.php(941): App\Controllers\GestionTransporteController->datosConductorView()
 4 SYSTEMPATH\CodeIgniter.php(502): CodeIgniter\CodeIgniter->runController(Object(App\Controllers\GestionTransporteController))
 5 SYSTEMPATH\CodeIgniter.php(361): CodeIgniter\CodeIgniter->handleRequest(null, Object(Config\Cache), false)
 6 FCPATH\index.php(79): CodeIgniter\CodeIgniter->run()
 7 SYSTEMPATH\Commands\Server\rewrite.php(47): require_once('C:\\laragon\\www\\geotranck-dev\\public\\index.php')
INFO - 2024-05-29 20:10:05 --> Session: Class initialized using 'CodeIgniter\Session\Handlers\FileHandler' driver.
INFO - 2024-05-29 20:10:06 --> Session: Class initialized using 'CodeIgniter\Session\Handlers\FileHandler' driver.
WARNING - 2024-05-29 20:10:06 --> [DEPRECATED] usort(): Returning bool from comparison function is deprecated, return an integer less than, equal to, or greater than zero in APPPATH\Controllers\GestionTransporteController.php on line 615.
 1 APPPATH\Controllers\GestionTransporteController.php(615): usort([...], Object(Closure))
 2 APPPATH\Controllers\GestionTransporteController.php(331): App\Controllers\GestionTransporteController->datatables('[{"id":"12","nombreconductor":"Marin","apellidoconductor":"Sanchez","imagenautomovil":"auto1.png","imagenconductor":"conducto.png","marca":"nissan","modelo":"2020","nropasajeros":"5","nrochasis":"35435343","soat":"1","a_soat":"2002","inspeccion":"1","color":"negro","placa":"5816PEX","duenomovil":"Marin Sanchez","nrotelefono":"684354666","tipovehiculo":"vagoneta","created_at":"2024-05-24 00:54:10"},{"id":"11","nombreconductor":"Pedro","apellidoconductor":"Alvarez","imagenautomovil":"auto2.png","imagenconductor":"conducto1.png","marca":"toyota","modelo":"2020","nropasajeros":"6","nrochasis":"55438454","soat":"1","a_soat":"2025","inspeccion":"1","color":"rojo","placa":"568ADS","duenomovil":"Pedro Alvarez","nrotelefono":"68443854","tipovehiculo":"vagoneta","created_at":"2024-05-24 00:52:22"}]', [...])
 3 SYSTEMPATH\CodeIgniter.php(941): App\Controllers\GestionTransporteController->DatosAutomovilView()
 4 SYSTEMPATH\CodeIgniter.php(502): CodeIgniter\CodeIgniter->runController(Object(App\Controllers\GestionTransporteController))
 5 SYSTEMPATH\CodeIgniter.php(361): CodeIgniter\CodeIgniter->handleRequest(null, Object(Config\Cache), false)
 6 FCPATH\index.php(79): CodeIgniter\CodeIgniter->run()
 7 SYSTEMPATH\Commands\Server\rewrite.php(47): require_once('C:\\laragon\\www\\geotranck-dev\\public\\index.php')
INFO - 2024-05-29 20:10:19 --> Session: Class initialized using 'CodeIgniter\Session\Handlers\FileHandler' driver.
INFO - 2024-05-29 20:10:19 --> Session: Class initialized using 'CodeIgniter\Session\Handlers\FileHandler' driver.
WARNING - 2024-05-29 20:10:19 --> [DEPRECATED] usort(): Returning bool from comparison function is deprecated, return an integer less than, equal to, or greater than zero in APPPATH\Controllers\GestionTransporteController.php on line 615.
 1 APPPATH\Controllers\GestionTransporteController.php(615): usort([...], Object(Closure))
 2 APPPATH\Controllers\GestionTransporteController.php(500): App\Controllers\GestionTransporteController->datatables('[{"id":"1","nombre":"Juan P\\u00e9rez","cargo":"Director","correoelectronico":"juan.perez@example.com","telefono":"712345678","direccion":"Calle 123","estado":"1","created_at":"2024-05-24 04:27:39.450734"},{"id":"2","nombre":"Mar\\u00eda Garc\\u00eda","cargo":"Profesora","correoelectronico":"maria.garcia@example.com","telefono":"613456789","direccion":"Avenida 456","estado":"1","created_at":"2024-05-24 04:27:39.450734"},{"id":"3","nombre":"Pedro Rodr\\u00edguez","cargo":"Secretario","correoelectronico":"pedro.rodriguez@example.com","telefono":"714567890","direccion":"Boulevard 789","estado":"1","created_at":"2024-05-24 04:27:39.450734"},{"id":"4","nombre":"Luisa Mart\\u00ednez","cargo":"Conserje","correoelectronico":"luisa.martinez@example.com","telefono":"615678901","direccion":"Calle 987","estado":"1","created_at":"2024-05-24 04:27:39.450734"},{"id":"5","nombre":"Carlos S\\u00e1nchez","cargo":"Administrativo","correoelectronico":"carlos.sanchez@example.com","telefono":"716789012","direccion":"Avenida 654","estado":"1","created_at":"2024-05-24 04:27:39.450734"},{"id":"6","nombre":"Ana L\\u00f3pez","cargo":"Enfermera","correoelectronico":"ana.lopez@example.com","telefono":"617890123","direccion":"Calle 321","estado":"1","created_at":"2024-05-24 04:27:39.450734"},{"id":"7","nombre":"Jorge Fern\\u00e1ndez","cargo":"Consejero","correoelectronico":"jorge.fernandez@example.com","telefono":"717890234","direccion":"Avenida 012","estado":"1","created_at":"2024-05-24 04:27:39.450734"},{"id":"8","nombre":"Laura Torres","cargo":"Recepcionista","correoelectronico":"laura.torres@example.com","telefono":"618901234","direccion":"Boulevard 345","estado":"1","created_at":"2024-05-24 04:27:39.450734"},{"id":"9","nombre":"Diego G\\u00f3mez","cargo":"Entrenador","correoelectronico":"diego.gomez@example.com","telefono":"719012345","direccion":"Calle 678","estado":"1","created_at":"2024-05-24 04:27:39.450734"},{"id":"11","nombre":"Roberto Gonz\\u00e1lez","cargo":"Profesor","correoelectronico":"roberto.gonzalez@example.com","telefono":"712345678","direccion":"Calle 123","estado":"1","created_at":"2024-05-24 04:27:39.450734"},{"id":"12","nombre":"Isabel Ram\\u00edrez","cargo":"Directora","correoelectronico":"isabel.ramirez@example.com","telefono":"613456789","direccion":"Avenida 456","estado":"1","created_at":"2024-05-24 04:27:39.450734"},{"id":"13","nombre":"Fernando Ruiz","cargo":"Secretario","correoelectronico":"fernando.ruiz@example.com","telefono":"714567890","direccion":"Boulevard 789","estado":"1","created_at":"2024-05-24 04:27:39.450734"},{"id":"14","nombre":"Silvia Jim\\u00e9nez","cargo":"Conserje","correoelectronico":"silvia.jimenez@example.com","telefono":"615678901","direccion":"Calle 987","estado":"1","created_at":"2024-05-24 04:27:39.450734"},{"id":"15","nombre":"Miguel Rodr\\u00edguez","cargo":"Administrativo","correoelectronico":"miguel.rodriguez@example.com","telefono":"716789012","direccion":"Avenida 654","estado":"1","created_at":"2024-05-24 04:27:39.450734"},{"id":"16","nombre":"Carmen Garc\\u00eda","cargo":"Enfermera","correoelectronico":"carmen.garcia@example.com","telefono":"617890123","direccion":"Calle 321","estado":"1","created_at":"2024-05-24 04:27:39.450734"},{"id":"18","nombre":"Patricia Mart\\u00ednez","cargo":"Recepcionista","correoelectronico":"patricia.martinez@example.com","telefono":"618901234","direccion":"Boulevard 345","estado":"1","created_at":"2024-05-24 04:27:39.450734"},{"id":"19","nombre":"Ricardo S\\u00e1nchez","cargo":"Entrenador","correoelectronico":"ricardo.sanchez@example.com","telefono":"719012345","direccion":"Calle 678","estado":"1","created_at":"2024-05-24 04:27:39.450734"},{"id":"20","nombre":"Gloria Fern\\u00e1ndez","cargo":"Psic\\u00f3loga","correoelectronico":"gloria.fernandez@example.com","telefono":"619123456","direccion":"Avenida 567","estado":"1","created_at":"2024-05-24 04:27:39.450734"},{"id":"21","nombre":"Ana Perez","cargo":"Profesor","correoelectronico":"ana@perez.con","telefono":"756843388","direccion":"Calle A","estado":"1","created_at":"2024-05-24 00:55:04"},{"id":"10","nombre":"Maria","cargo":"Mercado","correoelectronico":"sofia.hernandez@example.com","telefono":"619123456","direccion":"Avenida 567","estado":"1","created_at":"2024-05-24 04:27:39.450734"}]', [...])
 3 SYSTEMPATH\CodeIgniter.php(941): App\Controllers\GestionTransporteController->DatosTelefonoView()
 4 SYSTEMPATH\CodeIgniter.php(502): CodeIgniter\CodeIgniter->runController(Object(App\Controllers\GestionTransporteController))
 5 SYSTEMPATH\CodeIgniter.php(361): CodeIgniter\CodeIgniter->handleRequest(null, Object(Config\Cache), false)
 6 FCPATH\index.php(79): CodeIgniter\CodeIgniter->run()
 7 SYSTEMPATH\Commands\Server\rewrite.php(47): require_once('C:\\laragon\\www\\geotranck-dev\\public\\index.php')
INFO - 2024-05-29 20:10:39 --> Session: Class initialized using 'CodeIgniter\Session\Handlers\FileHandler' driver.
INFO - 2024-05-29 20:10:39 --> Session: Class initialized using 'CodeIgniter\Session\Handlers\FileHandler' driver.
WARNING - 2024-05-29 20:10:39 --> [DEPRECATED] usort(): Returning bool from comparison function is deprecated, return an integer less than, equal to, or greater than zero in APPPATH\Controllers\GestionDispositivosController.php on line 357.
 1 APPPATH\Controllers\GestionDispositivosController.php(357): usort([...], Object(Closure))
 2 APPPATH\Controllers\GestionDispositivosController.php(103): App\Controllers\GestionDispositivosController->datatables('[{"id":"8","marca":"NEOGPS","modelo":"GPS012","placa":"5816PEX","descripcion":"Gps","detalles":"instalacion en el automovil","created_at":"2024-05-24 00:57:52"},{"id":"9","marca":"MUOGPS","modelo":"GPS8685","placa":"568ADS","descripcion":"Gps de Ubicacion Telefonica","detalles":"Proceso de GPS instalacion","created_at":"2024-05-24 00:58:39"}]', [...])
 3 SYSTEMPATH\CodeIgniter.php(941): App\Controllers\GestionDispositivosController->DatosDispositivoGPSView()
 4 SYSTEMPATH\CodeIgniter.php(502): CodeIgniter\CodeIgniter->runController(Object(App\Controllers\GestionDispositivosController))
 5 SYSTEMPATH\CodeIgniter.php(361): CodeIgniter\CodeIgniter->handleRequest(null, Object(Config\Cache), false)
 6 FCPATH\index.php(79): CodeIgniter\CodeIgniter->run()
 7 SYSTEMPATH\Commands\Server\rewrite.php(47): require_once('C:\\laragon\\www\\geotranck-dev\\public\\index.php')
INFO - 2024-05-29 20:10:41 --> Session: Class initialized using 'CodeIgniter\Session\Handlers\FileHandler' driver.
INFO - 2024-05-29 20:10:41 --> Session: Class initialized using 'CodeIgniter\Session\Handlers\FileHandler' driver.
WARNING - 2024-05-29 20:10:41 --> [DEPRECATED] usort(): Returning bool from comparison function is deprecated, return an integer less than, equal to, or greater than zero in APPPATH\Controllers\GestionDispositivosController.php on line 357.
 1 APPPATH\Controllers\GestionDispositivosController.php(357): usort([...], Object(Closure))
 2 APPPATH\Controllers\GestionDispositivosController.php(245): App\Controllers\GestionDispositivosController->datatables('[{"id":"3","marca":"RFID6843584","modelo":"MODE847648","placa":"5816PEX","descripcion":"ninguna","detalle":"ninguna","created_at":"2024-05-24 01:00:31"},{"id":"2","marca":"RFID123","modelo":"MODE2684","placa":"568ADS","descripcion":"sistema de verficacion","detalle":"Control de pasajeros","created_at":"2024-05-24 01:00:04"}]', [...])
 3 SYSTEMPATH\CodeIgniter.php(941): App\Controllers\GestionDispositivosController->DatosDispositivoRFIDView()
 4 SYSTEMPATH\CodeIgniter.php(502): CodeIgniter\CodeIgniter->runController(Object(App\Controllers\GestionDispositivosController))
 5 SYSTEMPATH\CodeIgniter.php(361): CodeIgniter\CodeIgniter->handleRequest(null, Object(Config\Cache), false)
 6 FCPATH\index.php(79): CodeIgniter\CodeIgniter->run()
 7 SYSTEMPATH\Commands\Server\rewrite.php(47): require_once('C:\\laragon\\www\\geotranck-dev\\public\\index.php')
INFO - 2024-05-29 20:10:52 --> Session: Class initialized using 'CodeIgniter\Session\Handlers\FileHandler' driver.
INFO - 2024-05-29 20:11:17 --> Session: Class initialized using 'CodeIgniter\Session\Handlers\FileHandler' driver.
INFO - 2024-05-29 20:11:41 --> Session: Class initialized using 'CodeIgniter\Session\Handlers\FileHandler' driver.
INFO - 2024-05-29 20:11:57 --> Session: Class initialized using 'CodeIgniter\Session\Handlers\FileHandler' driver.
INFO - 2024-05-29 20:11:57 --> Session: Class initialized using 'CodeIgniter\Session\Handlers\FileHandler' driver.
WARNING - 2024-05-29 20:11:57 --> [DEPRECATED] usort(): Returning bool from comparison function is deprecated, return an integer less than, equal to, or greater than zero in APPPATH\Controllers\GestionPerfilUserController.php on line 326.
 1 APPPATH\Controllers\GestionPerfilUserController.php(326): usort([...], Object(Closure))
 2 APPPATH\Controllers\GestionPerfilUserController.php(208): App\Controllers\GestionPerfilUserController->datatables('[{"idusuarioconductor":"7","id":"25","foto":"conducto1_4.png","nombre":"Pedro","apellido":"Alvarez","correo":"pedro@alvarez.com","telefono":"75684384","cargo":"Due\\u00f1o","rolnombre":"Conductor","roldes":"Este usuario tendra limitaciones en el sistema","created_at":"2024-05-24 02:05:04"},{"idusuariotutor":"20","id":"21","foto":"conducto.png","nombre":"Maria","apellido":"Fernadez","telefono":"751843846","parentesco":"Madre","correo":"maria@fernadez.com","rolnombre":"PadreFamilia","roldes":"Este usuario tiene acceso a las ventanas designadas para el mismo","created_at":"2024-05-24 01:27:09"},{"idusuarioadministrador":"10","id":"20","foto":"nino2.png","nombre":"Edson","apellido":"Paco","correo":"Edson@Paco.com","telefono":"722541258","cargo":"Profesor","rolnombre":"Administrador","roldes":"Este usuario ingresara al sistema administrador","created_at":"2024-05-24 01:25:12"}]', [...])
 3 SYSTEMPATH\CodeIgniter.php(941): App\Controllers\GestionPerfilUserController->datosPerfilView()
 4 SYSTEMPATH\CodeIgniter.php(502): CodeIgniter\CodeIgniter->runController(Object(App\Controllers\GestionPerfilUserController))
 5 SYSTEMPATH\CodeIgniter.php(361): CodeIgniter\CodeIgniter->handleRequest(null, Object(Config\Cache), false)
 6 FCPATH\index.php(79): CodeIgniter\CodeIgniter->run()
 7 SYSTEMPATH\Commands\Server\rewrite.php(47): require_once('C:\\laragon\\www\\geotranck-dev\\public\\index.php')
INFO - 2024-05-29 20:12:40 --> Session: Class initialized using 'CodeIgniter\Session\Handlers\FileHandler' driver.
INFO - 2024-05-29 20:13:25 --> Session: Class initialized using 'CodeIgniter\Session\Handlers\FileHandler' driver.
INFO - 2024-05-29 20:15:14 --> Session: Class initialized using 'CodeIgniter\Session\Handlers\FileHandler' driver.
INFO - 2024-05-29 20:15:14 --> Session: Class initialized using 'CodeIgniter\Session\Handlers\FileHandler' driver.
WARNING - 2024-05-29 20:15:14 --> [DEPRECATED] usort(): Returning bool from comparison function is deprecated, return an integer less than, equal to, or greater than zero in APPPATH\Controllers\GestionTransporteController.php on line 615.
 1 APPPATH\Controllers\GestionTransporteController.php(615): usort([...], Object(Closure))
 2 APPPATH\Controllers\GestionTransporteController.php(500): App\Controllers\GestionTransporteController->datatables('[{"id":"1","nombre":"Juan P\\u00e9rez","cargo":"Director","correoelectronico":"juan.perez@example.com","telefono":"712345678","direccion":"Calle 123","estado":"1","created_at":"2024-05-24 04:27:39.450734"},{"id":"2","nombre":"Mar\\u00eda Garc\\u00eda","cargo":"Profesora","correoelectronico":"maria.garcia@example.com","telefono":"613456789","direccion":"Avenida 456","estado":"1","created_at":"2024-05-24 04:27:39.450734"},{"id":"3","nombre":"Pedro Rodr\\u00edguez","cargo":"Secretario","correoelectronico":"pedro.rodriguez@example.com","telefono":"714567890","direccion":"Boulevard 789","estado":"1","created_at":"2024-05-24 04:27:39.450734"},{"id":"4","nombre":"Luisa Mart\\u00ednez","cargo":"Conserje","correoelectronico":"luisa.martinez@example.com","telefono":"615678901","direccion":"Calle 987","estado":"1","created_at":"2024-05-24 04:27:39.450734"},{"id":"5","nombre":"Carlos S\\u00e1nchez","cargo":"Administrativo","correoelectronico":"carlos.sanchez@example.com","telefono":"716789012","direccion":"Avenida 654","estado":"1","created_at":"2024-05-24 04:27:39.450734"},{"id":"6","nombre":"Ana L\\u00f3pez","cargo":"Enfermera","correoelectronico":"ana.lopez@example.com","telefono":"617890123","direccion":"Calle 321","estado":"1","created_at":"2024-05-24 04:27:39.450734"},{"id":"7","nombre":"Jorge Fern\\u00e1ndez","cargo":"Consejero","correoelectronico":"jorge.fernandez@example.com","telefono":"717890234","direccion":"Avenida 012","estado":"1","created_at":"2024-05-24 04:27:39.450734"},{"id":"8","nombre":"Laura Torres","cargo":"Recepcionista","correoelectronico":"laura.torres@example.com","telefono":"618901234","direccion":"Boulevard 345","estado":"1","created_at":"2024-05-24 04:27:39.450734"},{"id":"9","nombre":"Diego G\\u00f3mez","cargo":"Entrenador","correoelectronico":"diego.gomez@example.com","telefono":"719012345","direccion":"Calle 678","estado":"1","created_at":"2024-05-24 04:27:39.450734"},{"id":"11","nombre":"Roberto Gonz\\u00e1lez","cargo":"Profesor","correoelectronico":"roberto.gonzalez@example.com","telefono":"712345678","direccion":"Calle 123","estado":"1","created_at":"2024-05-24 04:27:39.450734"},{"id":"12","nombre":"Isabel Ram\\u00edrez","cargo":"Directora","correoelectronico":"isabel.ramirez@example.com","telefono":"613456789","direccion":"Avenida 456","estado":"1","created_at":"2024-05-24 04:27:39.450734"},{"id":"13","nombre":"Fernando Ruiz","cargo":"Secretario","correoelectronico":"fernando.ruiz@example.com","telefono":"714567890","direccion":"Boulevard 789","estado":"1","created_at":"2024-05-24 04:27:39.450734"},{"id":"14","nombre":"Silvia Jim\\u00e9nez","cargo":"Conserje","correoelectronico":"silvia.jimenez@example.com","telefono":"615678901","direccion":"Calle 987","estado":"1","created_at":"2024-05-24 04:27:39.450734"},{"id":"15","nombre":"Miguel Rodr\\u00edguez","cargo":"Administrativo","correoelectronico":"miguel.rodriguez@example.com","telefono":"716789012","direccion":"Avenida 654","estado":"1","created_at":"2024-05-24 04:27:39.450734"},{"id":"16","nombre":"Carmen Garc\\u00eda","cargo":"Enfermera","correoelectronico":"carmen.garcia@example.com","telefono":"617890123","direccion":"Calle 321","estado":"1","created_at":"2024-05-24 04:27:39.450734"},{"id":"18","nombre":"Patricia Mart\\u00ednez","cargo":"Recepcionista","correoelectronico":"patricia.martinez@example.com","telefono":"618901234","direccion":"Boulevard 345","estado":"1","created_at":"2024-05-24 04:27:39.450734"},{"id":"19","nombre":"Ricardo S\\u00e1nchez","cargo":"Entrenador","correoelectronico":"ricardo.sanchez@example.com","telefono":"719012345","direccion":"Calle 678","estado":"1","created_at":"2024-05-24 04:27:39.450734"},{"id":"20","nombre":"Gloria Fern\\u00e1ndez","cargo":"Psic\\u00f3loga","correoelectronico":"gloria.fernandez@example.com","telefono":"619123456","direccion":"Avenida 567","estado":"1","created_at":"2024-05-24 04:27:39.450734"},{"id":"21","nombre":"Ana Perez","cargo":"Profesor","correoelectronico":"ana@perez.con","telefono":"756843388","direccion":"Calle A","estado":"1","created_at":"2024-05-24 00:55:04"},{"id":"10","nombre":"Maria","cargo":"Mercado","correoelectronico":"sofia.hernandez@example.com","telefono":"619123456","direccion":"Avenida 567","estado":"1","created_at":"2024-05-24 04:27:39.450734"}]', [...])
 3 SYSTEMPATH\CodeIgniter.php(941): App\Controllers\GestionTransporteController->DatosTelefonoView()
 4 SYSTEMPATH\CodeIgniter.php(502): CodeIgniter\CodeIgniter->runController(Object(App\Controllers\GestionTransporteController))
 5 SYSTEMPATH\CodeIgniter.php(361): CodeIgniter\CodeIgniter->handleRequest(null, Object(Config\Cache), false)
 6 FCPATH\index.php(79): CodeIgniter\CodeIgniter->run()
 7 SYSTEMPATH\Commands\Server\rewrite.php(47): require_once('C:\\laragon\\www\\geotranck-dev\\public\\index.php')
INFO - 2024-05-29 20:15:41 --> Session: Class initialized using 'CodeIgniter\Session\Handlers\FileHandler' driver.
INFO - 2024-05-29 20:15:42 --> Session: Class initialized using 'CodeIgniter\Session\Handlers\FileHandler' driver.
WARNING - 2024-05-29 20:15:42 --> [DEPRECATED] usort(): Returning bool from comparison function is deprecated, return an integer less than, equal to, or greater than zero in APPPATH\Controllers\GestionUsuarioController.php on line 787.
 1 APPPATH\Controllers\GestionUsuarioController.php(787): usort([...], Object(Closure))
 2 APPPATH\Controllers\GestionUsuarioController.php(72): App\Controllers\GestionUsuarioController->datatables('[{"id":"23","nombre":"Grupo Agregar","descripcion":"Este grupo de privilegio esta destinado a usuario que solo podra realizar agregar datos en el sistema ","administrador":"false","agregar":"true","modificar":"false","eliminar":"false","estado":"1","created_at":"2024-05-23 23:27:38","updated_at":"2024-05-23 23:27:38"},{"id":"24","nombre":"Grupo Modificar","descripcion":"Este Grupo esta destinado a usuarios que solo podran realizar modificacion a los datos del sistema ","administrador":"false","agregar":"false","modificar":"true","eliminar":"false","estado":"1","created_at":"2024-05-23 23:28:31","updated_at":"2024-05-23 23:28:31"},{"id":"25","nombre":"Grupo Eliminar","descripcion":"Este grupo solo permite eliminar datos al usuario ","administrador":"false","agregar":"false","modificar":"false","eliminar":"true","estado":"1","created_at":"2024-05-23 23:29:12","updated_at":"2024-05-23 23:29:12"},{"id":"20","nombre":"Grupo Administradores","descripcion":"Este grupo puede tener todo los privilegios para el sistema ","administrador":"true","agregar":"false","modificar":"false","eliminar":"false","estado":"1","created_at":"2024-05-23 23:21:37","updated_at":"2024-05-23 23:21:37"},{"id":"21","nombre":"Grupo Padres ","descripcion":"Este grupo esta creado para padres con la capacidad de manejar el sistema administrativo  ","administrador":"true","agregar":"false","modificar":"false","eliminar":"false","estado":"1","created_at":"2024-05-23 23:22:48","updated_at":"2024-05-23 23:25:24"},{"id":"22","nombre":"Grupo Conductores","descripcion":"Este grupo esta destinado para conductores que tiene ingreso al sistema administrativo","administrador":"true","agregar":"false","modificar":"false","eliminar":"false","estado":"1","created_at":"2024-05-23 23:26:36","updated_at":"2024-05-23 23:26:36"}]', [...])
 3 SYSTEMPATH\CodeIgniter.php(941): App\Controllers\GestionUsuarioController->DatosPrivilegioView1()
 4 SYSTEMPATH\CodeIgniter.php(502): CodeIgniter\CodeIgniter->runController(Object(App\Controllers\GestionUsuarioController))
 5 SYSTEMPATH\CodeIgniter.php(361): CodeIgniter\CodeIgniter->handleRequest(null, Object(Config\Cache), false)
 6 FCPATH\index.php(79): CodeIgniter\CodeIgniter->run()
 7 SYSTEMPATH\Commands\Server\rewrite.php(47): require_once('C:\\laragon\\www\\geotranck-dev\\public\\index.php')
INFO - 2024-05-29 20:15:55 --> Session: Class initialized using 'CodeIgniter\Session\Handlers\FileHandler' driver.
INFO - 2024-05-29 20:15:55 --> Session: Class initialized using 'CodeIgniter\Session\Handlers\FileHandler' driver.
INFO - 2024-05-29 20:16:05 --> Session: Class initialized using 'CodeIgniter\Session\Handlers\FileHandler' driver.
INFO - 2024-05-29 20:16:12 --> Session: Class initialized using 'CodeIgniter\Session\Handlers\FileHandler' driver.
INFO - 2024-05-29 20:16:12 --> Session: Class initialized using 'CodeIgniter\Session\Handlers\FileHandler' driver.
INFO - 2024-05-29 20:16:13 --> Session: Class initialized using 'CodeIgniter\Session\Handlers\FileHandler' driver.
INFO - 2024-05-29 20:16:13 --> Session: Class initialized using 'CodeIgniter\Session\Handlers\FileHandler' driver.
INFO - 2024-05-29 20:16:13 --> Session: Class initialized using 'CodeIgniter\Session\Handlers\FileHandler' driver.
INFO - 2024-05-29 20:16:13 --> Session: Class initialized using 'CodeIgniter\Session\Handlers\FileHandler' driver.
INFO - 2024-05-29 20:16:14 --> Session: Class initialized using 'CodeIgniter\Session\Handlers\FileHandler' driver.
INFO - 2024-05-29 20:16:15 --> Session: Class initialized using 'CodeIgniter\Session\Handlers\FileHandler' driver.
INFO - 2024-05-29 20:16:15 --> Session: Class initialized using 'CodeIgniter\Session\Handlers\FileHandler' driver.
INFO - 2024-05-29 20:16:15 --> Session: Class initialized using 'CodeIgniter\Session\Handlers\FileHandler' driver.
INFO - 2024-05-29 20:16:16 --> Session: Class initialized using 'CodeIgniter\Session\Handlers\FileHandler' driver.
INFO - 2024-05-29 20:16:50 --> Session: Class initialized using 'CodeIgniter\Session\Handlers\FileHandler' driver.
INFO - 2024-05-29 20:16:51 --> Session: Class initialized using 'CodeIgniter\Session\Handlers\FileHandler' driver.
WARNING - 2024-05-29 20:16:51 --> [DEPRECATED] usort(): Returning bool from comparison function is deprecated, return an integer less than, equal to, or greater than zero in APPPATH\Controllers\GestionTransporteController.php on line 615.
 1 APPPATH\Controllers\GestionTransporteController.php(615): usort([...], Object(Closure))
 2 APPPATH\Controllers\GestionTransporteController.php(500): App\Controllers\GestionTransporteController->datatables('[{"id":"1","nombre":"Juan P\\u00e9rez","cargo":"Director","correoelectronico":"juan.perez@example.com","telefono":"712345678","direccion":"Calle 123","estado":"1","created_at":"2024-05-24 04:27:39.450734"},{"id":"2","nombre":"Mar\\u00eda Garc\\u00eda","cargo":"Profesora","correoelectronico":"maria.garcia@example.com","telefono":"613456789","direccion":"Avenida 456","estado":"1","created_at":"2024-05-24 04:27:39.450734"},{"id":"3","nombre":"Pedro Rodr\\u00edguez","cargo":"Secretario","correoelectronico":"pedro.rodriguez@example.com","telefono":"714567890","direccion":"Boulevard 789","estado":"1","created_at":"2024-05-24 04:27:39.450734"},{"id":"4","nombre":"Luisa Mart\\u00ednez","cargo":"Conserje","correoelectronico":"luisa.martinez@example.com","telefono":"615678901","direccion":"Calle 987","estado":"1","created_at":"2024-05-24 04:27:39.450734"},{"id":"5","nombre":"Carlos S\\u00e1nchez","cargo":"Administrativo","correoelectronico":"carlos.sanchez@example.com","telefono":"716789012","direccion":"Avenida 654","estado":"1","created_at":"2024-05-24 04:27:39.450734"},{"id":"6","nombre":"Ana L\\u00f3pez","cargo":"Enfermera","correoelectronico":"ana.lopez@example.com","telefono":"617890123","direccion":"Calle 321","estado":"1","created_at":"2024-05-24 04:27:39.450734"},{"id":"7","nombre":"Jorge Fern\\u00e1ndez","cargo":"Consejero","correoelectronico":"jorge.fernandez@example.com","telefono":"717890234","direccion":"Avenida 012","estado":"1","created_at":"2024-05-24 04:27:39.450734"},{"id":"8","nombre":"Laura Torres","cargo":"Recepcionista","correoelectronico":"laura.torres@example.com","telefono":"618901234","direccion":"Boulevard 345","estado":"1","created_at":"2024-05-24 04:27:39.450734"},{"id":"9","nombre":"Diego G\\u00f3mez","cargo":"Entrenador","correoelectronico":"diego.gomez@example.com","telefono":"719012345","direccion":"Calle 678","estado":"1","created_at":"2024-05-24 04:27:39.450734"},{"id":"11","nombre":"Roberto Gonz\\u00e1lez","cargo":"Profesor","correoelectronico":"roberto.gonzalez@example.com","telefono":"712345678","direccion":"Calle 123","estado":"1","created_at":"2024-05-24 04:27:39.450734"},{"id":"12","nombre":"Isabel Ram\\u00edrez","cargo":"Directora","correoelectronico":"isabel.ramirez@example.com","telefono":"613456789","direccion":"Avenida 456","estado":"1","created_at":"2024-05-24 04:27:39.450734"},{"id":"13","nombre":"Fernando Ruiz","cargo":"Secretario","correoelectronico":"fernando.ruiz@example.com","telefono":"714567890","direccion":"Boulevard 789","estado":"1","created_at":"2024-05-24 04:27:39.450734"},{"id":"14","nombre":"Silvia Jim\\u00e9nez","cargo":"Conserje","correoelectronico":"silvia.jimenez@example.com","telefono":"615678901","direccion":"Calle 987","estado":"1","created_at":"2024-05-24 04:27:39.450734"},{"id":"15","nombre":"Miguel Rodr\\u00edguez","cargo":"Administrativo","correoelectronico":"miguel.rodriguez@example.com","telefono":"716789012","direccion":"Avenida 654","estado":"1","created_at":"2024-05-24 04:27:39.450734"},{"id":"16","nombre":"Carmen Garc\\u00eda","cargo":"Enfermera","correoelectronico":"carmen.garcia@example.com","telefono":"617890123","direccion":"Calle 321","estado":"1","created_at":"2024-05-24 04:27:39.450734"},{"id":"18","nombre":"Patricia Mart\\u00ednez","cargo":"Recepcionista","correoelectronico":"patricia.martinez@example.com","telefono":"618901234","direccion":"Boulevard 345","estado":"1","created_at":"2024-05-24 04:27:39.450734"},{"id":"19","nombre":"Ricardo S\\u00e1nchez","cargo":"Entrenador","correoelectronico":"ricardo.sanchez@example.com","telefono":"719012345","direccion":"Calle 678","estado":"1","created_at":"2024-05-24 04:27:39.450734"},{"id":"20","nombre":"Gloria Fern\\u00e1ndez","cargo":"Psic\\u00f3loga","correoelectronico":"gloria.fernandez@example.com","telefono":"619123456","direccion":"Avenida 567","estado":"1","created_at":"2024-05-24 04:27:39.450734"},{"id":"21","nombre":"Ana Perez","cargo":"Profesor","correoelectronico":"ana@perez.con","telefono":"756843388","direccion":"Calle A","estado":"1","created_at":"2024-05-24 00:55:04"},{"id":"10","nombre":"Maria","cargo":"Mercado","correoelectronico":"sofia.hernandez@example.com","telefono":"619123456","direccion":"Avenida 567","estado":"1","created_at":"2024-05-24 04:27:39.450734"}]', [...])
 3 SYSTEMPATH\CodeIgniter.php(941): App\Controllers\GestionTransporteController->DatosTelefonoView()
 4 SYSTEMPATH\CodeIgniter.php(502): CodeIgniter\CodeIgniter->runController(Object(App\Controllers\GestionTransporteController))
 5 SYSTEMPATH\CodeIgniter.php(361): CodeIgniter\CodeIgniter->handleRequest(null, Object(Config\Cache), false)
 6 FCPATH\index.php(79): CodeIgniter\CodeIgniter->run()
 7 SYSTEMPATH\Commands\Server\rewrite.php(47): require_once('C:\\laragon\\www\\geotranck-dev\\public\\index.php')
INFO - 2024-05-29 20:18:17 --> Session: Class initialized using 'CodeIgniter\Session\Handlers\FileHandler' driver.
INFO - 2024-05-29 20:26:27 --> Session: Class initialized using 'CodeIgniter\Session\Handlers\FileHandler' driver.
INFO - 2024-05-29 20:26:27 --> Session: Class initialized using 'CodeIgniter\Session\Handlers\FileHandler' driver.
