INFO - 2024-05-31 00:02:43 --> Session: Class initialized using 'CodeIgniter\Session\Handlers\FileHandler' driver.
INFO - 2024-05-31 00:03:06 --> Session: Class initialized using 'CodeIgniter\Session\Handlers\FileHandler' driver.
INFO - 2024-05-31 00:04:46 --> Session: Class initialized using 'CodeIgniter\Session\Handlers\FileHandler' driver.
INFO - 2024-05-31 00:06:10 --> Session: Class initialized using 'CodeIgniter\Session\Handlers\FileHandler' driver.
INFO - 2024-05-31 00:06:21 --> Session: Class initialized using 'CodeIgniter\Session\Handlers\FileHandler' driver.
INFO - 2024-05-31 00:06:35 --> Session: Class initialized using 'CodeIgniter\Session\Handlers\FileHandler' driver.
INFO - 2024-05-31 00:12:03 --> Session: Class initialized using 'CodeIgniter\Session\Handlers\FileHandler' driver.
INFO - 2024-05-31 00:12:32 --> Session: Class initialized using 'CodeIgniter\Session\Handlers\FileHandler' driver.
INFO - 2024-05-31 00:13:02 --> Session: Class initialized using 'CodeIgniter\Session\Handlers\FileHandler' driver.
INFO - 2024-05-31 00:13:44 --> Session: Class initialized using 'CodeIgniter\Session\Handlers\FileHandler' driver.
INFO - 2024-05-31 00:15:22 --> Session: Class initialized using 'CodeIgniter\Session\Handlers\FileHandler' driver.
INFO - 2024-05-31 00:18:11 --> Session: Class initialized using 'CodeIgniter\Session\Handlers\FileHandler' driver.
CRITICAL - 2024-05-31 00:18:11 --> ErrorException: Undefined variable $data1
in APPPATH\Controllers\EstudianteAutoController.php on line 46.
 1 APPPATH\Controllers\EstudianteAutoController.php(46): CodeIgniter\Debug\Exceptions->errorHandler(2, 'Undefined variable $data1', 'C:\\laragon\\www\\geotranck-dev\\app\\Controllers\\EstudianteAutoController.php', 46)
 2 SYSTEMPATH\CodeIgniter.php(941): App\Controllers\EstudianteAutoController->EstudianteAutoView()
 3 SYSTEMPATH\CodeIgniter.php(502): CodeIgniter\CodeIgniter->runController(Object(App\Controllers\EstudianteAutoController))
 4 SYSTEMPATH\CodeIgniter.php(361): CodeIgniter\CodeIgniter->handleRequest(null, Object(Config\Cache), false)
 5 FCPATH\index.php(79): CodeIgniter\CodeIgniter->run()
 6 SYSTEMPATH\Commands\Server\rewrite.php(47): require_once('C:\\laragon\\www\\geotranck-dev\\public\\index.php')
INFO - 2024-05-31 00:18:21 --> Session: Class initialized using 'CodeIgniter\Session\Handlers\FileHandler' driver.
INFO - 2024-05-31 00:26:50 --> Session: Class initialized using 'CodeIgniter\Session\Handlers\FileHandler' driver.
INFO - 2024-05-31 00:27:03 --> Session: Class initialized using 'CodeIgniter\Session\Handlers\FileHandler' driver.
INFO - 2024-05-31 00:27:04 --> Session: Class initialized using 'CodeIgniter\Session\Handlers\FileHandler' driver.
INFO - 2024-05-31 00:27:06 --> Session: Class initialized using 'CodeIgniter\Session\Handlers\FileHandler' driver.
INFO - 2024-05-31 00:27:17 --> Session: Class initialized using 'CodeIgniter\Session\Handlers\FileHandler' driver.
INFO - 2024-05-31 00:32:07 --> Session: Class initialized using 'CodeIgniter\Session\Handlers\FileHandler' driver.
INFO - 2024-05-31 00:32:52 --> Session: Class initialized using 'CodeIgniter\Session\Handlers\FileHandler' driver.
INFO - 2024-05-31 00:34:12 --> Session: Class initialized using 'CodeIgniter\Session\Handlers\FileHandler' driver.
INFO - 2024-05-31 00:34:22 --> Session: Class initialized using 'CodeIgniter\Session\Handlers\FileHandler' driver.
INFO - 2024-05-31 00:34:56 --> Session: Class initialized using 'CodeIgniter\Session\Handlers\FileHandler' driver.
INFO - 2024-05-31 00:36:03 --> Session: Class initialized using 'CodeIgniter\Session\Handlers\FileHandler' driver.
INFO - 2024-05-31 00:37:58 --> Session: Class initialized using 'CodeIgniter\Session\Handlers\FileHandler' driver.
CRITICAL - 2024-05-31 00:37:58 --> ErrorException: Undefined variable $estudiante
in APPPATH\Views\11_MenuLateral\8_AsignacionAuto\1_EstudianteAutoPageView.php on line 52.
 1 APPPATH\Views\11_MenuLateral\8_AsignacionAuto\1_EstudianteAutoPageView.php(52): CodeIgniter\Debug\Exceptions->errorHandler(2, 'Undefined variable $estudiante', 'C:\\laragon\\www\\geotranck-dev\\app\\Views\\11_MenuLateral\\8_AsignacionAuto\\1_EstudianteAutoPageView.php', 52)
 2 SYSTEMPATH\View\View.php(228): include('C:\\laragon\\www\\geotranck-dev\\app\\Views\\11_MenuLateral\\8_AsignacionAuto\\1_EstudianteAutoPageView.php')
 3 SYSTEMPATH\View\View.php(231): CodeIgniter\View\View->CodeIgniter\View\{closure}()
 4 SYSTEMPATH\Common.php(1178): CodeIgniter\View\View->render('11_MenuLateral/8_AsignacionAuto/1_EstudianteAutoPageView.php', [], true)
 5 APPPATH\Controllers\EstudianteAutoController.php(43): view('11_MenuLateral/8_AsignacionAuto/1_EstudianteAutoPageView.php')
 6 SYSTEMPATH\CodeIgniter.php(941): App\Controllers\EstudianteAutoController->EstudianteAutoView()
 7 SYSTEMPATH\CodeIgniter.php(502): CodeIgniter\CodeIgniter->runController(Object(App\Controllers\EstudianteAutoController))
 8 SYSTEMPATH\CodeIgniter.php(361): CodeIgniter\CodeIgniter->handleRequest(null, Object(Config\Cache), false)
 9 FCPATH\index.php(79): CodeIgniter\CodeIgniter->run()
10 SYSTEMPATH\Commands\Server\rewrite.php(47): require_once('C:\\laragon\\www\\geotranck-dev\\public\\index.php')
INFO - 2024-05-31 00:38:39 --> Session: Class initialized using 'CodeIgniter\Session\Handlers\FileHandler' driver.
INFO - 2024-05-31 00:39:34 --> Session: Class initialized using 'CodeIgniter\Session\Handlers\FileHandler' driver.
INFO - 2024-05-31 00:41:11 --> Session: Class initialized using 'CodeIgniter\Session\Handlers\FileHandler' driver.
INFO - 2024-05-31 00:41:39 --> Session: Class initialized using 'CodeIgniter\Session\Handlers\FileHandler' driver.
INFO - 2024-05-31 00:41:46 --> Session: Class initialized using 'CodeIgniter\Session\Handlers\FileHandler' driver.
INFO - 2024-05-31 00:43:32 --> Session: Class initialized using 'CodeIgniter\Session\Handlers\FileHandler' driver.
INFO - 2024-05-31 00:47:40 --> Session: Class initialized using 'CodeIgniter\Session\Handlers\FileHandler' driver.
INFO - 2024-05-31 00:50:07 --> Session: Class initialized using 'CodeIgniter\Session\Handlers\FileHandler' driver.
INFO - 2024-05-31 00:50:14 --> Session: Class initialized using 'CodeIgniter\Session\Handlers\FileHandler' driver.
INFO - 2024-05-31 00:51:02 --> Session: Class initialized using 'CodeIgniter\Session\Handlers\FileHandler' driver.
INFO - 2024-05-31 00:51:12 --> Session: Class initialized using 'CodeIgniter\Session\Handlers\FileHandler' driver.
INFO - 2024-05-31 00:51:49 --> Session: Class initialized using 'CodeIgniter\Session\Handlers\FileHandler' driver.
INFO - 2024-05-31 00:52:01 --> Session: Class initialized using 'CodeIgniter\Session\Handlers\FileHandler' driver.
INFO - 2024-05-31 00:52:04 --> Session: Class initialized using 'CodeIgniter\Session\Handlers\FileHandler' driver.
INFO - 2024-05-31 00:52:06 --> Session: Class initialized using 'CodeIgniter\Session\Handlers\FileHandler' driver.
INFO - 2024-05-31 00:52:09 --> Session: Class initialized using 'CodeIgniter\Session\Handlers\FileHandler' driver.
INFO - 2024-05-31 00:52:15 --> Session: Class initialized using 'CodeIgniter\Session\Handlers\FileHandler' driver.
INFO - 2024-05-31 00:52:16 --> Session: Class initialized using 'CodeIgniter\Session\Handlers\FileHandler' driver.
INFO - 2024-05-31 00:52:16 --> Session: Class initialized using 'CodeIgniter\Session\Handlers\FileHandler' driver.
INFO - 2024-05-31 00:52:17 --> Session: Class initialized using 'CodeIgniter\Session\Handlers\FileHandler' driver.
INFO - 2024-05-31 00:52:18 --> Session: Class initialized using 'CodeIgniter\Session\Handlers\FileHandler' driver.
INFO - 2024-05-31 00:52:46 --> Session: Class initialized using 'CodeIgniter\Session\Handlers\FileHandler' driver.
INFO - 2024-05-31 00:52:49 --> Session: Class initialized using 'CodeIgniter\Session\Handlers\FileHandler' driver.
INFO - 2024-05-31 00:52:52 --> Session: Class initialized using 'CodeIgniter\Session\Handlers\FileHandler' driver.
INFO - 2024-05-31 00:53:24 --> Session: Class initialized using 'CodeIgniter\Session\Handlers\FileHandler' driver.
INFO - 2024-05-31 00:53:29 --> Session: Class initialized using 'CodeIgniter\Session\Handlers\FileHandler' driver.
INFO - 2024-05-31 00:53:43 --> Session: Class initialized using 'CodeIgniter\Session\Handlers\FileHandler' driver.
INFO - 2024-05-31 22:15:28 --> Session: Class initialized using 'CodeIgniter\Session\Handlers\FileHandler' driver.
INFO - 2024-05-31 22:15:48 --> Session: Class initialized using 'CodeIgniter\Session\Handlers\FileHandler' driver.
INFO - 2024-05-31 22:15:49 --> Session: Class initialized using 'CodeIgniter\Session\Handlers\FileHandler' driver.
INFO - 2024-05-31 22:15:56 --> Session: Class initialized using 'CodeIgniter\Session\Handlers\FileHandler' driver.
INFO - 2024-05-31 22:17:24 --> Session: Class initialized using 'CodeIgniter\Session\Handlers\FileHandler' driver.
INFO - 2024-05-31 22:17:34 --> Session: Class initialized using 'CodeIgniter\Session\Handlers\FileHandler' driver.
INFO - 2024-05-31 22:20:09 --> Session: Class initialized using 'CodeIgniter\Session\Handlers\FileHandler' driver.
INFO - 2024-05-31 22:20:13 --> Session: Class initialized using 'CodeIgniter\Session\Handlers\FileHandler' driver.
INFO - 2024-05-31 22:20:14 --> Session: Class initialized using 'CodeIgniter\Session\Handlers\FileHandler' driver.
WARNING - 2024-05-31 22:20:14 --> [DEPRECATED] usort(): Returning bool from comparison function is deprecated, return an integer less than, equal to, or greater than zero in APPPATH\Controllers\GestionUsuarioController.php on line 787.
 1 APPPATH\Controllers\GestionUsuarioController.php(787): usort([...], Object(Closure))
 2 APPPATH\Controllers\GestionUsuarioController.php(195): App\Controllers\GestionUsuarioController->datatables('[{"id":"22","nombre":"Conductor","descripcion":"Este usuario tendra limitaciones en el sistema","grupo_privilegio":"Grupo Conductores","estado":"1","created_at":"2024-05-23 23:34:01"},{"id":"23","nombre":"PadreFamilia","descripcion":"Este usuario tiene acceso a las ventanas designadas para el mismo","grupo_privilegio":"Grupo Padres ","estado":"1","created_at":"2024-05-23 23:34:53"},{"id":"21","nombre":"Administrador","descripcion":"Este usuario ingresara al sistema administrador","grupo_privilegio":"Grupo Administradores","estado":"1","created_at":"2024-05-23 23:33:23"}]', [...])
 3 SYSTEMPATH\CodeIgniter.php(941): App\Controllers\GestionUsuarioController->DatosRolesView()
 4 SYSTEMPATH\CodeIgniter.php(502): CodeIgniter\CodeIgniter->runController(Object(App\Controllers\GestionUsuarioController))
 5 SYSTEMPATH\CodeIgniter.php(361): CodeIgniter\CodeIgniter->handleRequest(null, Object(Config\Cache), false)
 6 FCPATH\index.php(79): CodeIgniter\CodeIgniter->run()
 7 SYSTEMPATH\Commands\Server\rewrite.php(47): require_once('C:\\laragon\\www\\geotranck-dev\\public\\index.php')
INFO - 2024-05-31 22:20:15 --> Session: Class initialized using 'CodeIgniter\Session\Handlers\FileHandler' driver.
INFO - 2024-05-31 22:20:18 --> Session: Class initialized using 'CodeIgniter\Session\Handlers\FileHandler' driver.
INFO - 2024-05-31 22:20:25 --> Session: Class initialized using 'CodeIgniter\Session\Handlers\FileHandler' driver.
INFO - 2024-05-31 22:20:30 --> Session: Class initialized using 'CodeIgniter\Session\Handlers\FileHandler' driver.
INFO - 2024-05-31 22:20:35 --> Session: Class initialized using 'CodeIgniter\Session\Handlers\FileHandler' driver.
INFO - 2024-05-31 22:21:24 --> Session: Class initialized using 'CodeIgniter\Session\Handlers\FileHandler' driver.
INFO - 2024-05-31 22:21:30 --> Session: Class initialized using 'CodeIgniter\Session\Handlers\FileHandler' driver.
INFO - 2024-05-31 22:21:33 --> Session: Class initialized using 'CodeIgniter\Session\Handlers\FileHandler' driver.
INFO - 2024-05-31 22:22:04 --> Session: Class initialized using 'CodeIgniter\Session\Handlers\FileHandler' driver.
INFO - 2024-05-31 22:22:11 --> Session: Class initialized using 'CodeIgniter\Session\Handlers\FileHandler' driver.
INFO - 2024-05-31 22:22:17 --> Session: Class initialized using 'CodeIgniter\Session\Handlers\FileHandler' driver.
INFO - 2024-05-31 22:22:51 --> Session: Class initialized using 'CodeIgniter\Session\Handlers\FileHandler' driver.
INFO - 2024-05-31 22:22:53 --> Session: Class initialized using 'CodeIgniter\Session\Handlers\FileHandler' driver.
INFO - 2024-05-31 22:22:59 --> Session: Class initialized using 'CodeIgniter\Session\Handlers\FileHandler' driver.
INFO - 2024-05-31 22:23:02 --> Session: Class initialized using 'CodeIgniter\Session\Handlers\FileHandler' driver.
INFO - 2024-05-31 22:23:34 --> Session: Class initialized using 'CodeIgniter\Session\Handlers\FileHandler' driver.
INFO - 2024-05-31 22:23:36 --> Session: Class initialized using 'CodeIgniter\Session\Handlers\FileHandler' driver.
INFO - 2024-05-31 22:23:48 --> Session: Class initialized using 'CodeIgniter\Session\Handlers\FileHandler' driver.
INFO - 2024-05-31 22:24:29 --> Session: Class initialized using 'CodeIgniter\Session\Handlers\FileHandler' driver.
INFO - 2024-05-31 22:24:29 --> Session: Class initialized using 'CodeIgniter\Session\Handlers\FileHandler' driver.
INFO - 2024-05-31 22:24:29 --> Session: Class initialized using 'CodeIgniter\Session\Handlers\FileHandler' driver.
INFO - 2024-05-31 22:25:32 --> Session: Class initialized using 'CodeIgniter\Session\Handlers\FileHandler' driver.
INFO - 2024-05-31 22:25:33 --> Session: Class initialized using 'CodeIgniter\Session\Handlers\FileHandler' driver.
INFO - 2024-05-31 22:26:52 --> Session: Class initialized using 'CodeIgniter\Session\Handlers\FileHandler' driver.
INFO - 2024-05-31 22:28:09 --> Session: Class initialized using 'CodeIgniter\Session\Handlers\FileHandler' driver.
INFO - 2024-05-31 22:29:22 --> Session: Class initialized using 'CodeIgniter\Session\Handlers\FileHandler' driver.
INFO - 2024-05-31 22:29:22 --> Session: Class initialized using 'CodeIgniter\Session\Handlers\FileHandler' driver.
WARNING - 2024-05-31 22:29:22 --> [DEPRECATED] usort(): Returning bool from comparison function is deprecated, return an integer less than, equal to, or greater than zero in APPPATH\Controllers\GestionTransporteController.php on line 615.
 1 APPPATH\Controllers\GestionTransporteController.php(615): usort([...], Object(Closure))
 2 APPPATH\Controllers\GestionTransporteController.php(500): App\Controllers\GestionTransporteController->datatables('[{"id":"1","nombre":"Juan P\\u00e9rez","cargo":"Director","correoelectronico":"juan.perez@example.com","telefono":"712345678","direccion":"Calle 123","estado":"1","created_at":"2024-05-24 04:27:39.450734"},{"id":"2","nombre":"Mar\\u00eda Garc\\u00eda","cargo":"Profesora","correoelectronico":"maria.garcia@example.com","telefono":"613456789","direccion":"Avenida 456","estado":"1","created_at":"2024-05-24 04:27:39.450734"},{"id":"3","nombre":"Pedro Rodr\\u00edguez","cargo":"Secretario","correoelectronico":"pedro.rodriguez@example.com","telefono":"714567890","direccion":"Boulevard 789","estado":"1","created_at":"2024-05-24 04:27:39.450734"},{"id":"4","nombre":"Luisa Mart\\u00ednez","cargo":"Conserje","correoelectronico":"luisa.martinez@example.com","telefono":"615678901","direccion":"Calle 987","estado":"1","created_at":"2024-05-24 04:27:39.450734"},{"id":"5","nombre":"Carlos S\\u00e1nchez","cargo":"Administrativo","correoelectronico":"carlos.sanchez@example.com","telefono":"716789012","direccion":"Avenida 654","estado":"1","created_at":"2024-05-24 04:27:39.450734"},{"id":"6","nombre":"Ana L\\u00f3pez","cargo":"Enfermera","correoelectronico":"ana.lopez@example.com","telefono":"617890123","direccion":"Calle 321","estado":"1","created_at":"2024-05-24 04:27:39.450734"},{"id":"7","nombre":"Jorge Fern\\u00e1ndez","cargo":"Consejero","correoelectronico":"jorge.fernandez@example.com","telefono":"717890234","direccion":"Avenida 012","estado":"1","created_at":"2024-05-24 04:27:39.450734"},{"id":"8","nombre":"Laura Torres","cargo":"Recepcionista","correoelectronico":"laura.torres@example.com","telefono":"618901234","direccion":"Boulevard 345","estado":"1","created_at":"2024-05-24 04:27:39.450734"},{"id":"9","nombre":"Diego G\\u00f3mez","cargo":"Entrenador","correoelectronico":"diego.gomez@example.com","telefono":"719012345","direccion":"Calle 678","estado":"1","created_at":"2024-05-24 04:27:39.450734"},{"id":"11","nombre":"Roberto Gonz\\u00e1lez","cargo":"Profesor","correoelectronico":"roberto.gonzalez@example.com","telefono":"712345678","direccion":"Calle 123","estado":"1","created_at":"2024-05-24 04:27:39.450734"},{"id":"12","nombre":"Isabel Ram\\u00edrez","cargo":"Directora","correoelectronico":"isabel.ramirez@example.com","telefono":"613456789","direccion":"Avenida 456","estado":"1","created_at":"2024-05-24 04:27:39.450734"},{"id":"13","nombre":"Fernando Ruiz","cargo":"Secretario","correoelectronico":"fernando.ruiz@example.com","telefono":"714567890","direccion":"Boulevard 789","estado":"1","created_at":"2024-05-24 04:27:39.450734"},{"id":"14","nombre":"Silvia Jim\\u00e9nez","cargo":"Conserje","correoelectronico":"silvia.jimenez@example.com","telefono":"615678901","direccion":"Calle 987","estado":"1","created_at":"2024-05-24 04:27:39.450734"},{"id":"15","nombre":"Miguel Rodr\\u00edguez","cargo":"Administrativo","correoelectronico":"miguel.rodriguez@example.com","telefono":"716789012","direccion":"Avenida 654","estado":"1","created_at":"2024-05-24 04:27:39.450734"},{"id":"16","nombre":"Carmen Garc\\u00eda","cargo":"Enfermera","correoelectronico":"carmen.garcia@example.com","telefono":"617890123","direccion":"Calle 321","estado":"1","created_at":"2024-05-24 04:27:39.450734"},{"id":"18","nombre":"Patricia Mart\\u00ednez","cargo":"Recepcionista","correoelectronico":"patricia.martinez@example.com","telefono":"618901234","direccion":"Boulevard 345","estado":"1","created_at":"2024-05-24 04:27:39.450734"},{"id":"19","nombre":"Ricardo S\\u00e1nchez","cargo":"Entrenador","correoelectronico":"ricardo.sanchez@example.com","telefono":"719012345","direccion":"Calle 678","estado":"1","created_at":"2024-05-24 04:27:39.450734"},{"id":"20","nombre":"Gloria Fern\\u00e1ndez","cargo":"Psic\\u00f3loga","correoelectronico":"gloria.fernandez@example.com","telefono":"619123456","direccion":"Avenida 567","estado":"1","created_at":"2024-05-24 04:27:39.450734"},{"id":"21","nombre":"Ana Perez","cargo":"Profesor","correoelectronico":"ana@perez.con","telefono":"756843388","direccion":"Calle A","estado":"1","created_at":"2024-05-24 00:55:04"},{"id":"10","nombre":"Maria","cargo":"Mercado","correoelectronico":"sofia.hernandez@example.com","telefono":"619123456","direccion":"Avenida 567","estado":"1","created_at":"2024-05-24 04:27:39.450734"}]', [...])
 3 SYSTEMPATH\CodeIgniter.php(941): App\Controllers\GestionTransporteController->DatosTelefonoView()
 4 SYSTEMPATH\CodeIgniter.php(502): CodeIgniter\CodeIgniter->runController(Object(App\Controllers\GestionTransporteController))
 5 SYSTEMPATH\CodeIgniter.php(361): CodeIgniter\CodeIgniter->handleRequest(null, Object(Config\Cache), false)
 6 FCPATH\index.php(79): CodeIgniter\CodeIgniter->run()
 7 SYSTEMPATH\Commands\Server\rewrite.php(47): require_once('C:\\laragon\\www\\geotranck-dev\\public\\index.php')
INFO - 2024-05-31 22:29:28 --> Session: Class initialized using 'CodeIgniter\Session\Handlers\FileHandler' driver.
INFO - 2024-05-31 22:29:31 --> Session: Class initialized using 'CodeIgniter\Session\Handlers\FileHandler' driver.
INFO - 2024-05-31 22:29:32 --> Session: Class initialized using 'CodeIgniter\Session\Handlers\FileHandler' driver.
WARNING - 2024-05-31 22:29:32 --> [DEPRECATED] usort(): Returning bool from comparison function is deprecated, return an integer less than, equal to, or greater than zero in APPPATH\Controllers\GestionTransporteController.php on line 615.
 1 APPPATH\Controllers\GestionTransporteController.php(615): usort([...], Object(Closure))
 2 APPPATH\Controllers\GestionTransporteController.php(500): App\Controllers\GestionTransporteController->datatables('[{"id":"1","nombre":"Juan P\\u00e9rez","cargo":"Director","correoelectronico":"juan.perez@example.com","telefono":"712345678","direccion":"Calle 123","estado":"1","created_at":"2024-05-24 04:27:39.450734"},{"id":"2","nombre":"Mar\\u00eda Garc\\u00eda","cargo":"Profesora","correoelectronico":"maria.garcia@example.com","telefono":"613456789","direccion":"Avenida 456","estado":"1","created_at":"2024-05-24 04:27:39.450734"},{"id":"3","nombre":"Pedro Rodr\\u00edguez","cargo":"Secretario","correoelectronico":"pedro.rodriguez@example.com","telefono":"714567890","direccion":"Boulevard 789","estado":"1","created_at":"2024-05-24 04:27:39.450734"},{"id":"4","nombre":"Luisa Mart\\u00ednez","cargo":"Conserje","correoelectronico":"luisa.martinez@example.com","telefono":"615678901","direccion":"Calle 987","estado":"1","created_at":"2024-05-24 04:27:39.450734"},{"id":"5","nombre":"Carlos S\\u00e1nchez","cargo":"Administrativo","correoelectronico":"carlos.sanchez@example.com","telefono":"716789012","direccion":"Avenida 654","estado":"1","created_at":"2024-05-24 04:27:39.450734"},{"id":"6","nombre":"Ana L\\u00f3pez","cargo":"Enfermera","correoelectronico":"ana.lopez@example.com","telefono":"617890123","direccion":"Calle 321","estado":"1","created_at":"2024-05-24 04:27:39.450734"},{"id":"7","nombre":"Jorge Fern\\u00e1ndez","cargo":"Consejero","correoelectronico":"jorge.fernandez@example.com","telefono":"717890234","direccion":"Avenida 012","estado":"1","created_at":"2024-05-24 04:27:39.450734"},{"id":"8","nombre":"Laura Torres","cargo":"Recepcionista","correoelectronico":"laura.torres@example.com","telefono":"618901234","direccion":"Boulevard 345","estado":"1","created_at":"2024-05-24 04:27:39.450734"},{"id":"9","nombre":"Diego G\\u00f3mez","cargo":"Entrenador","correoelectronico":"diego.gomez@example.com","telefono":"719012345","direccion":"Calle 678","estado":"1","created_at":"2024-05-24 04:27:39.450734"},{"id":"11","nombre":"Roberto Gonz\\u00e1lez","cargo":"Profesor","correoelectronico":"roberto.gonzalez@example.com","telefono":"712345678","direccion":"Calle 123","estado":"1","created_at":"2024-05-24 04:27:39.450734"},{"id":"12","nombre":"Isabel Ram\\u00edrez","cargo":"Directora","correoelectronico":"isabel.ramirez@example.com","telefono":"613456789","direccion":"Avenida 456","estado":"1","created_at":"2024-05-24 04:27:39.450734"},{"id":"13","nombre":"Fernando Ruiz","cargo":"Secretario","correoelectronico":"fernando.ruiz@example.com","telefono":"714567890","direccion":"Boulevard 789","estado":"1","created_at":"2024-05-24 04:27:39.450734"},{"id":"14","nombre":"Silvia Jim\\u00e9nez","cargo":"Conserje","correoelectronico":"silvia.jimenez@example.com","telefono":"615678901","direccion":"Calle 987","estado":"1","created_at":"2024-05-24 04:27:39.450734"},{"id":"15","nombre":"Miguel Rodr\\u00edguez","cargo":"Administrativo","correoelectronico":"miguel.rodriguez@example.com","telefono":"716789012","direccion":"Avenida 654","estado":"1","created_at":"2024-05-24 04:27:39.450734"},{"id":"16","nombre":"Carmen Garc\\u00eda","cargo":"Enfermera","correoelectronico":"carmen.garcia@example.com","telefono":"617890123","direccion":"Calle 321","estado":"1","created_at":"2024-05-24 04:27:39.450734"},{"id":"18","nombre":"Patricia Mart\\u00ednez","cargo":"Recepcionista","correoelectronico":"patricia.martinez@example.com","telefono":"618901234","direccion":"Boulevard 345","estado":"1","created_at":"2024-05-24 04:27:39.450734"},{"id":"19","nombre":"Ricardo S\\u00e1nchez","cargo":"Entrenador","correoelectronico":"ricardo.sanchez@example.com","telefono":"719012345","direccion":"Calle 678","estado":"1","created_at":"2024-05-24 04:27:39.450734"},{"id":"20","nombre":"Gloria Fern\\u00e1ndez","cargo":"Psic\\u00f3loga","correoelectronico":"gloria.fernandez@example.com","telefono":"619123456","direccion":"Avenida 567","estado":"1","created_at":"2024-05-24 04:27:39.450734"},{"id":"21","nombre":"Ana Perez","cargo":"Profesor","correoelectronico":"ana@perez.con","telefono":"756843388","direccion":"Calle A","estado":"1","created_at":"2024-05-24 00:55:04"},{"id":"10","nombre":"Maria","cargo":"Mercado","correoelectronico":"sofia.hernandez@example.com","telefono":"619123456","direccion":"Avenida 567","estado":"1","created_at":"2024-05-24 04:27:39.450734"}]', [...])
 3 SYSTEMPATH\CodeIgniter.php(941): App\Controllers\GestionTransporteController->DatosTelefonoView()
 4 SYSTEMPATH\CodeIgniter.php(502): CodeIgniter\CodeIgniter->runController(Object(App\Controllers\GestionTransporteController))
 5 SYSTEMPATH\CodeIgniter.php(361): CodeIgniter\CodeIgniter->handleRequest(null, Object(Config\Cache), false)
 6 FCPATH\index.php(79): CodeIgniter\CodeIgniter->run()
 7 SYSTEMPATH\Commands\Server\rewrite.php(47): require_once('C:\\laragon\\www\\geotranck-dev\\public\\index.php')
INFO - 2024-05-31 22:29:38 --> Session: Class initialized using 'CodeIgniter\Session\Handlers\FileHandler' driver.
INFO - 2024-05-31 22:30:00 --> Session: Class initialized using 'CodeIgniter\Session\Handlers\FileHandler' driver.
INFO - 2024-05-31 22:30:03 --> Session: Class initialized using 'CodeIgniter\Session\Handlers\FileHandler' driver.
INFO - 2024-05-31 22:30:03 --> Session: Class initialized using 'CodeIgniter\Session\Handlers\FileHandler' driver.
WARNING - 2024-05-31 22:30:03 --> [DEPRECATED] usort(): Returning bool from comparison function is deprecated, return an integer less than, equal to, or greater than zero in APPPATH\Controllers\GestionTransporteController.php on line 615.
 1 APPPATH\Controllers\GestionTransporteController.php(615): usort([...], Object(Closure))
 2 APPPATH\Controllers\GestionTransporteController.php(500): App\Controllers\GestionTransporteController->datatables('[{"id":"1","nombre":"Juan P\\u00e9rez","cargo":"Director","correoelectronico":"juan.perez@example.com","telefono":"712345678","direccion":"Calle 123","estado":"1","created_at":"2024-05-24 04:27:39.450734"},{"id":"2","nombre":"Mar\\u00eda Garc\\u00eda","cargo":"Profesora","correoelectronico":"maria.garcia@example.com","telefono":"613456789","direccion":"Avenida 456","estado":"1","created_at":"2024-05-24 04:27:39.450734"},{"id":"3","nombre":"Pedro Rodr\\u00edguez","cargo":"Secretario","correoelectronico":"pedro.rodriguez@example.com","telefono":"714567890","direccion":"Boulevard 789","estado":"1","created_at":"2024-05-24 04:27:39.450734"},{"id":"4","nombre":"Luisa Mart\\u00ednez","cargo":"Conserje","correoelectronico":"luisa.martinez@example.com","telefono":"615678901","direccion":"Calle 987","estado":"1","created_at":"2024-05-24 04:27:39.450734"},{"id":"5","nombre":"Carlos S\\u00e1nchez","cargo":"Administrativo","correoelectronico":"carlos.sanchez@example.com","telefono":"716789012","direccion":"Avenida 654","estado":"1","created_at":"2024-05-24 04:27:39.450734"},{"id":"6","nombre":"Ana L\\u00f3pez","cargo":"Enfermera","correoelectronico":"ana.lopez@example.com","telefono":"617890123","direccion":"Calle 321","estado":"1","created_at":"2024-05-24 04:27:39.450734"},{"id":"7","nombre":"Jorge Fern\\u00e1ndez","cargo":"Consejero","correoelectronico":"jorge.fernandez@example.com","telefono":"717890234","direccion":"Avenida 012","estado":"1","created_at":"2024-05-24 04:27:39.450734"},{"id":"8","nombre":"Laura Torres","cargo":"Recepcionista","correoelectronico":"laura.torres@example.com","telefono":"618901234","direccion":"Boulevard 345","estado":"1","created_at":"2024-05-24 04:27:39.450734"},{"id":"9","nombre":"Diego G\\u00f3mez","cargo":"Entrenador","correoelectronico":"diego.gomez@example.com","telefono":"719012345","direccion":"Calle 678","estado":"1","created_at":"2024-05-24 04:27:39.450734"},{"id":"11","nombre":"Roberto Gonz\\u00e1lez","cargo":"Profesor","correoelectronico":"roberto.gonzalez@example.com","telefono":"712345678","direccion":"Calle 123","estado":"1","created_at":"2024-05-24 04:27:39.450734"},{"id":"12","nombre":"Isabel Ram\\u00edrez","cargo":"Directora","correoelectronico":"isabel.ramirez@example.com","telefono":"613456789","direccion":"Avenida 456","estado":"1","created_at":"2024-05-24 04:27:39.450734"},{"id":"13","nombre":"Fernando Ruiz","cargo":"Secretario","correoelectronico":"fernando.ruiz@example.com","telefono":"714567890","direccion":"Boulevard 789","estado":"1","created_at":"2024-05-24 04:27:39.450734"},{"id":"14","nombre":"Silvia Jim\\u00e9nez","cargo":"Conserje","correoelectronico":"silvia.jimenez@example.com","telefono":"615678901","direccion":"Calle 987","estado":"1","created_at":"2024-05-24 04:27:39.450734"},{"id":"15","nombre":"Miguel Rodr\\u00edguez","cargo":"Administrativo","correoelectronico":"miguel.rodriguez@example.com","telefono":"716789012","direccion":"Avenida 654","estado":"1","created_at":"2024-05-24 04:27:39.450734"},{"id":"16","nombre":"Carmen Garc\\u00eda","cargo":"Enfermera","correoelectronico":"carmen.garcia@example.com","telefono":"617890123","direccion":"Calle 321","estado":"1","created_at":"2024-05-24 04:27:39.450734"},{"id":"18","nombre":"Patricia Mart\\u00ednez","cargo":"Recepcionista","correoelectronico":"patricia.martinez@example.com","telefono":"618901234","direccion":"Boulevard 345","estado":"1","created_at":"2024-05-24 04:27:39.450734"},{"id":"19","nombre":"Ricardo S\\u00e1nchez","cargo":"Entrenador","correoelectronico":"ricardo.sanchez@example.com","telefono":"719012345","direccion":"Calle 678","estado":"1","created_at":"2024-05-24 04:27:39.450734"},{"id":"20","nombre":"Gloria Fern\\u00e1ndez","cargo":"Psic\\u00f3loga","correoelectronico":"gloria.fernandez@example.com","telefono":"619123456","direccion":"Avenida 567","estado":"1","created_at":"2024-05-24 04:27:39.450734"},{"id":"21","nombre":"Ana Perez","cargo":"Profesor","correoelectronico":"ana@perez.con","telefono":"756843388","direccion":"Calle A","estado":"1","created_at":"2024-05-24 00:55:04"},{"id":"10","nombre":"Maria","cargo":"Mercado","correoelectronico":"sofia.hernandez@example.com","telefono":"619123456","direccion":"Avenida 567","estado":"1","created_at":"2024-05-24 04:27:39.450734"}]', [...])
 3 SYSTEMPATH\CodeIgniter.php(941): App\Controllers\GestionTransporteController->DatosTelefonoView()
 4 SYSTEMPATH\CodeIgniter.php(502): CodeIgniter\CodeIgniter->runController(Object(App\Controllers\GestionTransporteController))
 5 SYSTEMPATH\CodeIgniter.php(361): CodeIgniter\CodeIgniter->handleRequest(null, Object(Config\Cache), false)
 6 FCPATH\index.php(79): CodeIgniter\CodeIgniter->run()
 7 SYSTEMPATH\Commands\Server\rewrite.php(47): require_once('C:\\laragon\\www\\geotranck-dev\\public\\index.php')
INFO - 2024-05-31 22:30:23 --> Session: Class initialized using 'CodeIgniter\Session\Handlers\FileHandler' driver.
INFO - 2024-05-31 22:30:44 --> Session: Class initialized using 'CodeIgniter\Session\Handlers\FileHandler' driver.
INFO - 2024-05-31 22:30:52 --> Session: Class initialized using 'CodeIgniter\Session\Handlers\FileHandler' driver.
INFO - 2024-05-31 22:31:05 --> Session: Class initialized using 'CodeIgniter\Session\Handlers\FileHandler' driver.
INFO - 2024-05-31 22:33:25 --> Session: Class initialized using 'CodeIgniter\Session\Handlers\FileHandler' driver.
INFO - 2024-05-31 22:33:30 --> Session: Class initialized using 'CodeIgniter\Session\Handlers\FileHandler' driver.
INFO - 2024-05-31 22:33:39 --> Session: Class initialized using 'CodeIgniter\Session\Handlers\FileHandler' driver.
INFO - 2024-05-31 22:33:40 --> Session: Class initialized using 'CodeIgniter\Session\Handlers\FileHandler' driver.
WARNING - 2024-05-31 22:33:40 --> [DEPRECATED] usort(): Returning bool from comparison function is deprecated, return an integer less than, equal to, or greater than zero in APPPATH\Controllers\GestionTransporteController.php on line 615.
 1 APPPATH\Controllers\GestionTransporteController.php(615): usort([...], Object(Closure))
 2 APPPATH\Controllers\GestionTransporteController.php(500): App\Controllers\GestionTransporteController->datatables('[{"id":"1","nombre":"Juan P\\u00e9rez","cargo":"Director","correoelectronico":"juan.perez@example.com","telefono":"712345678","direccion":"Calle 123","estado":"1","created_at":"2024-05-24 04:27:39.450734"},{"id":"2","nombre":"Mar\\u00eda Garc\\u00eda","cargo":"Profesora","correoelectronico":"maria.garcia@example.com","telefono":"613456789","direccion":"Avenida 456","estado":"1","created_at":"2024-05-24 04:27:39.450734"},{"id":"3","nombre":"Pedro Rodr\\u00edguez","cargo":"Secretario","correoelectronico":"pedro.rodriguez@example.com","telefono":"714567890","direccion":"Boulevard 789","estado":"1","created_at":"2024-05-24 04:27:39.450734"},{"id":"4","nombre":"Luisa Mart\\u00ednez","cargo":"Conserje","correoelectronico":"luisa.martinez@example.com","telefono":"615678901","direccion":"Calle 987","estado":"1","created_at":"2024-05-24 04:27:39.450734"},{"id":"5","nombre":"Carlos S\\u00e1nchez","cargo":"Administrativo","correoelectronico":"carlos.sanchez@example.com","telefono":"716789012","direccion":"Avenida 654","estado":"1","created_at":"2024-05-24 04:27:39.450734"},{"id":"6","nombre":"Ana L\\u00f3pez","cargo":"Enfermera","correoelectronico":"ana.lopez@example.com","telefono":"617890123","direccion":"Calle 321","estado":"1","created_at":"2024-05-24 04:27:39.450734"},{"id":"7","nombre":"Jorge Fern\\u00e1ndez","cargo":"Consejero","correoelectronico":"jorge.fernandez@example.com","telefono":"717890234","direccion":"Avenida 012","estado":"1","created_at":"2024-05-24 04:27:39.450734"},{"id":"8","nombre":"Laura Torres","cargo":"Recepcionista","correoelectronico":"laura.torres@example.com","telefono":"618901234","direccion":"Boulevard 345","estado":"1","created_at":"2024-05-24 04:27:39.450734"},{"id":"9","nombre":"Diego G\\u00f3mez","cargo":"Entrenador","correoelectronico":"diego.gomez@example.com","telefono":"719012345","direccion":"Calle 678","estado":"1","created_at":"2024-05-24 04:27:39.450734"},{"id":"11","nombre":"Roberto Gonz\\u00e1lez","cargo":"Profesor","correoelectronico":"roberto.gonzalez@example.com","telefono":"712345678","direccion":"Calle 123","estado":"1","created_at":"2024-05-24 04:27:39.450734"},{"id":"12","nombre":"Isabel Ram\\u00edrez","cargo":"Directora","correoelectronico":"isabel.ramirez@example.com","telefono":"613456789","direccion":"Avenida 456","estado":"1","created_at":"2024-05-24 04:27:39.450734"},{"id":"13","nombre":"Fernando Ruiz","cargo":"Secretario","correoelectronico":"fernando.ruiz@example.com","telefono":"714567890","direccion":"Boulevard 789","estado":"1","created_at":"2024-05-24 04:27:39.450734"},{"id":"14","nombre":"Silvia Jim\\u00e9nez","cargo":"Conserje","correoelectronico":"silvia.jimenez@example.com","telefono":"615678901","direccion":"Calle 987","estado":"1","created_at":"2024-05-24 04:27:39.450734"},{"id":"15","nombre":"Miguel Rodr\\u00edguez","cargo":"Administrativo","correoelectronico":"miguel.rodriguez@example.com","telefono":"716789012","direccion":"Avenida 654","estado":"1","created_at":"2024-05-24 04:27:39.450734"},{"id":"16","nombre":"Carmen Garc\\u00eda","cargo":"Enfermera","correoelectronico":"carmen.garcia@example.com","telefono":"617890123","direccion":"Calle 321","estado":"1","created_at":"2024-05-24 04:27:39.450734"},{"id":"18","nombre":"Patricia Mart\\u00ednez","cargo":"Recepcionista","correoelectronico":"patricia.martinez@example.com","telefono":"618901234","direccion":"Boulevard 345","estado":"1","created_at":"2024-05-24 04:27:39.450734"},{"id":"19","nombre":"Ricardo S\\u00e1nchez","cargo":"Entrenador","correoelectronico":"ricardo.sanchez@example.com","telefono":"719012345","direccion":"Calle 678","estado":"1","created_at":"2024-05-24 04:27:39.450734"},{"id":"20","nombre":"Gloria Fern\\u00e1ndez","cargo":"Psic\\u00f3loga","correoelectronico":"gloria.fernandez@example.com","telefono":"619123456","direccion":"Avenida 567","estado":"1","created_at":"2024-05-24 04:27:39.450734"},{"id":"21","nombre":"Ana Perez","cargo":"Profesor","correoelectronico":"ana@perez.con","telefono":"756843388","direccion":"Calle A","estado":"1","created_at":"2024-05-24 00:55:04"},{"id":"10","nombre":"Maria","cargo":"Mercado","correoelectronico":"sofia.hernandez@example.com","telefono":"619123456","direccion":"Avenida 567","estado":"1","created_at":"2024-05-24 04:27:39.450734"}]', [...])
 3 SYSTEMPATH\CodeIgniter.php(941): App\Controllers\GestionTransporteController->DatosTelefonoView()
 4 SYSTEMPATH\CodeIgniter.php(502): CodeIgniter\CodeIgniter->runController(Object(App\Controllers\GestionTransporteController))
 5 SYSTEMPATH\CodeIgniter.php(361): CodeIgniter\CodeIgniter->handleRequest(null, Object(Config\Cache), false)
 6 FCPATH\index.php(79): CodeIgniter\CodeIgniter->run()
 7 SYSTEMPATH\Commands\Server\rewrite.php(47): require_once('C:\\laragon\\www\\geotranck-dev\\public\\index.php')
INFO - 2024-05-31 22:34:25 --> Session: Class initialized using 'CodeIgniter\Session\Handlers\FileHandler' driver.
INFO - 2024-05-31 22:34:25 --> Session: Class initialized using 'CodeIgniter\Session\Handlers\FileHandler' driver.
WARNING - 2024-05-31 22:34:26 --> [DEPRECATED] usort(): Returning bool from comparison function is deprecated, return an integer less than, equal to, or greater than zero in APPPATH\Controllers\GestionTransporteController.php on line 615.
 1 APPPATH\Controllers\GestionTransporteController.php(615): usort([...], Object(Closure))
 2 APPPATH\Controllers\GestionTransporteController.php(500): App\Controllers\GestionTransporteController->datatables('[{"id":"1","nombre":"Juan P\\u00e9rez","cargo":"Director","correoelectronico":"juan.perez@example.com","telefono":"712345678","direccion":"Calle 123","estado":"1","created_at":"2024-05-24 04:27:39.450734"},{"id":"2","nombre":"Mar\\u00eda Garc\\u00eda","cargo":"Profesora","correoelectronico":"maria.garcia@example.com","telefono":"613456789","direccion":"Avenida 456","estado":"1","created_at":"2024-05-24 04:27:39.450734"},{"id":"3","nombre":"Pedro Rodr\\u00edguez","cargo":"Secretario","correoelectronico":"pedro.rodriguez@example.com","telefono":"714567890","direccion":"Boulevard 789","estado":"1","created_at":"2024-05-24 04:27:39.450734"},{"id":"4","nombre":"Luisa Mart\\u00ednez","cargo":"Conserje","correoelectronico":"luisa.martinez@example.com","telefono":"615678901","direccion":"Calle 987","estado":"1","created_at":"2024-05-24 04:27:39.450734"},{"id":"5","nombre":"Carlos S\\u00e1nchez","cargo":"Administrativo","correoelectronico":"carlos.sanchez@example.com","telefono":"716789012","direccion":"Avenida 654","estado":"1","created_at":"2024-05-24 04:27:39.450734"},{"id":"6","nombre":"Ana L\\u00f3pez","cargo":"Enfermera","correoelectronico":"ana.lopez@example.com","telefono":"617890123","direccion":"Calle 321","estado":"1","created_at":"2024-05-24 04:27:39.450734"},{"id":"7","nombre":"Jorge Fern\\u00e1ndez","cargo":"Consejero","correoelectronico":"jorge.fernandez@example.com","telefono":"717890234","direccion":"Avenida 012","estado":"1","created_at":"2024-05-24 04:27:39.450734"},{"id":"8","nombre":"Laura Torres","cargo":"Recepcionista","correoelectronico":"laura.torres@example.com","telefono":"618901234","direccion":"Boulevard 345","estado":"1","created_at":"2024-05-24 04:27:39.450734"},{"id":"9","nombre":"Diego G\\u00f3mez","cargo":"Entrenador","correoelectronico":"diego.gomez@example.com","telefono":"719012345","direccion":"Calle 678","estado":"1","created_at":"2024-05-24 04:27:39.450734"},{"id":"11","nombre":"Roberto Gonz\\u00e1lez","cargo":"Profesor","correoelectronico":"roberto.gonzalez@example.com","telefono":"712345678","direccion":"Calle 123","estado":"1","created_at":"2024-05-24 04:27:39.450734"},{"id":"12","nombre":"Isabel Ram\\u00edrez","cargo":"Directora","correoelectronico":"isabel.ramirez@example.com","telefono":"613456789","direccion":"Avenida 456","estado":"1","created_at":"2024-05-24 04:27:39.450734"},{"id":"13","nombre":"Fernando Ruiz","cargo":"Secretario","correoelectronico":"fernando.ruiz@example.com","telefono":"714567890","direccion":"Boulevard 789","estado":"1","created_at":"2024-05-24 04:27:39.450734"},{"id":"14","nombre":"Silvia Jim\\u00e9nez","cargo":"Conserje","correoelectronico":"silvia.jimenez@example.com","telefono":"615678901","direccion":"Calle 987","estado":"1","created_at":"2024-05-24 04:27:39.450734"},{"id":"15","nombre":"Miguel Rodr\\u00edguez","cargo":"Administrativo","correoelectronico":"miguel.rodriguez@example.com","telefono":"716789012","direccion":"Avenida 654","estado":"1","created_at":"2024-05-24 04:27:39.450734"},{"id":"16","nombre":"Carmen Garc\\u00eda","cargo":"Enfermera","correoelectronico":"carmen.garcia@example.com","telefono":"617890123","direccion":"Calle 321","estado":"1","created_at":"2024-05-24 04:27:39.450734"},{"id":"18","nombre":"Patricia Mart\\u00ednez","cargo":"Recepcionista","correoelectronico":"patricia.martinez@example.com","telefono":"618901234","direccion":"Boulevard 345","estado":"1","created_at":"2024-05-24 04:27:39.450734"},{"id":"19","nombre":"Ricardo S\\u00e1nchez","cargo":"Entrenador","correoelectronico":"ricardo.sanchez@example.com","telefono":"719012345","direccion":"Calle 678","estado":"1","created_at":"2024-05-24 04:27:39.450734"},{"id":"20","nombre":"Gloria Fern\\u00e1ndez","cargo":"Psic\\u00f3loga","correoelectronico":"gloria.fernandez@example.com","telefono":"619123456","direccion":"Avenida 567","estado":"1","created_at":"2024-05-24 04:27:39.450734"},{"id":"21","nombre":"Ana Perez","cargo":"Profesor","correoelectronico":"ana@perez.con","telefono":"756843388","direccion":"Calle A","estado":"1","created_at":"2024-05-24 00:55:04"},{"id":"10","nombre":"Maria","cargo":"Mercado","correoelectronico":"sofia.hernandez@example.com","telefono":"619123456","direccion":"Avenida 567","estado":"1","created_at":"2024-05-24 04:27:39.450734"}]', [...])
 3 SYSTEMPATH\CodeIgniter.php(941): App\Controllers\GestionTransporteController->DatosTelefonoView()
 4 SYSTEMPATH\CodeIgniter.php(502): CodeIgniter\CodeIgniter->runController(Object(App\Controllers\GestionTransporteController))
 5 SYSTEMPATH\CodeIgniter.php(361): CodeIgniter\CodeIgniter->handleRequest(null, Object(Config\Cache), false)
 6 FCPATH\index.php(79): CodeIgniter\CodeIgniter->run()
 7 SYSTEMPATH\Commands\Server\rewrite.php(47): require_once('C:\\laragon\\www\\geotranck-dev\\public\\index.php')
INFO - 2024-05-31 22:34:29 --> Session: Class initialized using 'CodeIgniter\Session\Handlers\FileHandler' driver.
INFO - 2024-05-31 22:34:42 --> Session: Class initialized using 'CodeIgniter\Session\Handlers\FileHandler' driver.
INFO - 2024-05-31 22:34:43 --> Session: Class initialized using 'CodeIgniter\Session\Handlers\FileHandler' driver.
WARNING - 2024-05-31 22:34:43 --> [DEPRECATED] usort(): Returning bool from comparison function is deprecated, return an integer less than, equal to, or greater than zero in APPPATH\Controllers\GestionTransporteController.php on line 615.
 1 APPPATH\Controllers\GestionTransporteController.php(615): usort([...], Object(Closure))
 2 APPPATH\Controllers\GestionTransporteController.php(500): App\Controllers\GestionTransporteController->datatables('[{"id":"1","nombre":"Juan P\\u00e9rez","cargo":"Director","correoelectronico":"juan.perez@example.com","telefono":"712345678","direccion":"Calle 123","estado":"1","created_at":"2024-05-24 04:27:39.450734"},{"id":"2","nombre":"Mar\\u00eda Garc\\u00eda","cargo":"Profesora","correoelectronico":"maria.garcia@example.com","telefono":"613456789","direccion":"Avenida 456","estado":"1","created_at":"2024-05-24 04:27:39.450734"},{"id":"3","nombre":"Pedro Rodr\\u00edguez","cargo":"Secretario","correoelectronico":"pedro.rodriguez@example.com","telefono":"714567890","direccion":"Boulevard 789","estado":"1","created_at":"2024-05-24 04:27:39.450734"},{"id":"4","nombre":"Luisa Mart\\u00ednez","cargo":"Conserje","correoelectronico":"luisa.martinez@example.com","telefono":"615678901","direccion":"Calle 987","estado":"1","created_at":"2024-05-24 04:27:39.450734"},{"id":"5","nombre":"Carlos S\\u00e1nchez","cargo":"Administrativo","correoelectronico":"carlos.sanchez@example.com","telefono":"716789012","direccion":"Avenida 654","estado":"1","created_at":"2024-05-24 04:27:39.450734"},{"id":"6","nombre":"Ana L\\u00f3pez","cargo":"Enfermera","correoelectronico":"ana.lopez@example.com","telefono":"617890123","direccion":"Calle 321","estado":"1","created_at":"2024-05-24 04:27:39.450734"},{"id":"7","nombre":"Jorge Fern\\u00e1ndez","cargo":"Consejero","correoelectronico":"jorge.fernandez@example.com","telefono":"717890234","direccion":"Avenida 012","estado":"1","created_at":"2024-05-24 04:27:39.450734"},{"id":"8","nombre":"Laura Torres","cargo":"Recepcionista","correoelectronico":"laura.torres@example.com","telefono":"618901234","direccion":"Boulevard 345","estado":"1","created_at":"2024-05-24 04:27:39.450734"},{"id":"9","nombre":"Diego G\\u00f3mez","cargo":"Entrenador","correoelectronico":"diego.gomez@example.com","telefono":"719012345","direccion":"Calle 678","estado":"1","created_at":"2024-05-24 04:27:39.450734"},{"id":"11","nombre":"Roberto Gonz\\u00e1lez","cargo":"Profesor","correoelectronico":"roberto.gonzalez@example.com","telefono":"712345678","direccion":"Calle 123","estado":"1","created_at":"2024-05-24 04:27:39.450734"},{"id":"12","nombre":"Isabel Ram\\u00edrez","cargo":"Directora","correoelectronico":"isabel.ramirez@example.com","telefono":"613456789","direccion":"Avenida 456","estado":"1","created_at":"2024-05-24 04:27:39.450734"},{"id":"13","nombre":"Fernando Ruiz","cargo":"Secretario","correoelectronico":"fernando.ruiz@example.com","telefono":"714567890","direccion":"Boulevard 789","estado":"1","created_at":"2024-05-24 04:27:39.450734"},{"id":"14","nombre":"Silvia Jim\\u00e9nez","cargo":"Conserje","correoelectronico":"silvia.jimenez@example.com","telefono":"615678901","direccion":"Calle 987","estado":"1","created_at":"2024-05-24 04:27:39.450734"},{"id":"15","nombre":"Miguel Rodr\\u00edguez","cargo":"Administrativo","correoelectronico":"miguel.rodriguez@example.com","telefono":"716789012","direccion":"Avenida 654","estado":"1","created_at":"2024-05-24 04:27:39.450734"},{"id":"16","nombre":"Carmen Garc\\u00eda","cargo":"Enfermera","correoelectronico":"carmen.garcia@example.com","telefono":"617890123","direccion":"Calle 321","estado":"1","created_at":"2024-05-24 04:27:39.450734"},{"id":"18","nombre":"Patricia Mart\\u00ednez","cargo":"Recepcionista","correoelectronico":"patricia.martinez@example.com","telefono":"618901234","direccion":"Boulevard 345","estado":"1","created_at":"2024-05-24 04:27:39.450734"},{"id":"19","nombre":"Ricardo S\\u00e1nchez","cargo":"Entrenador","correoelectronico":"ricardo.sanchez@example.com","telefono":"719012345","direccion":"Calle 678","estado":"1","created_at":"2024-05-24 04:27:39.450734"},{"id":"20","nombre":"Gloria Fern\\u00e1ndez","cargo":"Psic\\u00f3loga","correoelectronico":"gloria.fernandez@example.com","telefono":"619123456","direccion":"Avenida 567","estado":"1","created_at":"2024-05-24 04:27:39.450734"},{"id":"21","nombre":"Ana Perez","cargo":"Profesor","correoelectronico":"ana@perez.con","telefono":"756843388","direccion":"Calle A","estado":"1","created_at":"2024-05-24 00:55:04"},{"id":"10","nombre":"Maria","cargo":"Mercado","correoelectronico":"sofia.hernandez@example.com","telefono":"619123456","direccion":"Avenida 567","estado":"1","created_at":"2024-05-24 04:27:39.450734"}]', [...])
 3 SYSTEMPATH\CodeIgniter.php(941): App\Controllers\GestionTransporteController->DatosTelefonoView()
 4 SYSTEMPATH\CodeIgniter.php(502): CodeIgniter\CodeIgniter->runController(Object(App\Controllers\GestionTransporteController))
 5 SYSTEMPATH\CodeIgniter.php(361): CodeIgniter\CodeIgniter->handleRequest(null, Object(Config\Cache), false)
 6 FCPATH\index.php(79): CodeIgniter\CodeIgniter->run()
 7 SYSTEMPATH\Commands\Server\rewrite.php(47): require_once('C:\\laragon\\www\\geotranck-dev\\public\\index.php')
INFO - 2024-05-31 22:34:49 --> Session: Class initialized using 'CodeIgniter\Session\Handlers\FileHandler' driver.
INFO - 2024-05-31 22:34:58 --> Session: Class initialized using 'CodeIgniter\Session\Handlers\FileHandler' driver.
INFO - 2024-05-31 22:35:00 --> Session: Class initialized using 'CodeIgniter\Session\Handlers\FileHandler' driver.
WARNING - 2024-05-31 22:35:00 --> [DEPRECATED] usort(): Returning bool from comparison function is deprecated, return an integer less than, equal to, or greater than zero in APPPATH\Controllers\GestionPerfilUserController.php on line 326.
 1 APPPATH\Controllers\GestionPerfilUserController.php(326): usort([...], Object(Closure))
 2 APPPATH\Controllers\GestionPerfilUserController.php(208): App\Controllers\GestionPerfilUserController->datatables('[{"idusuarioconductor":"7","id":"25","foto":"conducto1_4.png","nombre":"Pedro","apellido":"Alvarez","correo":"pedro@alvarez.com","telefono":"75684384","cargo":"Due\\u00f1o","rolnombre":"Conductor","roldes":"Este usuario tendra limitaciones en el sistema","created_at":"2024-05-24 02:05:04"},{"idusuariotutor":"20","id":"21","foto":"conducto.png","nombre":"Maria","apellido":"Fernadez","telefono":"751843846","parentesco":"Madre","correo":"maria@fernadez.com","rolnombre":"PadreFamilia","roldes":"Este usuario tiene acceso a las ventanas designadas para el mismo","created_at":"2024-05-24 01:27:09"},{"idusuarioadministrador":"10","id":"20","foto":"nino2.png","nombre":"Edson","apellido":"Paco","correo":"Edson@Paco.com","telefono":"722541258","cargo":"Profesor","rolnombre":"Administrador","roldes":"Este usuario ingresara al sistema administrador","created_at":"2024-05-24 01:25:12"}]', [...])
 3 SYSTEMPATH\CodeIgniter.php(941): App\Controllers\GestionPerfilUserController->datosPerfilView()
 4 SYSTEMPATH\CodeIgniter.php(502): CodeIgniter\CodeIgniter->runController(Object(App\Controllers\GestionPerfilUserController))
 5 SYSTEMPATH\CodeIgniter.php(361): CodeIgniter\CodeIgniter->handleRequest(null, Object(Config\Cache), false)
 6 FCPATH\index.php(79): CodeIgniter\CodeIgniter->run()
 7 SYSTEMPATH\Commands\Server\rewrite.php(47): require_once('C:\\laragon\\www\\geotranck-dev\\public\\index.php')
INFO - 2024-05-31 22:35:01 --> Session: Class initialized using 'CodeIgniter\Session\Handlers\FileHandler' driver.
INFO - 2024-05-31 22:35:01 --> Session: Class initialized using 'CodeIgniter\Session\Handlers\FileHandler' driver.
WARNING - 2024-05-31 22:35:01 --> [DEPRECATED] usort(): Returning bool from comparison function is deprecated, return an integer less than, equal to, or greater than zero in APPPATH\Controllers\GestionTransporteController.php on line 615.
 1 APPPATH\Controllers\GestionTransporteController.php(615): usort([...], Object(Closure))
 2 APPPATH\Controllers\GestionTransporteController.php(500): App\Controllers\GestionTransporteController->datatables('[{"id":"1","nombre":"Juan P\\u00e9rez","cargo":"Director","correoelectronico":"juan.perez@example.com","telefono":"712345678","direccion":"Calle 123","estado":"1","created_at":"2024-05-24 04:27:39.450734"},{"id":"2","nombre":"Mar\\u00eda Garc\\u00eda","cargo":"Profesora","correoelectronico":"maria.garcia@example.com","telefono":"613456789","direccion":"Avenida 456","estado":"1","created_at":"2024-05-24 04:27:39.450734"},{"id":"3","nombre":"Pedro Rodr\\u00edguez","cargo":"Secretario","correoelectronico":"pedro.rodriguez@example.com","telefono":"714567890","direccion":"Boulevard 789","estado":"1","created_at":"2024-05-24 04:27:39.450734"},{"id":"4","nombre":"Luisa Mart\\u00ednez","cargo":"Conserje","correoelectronico":"luisa.martinez@example.com","telefono":"615678901","direccion":"Calle 987","estado":"1","created_at":"2024-05-24 04:27:39.450734"},{"id":"5","nombre":"Carlos S\\u00e1nchez","cargo":"Administrativo","correoelectronico":"carlos.sanchez@example.com","telefono":"716789012","direccion":"Avenida 654","estado":"1","created_at":"2024-05-24 04:27:39.450734"},{"id":"6","nombre":"Ana L\\u00f3pez","cargo":"Enfermera","correoelectronico":"ana.lopez@example.com","telefono":"617890123","direccion":"Calle 321","estado":"1","created_at":"2024-05-24 04:27:39.450734"},{"id":"7","nombre":"Jorge Fern\\u00e1ndez","cargo":"Consejero","correoelectronico":"jorge.fernandez@example.com","telefono":"717890234","direccion":"Avenida 012","estado":"1","created_at":"2024-05-24 04:27:39.450734"},{"id":"8","nombre":"Laura Torres","cargo":"Recepcionista","correoelectronico":"laura.torres@example.com","telefono":"618901234","direccion":"Boulevard 345","estado":"1","created_at":"2024-05-24 04:27:39.450734"},{"id":"9","nombre":"Diego G\\u00f3mez","cargo":"Entrenador","correoelectronico":"diego.gomez@example.com","telefono":"719012345","direccion":"Calle 678","estado":"1","created_at":"2024-05-24 04:27:39.450734"},{"id":"11","nombre":"Roberto Gonz\\u00e1lez","cargo":"Profesor","correoelectronico":"roberto.gonzalez@example.com","telefono":"712345678","direccion":"Calle 123","estado":"1","created_at":"2024-05-24 04:27:39.450734"},{"id":"12","nombre":"Isabel Ram\\u00edrez","cargo":"Directora","correoelectronico":"isabel.ramirez@example.com","telefono":"613456789","direccion":"Avenida 456","estado":"1","created_at":"2024-05-24 04:27:39.450734"},{"id":"13","nombre":"Fernando Ruiz","cargo":"Secretario","correoelectronico":"fernando.ruiz@example.com","telefono":"714567890","direccion":"Boulevard 789","estado":"1","created_at":"2024-05-24 04:27:39.450734"},{"id":"14","nombre":"Silvia Jim\\u00e9nez","cargo":"Conserje","correoelectronico":"silvia.jimenez@example.com","telefono":"615678901","direccion":"Calle 987","estado":"1","created_at":"2024-05-24 04:27:39.450734"},{"id":"15","nombre":"Miguel Rodr\\u00edguez","cargo":"Administrativo","correoelectronico":"miguel.rodriguez@example.com","telefono":"716789012","direccion":"Avenida 654","estado":"1","created_at":"2024-05-24 04:27:39.450734"},{"id":"16","nombre":"Carmen Garc\\u00eda","cargo":"Enfermera","correoelectronico":"carmen.garcia@example.com","telefono":"617890123","direccion":"Calle 321","estado":"1","created_at":"2024-05-24 04:27:39.450734"},{"id":"18","nombre":"Patricia Mart\\u00ednez","cargo":"Recepcionista","correoelectronico":"patricia.martinez@example.com","telefono":"618901234","direccion":"Boulevard 345","estado":"1","created_at":"2024-05-24 04:27:39.450734"},{"id":"19","nombre":"Ricardo S\\u00e1nchez","cargo":"Entrenador","correoelectronico":"ricardo.sanchez@example.com","telefono":"719012345","direccion":"Calle 678","estado":"1","created_at":"2024-05-24 04:27:39.450734"},{"id":"20","nombre":"Gloria Fern\\u00e1ndez","cargo":"Psic\\u00f3loga","correoelectronico":"gloria.fernandez@example.com","telefono":"619123456","direccion":"Avenida 567","estado":"1","created_at":"2024-05-24 04:27:39.450734"},{"id":"21","nombre":"Ana Perez","cargo":"Profesor","correoelectronico":"ana@perez.con","telefono":"756843388","direccion":"Calle A","estado":"1","created_at":"2024-05-24 00:55:04"},{"id":"10","nombre":"Maria","cargo":"Mercado","correoelectronico":"sofia.hernandez@example.com","telefono":"619123456","direccion":"Avenida 567","estado":"1","created_at":"2024-05-24 04:27:39.450734"}]', [...])
 3 SYSTEMPATH\CodeIgniter.php(941): App\Controllers\GestionTransporteController->DatosTelefonoView()
 4 SYSTEMPATH\CodeIgniter.php(502): CodeIgniter\CodeIgniter->runController(Object(App\Controllers\GestionTransporteController))
 5 SYSTEMPATH\CodeIgniter.php(361): CodeIgniter\CodeIgniter->handleRequest(null, Object(Config\Cache), false)
 6 FCPATH\index.php(79): CodeIgniter\CodeIgniter->run()
 7 SYSTEMPATH\Commands\Server\rewrite.php(47): require_once('C:\\laragon\\www\\geotranck-dev\\public\\index.php')
INFO - 2024-05-31 22:35:05 --> Session: Class initialized using 'CodeIgniter\Session\Handlers\FileHandler' driver.
INFO - 2024-05-31 22:35:05 --> Session: Class initialized using 'CodeIgniter\Session\Handlers\FileHandler' driver.
WARNING - 2024-05-31 22:35:05 --> [DEPRECATED] usort(): Returning bool from comparison function is deprecated, return an integer less than, equal to, or greater than zero in APPPATH\Controllers\GestionPerfilUserController.php on line 326.
 1 APPPATH\Controllers\GestionPerfilUserController.php(326): usort([...], Object(Closure))
 2 APPPATH\Controllers\GestionPerfilUserController.php(208): App\Controllers\GestionPerfilUserController->datatables('[{"idusuarioconductor":"7","id":"25","foto":"conducto1_4.png","nombre":"Pedro","apellido":"Alvarez","correo":"pedro@alvarez.com","telefono":"75684384","cargo":"Due\\u00f1o","rolnombre":"Conductor","roldes":"Este usuario tendra limitaciones en el sistema","created_at":"2024-05-24 02:05:04"},{"idusuariotutor":"20","id":"21","foto":"conducto.png","nombre":"Maria","apellido":"Fernadez","telefono":"751843846","parentesco":"Madre","correo":"maria@fernadez.com","rolnombre":"PadreFamilia","roldes":"Este usuario tiene acceso a las ventanas designadas para el mismo","created_at":"2024-05-24 01:27:09"},{"idusuarioadministrador":"10","id":"20","foto":"nino2.png","nombre":"Edson","apellido":"Paco","correo":"Edson@Paco.com","telefono":"722541258","cargo":"Profesor","rolnombre":"Administrador","roldes":"Este usuario ingresara al sistema administrador","created_at":"2024-05-24 01:25:12"}]', [...])
 3 SYSTEMPATH\CodeIgniter.php(941): App\Controllers\GestionPerfilUserController->datosPerfilView()
 4 SYSTEMPATH\CodeIgniter.php(502): CodeIgniter\CodeIgniter->runController(Object(App\Controllers\GestionPerfilUserController))
 5 SYSTEMPATH\CodeIgniter.php(361): CodeIgniter\CodeIgniter->handleRequest(null, Object(Config\Cache), false)
 6 FCPATH\index.php(79): CodeIgniter\CodeIgniter->run()
 7 SYSTEMPATH\Commands\Server\rewrite.php(47): require_once('C:\\laragon\\www\\geotranck-dev\\public\\index.php')
INFO - 2024-05-31 22:35:14 --> Session: Class initialized using 'CodeIgniter\Session\Handlers\FileHandler' driver.
INFO - 2024-05-31 22:36:36 --> Session: Class initialized using 'CodeIgniter\Session\Handlers\FileHandler' driver.
INFO - 2024-05-31 22:39:57 --> Session: Class initialized using 'CodeIgniter\Session\Handlers\FileHandler' driver.
INFO - 2024-05-31 22:41:33 --> Session: Class initialized using 'CodeIgniter\Session\Handlers\FileHandler' driver.
INFO - 2024-05-31 22:44:53 --> Session: Class initialized using 'CodeIgniter\Session\Handlers\FileHandler' driver.
INFO - 2024-05-31 22:56:56 --> Session: Class initialized using 'CodeIgniter\Session\Handlers\FileHandler' driver.
INFO - 2024-05-31 22:57:16 --> Session: Class initialized using 'CodeIgniter\Session\Handlers\FileHandler' driver.
INFO - 2024-05-31 23:05:24 --> Session: Class initialized using 'CodeIgniter\Session\Handlers\FileHandler' driver.
INFO - 2024-05-31 23:05:56 --> Session: Class initialized using 'CodeIgniter\Session\Handlers\FileHandler' driver.
INFO - 2024-05-31 23:06:19 --> Session: Class initialized using 'CodeIgniter\Session\Handlers\FileHandler' driver.
CRITICAL - 2024-05-31 23:06:19 --> ErrorException: Undefined array key "nombretutor"
in APPPATH\Views\2_Administrador\4_aside_page_viewCon.php on line 180.
 1 APPPATH\Views\2_Administrador\4_aside_page_viewCon.php(180): CodeIgniter\Debug\Exceptions->errorHandler(2, 'Undefined array key "nombretutor"', 'C:\\laragon\\www\\geotranck-dev\\app\\Views\\2_Administrador\\4_aside_page_viewCon.php', 180)
 2 SYSTEMPATH\View\View.php(228): include('C:\\laragon\\www\\geotranck-dev\\app\\Views\\2_Administrador\\4_aside_page_viewCon.php')
 3 SYSTEMPATH\View\View.php(231): CodeIgniter\View\View->CodeIgniter\View\{closure}()
 4 SYSTEMPATH\Common.php(1178): CodeIgniter\View\View->render('2_Administrador/4_aside_page_viewCon.php', [], true)
 5 APPPATH\Controllers\AdministradorController.php(91): view('2_Administrador/4_aside_page_viewCon.php', [...])
 6 SYSTEMPATH\CodeIgniter.php(941): App\Controllers\AdministradorController->index()
 7 SYSTEMPATH\CodeIgniter.php(502): CodeIgniter\CodeIgniter->runController(Object(App\Controllers\AdministradorController))
 8 SYSTEMPATH\CodeIgniter.php(361): CodeIgniter\CodeIgniter->handleRequest(null, Object(Config\Cache), false)
 9 FCPATH\index.php(79): CodeIgniter\CodeIgniter->run()
10 SYSTEMPATH\Commands\Server\rewrite.php(47): require_once('C:\\laragon\\www\\geotranck-dev\\public\\index.php')
INFO - 2024-05-31 23:07:25 --> Session: Class initialized using 'CodeIgniter\Session\Handlers\FileHandler' driver.
INFO - 2024-05-31 23:15:32 --> Session: Class initialized using 'CodeIgniter\Session\Handlers\FileHandler' driver.
INFO - 2024-05-31 23:20:20 --> Session: Class initialized using 'CodeIgniter\Session\Handlers\FileHandler' driver.
CRITICAL - 2024-05-31 23:20:20 --> ErrorException: Undefined array key "apellidotutor"
in APPPATH\Views\2_Administrador\4_aside_page_viewCon.php on line 181.
 1 APPPATH\Views\2_Administrador\4_aside_page_viewCon.php(181): CodeIgniter\Debug\Exceptions->errorHandler(2, 'Undefined array key "apellidotutor"', 'C:\\laragon\\www\\geotranck-dev\\app\\Views\\2_Administrador\\4_aside_page_viewCon.php', 181)
 2 SYSTEMPATH\View\View.php(228): include('C:\\laragon\\www\\geotranck-dev\\app\\Views\\2_Administrador\\4_aside_page_viewCon.php')
 3 SYSTEMPATH\View\View.php(231): CodeIgniter\View\View->CodeIgniter\View\{closure}()
 4 SYSTEMPATH\Common.php(1178): CodeIgniter\View\View->render('2_Administrador/4_aside_page_viewCon.php', [], true)
 5 APPPATH\Controllers\AdministradorController.php(91): view('2_Administrador/4_aside_page_viewCon.php', [...])
 6 SYSTEMPATH\CodeIgniter.php(941): App\Controllers\AdministradorController->index()
 7 SYSTEMPATH\CodeIgniter.php(502): CodeIgniter\CodeIgniter->runController(Object(App\Controllers\AdministradorController))
 8 SYSTEMPATH\CodeIgniter.php(361): CodeIgniter\CodeIgniter->handleRequest(null, Object(Config\Cache), false)
 9 FCPATH\index.php(79): CodeIgniter\CodeIgniter->run()
10 SYSTEMPATH\Commands\Server\rewrite.php(47): require_once('C:\\laragon\\www\\geotranck-dev\\public\\index.php')
INFO - 2024-05-31 23:21:09 --> Session: Class initialized using 'CodeIgniter\Session\Handlers\FileHandler' driver.
INFO - 2024-05-31 23:22:42 --> Session: Class initialized using 'CodeIgniter\Session\Handlers\FileHandler' driver.
INFO - 2024-05-31 23:23:08 --> Session: Class initialized using 'CodeIgniter\Session\Handlers\FileHandler' driver.
INFO - 2024-05-31 23:23:15 --> Session: Class initialized using 'CodeIgniter\Session\Handlers\FileHandler' driver.
INFO - 2024-05-31 23:23:18 --> Session: Class initialized using 'CodeIgniter\Session\Handlers\FileHandler' driver.
INFO - 2024-05-31 23:23:21 --> Session: Class initialized using 'CodeIgniter\Session\Handlers\FileHandler' driver.
INFO - 2024-05-31 23:23:24 --> Session: Class initialized using 'CodeIgniter\Session\Handlers\FileHandler' driver.
INFO - 2024-05-31 23:23:34 --> Session: Class initialized using 'CodeIgniter\Session\Handlers\FileHandler' driver.
INFO - 2024-05-31 23:26:44 --> Session: Class initialized using 'CodeIgniter\Session\Handlers\FileHandler' driver.
INFO - 2024-05-31 23:29:00 --> Session: Class initialized using 'CodeIgniter\Session\Handlers\FileHandler' driver.
INFO - 2024-05-31 23:29:25 --> Session: Class initialized using 'CodeIgniter\Session\Handlers\FileHandler' driver.
INFO - 2024-05-31 23:31:10 --> Session: Class initialized using 'CodeIgniter\Session\Handlers\FileHandler' driver.
INFO - 2024-05-31 23:32:38 --> Session: Class initialized using 'CodeIgniter\Session\Handlers\FileHandler' driver.
INFO - 2024-05-31 23:34:53 --> Session: Class initialized using 'CodeIgniter\Session\Handlers\FileHandler' driver.
INFO - 2024-05-31 23:37:21 --> Session: Class initialized using 'CodeIgniter\Session\Handlers\FileHandler' driver.
INFO - 2024-05-31 23:41:03 --> Session: Class initialized using 'CodeIgniter\Session\Handlers\FileHandler' driver.
INFO - 2024-05-31 23:41:45 --> Session: Class initialized using 'CodeIgniter\Session\Handlers\FileHandler' driver.
INFO - 2024-05-31 23:42:03 --> Session: Class initialized using 'CodeIgniter\Session\Handlers\FileHandler' driver.
INFO - 2024-05-31 23:42:35 --> Session: Class initialized using 'CodeIgniter\Session\Handlers\FileHandler' driver.
INFO - 2024-05-31 23:44:09 --> Session: Class initialized using 'CodeIgniter\Session\Handlers\FileHandler' driver.
INFO - 2024-05-31 23:44:25 --> Session: Class initialized using 'CodeIgniter\Session\Handlers\FileHandler' driver.
INFO - 2024-05-31 23:46:19 --> Session: Class initialized using 'CodeIgniter\Session\Handlers\FileHandler' driver.
INFO - 2024-05-31 23:48:58 --> Session: Class initialized using 'CodeIgniter\Session\Handlers\FileHandler' driver.
INFO - 2024-05-31 23:50:24 --> Session: Class initialized using 'CodeIgniter\Session\Handlers\FileHandler' driver.
INFO - 2024-05-31 23:50:57 --> Session: Class initialized using 'CodeIgniter\Session\Handlers\FileHandler' driver.
