INFO - 2024-06-24 09:31:00 --> Session: Class initialized using 'CodeIgniter\Session\Handlers\FileHandler' driver.
INFO - 2024-06-24 09:31:18 --> Session: Class initialized using 'CodeIgniter\Session\Handlers\FileHandler' driver.
INFO - 2024-06-24 09:31:19 --> Session: Class initialized using 'CodeIgniter\Session\Handlers\FileHandler' driver.
INFO - 2024-06-24 09:31:36 --> Session: Class initialized using 'CodeIgniter\Session\Handlers\FileHandler' driver.
INFO - 2024-06-24 09:32:11 --> Session: Class initialized using 'CodeIgniter\Session\Handlers\FileHandler' driver.
INFO - 2024-06-24 09:32:12 --> Session: Class initialized using 'CodeIgniter\Session\Handlers\FileHandler' driver.
INFO - 2024-06-24 09:32:25 --> Session: Class initialized using 'CodeIgniter\Session\Handlers\FileHandler' driver.
INFO - 2024-06-24 09:32:30 --> Session: Class initialized using 'CodeIgniter\Session\Handlers\FileHandler' driver.
INFO - 2024-06-24 09:32:34 --> Session: Class initialized using 'CodeIgniter\Session\Handlers\FileHandler' driver.
INFO - 2024-06-24 09:32:36 --> Session: Class initialized using 'CodeIgniter\Session\Handlers\FileHandler' driver.
INFO - 2024-06-24 09:32:36 --> Session: Class initialized using 'CodeIgniter\Session\Handlers\FileHandler' driver.
INFO - 2024-06-24 09:32:58 --> Session: Class initialized using 'CodeIgniter\Session\Handlers\FileHandler' driver.
INFO - 2024-06-24 09:32:58 --> Session: Class initialized using 'CodeIgniter\Session\Handlers\FileHandler' driver.
INFO - 2024-06-24 09:33:40 --> Session: Class initialized using 'CodeIgniter\Session\Handlers\FileHandler' driver.
INFO - 2024-06-24 09:33:41 --> Session: Class initialized using 'CodeIgniter\Session\Handlers\FileHandler' driver.
WARNING - 2024-06-24 09:33:41 --> [DEPRECATED] usort(): Returning bool from comparison function is deprecated, return an integer less than, equal to, or greater than zero in APPPATH\Controllers\GestionUsuarioController.php on line 806.
 1 APPPATH\Controllers\GestionUsuarioController.php(806): usort([...], Object(Closure))
 2 APPPATH\Controllers\GestionUsuarioController.php(77): App\Controllers\GestionUsuarioController->datatables('[{"id":"23","nombre":"Grupo Agregar","descripcion":"Este grupo de privilegio esta destinado a usuario que solo podra realizar agregar datos en el sistema ","administrador":"false","agregar":"true","modificar":"false","eliminar":"false","estado":"1","created_at":"2024-05-23 23:27:38","updated_at":"2024-05-23 23:27:38"},{"id":"24","nombre":"Grupo Modificar","descripcion":"Este Grupo esta destinado a usuarios que solo podran realizar modificacion a los datos del sistema ","administrador":"false","agregar":"false","modificar":"true","eliminar":"false","estado":"1","created_at":"2024-05-23 23:28:31","updated_at":"2024-05-23 23:28:31"},{"id":"25","nombre":"Grupo Eliminar","descripcion":"Este grupo solo permite eliminar datos al usuario ","administrador":"false","agregar":"false","modificar":"false","eliminar":"true","estado":"1","created_at":"2024-05-23 23:29:12","updated_at":"2024-05-23 23:29:12"},{"id":"20","nombre":"Grupo Administradores","descripcion":"Este grupo puede tener todo los privilegios para el sistema ","administrador":"true","agregar":"false","modificar":"false","eliminar":"false","estado":"1","created_at":"2024-05-23 23:21:37","updated_at":"2024-05-23 23:21:37"},{"id":"21","nombre":"Grupo Padres ","descripcion":"Este grupo esta creado para padres con la capacidad de manejar el sistema administrativo  ","administrador":"true","agregar":"false","modificar":"false","eliminar":"false","estado":"1","created_at":"2024-05-23 23:22:48","updated_at":"2024-05-23 23:25:24"},{"id":"22","nombre":"Grupo Conductores","descripcion":"Este grupo esta destinado para conductores que tiene ingreso al sistema administrativo","administrador":"true","agregar":"false","modificar":"false","eliminar":"false","estado":"1","created_at":"2024-05-23 23:26:36","updated_at":"2024-05-23 23:26:36"}]', [...])
 3 SYSTEMPATH\CodeIgniter.php(941): App\Controllers\GestionUsuarioController->DatosPrivilegioView1()
 4 SYSTEMPATH\CodeIgniter.php(502): CodeIgniter\CodeIgniter->runController(Object(App\Controllers\GestionUsuarioController))
 5 SYSTEMPATH\CodeIgniter.php(361): CodeIgniter\CodeIgniter->handleRequest(null, Object(Config\Cache), false)
 6 FCPATH\index.php(79): CodeIgniter\CodeIgniter->run()
 7 SYSTEMPATH\Commands\Server\rewrite.php(47): require_once('C:\\laragon\\www\\geotranck-dev\\public\\index.php')
INFO - 2024-06-24 09:33:42 --> Session: Class initialized using 'CodeIgniter\Session\Handlers\FileHandler' driver.
INFO - 2024-06-24 09:33:42 --> Session: Class initialized using 'CodeIgniter\Session\Handlers\FileHandler' driver.
WARNING - 2024-06-24 09:33:43 --> [DEPRECATED] usort(): Returning bool from comparison function is deprecated, return an integer less than, equal to, or greater than zero in APPPATH\Controllers\GestionUsuarioController.php on line 806.
 1 APPPATH\Controllers\GestionUsuarioController.php(806): usort([...], Object(Closure))
 2 APPPATH\Controllers\GestionUsuarioController.php(204): App\Controllers\GestionUsuarioController->datatables('[{"id":"22","nombre":"Conductor","descripcion":"Este usuario tendra limitaciones en el sistema","grupo_privilegio":"Grupo Conductores","estado":"1","created_at":"2024-05-23 23:34:01"},{"id":"23","nombre":"PadreFamilia","descripcion":"Este usuario tiene acceso a las ventanas designadas para el mismo","grupo_privilegio":"Grupo Padres ","estado":"1","created_at":"2024-05-23 23:34:53"},{"id":"21","nombre":"Administrador","descripcion":"Este usuario ingresara al sistema administrador","grupo_privilegio":"Grupo Administradores","estado":"1","created_at":"2024-05-23 23:33:23"}]', [...])
 3 SYSTEMPATH\CodeIgniter.php(941): App\Controllers\GestionUsuarioController->DatosRolesView()
 4 SYSTEMPATH\CodeIgniter.php(502): CodeIgniter\CodeIgniter->runController(Object(App\Controllers\GestionUsuarioController))
 5 SYSTEMPATH\CodeIgniter.php(361): CodeIgniter\CodeIgniter->handleRequest(null, Object(Config\Cache), false)
 6 FCPATH\index.php(79): CodeIgniter\CodeIgniter->run()
 7 SYSTEMPATH\Commands\Server\rewrite.php(47): require_once('C:\\laragon\\www\\geotranck-dev\\public\\index.php')
INFO - 2024-06-24 09:33:48 --> Session: Class initialized using 'CodeIgniter\Session\Handlers\FileHandler' driver.
INFO - 2024-06-24 09:33:49 --> Session: Class initialized using 'CodeIgniter\Session\Handlers\FileHandler' driver.
WARNING - 2024-06-24 09:33:49 --> [DEPRECATED] usort(): Returning bool from comparison function is deprecated, return an integer less than, equal to, or greater than zero in APPPATH\Controllers\GestionTransporteController.php on line 632.
 1 APPPATH\Controllers\GestionTransporteController.php(632): usort([...], Object(Closure))
 2 APPPATH\Controllers\GestionTransporteController.php(83): App\Controllers\GestionTransporteController->datatables('[{"id":"8","nombre":"Marin","apellido":"Sanchez","ci":"68463438 Lp.","numlicencia":"6543686895","fechalicencia":"2028-09-28","licencia":"1","catlic":"Cat.C","correoelectronico":"marin@sanchez.com","telefono":"7658464","direccion":"calle 11","cargo":"Due\\u00f1o","genero":"Masculino","fechainiciocontrato":"2019-03-02","fechafincontrato":"2025-12-02","estado":"1","created_at":"2024-05-24 00:46:53","updated_at":"2024-05-24 00:46:53"},{"id":"7","nombre":"Pedro","apellido":"Alvarez","ci":"2652362 Lp","numlicencia":"513546565","fechalicencia":"2027-03-04","licencia":"1","catlic":"Cat.B","correoelectronico":"pedro@alvarez.com","telefono":"75684384","direccion":"Calle A","cargo":"Due\\u00f1o","genero":"Masculino","fechainiciocontrato":"2016-03-03","fechafincontrato":"2024-04-04","estado":"1","created_at":"2024-05-24 00:40:22","updated_at":"2024-05-24 00:47:19"},{"id":"10","nombre":"Cesar","apellido":"Villarroel","ci":"6205353","numlicencia":"6205353","fechalicencia":"2027-08-03","licencia":"1","catlic":"Cat.C","correoelectronico":"VillarroelCesar123@gmail.com","telefono":"6205123","direccion":"DIAZ ROMERO - LA PAZ BOLIVIA","cargo":"Due\\u00f1o","genero":"Masculino","fechainiciocontrato":"2023-06-03","fechafincontrato":"2025-11-15","estado":"1","created_at":"2024-06-06 00:27:00","updated_at":"2024-06-06 00:27:00"},{"id":"11","nombre":"David","apellido":"Mamani","ci":"2291678","numlicencia":"2291678","fechalicencia":"2027-06-12","licencia":"1","catlic":"Cat.C","correoelectronico":"mamanimamaniDavid51@hotmail.com","telefono":"74549834","direccion":"ESQ AV CONSTANERA CALACOTO ","cargo":"Chofer","genero":"Masculino","fechainiciocontrato":"2022-06-12","fechafincontrato":"2025-11-15","estado":"1","created_at":"2024-06-06 00:29:29","updated_at":"2024-06-06 00:29:29"},{"id":"9","nombre":"Walter","apellido":"Perez","ci":"4410372","numlicencia":"4410372","fechalicencia":"2027-06-20","licencia":"1","catlic":"Cat.B","correoelectronico":"perezWalter_1989@gmail.com","telefono":"71550490","direccion":"BATALLON SUCRE N 501 ESQ. HEROES DEL ACRE EDIF GOYO ","cargo":"Due\\u00f1o","genero":"Masculino","fechainiciocontrato":"2023-04-03","fechafincontrato":"2025-11-15","estado":"1","created_at":"2024-06-06 00:23:45","updated_at":"2024-06-06 00:24:08"}]', [...])
 3 SYSTEMPATH\CodeIgniter.php(941): App\Controllers\GestionTransporteController->datosConductorView()
 4 SYSTEMPATH\CodeIgniter.php(502): CodeIgniter\CodeIgniter->runController(Object(App\Controllers\GestionTransporteController))
 5 SYSTEMPATH\CodeIgniter.php(361): CodeIgniter\CodeIgniter->handleRequest(null, Object(Config\Cache), false)
 6 FCPATH\index.php(79): CodeIgniter\CodeIgniter->run()
 7 SYSTEMPATH\Commands\Server\rewrite.php(47): require_once('C:\\laragon\\www\\geotranck-dev\\public\\index.php')
INFO - 2024-06-24 09:33:50 --> Session: Class initialized using 'CodeIgniter\Session\Handlers\FileHandler' driver.
INFO - 2024-06-24 09:33:51 --> Session: Class initialized using 'CodeIgniter\Session\Handlers\FileHandler' driver.
WARNING - 2024-06-24 09:33:51 --> [DEPRECATED] usort(): Returning bool from comparison function is deprecated, return an integer less than, equal to, or greater than zero in APPPATH\Controllers\GestionTransporteController.php on line 632.
 1 APPPATH\Controllers\GestionTransporteController.php(632): usort([...], Object(Closure))
 2 APPPATH\Controllers\GestionTransporteController.php(338): App\Controllers\GestionTransporteController->datatables('[{"id":"13","nombreconductor":"Marin","apellidoconductor":"Sanchez","imagenautomovil":"auto01.png","imagenconductor":"Conductor1.png","marca":"King Long","modelo":"2020","nropasajeros":"13","nrochasis":"586JN55KL7865H","soat":"1","a_soat":"2024","inspeccion":"1","color":"Rojo","placa":"4548LZY","duenomovil":"Marin Sanchez","nrotelefono":"2228530","tipovehiculo":"Minibus","created_at":"2024-06-06 00:38:09"},{"id":"14","nombreconductor":"Pedro","apellidoconductor":"Alvarez","imagenautomovil":"auto02.png","imagenconductor":"Conductor2.png","marca":"King Long","modelo":"2019","nropasajeros":"13","nrochasis":"1583WAD354QW","soat":"1","a_soat":"2024","inspeccion":"1","color":"Blanco","placa":"4357XLA","duenomovil":"Marcos Molina","nrotelefono":"69750575","tipovehiculo":"Minibus","created_at":"2024-06-06 00:40:17"},{"id":"16","nombreconductor":"Cesar","apellidoconductor":"Villarroel","imagenautomovil":"auto04.png","imagenconductor":"Conductor4.png","marca":"Nissan","modelo":"2019","nropasajeros":"14","nrochasis":"2131ASDF2185SD5858","soat":"1","a_soat":"2024","inspeccion":"1","color":"Blanco","placa":"6843WQP","duenomovil":"Cesar Villarroel","nrotelefono":"71538662","tipovehiculo":"Minibus","created_at":"2024-06-06 00:44:57"},{"id":"17","nombreconductor":"David","apellidoconductor":"Mamani","imagenautomovil":"auto05.png","imagenconductor":"Conductor5.png","marca":"Toyota","modelo":"2001","nropasajeros":"14","nrochasis":"213676FSF324SEF898","soat":"1","a_soat":"2024","inspeccion":"1","color":"Blanco","placa":"965PQC","duenomovil":"David Mamani","nrotelefono":"785184336","tipovehiculo":"Minibus","created_at":"2024-06-06 00:46:51"},{"id":"15","nombreconductor":"Walter","apellidoconductor":"Perez","imagenautomovil":"auto03.png","imagenconductor":"Conductor3.png","marca":"King Long","modelo":"2021","nropasajeros":"14","nrochasis":"213ASDQ1230WEF312","soat":"1","a_soat":"2024","inspeccion":"1","color":"Plateado","placa":"2589WQZ","duenomovil":"Walter Perez","nrotelefono":"71550490","tipovehiculo":"Minibus","created_at":"2024-06-06 00:43:02"}]', [...])
 3 SYSTEMPATH\CodeIgniter.php(941): App\Controllers\GestionTransporteController->DatosAutomovilView()
 4 SYSTEMPATH\CodeIgniter.php(502): CodeIgniter\CodeIgniter->runController(Object(App\Controllers\GestionTransporteController))
 5 SYSTEMPATH\CodeIgniter.php(361): CodeIgniter\CodeIgniter->handleRequest(null, Object(Config\Cache), false)
 6 FCPATH\index.php(79): CodeIgniter\CodeIgniter->run()
 7 SYSTEMPATH\Commands\Server\rewrite.php(47): require_once('C:\\laragon\\www\\geotranck-dev\\public\\index.php')
INFO - 2024-06-24 09:33:58 --> Session: Class initialized using 'CodeIgniter\Session\Handlers\FileHandler' driver.
INFO - 2024-06-24 09:34:06 --> Session: Class initialized using 'CodeIgniter\Session\Handlers\FileHandler' driver.
INFO - 2024-06-24 09:34:06 --> Session: Class initialized using 'CodeIgniter\Session\Handlers\FileHandler' driver.
INFO - 2024-06-24 09:34:42 --> Session: Class initialized using 'CodeIgniter\Session\Handlers\FileHandler' driver.
INFO - 2024-06-24 09:34:42 --> Session: Class initialized using 'CodeIgniter\Session\Handlers\FileHandler' driver.
INFO - 2024-06-24 09:34:46 --> Session: Class initialized using 'CodeIgniter\Session\Handlers\FileHandler' driver.
INFO - 2024-06-24 09:34:55 --> Session: Class initialized using 'CodeIgniter\Session\Handlers\FileHandler' driver.
INFO - 2024-06-24 09:35:06 --> Session: Class initialized using 'CodeIgniter\Session\Handlers\FileHandler' driver.
INFO - 2024-06-24 09:35:12 --> Session: Class initialized using 'CodeIgniter\Session\Handlers\FileHandler' driver.
INFO - 2024-06-24 09:35:18 --> Session: Class initialized using 'CodeIgniter\Session\Handlers\FileHandler' driver.
INFO - 2024-06-24 09:35:20 --> Session: Class initialized using 'CodeIgniter\Session\Handlers\FileHandler' driver.
INFO - 2024-06-24 09:35:28 --> Session: Class initialized using 'CodeIgniter\Session\Handlers\FileHandler' driver.
INFO - 2024-06-24 09:35:37 --> Session: Class initialized using 'CodeIgniter\Session\Handlers\FileHandler' driver.
INFO - 2024-06-24 09:35:42 --> Session: Class initialized using 'CodeIgniter\Session\Handlers\FileHandler' driver.
INFO - 2024-06-24 09:35:43 --> Session: Class initialized using 'CodeIgniter\Session\Handlers\FileHandler' driver.
WARNING - 2024-06-24 09:35:43 --> [DEPRECATED] usort(): Returning bool from comparison function is deprecated, return an integer less than, equal to, or greater than zero in APPPATH\Controllers\AlertasController.php on line 240.
 1 APPPATH\Controllers\AlertasController.php(240): usort([...], Object(Closure))
 2 APPPATH\Controllers\AlertasController.php(170): App\Controllers\AlertasController->datatables('[{"id":"15","nom_estudiante":"Marcos","ape_estudiante":"Ramos","cur_estudiante":"primaria","nom_padre":"Juan","ape_padre":"Perez","tel_padre":"61005154","nom_conductor":"Pedro","ape_conductor":"Alvarez","tel_conductor":"75684384","mar_automovil":"toyota","mod_automovil":"2020","color_automovil":"rojo","placa_automovil":"568ADS","estado":"1","created_at":"2024-06-02 21:55:01","updated_at":"2024-06-02 21:55:01"},{"id":"2","nom_estudiante":"Marcos","ape_estudiante":"Ramos","cur_estudiante":"primaria","nom_padre":"Juan","ape_padre":"Perez","tel_padre":"61005154","nom_conductor":"Pedro","ape_conductor":"Alvarez","tel_conductor":"75684384","mar_automovil":"toyota","mod_automovil":"2020","color_automovil":"rojo","placa_automovil":"568ADS","estado":"1","created_at":"2024-06-01 00:55:36","updated_at":"2024-06-01 00:55:36"},{"id":"3","nom_estudiante":"Marcos","ape_estudiante":"Ramos","cur_estudiante":"primaria","nom_padre":"Juan","ape_padre":"Perez","tel_padre":"61005154","nom_conductor":"Pedro","ape_conductor":"Alvarez","tel_conductor":"75684384","mar_automovil":"toyota","mod_automovil":"2020","color_automovil":"rojo","placa_automovil":"568ADS","estado":"1","created_at":"2024-06-01 01:03:36","updated_at":"2024-06-01 01:03:36"},{"id":"4","nom_estudiante":"Marcos","ape_estudiante":"Ramos","cur_estudiante":"primaria","nom_padre":"Juan","ape_padre":"Perez","tel_padre":"61005154","nom_conductor":"Pedro","ape_conductor":"Alvarez","tel_conductor":"75684384","mar_automovil":"toyota","mod_automovil":"2020","color_automovil":"rojo","placa_automovil":"568ADS","estado":"1","created_at":"2024-06-01 01:03:41","updated_at":"2024-06-01 01:03:41"},{"id":"17","nom_estudiante":"Andres","ape_estudiante":"Mendoza","cur_estudiante":"Primero A","nom_padre":"Mar\\u00eda","ape_padre":"Garc\\u00eda","tel_padre":"72345678","nom_conductor":"Pedro","ape_conductor":"Alvarez","tel_conductor":"75684384","mar_automovil":"King Long","mod_automovil":"2019","color_automovil":"Blanco","placa_automovil":"4357XLA","estado":"1","created_at":"2024-06-11 19:49:56","updated_at":"2024-06-11 19:49:56"},{"id":"18","nom_estudiante":"Adela","ape_estudiante":"Mamani","cur_estudiante":"Primero A","nom_padre":"Juan","ape_padre":"P\\u00e9rez","tel_padre":"71234567","nom_conductor":"Pedro","ape_conductor":"Alvarez","tel_conductor":"75684384","mar_automovil":"King Long","mod_automovil":"2019","color_automovil":"Blanco","placa_automovil":"4357XLA","estado":"1","created_at":"2024-06-15 20:25:08","updated_at":"2024-06-15 20:25:08"},{"id":"19","nom_estudiante":"Adela","ape_estudiante":"Mamani","cur_estudiante":"Primero A","nom_padre":"Juan","ape_padre":"P\\u00e9rez","tel_padre":"71234567","nom_conductor":"Pedro","ape_conductor":"Alvarez","tel_conductor":"75684384","mar_automovil":"King Long","mod_automovil":"2019","color_automovil":"Blanco","placa_automovil":"4357XLA","estado":"1","created_at":"2024-06-15 20:25:39","updated_at":"2024-06-15 20:25:39"},{"id":"20","nom_estudiante":"Adela","ape_estudiante":"Mamani","cur_estudiante":"Primero A","nom_padre":"Adriana","ape_padre":"Castillo","tel_padre":"70923456","nom_conductor":"Pedro","ape_conductor":"Alvarez","tel_conductor":"75684384","mar_automovil":"King Long","mod_automovil":"2019","color_automovil":"Blanco","placa_automovil":"4357XLA","estado":"1","created_at":"2024-06-18 14:46:16","updated_at":"2024-06-18 14:46:16"},{"id":"21","nom_estudiante":"Andres","ape_estudiante":"Mendoza","cur_estudiante":"Primero A","nom_padre":"Adriana","ape_padre":"Castillo","tel_padre":"70923456","nom_conductor":"Pedro","ape_conductor":"Alvarez","tel_conductor":"75684384","mar_automovil":"King Long","mod_automovil":"2019","color_automovil":"Blanco","placa_automovil":"4357XLA","estado":"1","created_at":"2024-06-18 14:46:21","updated_at":"2024-06-18 14:46:21"},{"id":"22","nom_estudiante":"Adela","ape_estudiante":"Mamani","cur_estudiante":"Primero A","nom_padre":"Adriana","ape_padre":"Castillo","tel_padre":"70923456","nom_conductor":"Pedro","ape_conductor":"Alvarez","tel_conductor":"75684384","mar_automovil":"King Long","mod_automovil":"2019","color_automovil":"Blanco","placa_automovil":"4357XLA","estado":"1","created_at":"2024-06-18 16:06:01","updated_at":"2024-06-18 16:06:01"},{"id":"23","nom_estudiante":"Adela","ape_estudiante":"Mamani","cur_estudiante":"Primero A","nom_padre":"Adriana","ape_padre":"Castillo","tel_padre":"70923456","nom_conductor":"Pedro","ape_conductor":"Alvarez","tel_conductor":"75684384","mar_automovil":"King Long","mod_automovil":"2019","color_automovil":"Blanco","placa_automovil":"4357XLA","estado":"1","created_at":"2024-06-18 16:13:35","updated_at":"2024-06-18 16:13:35"},{"id":"24","nom_estudiante":"Andres","ape_estudiante":"Mendoza","cur_estudiante":"Primero A","nom_padre":"Adriana","ape_padre":"Castillo","tel_padre":"70923456","nom_conductor":"Pedro","ape_conductor":"Alvarez","tel_conductor":"75684384","mar_automovil":"King Long","mod_automovil":"2019","color_automovil":"Blanco","placa_automovil":"4357XLA","estado":"1","created_at":"2024-06-18 23:38:58","updated_at":"2024-06-18 23:38:58"},{"id":"25","nom_estudiante":"Adela","ape_estudiante":"Mamani","cur_estudiante":"Primero A","nom_padre":"Adriana","ape_padre":"Castillo","tel_padre":"70923456","nom_conductor":"Pedro","ape_conductor":"Alvarez","tel_conductor":"75684384","mar_automovil":"King Long","mod_automovil":"2019","color_automovil":"Blanco","placa_automovil":"4357XLA","estado":"1","created_at":"2024-06-19 00:08:40","updated_at":"2024-06-19 00:08:40"},{"id":"26","nom_estudiante":"Adela","ape_estudiante":"Mamani","cur_estudiante":null,"nom_padre":null,"ape_padre":null,"tel_padre":null,"nom_conductor":null,"ape_conductor":null,"tel_conductor":null,"mar_automovil":null,"mod_automovil":null,"color_automovil":null,"placa_automovil":null,"estado":"1","created_at":"2024-06-19 00:08:40","updated_at":"2024-06-19 00:08:40"},{"id":"27","nom_estudiante":"Andres","ape_estudiante":"Mendoza","cur_estudiante":"Primero A","nom_padre":"Adriana","ape_padre":"Castillo","tel_padre":"70923456","nom_conductor":"Pedro","ape_conductor":"Alvarez","tel_conductor":"75684384","mar_automovil":"King Long","mod_automovil":"2019","color_automovil":"Blanco","placa_automovil":"4357XLA","estado":"1","created_at":"2024-06-19 00:08:49","updated_at":"2024-06-19 00:08:49"},{"id":"28","nom_estudiante":"Andres","ape_estudiante":"Mendoza","cur_estudiante":null,"nom_padre":null,"ape_padre":null,"tel_padre":null,"nom_conductor":null,"ape_conductor":null,"tel_conductor":null,"mar_automovil":null,"mod_automovil":null,"color_automovil":null,"placa_automovil":null,"estado":"1","created_at":"2024-06-19 00:08:49","updated_at":"2024-06-19 00:08:49"},{"id":"29","nom_estudiante":"Adela","ape_estudiante":"Mamani","cur_estudiante":"Primero A","nom_padre":"Adriana","ape_padre":"Castillo","tel_padre":"70923456","nom_conductor":"Pedro","ape_conductor":"Alvarez","tel_conductor":"75684384","mar_automovil":"King Long","mod_automovil":"2019","color_automovil":"Blanco","placa_automovil":"4357XLA","estado":"1","created_at":"2024-06-21 21:30:53","updated_at":"2024-06-21 21:30:53"},{"id":"30","nom_estudiante":"Adela","ape_estudiante":"Mamani","cur_estudiante":"Primero A","nom_padre":"Adriana","ape_padre":"Castillo","tel_padre":"70923456","nom_conductor":"Pedro","ape_conductor":"Alvarez","tel_conductor":"75684384","mar_automovil":"King Long","mod_automovil":"2019","color_automovil":"Blanco","placa_automovil":"4357XLA","estado":"1","created_at":"2024-06-24 09:35:28","updated_at":"2024-06-24 09:35:28"}]', [...])
 3 SYSTEMPATH\CodeIgniter.php(941): App\Controllers\AlertasController->listaAlertasView()
 4 SYSTEMPATH\CodeIgniter.php(502): CodeIgniter\CodeIgniter->runController(Object(App\Controllers\AlertasController))
 5 SYSTEMPATH\CodeIgniter.php(361): CodeIgniter\CodeIgniter->handleRequest(null, Object(Config\Cache), false)
 6 FCPATH\index.php(79): CodeIgniter\CodeIgniter->run()
 7 SYSTEMPATH\Commands\Server\rewrite.php(47): require_once('C:\\laragon\\www\\geotranck-dev\\public\\index.php')
INFO - 2024-06-24 09:35:59 --> Session: Class initialized using 'CodeIgniter\Session\Handlers\FileHandler' driver.
INFO - 2024-06-24 09:36:19 --> Session: Class initialized using 'CodeIgniter\Session\Handlers\FileHandler' driver.
INFO - 2024-06-24 09:36:31 --> Session: Class initialized using 'CodeIgniter\Session\Handlers\FileHandler' driver.
INFO - 2024-06-24 09:36:46 --> Session: Class initialized using 'CodeIgniter\Session\Handlers\FileHandler' driver.
INFO - 2024-06-24 09:37:25 --> Session: Class initialized using 'CodeIgniter\Session\Handlers\FileHandler' driver.
INFO - 2024-06-24 09:37:26 --> Session: Class initialized using 'CodeIgniter\Session\Handlers\FileHandler' driver.
INFO - 2024-06-24 09:46:27 --> Session: Class initialized using 'CodeIgniter\Session\Handlers\FileHandler' driver.
INFO - 2024-06-24 09:46:31 --> Session: Class initialized using 'CodeIgniter\Session\Handlers\FileHandler' driver.
INFO - 2024-06-24 09:46:44 --> Session: Class initialized using 'CodeIgniter\Session\Handlers\FileHandler' driver.
INFO - 2024-06-24 09:46:44 --> Session: Class initialized using 'CodeIgniter\Session\Handlers\FileHandler' driver.
INFO - 2024-06-24 09:46:44 --> Session: Class initialized using 'CodeIgniter\Session\Handlers\FileHandler' driver.
INFO - 2024-06-24 09:46:58 --> Session: Class initialized using 'CodeIgniter\Session\Handlers\FileHandler' driver.
INFO - 2024-06-24 17:55:34 --> Session: Class initialized using 'CodeIgniter\Session\Handlers\FileHandler' driver.
INFO - 2024-06-24 17:56:01 --> Session: Class initialized using 'CodeIgniter\Session\Handlers\FileHandler' driver.
INFO - 2024-06-24 17:56:02 --> Session: Class initialized using 'CodeIgniter\Session\Handlers\FileHandler' driver.
INFO - 2024-06-24 17:56:27 --> Session: Class initialized using 'CodeIgniter\Session\Handlers\FileHandler' driver.
INFO - 2024-06-24 17:56:28 --> Session: Class initialized using 'CodeIgniter\Session\Handlers\FileHandler' driver.
WARNING - 2024-06-24 17:56:28 --> [DEPRECATED] usort(): Returning bool from comparison function is deprecated, return an integer less than, equal to, or greater than zero in APPPATH\Controllers\GestionUsuarioController.php on line 806.
 1 APPPATH\Controllers\GestionUsuarioController.php(806): usort([...], Object(Closure))
 2 APPPATH\Controllers\GestionUsuarioController.php(77): App\Controllers\GestionUsuarioController->datatables('[{"id":"23","nombre":"Grupo Agregar","descripcion":"Este grupo de privilegio esta destinado a usuario que solo podra realizar agregar datos en el sistema ","administrador":"false","agregar":"true","modificar":"false","eliminar":"false","estado":"1","created_at":"2024-05-23 23:27:38","updated_at":"2024-05-23 23:27:38"},{"id":"24","nombre":"Grupo Modificar","descripcion":"Este Grupo esta destinado a usuarios que solo podran realizar modificacion a los datos del sistema ","administrador":"false","agregar":"false","modificar":"true","eliminar":"false","estado":"1","created_at":"2024-05-23 23:28:31","updated_at":"2024-05-23 23:28:31"},{"id":"25","nombre":"Grupo Eliminar","descripcion":"Este grupo solo permite eliminar datos al usuario ","administrador":"false","agregar":"false","modificar":"false","eliminar":"true","estado":"1","created_at":"2024-05-23 23:29:12","updated_at":"2024-05-23 23:29:12"},{"id":"20","nombre":"Grupo Administradores","descripcion":"Este grupo puede tener todo los privilegios para el sistema ","administrador":"true","agregar":"false","modificar":"false","eliminar":"false","estado":"1","created_at":"2024-05-23 23:21:37","updated_at":"2024-05-23 23:21:37"},{"id":"21","nombre":"Grupo Padres ","descripcion":"Este grupo esta creado para padres con la capacidad de manejar el sistema administrativo  ","administrador":"true","agregar":"false","modificar":"false","eliminar":"false","estado":"1","created_at":"2024-05-23 23:22:48","updated_at":"2024-05-23 23:25:24"},{"id":"22","nombre":"Grupo Conductores","descripcion":"Este grupo esta destinado para conductores que tiene ingreso al sistema administrativo","administrador":"true","agregar":"false","modificar":"false","eliminar":"false","estado":"1","created_at":"2024-05-23 23:26:36","updated_at":"2024-05-23 23:26:36"}]', [...])
 3 SYSTEMPATH\CodeIgniter.php(941): App\Controllers\GestionUsuarioController->DatosPrivilegioView1()
 4 SYSTEMPATH\CodeIgniter.php(502): CodeIgniter\CodeIgniter->runController(Object(App\Controllers\GestionUsuarioController))
 5 SYSTEMPATH\CodeIgniter.php(361): CodeIgniter\CodeIgniter->handleRequest(null, Object(Config\Cache), false)
 6 FCPATH\index.php(79): CodeIgniter\CodeIgniter->run()
 7 SYSTEMPATH\Commands\Server\rewrite.php(47): require_once('C:\\laragon\\www\\geotranck-dev\\public\\index.php')
INFO - 2024-06-24 17:56:31 --> Session: Class initialized using 'CodeIgniter\Session\Handlers\FileHandler' driver.
INFO - 2024-06-24 17:56:32 --> Session: Class initialized using 'CodeIgniter\Session\Handlers\FileHandler' driver.
WARNING - 2024-06-24 17:56:32 --> [DEPRECATED] usort(): Returning bool from comparison function is deprecated, return an integer less than, equal to, or greater than zero in APPPATH\Controllers\GestionTransporteController.php on line 632.
 1 APPPATH\Controllers\GestionTransporteController.php(632): usort([...], Object(Closure))
 2 APPPATH\Controllers\GestionTransporteController.php(338): App\Controllers\GestionTransporteController->datatables('[{"id":"13","nombreconductor":"Marin","apellidoconductor":"Sanchez","imagenautomovil":"auto01.png","imagenconductor":"Conductor1.png","marca":"King Long","modelo":"2020","nropasajeros":"13","nrochasis":"586JN55KL7865H","soat":"1","a_soat":"2024","inspeccion":"1","color":"Rojo","placa":"4548LZY","duenomovil":"Marin Sanchez","nrotelefono":"2228530","tipovehiculo":"Minibus","created_at":"2024-06-06 00:38:09"},{"id":"14","nombreconductor":"Pedro","apellidoconductor":"Alvarez","imagenautomovil":"auto02.png","imagenconductor":"Conductor2.png","marca":"King Long","modelo":"2019","nropasajeros":"13","nrochasis":"1583WAD354QW","soat":"1","a_soat":"2024","inspeccion":"1","color":"Blanco","placa":"4357XLA","duenomovil":"Marcos Molina","nrotelefono":"69750575","tipovehiculo":"Minibus","created_at":"2024-06-06 00:40:17"},{"id":"16","nombreconductor":"Cesar","apellidoconductor":"Villarroel","imagenautomovil":"auto04.png","imagenconductor":"Conductor4.png","marca":"Nissan","modelo":"2019","nropasajeros":"14","nrochasis":"2131ASDF2185SD5858","soat":"1","a_soat":"2024","inspeccion":"1","color":"Blanco","placa":"6843WQP","duenomovil":"Cesar Villarroel","nrotelefono":"71538662","tipovehiculo":"Minibus","created_at":"2024-06-06 00:44:57"},{"id":"17","nombreconductor":"David","apellidoconductor":"Mamani","imagenautomovil":"auto05.png","imagenconductor":"Conductor5.png","marca":"Toyota","modelo":"2001","nropasajeros":"14","nrochasis":"213676FSF324SEF898","soat":"1","a_soat":"2024","inspeccion":"1","color":"Blanco","placa":"965PQC","duenomovil":"David Mamani","nrotelefono":"785184336","tipovehiculo":"Minibus","created_at":"2024-06-06 00:46:51"},{"id":"15","nombreconductor":"Walter","apellidoconductor":"Perez","imagenautomovil":"auto03.png","imagenconductor":"Conductor3.png","marca":"King Long","modelo":"2021","nropasajeros":"14","nrochasis":"213ASDQ1230WEF312","soat":"1","a_soat":"2024","inspeccion":"1","color":"Plateado","placa":"2589WQZ","duenomovil":"Walter Perez","nrotelefono":"71550490","tipovehiculo":"Minibus","created_at":"2024-06-06 00:43:02"}]', [...])
 3 SYSTEMPATH\CodeIgniter.php(941): App\Controllers\GestionTransporteController->DatosAutomovilView()
 4 SYSTEMPATH\CodeIgniter.php(502): CodeIgniter\CodeIgniter->runController(Object(App\Controllers\GestionTransporteController))
 5 SYSTEMPATH\CodeIgniter.php(361): CodeIgniter\CodeIgniter->handleRequest(null, Object(Config\Cache), false)
 6 FCPATH\index.php(79): CodeIgniter\CodeIgniter->run()
 7 SYSTEMPATH\Commands\Server\rewrite.php(47): require_once('C:\\laragon\\www\\geotranck-dev\\public\\index.php')
INFO - 2024-06-24 17:56:40 --> Session: Class initialized using 'CodeIgniter\Session\Handlers\FileHandler' driver.
INFO - 2024-06-24 17:56:41 --> Session: Class initialized using 'CodeIgniter\Session\Handlers\FileHandler' driver.
WARNING - 2024-06-24 17:56:41 --> [DEPRECATED] usort(): Returning bool from comparison function is deprecated, return an integer less than, equal to, or greater than zero in APPPATH\Controllers\GestionTransporteController.php on line 632.
 1 APPPATH\Controllers\GestionTransporteController.php(632): usort([...], Object(Closure))
 2 APPPATH\Controllers\GestionTransporteController.php(517): App\Controllers\GestionTransporteController->datatables('[{"id":"1","nombre":"Juan P\\u00e9rez","cargo":"Director","correoelectronico":"juan.perez@example.com","telefono":"712345678","direccion":"Calle 123","estado":"1","created_at":"2024-05-24 04:27:39.450734"},{"id":"2","nombre":"Mar\\u00eda Garc\\u00eda","cargo":"Profesora","correoelectronico":"maria.garcia@example.com","telefono":"613456789","direccion":"Avenida 456","estado":"1","created_at":"2024-05-24 04:27:39.450734"},{"id":"3","nombre":"Pedro Rodr\\u00edguez","cargo":"Secretario","correoelectronico":"pedro.rodriguez@example.com","telefono":"714567890","direccion":"Boulevard 789","estado":"1","created_at":"2024-05-24 04:27:39.450734"},{"id":"4","nombre":"Luisa Mart\\u00ednez","cargo":"Conserje","correoelectronico":"luisa.martinez@example.com","telefono":"615678901","direccion":"Calle 987","estado":"1","created_at":"2024-05-24 04:27:39.450734"},{"id":"5","nombre":"Carlos S\\u00e1nchez","cargo":"Administrativo","correoelectronico":"carlos.sanchez@example.com","telefono":"716789012","direccion":"Avenida 654","estado":"1","created_at":"2024-05-24 04:27:39.450734"},{"id":"7","nombre":"Jorge Fern\\u00e1ndez","cargo":"Consejero","correoelectronico":"jorge.fernandez@example.com","telefono":"717890234","direccion":"Avenida 012","estado":"1","created_at":"2024-05-24 04:27:39.450734"},{"id":"8","nombre":"Laura Torres","cargo":"Recepcionista","correoelectronico":"laura.torres@example.com","telefono":"618901234","direccion":"Boulevard 345","estado":"1","created_at":"2024-05-24 04:27:39.450734"},{"id":"9","nombre":"Diego G\\u00f3mez","cargo":"Entrenador","correoelectronico":"diego.gomez@example.com","telefono":"719012345","direccion":"Calle 678","estado":"1","created_at":"2024-05-24 04:27:39.450734"},{"id":"11","nombre":"Roberto Gonz\\u00e1lez","cargo":"Profesor","correoelectronico":"roberto.gonzalez@example.com","telefono":"712345678","direccion":"Calle 123","estado":"1","created_at":"2024-05-24 04:27:39.450734"},{"id":"12","nombre":"Isabel Ram\\u00edrez","cargo":"Directora","correoelectronico":"isabel.ramirez@example.com","telefono":"613456789","direccion":"Avenida 456","estado":"1","created_at":"2024-05-24 04:27:39.450734"},{"id":"13","nombre":"Fernando Ruiz","cargo":"Secretario","correoelectronico":"fernando.ruiz@example.com","telefono":"714567890","direccion":"Boulevard 789","estado":"1","created_at":"2024-05-24 04:27:39.450734"},{"id":"14","nombre":"Silvia Jim\\u00e9nez","cargo":"Conserje","correoelectronico":"silvia.jimenez@example.com","telefono":"615678901","direccion":"Calle 987","estado":"1","created_at":"2024-05-24 04:27:39.450734"},{"id":"15","nombre":"Miguel Rodr\\u00edguez","cargo":"Administrativo","correoelectronico":"miguel.rodriguez@example.com","telefono":"716789012","direccion":"Avenida 654","estado":"1","created_at":"2024-05-24 04:27:39.450734"},{"id":"16","nombre":"Carmen Garc\\u00eda","cargo":"Enfermera","correoelectronico":"carmen.garcia@example.com","telefono":"617890123","direccion":"Calle 321","estado":"1","created_at":"2024-05-24 04:27:39.450734"},{"id":"18","nombre":"Patricia Mart\\u00ednez","cargo":"Recepcionista","correoelectronico":"patricia.martinez@example.com","telefono":"618901234","direccion":"Boulevard 345","estado":"1","created_at":"2024-05-24 04:27:39.450734"},{"id":"19","nombre":"Ricardo S\\u00e1nchez","cargo":"Entrenador","correoelectronico":"ricardo.sanchez@example.com","telefono":"719012345","direccion":"Calle 678","estado":"1","created_at":"2024-05-24 04:27:39.450734"},{"id":"20","nombre":"Gloria Fern\\u00e1ndez","cargo":"Psic\\u00f3loga","correoelectronico":"gloria.fernandez@example.com","telefono":"619123456","direccion":"Avenida 567","estado":"1","created_at":"2024-05-24 04:27:39.450734"},{"id":"21","nombre":"Ana Perez","cargo":"Profesor","correoelectronico":"ana@perez.con","telefono":"756843388","direccion":"Calle A","estado":"1","created_at":"2024-05-24 00:55:04"},{"id":"10","nombre":"Maria","cargo":"Mercado","correoelectronico":"sofia.hernandez@example.com","telefono":"619123456","direccion":"Avenida 567","estado":"1","created_at":"2024-05-24 04:27:39.450734"}]', [...])
 3 SYSTEMPATH\CodeIgniter.php(941): App\Controllers\GestionTransporteController->DatosTelefonoView()
 4 SYSTEMPATH\CodeIgniter.php(502): CodeIgniter\CodeIgniter->runController(Object(App\Controllers\GestionTransporteController))
 5 SYSTEMPATH\CodeIgniter.php(361): CodeIgniter\CodeIgniter->handleRequest(null, Object(Config\Cache), false)
 6 FCPATH\index.php(79): CodeIgniter\CodeIgniter->run()
 7 SYSTEMPATH\Commands\Server\rewrite.php(47): require_once('C:\\laragon\\www\\geotranck-dev\\public\\index.php')
INFO - 2024-06-24 17:56:44 --> Session: Class initialized using 'CodeIgniter\Session\Handlers\FileHandler' driver.
INFO - 2024-06-24 17:56:45 --> Session: Class initialized using 'CodeIgniter\Session\Handlers\FileHandler' driver.
WARNING - 2024-06-24 17:56:45 --> [DEPRECATED] usort(): Returning bool from comparison function is deprecated, return an integer less than, equal to, or greater than zero in APPPATH\Controllers\GestionDispositivosController.php on line 363.
 1 APPPATH\Controllers\GestionDispositivosController.php(363): usort([...], Object(Closure))
 2 APPPATH\Controllers\GestionDispositivosController.php(106): App\Controllers\GestionDispositivosController->datatables('[{"id":"1","marca":"Samsung","modelo":"Galaxy S1","placa":"4548LZY","descripcion":"Dispositivo GPS integrado en smartphone","detalles":"GPS de alta precision\\r\\n ","created_at":"2024-06-06 11:15:43"},{"id":"2","marca":"Samsung","modelo":"GalaxyS1","placa":"4357XLA","descripcion":"Dispositivo GPS integrado en smartphone","detalles":"Gps de Dispositivo movil integrado","created_at":"2024-06-06 11:26:41"},{"id":"3","marca":"Xiaomi","modelo":"Redmi 11","placa":"2589WQZ","descripcion":"Dispositivo GPS integrado en smartphone","detalles":"Dispositivo integrado ","created_at":"2024-06-06 11:27:20"},{"id":"4","marca":"Xiaomi","modelo":"Redmi 10","placa":"6843WQP","descripcion":"Dispositivo GPS integrado en smartphone","detalles":"Dispositivo GPS del dispositivo","created_at":"2024-06-06 11:28:03"},{"id":"5","marca":"Xiaomi","modelo":"Redmi 10Pro","placa":"965PQC","descripcion":"Dispositivo GPS integrado en smartphone","detalles":"Dispostivo intregrado en el movil","created_at":"2024-06-06 11:28:50"}]', [...])
 3 SYSTEMPATH\CodeIgniter.php(941): App\Controllers\GestionDispositivosController->DatosDispositivoGPSView()
 4 SYSTEMPATH\CodeIgniter.php(502): CodeIgniter\CodeIgniter->runController(Object(App\Controllers\GestionDispositivosController))
 5 SYSTEMPATH\CodeIgniter.php(361): CodeIgniter\CodeIgniter->handleRequest(null, Object(Config\Cache), false)
 6 FCPATH\index.php(79): CodeIgniter\CodeIgniter->run()
 7 SYSTEMPATH\Commands\Server\rewrite.php(47): require_once('C:\\laragon\\www\\geotranck-dev\\public\\index.php')
INFO - 2024-06-24 17:56:50 --> Session: Class initialized using 'CodeIgniter\Session\Handlers\FileHandler' driver.
INFO - 2024-06-24 17:57:22 --> Session: Class initialized using 'CodeIgniter\Session\Handlers\FileHandler' driver.
INFO - 2024-06-24 17:57:23 --> Session: Class initialized using 'CodeIgniter\Session\Handlers\FileHandler' driver.
INFO - 2024-06-24 17:58:01 --> Session: Class initialized using 'CodeIgniter\Session\Handlers\FileHandler' driver.
INFO - 2024-06-24 17:58:17 --> Session: Class initialized using 'CodeIgniter\Session\Handlers\FileHandler' driver.
INFO - 2024-06-24 17:58:17 --> Session: Class initialized using 'CodeIgniter\Session\Handlers\FileHandler' driver.
WARNING - 2024-06-24 17:58:18 --> [DEPRECATED] usort(): Returning bool from comparison function is deprecated, return an integer less than, equal to, or greater than zero in APPPATH\Controllers\AlertasController.php on line 240.
 1 APPPATH\Controllers\AlertasController.php(240): usort([...], Object(Closure))
 2 APPPATH\Controllers\AlertasController.php(170): App\Controllers\AlertasController->datatables('[{"id":"15","nom_estudiante":"Marcos","ape_estudiante":"Ramos","cur_estudiante":"primaria","nom_padre":"Juan","ape_padre":"Perez","tel_padre":"61005154","nom_conductor":"Pedro","ape_conductor":"Alvarez","tel_conductor":"75684384","mar_automovil":"toyota","mod_automovil":"2020","color_automovil":"rojo","placa_automovil":"568ADS","estado":"1","created_at":"2024-06-02 21:55:01","updated_at":"2024-06-02 21:55:01"},{"id":"2","nom_estudiante":"Marcos","ape_estudiante":"Ramos","cur_estudiante":"primaria","nom_padre":"Juan","ape_padre":"Perez","tel_padre":"61005154","nom_conductor":"Pedro","ape_conductor":"Alvarez","tel_conductor":"75684384","mar_automovil":"toyota","mod_automovil":"2020","color_automovil":"rojo","placa_automovil":"568ADS","estado":"1","created_at":"2024-06-01 00:55:36","updated_at":"2024-06-01 00:55:36"},{"id":"3","nom_estudiante":"Marcos","ape_estudiante":"Ramos","cur_estudiante":"primaria","nom_padre":"Juan","ape_padre":"Perez","tel_padre":"61005154","nom_conductor":"Pedro","ape_conductor":"Alvarez","tel_conductor":"75684384","mar_automovil":"toyota","mod_automovil":"2020","color_automovil":"rojo","placa_automovil":"568ADS","estado":"1","created_at":"2024-06-01 01:03:36","updated_at":"2024-06-01 01:03:36"},{"id":"4","nom_estudiante":"Marcos","ape_estudiante":"Ramos","cur_estudiante":"primaria","nom_padre":"Juan","ape_padre":"Perez","tel_padre":"61005154","nom_conductor":"Pedro","ape_conductor":"Alvarez","tel_conductor":"75684384","mar_automovil":"toyota","mod_automovil":"2020","color_automovil":"rojo","placa_automovil":"568ADS","estado":"1","created_at":"2024-06-01 01:03:41","updated_at":"2024-06-01 01:03:41"},{"id":"17","nom_estudiante":"Andres","ape_estudiante":"Mendoza","cur_estudiante":"Primero A","nom_padre":"Mar\\u00eda","ape_padre":"Garc\\u00eda","tel_padre":"72345678","nom_conductor":"Pedro","ape_conductor":"Alvarez","tel_conductor":"75684384","mar_automovil":"King Long","mod_automovil":"2019","color_automovil":"Blanco","placa_automovil":"4357XLA","estado":"1","created_at":"2024-06-11 19:49:56","updated_at":"2024-06-11 19:49:56"},{"id":"18","nom_estudiante":"Adela","ape_estudiante":"Mamani","cur_estudiante":"Primero A","nom_padre":"Juan","ape_padre":"P\\u00e9rez","tel_padre":"71234567","nom_conductor":"Pedro","ape_conductor":"Alvarez","tel_conductor":"75684384","mar_automovil":"King Long","mod_automovil":"2019","color_automovil":"Blanco","placa_automovil":"4357XLA","estado":"1","created_at":"2024-06-15 20:25:08","updated_at":"2024-06-15 20:25:08"},{"id":"19","nom_estudiante":"Adela","ape_estudiante":"Mamani","cur_estudiante":"Primero A","nom_padre":"Juan","ape_padre":"P\\u00e9rez","tel_padre":"71234567","nom_conductor":"Pedro","ape_conductor":"Alvarez","tel_conductor":"75684384","mar_automovil":"King Long","mod_automovil":"2019","color_automovil":"Blanco","placa_automovil":"4357XLA","estado":"1","created_at":"2024-06-15 20:25:39","updated_at":"2024-06-15 20:25:39"},{"id":"20","nom_estudiante":"Adela","ape_estudiante":"Mamani","cur_estudiante":"Primero A","nom_padre":"Adriana","ape_padre":"Castillo","tel_padre":"70923456","nom_conductor":"Pedro","ape_conductor":"Alvarez","tel_conductor":"75684384","mar_automovil":"King Long","mod_automovil":"2019","color_automovil":"Blanco","placa_automovil":"4357XLA","estado":"1","created_at":"2024-06-18 14:46:16","updated_at":"2024-06-18 14:46:16"},{"id":"21","nom_estudiante":"Andres","ape_estudiante":"Mendoza","cur_estudiante":"Primero A","nom_padre":"Adriana","ape_padre":"Castillo","tel_padre":"70923456","nom_conductor":"Pedro","ape_conductor":"Alvarez","tel_conductor":"75684384","mar_automovil":"King Long","mod_automovil":"2019","color_automovil":"Blanco","placa_automovil":"4357XLA","estado":"1","created_at":"2024-06-18 14:46:21","updated_at":"2024-06-18 14:46:21"},{"id":"22","nom_estudiante":"Adela","ape_estudiante":"Mamani","cur_estudiante":"Primero A","nom_padre":"Adriana","ape_padre":"Castillo","tel_padre":"70923456","nom_conductor":"Pedro","ape_conductor":"Alvarez","tel_conductor":"75684384","mar_automovil":"King Long","mod_automovil":"2019","color_automovil":"Blanco","placa_automovil":"4357XLA","estado":"1","created_at":"2024-06-18 16:06:01","updated_at":"2024-06-18 16:06:01"},{"id":"23","nom_estudiante":"Adela","ape_estudiante":"Mamani","cur_estudiante":"Primero A","nom_padre":"Adriana","ape_padre":"Castillo","tel_padre":"70923456","nom_conductor":"Pedro","ape_conductor":"Alvarez","tel_conductor":"75684384","mar_automovil":"King Long","mod_automovil":"2019","color_automovil":"Blanco","placa_automovil":"4357XLA","estado":"1","created_at":"2024-06-18 16:13:35","updated_at":"2024-06-18 16:13:35"},{"id":"24","nom_estudiante":"Andres","ape_estudiante":"Mendoza","cur_estudiante":"Primero A","nom_padre":"Adriana","ape_padre":"Castillo","tel_padre":"70923456","nom_conductor":"Pedro","ape_conductor":"Alvarez","tel_conductor":"75684384","mar_automovil":"King Long","mod_automovil":"2019","color_automovil":"Blanco","placa_automovil":"4357XLA","estado":"1","created_at":"2024-06-18 23:38:58","updated_at":"2024-06-18 23:38:58"},{"id":"25","nom_estudiante":"Adela","ape_estudiante":"Mamani","cur_estudiante":"Primero A","nom_padre":"Adriana","ape_padre":"Castillo","tel_padre":"70923456","nom_conductor":"Pedro","ape_conductor":"Alvarez","tel_conductor":"75684384","mar_automovil":"King Long","mod_automovil":"2019","color_automovil":"Blanco","placa_automovil":"4357XLA","estado":"1","created_at":"2024-06-19 00:08:40","updated_at":"2024-06-19 00:08:40"},{"id":"26","nom_estudiante":"Adela","ape_estudiante":"Mamani","cur_estudiante":null,"nom_padre":null,"ape_padre":null,"tel_padre":null,"nom_conductor":null,"ape_conductor":null,"tel_conductor":null,"mar_automovil":null,"mod_automovil":null,"color_automovil":null,"placa_automovil":null,"estado":"1","created_at":"2024-06-19 00:08:40","updated_at":"2024-06-19 00:08:40"},{"id":"27","nom_estudiante":"Andres","ape_estudiante":"Mendoza","cur_estudiante":"Primero A","nom_padre":"Adriana","ape_padre":"Castillo","tel_padre":"70923456","nom_conductor":"Pedro","ape_conductor":"Alvarez","tel_conductor":"75684384","mar_automovil":"King Long","mod_automovil":"2019","color_automovil":"Blanco","placa_automovil":"4357XLA","estado":"1","created_at":"2024-06-19 00:08:49","updated_at":"2024-06-19 00:08:49"},{"id":"28","nom_estudiante":"Andres","ape_estudiante":"Mendoza","cur_estudiante":null,"nom_padre":null,"ape_padre":null,"tel_padre":null,"nom_conductor":null,"ape_conductor":null,"tel_conductor":null,"mar_automovil":null,"mod_automovil":null,"color_automovil":null,"placa_automovil":null,"estado":"1","created_at":"2024-06-19 00:08:49","updated_at":"2024-06-19 00:08:49"},{"id":"29","nom_estudiante":"Adela","ape_estudiante":"Mamani","cur_estudiante":"Primero A","nom_padre":"Adriana","ape_padre":"Castillo","tel_padre":"70923456","nom_conductor":"Pedro","ape_conductor":"Alvarez","tel_conductor":"75684384","mar_automovil":"King Long","mod_automovil":"2019","color_automovil":"Blanco","placa_automovil":"4357XLA","estado":"1","created_at":"2024-06-21 21:30:53","updated_at":"2024-06-21 21:30:53"},{"id":"30","nom_estudiante":"Adela","ape_estudiante":"Mamani","cur_estudiante":"Primero A","nom_padre":"Adriana","ape_padre":"Castillo","tel_padre":"70923456","nom_conductor":"Pedro","ape_conductor":"Alvarez","tel_conductor":"75684384","mar_automovil":"King Long","mod_automovil":"2019","color_automovil":"Blanco","placa_automovil":"4357XLA","estado":"1","created_at":"2024-06-24 09:35:28","updated_at":"2024-06-24 09:35:28"}]', [...])
 3 SYSTEMPATH\CodeIgniter.php(941): App\Controllers\AlertasController->listaAlertasView()
 4 SYSTEMPATH\CodeIgniter.php(502): CodeIgniter\CodeIgniter->runController(Object(App\Controllers\AlertasController))
 5 SYSTEMPATH\CodeIgniter.php(361): CodeIgniter\CodeIgniter->handleRequest(null, Object(Config\Cache), false)
 6 FCPATH\index.php(79): CodeIgniter\CodeIgniter->run()
 7 SYSTEMPATH\Commands\Server\rewrite.php(47): require_once('C:\\laragon\\www\\geotranck-dev\\public\\index.php')
INFO - 2024-06-24 17:58:25 --> Session: Class initialized using 'CodeIgniter\Session\Handlers\FileHandler' driver.
INFO - 2024-06-24 17:58:39 --> Session: Class initialized using 'CodeIgniter\Session\Handlers\FileHandler' driver.
INFO - 2024-06-24 17:58:57 --> Session: Class initialized using 'CodeIgniter\Session\Handlers\FileHandler' driver.
INFO - 2024-06-24 17:58:59 --> Session: Class initialized using 'CodeIgniter\Session\Handlers\FileHandler' driver.
INFO - 2024-06-24 17:59:00 --> Session: Class initialized using 'CodeIgniter\Session\Handlers\FileHandler' driver.
INFO - 2024-06-24 17:59:00 --> Session: Class initialized using 'CodeIgniter\Session\Handlers\FileHandler' driver.
INFO - 2024-06-24 17:59:00 --> Session: Class initialized using 'CodeIgniter\Session\Handlers\FileHandler' driver.
INFO - 2024-06-24 18:00:05 --> Session: Class initialized using 'CodeIgniter\Session\Handlers\FileHandler' driver.
INFO - 2024-06-24 18:00:34 --> Session: Class initialized using 'CodeIgniter\Session\Handlers\FileHandler' driver.
INFO - 2024-06-24 18:00:34 --> Session: Class initialized using 'CodeIgniter\Session\Handlers\FileHandler' driver.
INFO - 2024-06-24 18:00:43 --> Session: Class initialized using 'CodeIgniter\Session\Handlers\FileHandler' driver.
INFO - 2024-06-24 18:00:51 --> Session: Class initialized using 'CodeIgniter\Session\Handlers\FileHandler' driver.
INFO - 2024-06-24 18:00:52 --> Session: Class initialized using 'CodeIgniter\Session\Handlers\FileHandler' driver.
